Release 14.7 - xst P.20131013 (nt64)
Copyright (c) 1995-2013 Xilinx, Inc.  All rights reserved.
--> Parameter TMPDIR set to xst/projnav.tmp


Total REAL time to Xst completion: 1.00 secs
Total CPU time to Xst completion: 0.11 secs
 
--> Parameter xsthdpdir set to xst


Total REAL time to Xst completion: 1.00 secs
Total CPU time to Xst completion: 0.11 secs
 
--> Reading design: main.prj

TABLE OF CONTENTS
  1) Synthesis Options Summary
  2) HDL Parsing
  3) HDL Elaboration
  4) HDL Synthesis
       4.1) HDL Synthesis Report
  5) Advanced HDL Synthesis
       5.1) Advanced HDL Synthesis Report
  6) Low Level Synthesis
  7) Partition Report
  8) Design Summary
       8.1) Primitive and Black Box Usage
       8.2) Device utilization summary
       8.3) Partition Resource Summary
       8.4) Timing Report
            8.4.1) Clock Information
            8.4.2) Asynchronous Control Signals Information
            8.4.3) Timing Summary
            8.4.4) Timing Details
            8.4.5) Cross Clock Domains Report


=========================================================================
*                      Synthesis Options Summary                        *
=========================================================================
---- Source Parameters
Input File Name                    : "main.prj"
Ignore Synthesis Constraint File   : NO

---- Target Parameters
Output File Name                   : "main"
Output Format                      : NGC
Target Device                      : xc6slx9-3-tqg144

---- Source Options
Top Module Name                    : main
Automatic FSM Extraction           : YES
FSM Encoding Algorithm             : Auto
Safe Implementation                : No
FSM Style                          : LUT
RAM Extraction                     : Yes
RAM Style                          : Auto
ROM Extraction                     : Yes
Shift Register Extraction          : YES
ROM Style                          : Auto
Resource Sharing                   : YES
Asynchronous To Synchronous        : NO
Shift Register Minimum Size        : 2
Use DSP Block                      : Auto
Automatic Register Balancing       : No

---- Target Options
LUT Combining                      : Auto
Reduce Control Sets                : Auto
Add IO Buffers                     : YES
Global Maximum Fanout              : 100000
Add Generic Clock Buffer(BUFG)     : 16
Register Duplication               : YES
Optimize Instantiated Primitives   : NO
Use Clock Enable                   : Auto
Use Synchronous Set                : Auto
Use Synchronous Reset              : Auto
Pack IO Registers into IOBs        : Auto
Equivalent register Removal        : YES

---- General Options
Optimization Goal                  : Speed
Optimization Effort                : 1
Power Reduction                    : NO
Keep Hierarchy                     : No
Netlist Hierarchy                  : As_Optimized
RTL Output                         : Yes
Global Optimization                : AllClockNets
Read Cores                         : YES
Write Timing Constraints           : NO
Cross Clock Analysis               : NO
Hierarchy Separator                : /
Bus Delimiter                      : <>
Case Specifier                     : Maintain
Slice Utilization Ratio            : 100
BRAM Utilization Ratio             : 100
DSP48 Utilization Ratio            : 100
Auto BRAM Packing                  : NO
Slice Utilization Ratio Delta      : 5

=========================================================================


=========================================================================
*                          HDL Parsing                                  *
=========================================================================
Analyzing Verilog file "D:\Classes-2024\Digital System Fundamentals Shared\Practice\a9-segment-of-segment\ssd4drbp.vf" into library work
Parsing module <M4_1E_HXILINX_ssd4drbp>.
Parsing module <D2_4E_HXILINX_ssd4drbp>.
Parsing module <CB2CE_HXILINX_ssd4drbp>.
Parsing module <ssd4drbp>.
Analyzing Verilog file "D:\Classes-2024\Digital System Fundamentals Shared\Practice\a9-segment-of-segment\ssd1d0f.vf" into library work
Parsing module <ssd1d0f>.
Analyzing Verilog file "D:\Classes-2024\Digital System Fundamentals Shared\Practice\a9-segment-of-segment\clkdiv20k.vf" into library work
Parsing module <CD4CE_HXILINX_clkdiv20k>.
Parsing module <clkdiv20k>.
Analyzing Verilog file "D:\Classes-2024\Digital System Fundamentals Shared\Practice\a9-segment-of-segment\main.vf" into library work
Parsing module <CD4CE_HXILINX_main>.
Parsing module <M4_1E_HXILINX_main>.
Parsing module <D2_4E_HXILINX_main>.
Parsing module <CB2CE_HXILINX_main>.
Parsing module <clkdiv20k_MUSER_main>.
Parsing module <ssd4drbp_MUSER_main>.
Parsing module <ssd1d0f_MUSER_main>.
Parsing module <main>.

=========================================================================
*                            HDL Elaboration                            *
=========================================================================

Elaborating module <main>.

Elaborating module <ssd1d0f_MUSER_main>.

Elaborating module <INV>.

Elaborating module <OR2>.

Elaborating module <OR3>.

Elaborating module <AND4>.

Elaborating module <AND2>.

Elaborating module <NAND2>.

Elaborating module <NOR2>.

Elaborating module <NAND3>.

Elaborating module <ssd4drbp_MUSER_main>.

Elaborating module <M4_1E_HXILINX_main>.

Elaborating module <VCC>.

Elaborating module <GND>.

Elaborating module <CB2CE_HXILINX_main>.
WARNING:HDLCompiler:413 - "D:\Classes-2024\Digital System Fundamentals Shared\Practice\a9-segment-of-segment\main.vf" Line 159: Result of 3-bit expression is truncated to fit in 2-bit target.

Elaborating module <D2_4E_HXILINX_main>.

Elaborating module <clkdiv20k_MUSER_main>.

Elaborating module <CD4CE_HXILINX_main>.
WARNING:HDLCompiler:413 - "D:\Classes-2024\Digital System Fundamentals Shared\Practice\a9-segment-of-segment\main.vf" Line 60: Result of 5-bit expression is truncated to fit in 4-bit target.

Elaborating module <FD_1(INIT=1'b0)>.

=========================================================================
*                           HDL Synthesis                               *
=========================================================================

Synthesizing Unit <main>.
    Related source file is "D:\Classes-2024\Digital System Fundamentals Shared\Practice\a9-segment-of-segment\main.vf".
    Summary:
	no macro.
Unit <main> synthesized.

Synthesizing Unit <ssd1d0f_MUSER_main>.
    Related source file is "D:\Classes-2024\Digital System Fundamentals Shared\Practice\a9-segment-of-segment\main.vf".
    Summary:
	no macro.
Unit <ssd1d0f_MUSER_main> synthesized.

Synthesizing Unit <ssd4drbp_MUSER_main>.
    Related source file is "D:\Classes-2024\Digital System Fundamentals Shared\Practice\a9-segment-of-segment\main.vf".
    Set property "HU_SET = XLXI_1_8" for instance <XLXI_1>.
    Set property "HU_SET = XLXI_3_9" for instance <XLXI_3>.
    Set property "HU_SET = XLXI_4_10" for instance <XLXI_4>.
    Set property "HU_SET = XLXI_5_11" for instance <XLXI_5>.
    Set property "HU_SET = XLXI_6_12" for instance <XLXI_6>.
    Set property "HU_SET = XLXI_7_13" for instance <XLXI_7>.
    Set property "HU_SET = XLXI_8_14" for instance <XLXI_8>.
    Set property "HU_SET = XLXI_9_15" for instance <XLXI_9>.
    Set property "HU_SET = XLXI_162_16" for instance <XLXI_162>.
    Set property "HU_SET = XLXI_210_17" for instance <XLXI_210>.
INFO:Xst:3210 - "D:\Classes-2024\Digital System Fundamentals Shared\Practice\a9-segment-of-segment\main.vf" line 339: Output port <CEO> of the instance <XLXI_162> is unconnected or connected to loadless signal.
INFO:Xst:3210 - "D:\Classes-2024\Digital System Fundamentals Shared\Practice\a9-segment-of-segment\main.vf" line 339: Output port <TC> of the instance <XLXI_162> is unconnected or connected to loadless signal.
    Summary:
	no macro.
Unit <ssd4drbp_MUSER_main> synthesized.

Synthesizing Unit <M4_1E_HXILINX_main>.
    Related source file is "D:\Classes-2024\Digital System Fundamentals Shared\Practice\a9-segment-of-segment\main.vf".
    Found 1-bit 4-to-1 multiplexer for signal <S1_D3_Mux_0_o> created at line 91.
    Summary:
	inferred   2 Multiplexer(s).
Unit <M4_1E_HXILINX_main> synthesized.

Synthesizing Unit <CB2CE_HXILINX_main>.
    Related source file is "D:\Classes-2024\Digital System Fundamentals Shared\Practice\a9-segment-of-segment\main.vf".
    Found 1-bit register for signal <Q1>.
    Found 1-bit register for signal <Q0>.
    Found 2-bit adder for signal <Q1_GND_15_o_add_0_OUT> created at line 159.
    Summary:
	inferred   1 Adder/Subtractor(s).
	inferred   2 D-type flip-flop(s).
Unit <CB2CE_HXILINX_main> synthesized.

Synthesizing Unit <D2_4E_HXILINX_main>.
    Related source file is "D:\Classes-2024\Digital System Fundamentals Shared\Practice\a9-segment-of-segment\main.vf".
    Summary:
	inferred   4 Multiplexer(s).
Unit <D2_4E_HXILINX_main> synthesized.

Synthesizing Unit <clkdiv20k_MUSER_main>.
    Related source file is "D:\Classes-2024\Digital System Fundamentals Shared\Practice\a9-segment-of-segment\main.vf".
    Set property "HU_SET = XLXI_1_4" for instance <XLXI_1>.
    Set property "HU_SET = XLXI_14_5" for instance <XLXI_14>.
    Set property "HU_SET = XLXI_17_6" for instance <XLXI_17>.
    Set property "HU_SET = XLXI_22_7" for instance <XLXI_22>.
INFO:Xst:3210 - "D:\Classes-2024\Digital System Fundamentals Shared\Practice\a9-segment-of-segment\main.vf" line 186: Output port <Q0> of the instance <XLXI_1> is unconnected or connected to loadless signal.
INFO:Xst:3210 - "D:\Classes-2024\Digital System Fundamentals Shared\Practice\a9-segment-of-segment\main.vf" line 186: Output port <Q1> of the instance <XLXI_1> is unconnected or connected to loadless signal.
INFO:Xst:3210 - "D:\Classes-2024\Digital System Fundamentals Shared\Practice\a9-segment-of-segment\main.vf" line 186: Output port <Q2> of the instance <XLXI_1> is unconnected or connected to loadless signal.
INFO:Xst:3210 - "D:\Classes-2024\Digital System Fundamentals Shared\Practice\a9-segment-of-segment\main.vf" line 186: Output port <Q3> of the instance <XLXI_1> is unconnected or connected to loadless signal.
INFO:Xst:3210 - "D:\Classes-2024\Digital System Fundamentals Shared\Practice\a9-segment-of-segment\main.vf" line 186: Output port <TC> of the instance <XLXI_1> is unconnected or connected to loadless signal.
INFO:Xst:3210 - "D:\Classes-2024\Digital System Fundamentals Shared\Practice\a9-segment-of-segment\main.vf" line 203: Output port <Q0> of the instance <XLXI_14> is unconnected or connected to loadless signal.
INFO:Xst:3210 - "D:\Classes-2024\Digital System Fundamentals Shared\Practice\a9-segment-of-segment\main.vf" line 203: Output port <Q1> of the instance <XLXI_14> is unconnected or connected to loadless signal.
INFO:Xst:3210 - "D:\Classes-2024\Digital System Fundamentals Shared\Practice\a9-segment-of-segment\main.vf" line 203: Output port <Q2> of the instance <XLXI_14> is unconnected or connected to loadless signal.
INFO:Xst:3210 - "D:\Classes-2024\Digital System Fundamentals Shared\Practice\a9-segment-of-segment\main.vf" line 203: Output port <Q3> of the instance <XLXI_14> is unconnected or connected to loadless signal.
INFO:Xst:3210 - "D:\Classes-2024\Digital System Fundamentals Shared\Practice\a9-segment-of-segment\main.vf" line 203: Output port <TC> of the instance <XLXI_14> is unconnected or connected to loadless signal.
INFO:Xst:3210 - "D:\Classes-2024\Digital System Fundamentals Shared\Practice\a9-segment-of-segment\main.vf" line 213: Output port <Q0> of the instance <XLXI_17> is unconnected or connected to loadless signal.
INFO:Xst:3210 - "D:\Classes-2024\Digital System Fundamentals Shared\Practice\a9-segment-of-segment\main.vf" line 213: Output port <Q1> of the instance <XLXI_17> is unconnected or connected to loadless signal.
INFO:Xst:3210 - "D:\Classes-2024\Digital System Fundamentals Shared\Practice\a9-segment-of-segment\main.vf" line 213: Output port <Q2> of the instance <XLXI_17> is unconnected or connected to loadless signal.
INFO:Xst:3210 - "D:\Classes-2024\Digital System Fundamentals Shared\Practice\a9-segment-of-segment\main.vf" line 213: Output port <Q3> of the instance <XLXI_17> is unconnected or connected to loadless signal.
INFO:Xst:3210 - "D:\Classes-2024\Digital System Fundamentals Shared\Practice\a9-segment-of-segment\main.vf" line 213: Output port <TC> of the instance <XLXI_17> is unconnected or connected to loadless signal.
INFO:Xst:3210 - "D:\Classes-2024\Digital System Fundamentals Shared\Practice\a9-segment-of-segment\main.vf" line 223: Output port <CEO> of the instance <XLXI_22> is unconnected or connected to loadless signal.
INFO:Xst:3210 - "D:\Classes-2024\Digital System Fundamentals Shared\Practice\a9-segment-of-segment\main.vf" line 223: Output port <Q0> of the instance <XLXI_22> is unconnected or connected to loadless signal.
INFO:Xst:3210 - "D:\Classes-2024\Digital System Fundamentals Shared\Practice\a9-segment-of-segment\main.vf" line 223: Output port <Q1> of the instance <XLXI_22> is unconnected or connected to loadless signal.
INFO:Xst:3210 - "D:\Classes-2024\Digital System Fundamentals Shared\Practice\a9-segment-of-segment\main.vf" line 223: Output port <Q2> of the instance <XLXI_22> is unconnected or connected to loadless signal.
INFO:Xst:3210 - "D:\Classes-2024\Digital System Fundamentals Shared\Practice\a9-segment-of-segment\main.vf" line 223: Output port <Q3> of the instance <XLXI_22> is unconnected or connected to loadless signal.
    Summary:
	no macro.
Unit <clkdiv20k_MUSER_main> synthesized.

Synthesizing Unit <CD4CE_HXILINX_main>.
    Related source file is "D:\Classes-2024\Digital System Fundamentals Shared\Practice\a9-segment-of-segment\main.vf".
        TERMINAL_COUNT = 4'b1001
    Found 1-bit register for signal <Q1>.
    Found 1-bit register for signal <Q2>.
    Found 1-bit register for signal <Q3>.
    Found 1-bit register for signal <Q0>.
    Found 4-bit adder for signal <Q3_GND_18_o_add_4_OUT> created at line 60.
    Summary:
	inferred   1 Adder/Subtractor(s).
	inferred   4 D-type flip-flop(s).
	inferred   7 Multiplexer(s).
Unit <CD4CE_HXILINX_main> synthesized.

=========================================================================
HDL Synthesis Report

Macro Statistics
# Adders/Subtractors                                   : 5
 2-bit adder                                           : 1
 4-bit adder                                           : 4
# Registers                                            : 18
 1-bit register                                        : 18
# Multiplexers                                         : 48
 1-bit 2-to-1 multiplexer                              : 40
 1-bit 4-to-1 multiplexer                              : 8

=========================================================================

=========================================================================
*                       Advanced HDL Synthesis                          *
=========================================================================


=========================================================================
Advanced HDL Synthesis Report

Macro Statistics
# Adders/Subtractors                                   : 5
 2-bit adder                                           : 1
 4-bit adder                                           : 4
# Registers                                            : 19
 Flip-Flops                                            : 19
# Multiplexers                                         : 48
 1-bit 2-to-1 multiplexer                              : 40
 1-bit 4-to-1 multiplexer                              : 8

=========================================================================

=========================================================================
*                         Low Level Synthesis                           *
=========================================================================

Optimizing unit <main> ...

Optimizing unit <ssd4drbp_MUSER_main> ...

Optimizing unit <ssd1d0f_MUSER_main> ...

Optimizing unit <CD4CE_HXILINX_main> ...

Optimizing unit <CB2CE_HXILINX_main> ...

Optimizing unit <M4_1E_HXILINX_main> ...

Optimizing unit <D2_4E_HXILINX_main> ...

Mapping all equations...
Building and optimizing final netlist ...
Found area constraint ratio of 100 (+ 5) on block main, actual ratio is 0.

Final Macro Processing ...

=========================================================================
Final Register Report

Macro Statistics
# Registers                                            : 19
 Flip-Flops                                            : 19

=========================================================================

=========================================================================
*                           Partition Report                            *
=========================================================================

Partition Implementation Status
-------------------------------

  No Partitions were found in this design.

-------------------------------

=========================================================================
*                            Design Summary                             *
=========================================================================

Top Level Output File Name         : main.ngc

Primitive and Black Box Usage:
------------------------------
# BELS                             : 72
#      AND2                        : 4
#      AND4                        : 3
#      GND                         : 2
#      INV                         : 21
#      LUT2                        : 5
#      LUT3                        : 15
#      LUT4                        : 6
#      LUT5                        : 2
#      OR2                         : 10
#      OR3                         : 3
#      VCC                         : 1
# FlipFlops/Latches                : 19
#      FD_1                        : 1
#      FDCE                        : 18
# Clock Buffers                    : 1
#      BUFGP                       : 1
# IO Buffers                       : 16
#      IBUF                        : 4
#      OBUF                        : 12
# Logical                          : 22
#      NAND2                       : 20
#      NAND3                       : 1
#      NOR2                        : 1

Device utilization summary:
---------------------------

Selected Device : 6slx9tqg144-3 


Slice Logic Utilization: 
 Number of Slice Registers:              19  out of  11440     0%  
 Number of Slice LUTs:                   49  out of   5720     0%  
    Number used as Logic:                49  out of   5720     0%  

Slice Logic Distribution: 
 Number of LUT Flip Flop pairs used:     68
   Number with an unused Flip Flop:      49  out of     68    72%  
   Number with an unused LUT:            19  out of     68    27%  
   Number of fully used LUT-FF pairs:     0  out of     68     0%  
   Number of unique control sets:         6

IO Utilization: 
 Number of IOs:                          17
 Number of bonded IOBs:                  17  out of    102    16%  

Specific Feature Utilization:
 Number of BUFG/BUFGCTRLs:                1  out of     16     6%  

---------------------------
Partition Resource Summary:
---------------------------

  No Partitions were found in this design.

---------------------------


=========================================================================
Timing Report

NOTE: THESE TIMING NUMBERS ARE ONLY A SYNTHESIS ESTIMATE.
      FOR ACCURATE TIMING INFORMATION PLEASE REFER TO THE TRACE REPORT
      GENERATED AFTER PLACE-and-ROUTE.

Clock Information:
------------------
-----------------------------------------------+--------------------------+-------+
Clock Signal                                   | Clock buffer(FF name)    | Load  |
-----------------------------------------------+--------------------------+-------+
XLXI_95/XLXI_22/TC(XLXI_95/XLXI_22/Mmux_TC11:O)| NONE(*)(XLXI_95/XLXI_10) | 1     |
OSC                                            | BUFGP                    | 16    |
XLXN_169                                       | NONE(XLXI_11/XLXI_162/Q0)| 2     |
-----------------------------------------------+--------------------------+-------+
(*) This 1 clock signal(s) are generated by combinatorial logic,
and XST is not able to identify which are the primary clock signals.
Please use the CLOCK_SIGNAL constraint to specify the clock signal(s) generated by combinatorial logic.
INFO:Xst:2169 - HDL ADVISOR - Some clock signals were not automatically buffered by XST with BUFG/BUFR resources. Please use the buffer_type constraint in order to insert these buffers to the clock signals to help prevent skew problems.

Asynchronous Control Signals Information:
----------------------------------------
No asynchronous control signals found in this design

Timing Summary:
---------------
Speed Grade: -3

   Minimum period: 4.393ns (Maximum Frequency: 227.645MHz)
   Minimum input arrival time before clock: No path found
   Maximum output required time after clock: 5.984ns
   Maximum combinational path delay: 20.744ns

Timing Details:
---------------
All values displayed in nanoseconds (ns)

=========================================================================
Timing constraint: Default period analysis for Clock 'XLXI_95/XLXI_22/TC'
  Clock period: 2.346ns (frequency: 426.239MHz)
  Total number of paths / destination ports: 1 / 1
-------------------------------------------------------------------------
Delay:               2.346ns (Levels of Logic = 1)
  Source:            XLXI_95/XLXI_10 (FF)
  Destination:       XLXI_95/XLXI_10 (FF)
  Source Clock:      XLXI_95/XLXI_22/TC falling
  Destination Clock: XLXI_95/XLXI_22/TC falling

  Data Path: XLXI_95/XLXI_10 to XLXI_95/XLXI_10
                                Gate     Net
    Cell:in->out      fanout   Delay   Delay  Logical Name (Net Name)
    ----------------------------------------  ------------
     FD_1:C->Q             3   0.447   0.650  XLXI_95/XLXI_10 (XLXN_169)
     INV:I->O              1   0.568   0.579  XLXI_95/XLXI_11 (XLXI_95/XLXN_11)
     FD_1:D                    0.102          XLXI_95/XLXI_10
    ----------------------------------------
    Total                      2.346ns (1.117ns logic, 1.229ns route)
                                       (47.6% logic, 52.4% route)

=========================================================================
Timing constraint: Default period analysis for Clock 'OSC'
  Clock period: 4.393ns (frequency: 227.645MHz)
  Total number of paths / destination ports: 140 / 28
-------------------------------------------------------------------------
Delay:               4.393ns (Levels of Logic = 6)
  Source:            XLXI_95/XLXI_1/Q3 (FF)
  Destination:       XLXI_95/XLXI_22/Q3 (FF)
  Source Clock:      OSC falling
  Destination Clock: OSC falling

  Data Path: XLXI_95/XLXI_1/Q3 to XLXI_95/XLXI_22/Q3
                                Gate     Net
    Cell:in->out      fanout   Delay   Delay  Logical Name (Net Name)
    ----------------------------------------  ------------
     FDCE:C->Q             3   0.447   0.898  Q3 (Q3)
     LUT4:I0->O            5   0.203   0.715  Mmux_TC11 (TC)
     end scope: 'XLXI_95/XLXI_1:CEO'
     begin scope: 'XLXI_95/XLXI_14:CE'
     LUT5:I4->O            5   0.205   0.715  CEO1 (CEO)
     end scope: 'XLXI_95/XLXI_14:CEO'
     begin scope: 'XLXI_95/XLXI_17:CE'
     LUT5:I4->O            4   0.205   0.683  CEO1 (CEO)
     end scope: 'XLXI_95/XLXI_17:CEO'
     begin scope: 'XLXI_95/XLXI_22:CE'
     FDCE:CE                   0.322          Q3
    ----------------------------------------
    Total                      4.393ns (1.382ns logic, 3.011ns route)
                                       (31.5% logic, 68.5% route)

=========================================================================
Timing constraint: Default period analysis for Clock 'XLXN_169'
  Clock period: 2.266ns (frequency: 441.248MHz)
  Total number of paths / destination ports: 3 / 2
-------------------------------------------------------------------------
Delay:               2.266ns (Levels of Logic = 1)
  Source:            XLXI_11/XLXI_162/Q0 (FF)
  Destination:       XLXI_11/XLXI_162/Q0 (FF)
  Source Clock:      XLXN_169 rising
  Destination Clock: XLXN_169 rising

  Data Path: XLXI_11/XLXI_162/Q0 to XLXI_11/XLXI_162/Q0
                                Gate     Net
    Cell:in->out      fanout   Delay   Delay  Logical Name (Net Name)
    ----------------------------------------  ------------
     FDCE:C->Q            13   0.447   0.932  Q0 (Q0)
     INV:I->O              1   0.206   0.579  Madd_Q1_GND_15_o_add_0_OUT_xor<0>11_INV_0 (Q1_GND_15_o_add_0_OUT<0>)
     FDCE:D                    0.102          Q0
    ----------------------------------------
    Total                      2.266ns (0.755ns logic, 1.511ns route)
                                       (33.3% logic, 66.7% route)

=========================================================================
Timing constraint: Default OFFSET OUT AFTER for Clock 'XLXN_169'
  Total number of paths / destination ports: 22 / 11
-------------------------------------------------------------------------
Offset:              5.984ns (Levels of Logic = 5)
  Source:            XLXI_11/XLXI_162/Q0 (FF)
  Destination:       SSD_COM<2> (PAD)
  Source Clock:      XLXN_169 rising

  Data Path: XLXI_11/XLXI_162/Q0 to SSD_COM<2>
                                Gate     Net
    Cell:in->out      fanout   Delay   Delay  Logical Name (Net Name)
    ----------------------------------------  ------------
     FDCE:C->Q            13   0.447   1.037  Q0 (Q0)
     end scope: 'XLXI_11/XLXI_162:Q0'
     begin scope: 'XLXI_11/XLXI_210:A0'
     LUT2:I0->O            1   0.203   0.579  Mmux_D211 (D2)
     end scope: 'XLXI_11/XLXI_210:D2'
     INV:I->O              1   0.568   0.579  XLXI_11/XLXI_213 (SSD_COM_2_OBUF)
     OBUF:I->O                 2.571          SSD_COM_2_OBUF (SSD_COM<2>)
    ----------------------------------------
    Total                      5.984ns (3.789ns logic, 2.195ns route)
                                       (63.3% logic, 36.7% route)

=========================================================================
Timing constraint: Default path analysis
  Total number of paths / destination ports: 220 / 7
-------------------------------------------------------------------------
Delay:               20.744ns (Levels of Logic = 17)
  Source:            SW0 (PAD)
  Destination:       SSD_Segment<2> (PAD)

  Data Path: SW0 to SSD_Segment<2>
                                Gate     Net
    Cell:in->out      fanout   Delay   Delay  Logical Name (Net Name)
    ----------------------------------------  ------------
     IBUF:I->O             1   1.222   0.579  SW0_IBUF (SW0_IBUF)
     INV:I->O              8   0.568   0.802  XLXI_10 (XLXN_9)
     INV:I->O              4   0.568   1.028  XLXI_1/XLXI_5 (XLXI_1/XLXN_30)
     OR2:I1->O             4   0.223   1.048  XLXI_1/XLXI_53 (XLXI_1/XLXN_49)
     OR3:I0->O             2   0.203   0.961  XLXI_1/XLXI_62 (XLXI_1/XLXN_52)
     AND2:I1->O            1   0.223   0.924  XLXI_1/XLXI_70 (XLXI_1/XLXN_58)
     NOR2:I1->O            1   0.223   0.944  XLXI_1/XLXI_74 (XLXI_1/XLXN_61)
     OR2:I0->O             1   0.203   0.924  XLXI_1/XLXI_77 (XLXI_1/XLXN_65)
     NAND2:I1->O           3   0.223   1.015  XLXI_1/XLXI_81 (D0<0>)
     NAND2:I0->O           1   0.203   0.944  XLXI_1/XLXI_84 (XLXI_1/XLXN_83)
     NAND2:I0->O           2   0.203   0.961  XLXI_1/XLXI_87 (D0<3>)
     NAND2:I1->O           1   0.223   0.924  XLXI_1/XLXI_89 (XLXI_1/XLXN_88)
     AND4:I1->O            1   0.223   0.579  XLXI_1/XLXI_90 (XLXI_1/XLXN_91)
     INV:I->O              1   0.568   0.684  XLXI_1/XLXI_91 (D0<2>)
     begin scope: 'XLXI_11/XLXI_4:D0'
     LUT3:I1->O            1   0.203   0.579  Mmux_O11 (O)
     end scope: 'XLXI_11/XLXI_4:O'
     OBUF:I->O                 2.571          SSD_Segment_2_OBUF (SSD_Segment<2>)
    ----------------------------------------
    Total                     20.744ns (7.850ns logic, 12.894ns route)
                                       (37.8% logic, 62.2% route)

=========================================================================

Cross Clock Domains Report:
--------------------------

Clock to Setup on destination clock OSC
---------------+---------+---------+---------+---------+
               | Src:Rise| Src:Fall| Src:Rise| Src:Fall|
Source Clock   |Dest:Rise|Dest:Rise|Dest:Fall|Dest:Fall|
---------------+---------+---------+---------+---------+
OSC            |         |         |    4.393|         |
---------------+---------+---------+---------+---------+

Clock to Setup on destination clock XLXI_95/XLXI_22/TC
------------------+---------+---------+---------+---------+
                  | Src:Rise| Src:Fall| Src:Rise| Src:Fall|
Source Clock      |Dest:Rise|Dest:Rise|Dest:Fall|Dest:Fall|
------------------+---------+---------+---------+---------+
XLXI_95/XLXI_22/TC|         |         |    2.346|         |
------------------+---------+---------+---------+---------+

Clock to Setup on destination clock XLXN_169
---------------+---------+---------+---------+---------+
               | Src:Rise| Src:Fall| Src:Rise| Src:Fall|
Source Clock   |Dest:Rise|Dest:Rise|Dest:Fall|Dest:Fall|
---------------+---------+---------+---------+---------+
XLXN_169       |    2.266|         |         |         |
---------------+---------+---------+---------+---------+

=========================================================================


Total REAL time to Xst completion: 3.00 secs
Total CPU time to Xst completion: 2.69 secs
 
--> 

Total memory usage is 4501716 kilobytes

Number of errors   :    0 (   0 filtered)
Number of warnings :    2 (   0 filtered)
Number of infos    :   23 (   0 filtered)

