--------------------------------------------------------------------------------
Release 14.7 Trace  (nt64)
Copyright (c) 1995-2013 Xilinx, Inc.  All rights reserved.

C:\Xilinx\14.7\ISE_DS\ISE\bin\nt64\unwrapped\trce.exe -intstyle ise -v 3 -s 3
-n 3 -fastpaths -xml main.twx main.ncd -o main.twr main.pcf -ucf main.ucf

Design file:              main.ncd
Physical constraint file: main.pcf
Device,package,speed:     xc6slx9,tqg144,C,-3 (PRODUCTION 1.23 2013-10-13)
Report level:             verbose report

Environment Variable      Effect 
--------------------      ------ 
NONE                      No environment variables were set
--------------------------------------------------------------------------------

INFO:Timing:2698 - No timing constraints found, doing default enumeration.
INFO:Timing:3412 - To improve timing, see the Timing Closure User Guide (UG612).
INFO:Timing:2752 - To get complete path coverage, use the unconstrained paths 
   option. All paths that are not constrained will be reported in the 
   unconstrained paths section(s) of the report.
INFO:Timing:3339 - The clock-to-out numbers in this timing report are based on 
   a 50 Ohm transmission line loading model.  For the details of this model, 
   and for more information on accounting for different loading conditions, 
   please see the device datasheet.



Data Sheet report:
-----------------
All values displayed in nanoseconds (ns)

Clock to Setup on destination clock OSC
---------------+---------+---------+---------+---------+
               | Src:Rise| Src:Fall| Src:Rise| Src:Fall|
Source Clock   |Dest:Rise|Dest:Rise|Dest:Fall|Dest:Fall|
---------------+---------+---------+---------+---------+
OSC            |         |         |         |    3.744|
---------------+---------+---------+---------+---------+

Pad to Pad
---------------+---------------+---------+
Source Pad     |Destination Pad|  Delay  |
---------------+---------------+---------+
SW0            |SSD_Segment<0> |   10.213|
SW0            |SSD_Segment<1> |   10.026|
SW0            |SSD_Segment<2> |   11.322|
SW0            |SSD_Segment<3> |   10.193|
SW0            |SSD_Segment<4> |   10.319|
SW0            |SSD_Segment<5> |   11.607|
SW0            |SSD_Segment<6> |   11.126|
SW1            |SSD_Segment<0> |   10.203|
SW1            |SSD_Segment<1> |   10.016|
SW1            |SSD_Segment<2> |   11.312|
SW1            |SSD_Segment<3> |   10.183|
SW1            |SSD_Segment<4> |   10.309|
SW1            |SSD_Segment<5> |   11.597|
SW1            |SSD_Segment<6> |   11.116|
SW2            |SSD_Segment<0> |    9.483|
SW2            |SSD_Segment<1> |    9.790|
SW2            |SSD_Segment<2> |   11.086|
SW2            |SSD_Segment<3> |    9.463|
SW2            |SSD_Segment<4> |    9.589|
SW2            |SSD_Segment<5> |   11.371|
SW2            |SSD_Segment<6> |   10.890|
SW3            |SSD_Segment<0> |    9.234|
SW3            |SSD_Segment<1> |    9.545|
SW3            |SSD_Segment<2> |   10.841|
SW3            |SSD_Segment<3> |    9.214|
SW3            |SSD_Segment<4> |    9.340|
SW3            |SSD_Segment<5> |   11.126|
SW3            |SSD_Segment<6> |   10.645|
---------------+---------------+---------+


Analysis completed Thu Aug 22 16:13:22 2024 
--------------------------------------------------------------------------------

Trace Settings:
-------------------------
Trace Settings 

Peak Memory Usage: 4586 MB



