Release 14.7 - xst P.20131013 (nt64)
Copyright (c) 1995-2013 Xilinx, Inc.  All rights reserved.
--> Parameter TMPDIR set to xst/projnav.tmp


Total REAL time to Xst completion: 1.00 secs
Total CPU time to Xst completion: 0.17 secs
 
--> Parameter xsthdpdir set to xst


Total REAL time to Xst completion: 1.00 secs
Total CPU time to Xst completion: 0.17 secs
 
--> Reading design: main.prj

TABLE OF CONTENTS
  1) Synthesis Options Summary
  2) HDL Parsing
  3) HDL Elaboration
  4) HDL Synthesis
       4.1) HDL Synthesis Report
  5) Advanced HDL Synthesis
       5.1) Advanced HDL Synthesis Report
  6) Low Level Synthesis
  7) Partition Report
  8) Design Summary
       8.1) Primitive and Black Box Usage
       8.2) Device utilization summary
       8.3) Partition Resource Summary
       8.4) Timing Report
            8.4.1) Clock Information
            8.4.2) Asynchronous Control Signals Information
            8.4.3) Timing Summary
            8.4.4) Timing Details
            8.4.5) Cross Clock Domains Report


=========================================================================
*                      Synthesis Options Summary                        *
=========================================================================
---- Source Parameters
Input File Name                    : "main.prj"
Ignore Synthesis Constraint File   : NO

---- Target Parameters
Output File Name                   : "main"
Output Format                      : NGC
Target Device                      : xc6slx9-3-tqg144

---- Source Options
Top Module Name                    : main
Automatic FSM Extraction           : YES
FSM Encoding Algorithm             : Auto
Safe Implementation                : No
FSM Style                          : LUT
RAM Extraction                     : Yes
RAM Style                          : Auto
ROM Extraction                     : Yes
Shift Register Extraction          : YES
ROM Style                          : Auto
Resource Sharing                   : YES
Asynchronous To Synchronous        : NO
Shift Register Minimum Size        : 2
Use DSP Block                      : Auto
Automatic Register Balancing       : No

---- Target Options
LUT Combining                      : Auto
Reduce Control Sets                : Auto
Add IO Buffers                     : YES
Global Maximum Fanout              : 100000
Add Generic Clock Buffer(BUFG)     : 16
Register Duplication               : YES
Optimize Instantiated Primitives   : NO
Use Clock Enable                   : Auto
Use Synchronous Set                : Auto
Use Synchronous Reset              : Auto
Pack IO Registers into IOBs        : Auto
Equivalent register Removal        : YES

---- General Options
Optimization Goal                  : Speed
Optimization Effort                : 1
Power Reduction                    : NO
Keep Hierarchy                     : No
Netlist Hierarchy                  : As_Optimized
RTL Output                         : Yes
Global Optimization                : AllClockNets
Read Cores                         : YES
Write Timing Constraints           : NO
Cross Clock Analysis               : NO
Hierarchy Separator                : /
Bus Delimiter                      : <>
Case Specifier                     : Maintain
Slice Utilization Ratio            : 100
BRAM Utilization Ratio             : 100
DSP48 Utilization Ratio            : 100
Auto BRAM Packing                  : NO
Slice Utilization Ratio Delta      : 5

=========================================================================


=========================================================================
*                          HDL Parsing                                  *
=========================================================================
Analyzing Verilog file "D:\Classes-2024\Digital System Fundamentals Shared\Practice\b07-prime\wtb4.vf" into library work
Parsing module <wtb4>.
Analyzing Verilog file "D:\Classes-2024\Digital System Fundamentals Shared\Practice\b07-prime\ssd4d0ftlnpb.vf" into library work
Parsing module <M2_1E_HXILINX_ssd4d0ftlnpb>.
Parsing module <M4_1E_HXILINX_ssd4d0ftlnpb>.
Parsing module <D2_4E_HXILINX_ssd4d0ftlnpb>.
Parsing module <CB2CE_HXILINX_ssd4d0ftlnpb>.
Parsing module <ssd4d0ftlnpb>.
Analyzing Verilog file "D:\Classes-2024\Digital System Fundamentals Shared\Practice\b07-prime\gnd4.vf" into library work
Parsing module <gnd4>.
Analyzing Verilog file "D:\Classes-2024\Digital System Fundamentals Shared\Practice\b07-prime\counterprime.vf" into library work
Parsing module <FJKCE_HXILINX_counterprime>.
Parsing module <AND12_HXILINX_counterprime>.
Parsing module <FJKPE_HXILINX_counterprime>.
Parsing module <OR7_HXILINX_counterprime>.
Parsing module <OR8_HXILINX_counterprime>.
Parsing module <counterprime>.
Analyzing Verilog file "D:\Classes-2024\Digital System Fundamentals Shared\Practice\b07-prime\clkdiv20M.vf" into library work
Parsing module <CD4CE_HXILINX_clkdiv20M>.
Parsing module <clkdiv20M>.
Analyzing Verilog file "D:\Classes-2024\Digital System Fundamentals Shared\Practice\b07-prime\clkdiv20k.vf" into library work
Parsing module <CD4CE_HXILINX_clkdiv20k>.
Parsing module <clkdiv20k>.
Analyzing Verilog file "D:\Classes-2024\Digital System Fundamentals Shared\Practice\b07-prime\main.vf" into library work
Parsing module <FJKCE_HXILINX_main>.
Parsing module <M2_1E_HXILINX_main>.
Parsing module <AND12_HXILINX_main>.
Parsing module <FJKPE_HXILINX_main>.
Parsing module <OR7_HXILINX_main>.
Parsing module <OR8_HXILINX_main>.
Parsing module <CD4CE_HXILINX_main>.
Parsing module <M4_1E_HXILINX_main>.
Parsing module <D2_4E_HXILINX_main>.
Parsing module <CB2CE_HXILINX_main>.
Parsing module <counterprime_MUSER_main>.
Parsing module <clkdiv20k_MUSER_main>.
Parsing module <gnd4_MUSER_main>.
Parsing module <ssd4d0ftlnpb_MUSER_main>.
Parsing module <wtb4_MUSER_main>.
Parsing module <clkdiv20M_MUSER_main>.
Parsing module <main>.

=========================================================================
*                            HDL Elaboration                            *
=========================================================================

Elaborating module <main>.

Elaborating module <clkdiv20M_MUSER_main>.

Elaborating module <CD4CE_HXILINX_main>.
WARNING:HDLCompiler:413 - "D:\Classes-2024\Digital System Fundamentals Shared\Practice\b07-prime\main.vf" Line 223: Result of 5-bit expression is truncated to fit in 4-bit target.

Elaborating module <VCC>.

Elaborating module <GND>.

Elaborating module <FD_1(INIT=1'b0)>.

Elaborating module <INV>.

Elaborating module <wtb4_MUSER_main>.

Elaborating module <BUF>.

Elaborating module <ssd4d0ftlnpb_MUSER_main>.

Elaborating module <LUT4(INIT=16'b1110111101111100)>.

Elaborating module <LUT4(INIT=16'b1101111101110001)>.

Elaborating module <LUT4(INIT=16'b1111110101000101)>.

Elaborating module <LUT4(INIT=16'b0111101101101101)>.

Elaborating module <LUT4(INIT=16'b010111111111011)>.

Elaborating module <LUT4(INIT=16'b010011110011111)>.

Elaborating module <LUT4(INIT=16'b1101011111101101)>.

Elaborating module <CB2CE_HXILINX_main>.
WARNING:HDLCompiler:413 - "D:\Classes-2024\Digital System Fundamentals Shared\Practice\b07-prime\main.vf" Line 322: Result of 3-bit expression is truncated to fit in 2-bit target.

Elaborating module <M4_1E_HXILINX_main>.

Elaborating module <D2_4E_HXILINX_main>.

Elaborating module <AND4B4>.

Elaborating module <AND2>.

Elaborating module <M2_1E_HXILINX_main>.

Elaborating module <NAND2B1>.

Elaborating module <AND3B1>.

Elaborating module <gnd4_MUSER_main>.

Elaborating module <clkdiv20k_MUSER_main>.

Elaborating module <counterprime_MUSER_main>.

Elaborating module <FJKCE_HXILINX_main>.

Elaborating module <FJKPE_HXILINX_main>.

Elaborating module <AND3>.

Elaborating module <OR5>.

Elaborating module <AND5>.

Elaborating module <AND4>.

Elaborating module <OR7_HXILINX_main>.

Elaborating module <OR3>.

Elaborating module <OR8_HXILINX_main>.

Elaborating module <OR2>.

Elaborating module <AND12_HXILINX_main>.

=========================================================================
*                           HDL Synthesis                               *
=========================================================================

Synthesizing Unit <main>.
    Related source file is "D:\Classes-2024\Digital System Fundamentals Shared\Practice\b07-prime\main.vf".
INFO:Xst:3210 - "D:\Classes-2024\Digital System Fundamentals Shared\Practice\b07-prime\main.vf" line 1591: Output port <CEO> of the instance <XLXI_14> is unconnected or connected to loadless signal.
INFO:Xst:3210 - "D:\Classes-2024\Digital System Fundamentals Shared\Practice\b07-prime\main.vf" line 1591: Output port <TC> of the instance <XLXI_14> is unconnected or connected to loadless signal.
    Summary:
	no macro.
Unit <main> synthesized.

Synthesizing Unit <clkdiv20M_MUSER_main>.
    Related source file is "D:\Classes-2024\Digital System Fundamentals Shared\Practice\b07-prime\main.vf".
    Set property "HU_SET = XLXI_1_86" for instance <XLXI_1>.
    Set property "HU_SET = XLXI_14_87" for instance <XLXI_14>.
    Set property "HU_SET = XLXI_17_88" for instance <XLXI_17>.
    Set property "HU_SET = XLXI_22_89" for instance <XLXI_22>.
    Set property "HU_SET = XLXI_25_90" for instance <XLXI_25>.
    Set property "HU_SET = XLXI_28_91" for instance <XLXI_28>.
    Set property "HU_SET = XLXI_31_92" for instance <XLXI_31>.
INFO:Xst:3210 - "D:\Classes-2024\Digital System Fundamentals Shared\Practice\b07-prime\main.vf" line 1442: Output port <Q0> of the instance <XLXI_1> is unconnected or connected to loadless signal.
INFO:Xst:3210 - "D:\Classes-2024\Digital System Fundamentals Shared\Practice\b07-prime\main.vf" line 1442: Output port <Q1> of the instance <XLXI_1> is unconnected or connected to loadless signal.
INFO:Xst:3210 - "D:\Classes-2024\Digital System Fundamentals Shared\Practice\b07-prime\main.vf" line 1442: Output port <Q2> of the instance <XLXI_1> is unconnected or connected to loadless signal.
INFO:Xst:3210 - "D:\Classes-2024\Digital System Fundamentals Shared\Practice\b07-prime\main.vf" line 1442: Output port <Q3> of the instance <XLXI_1> is unconnected or connected to loadless signal.
INFO:Xst:3210 - "D:\Classes-2024\Digital System Fundamentals Shared\Practice\b07-prime\main.vf" line 1442: Output port <TC> of the instance <XLXI_1> is unconnected or connected to loadless signal.
INFO:Xst:3210 - "D:\Classes-2024\Digital System Fundamentals Shared\Practice\b07-prime\main.vf" line 1459: Output port <Q0> of the instance <XLXI_14> is unconnected or connected to loadless signal.
INFO:Xst:3210 - "D:\Classes-2024\Digital System Fundamentals Shared\Practice\b07-prime\main.vf" line 1459: Output port <Q1> of the instance <XLXI_14> is unconnected or connected to loadless signal.
INFO:Xst:3210 - "D:\Classes-2024\Digital System Fundamentals Shared\Practice\b07-prime\main.vf" line 1459: Output port <Q2> of the instance <XLXI_14> is unconnected or connected to loadless signal.
INFO:Xst:3210 - "D:\Classes-2024\Digital System Fundamentals Shared\Practice\b07-prime\main.vf" line 1459: Output port <Q3> of the instance <XLXI_14> is unconnected or connected to loadless signal.
INFO:Xst:3210 - "D:\Classes-2024\Digital System Fundamentals Shared\Practice\b07-prime\main.vf" line 1459: Output port <TC> of the instance <XLXI_14> is unconnected or connected to loadless signal.
INFO:Xst:3210 - "D:\Classes-2024\Digital System Fundamentals Shared\Practice\b07-prime\main.vf" line 1469: Output port <Q0> of the instance <XLXI_17> is unconnected or connected to loadless signal.
INFO:Xst:3210 - "D:\Classes-2024\Digital System Fundamentals Shared\Practice\b07-prime\main.vf" line 1469: Output port <Q1> of the instance <XLXI_17> is unconnected or connected to loadless signal.
INFO:Xst:3210 - "D:\Classes-2024\Digital System Fundamentals Shared\Practice\b07-prime\main.vf" line 1469: Output port <Q2> of the instance <XLXI_17> is unconnected or connected to loadless signal.
INFO:Xst:3210 - "D:\Classes-2024\Digital System Fundamentals Shared\Practice\b07-prime\main.vf" line 1469: Output port <Q3> of the instance <XLXI_17> is unconnected or connected to loadless signal.
INFO:Xst:3210 - "D:\Classes-2024\Digital System Fundamentals Shared\Practice\b07-prime\main.vf" line 1469: Output port <TC> of the instance <XLXI_17> is unconnected or connected to loadless signal.
INFO:Xst:3210 - "D:\Classes-2024\Digital System Fundamentals Shared\Practice\b07-prime\main.vf" line 1479: Output port <Q0> of the instance <XLXI_22> is unconnected or connected to loadless signal.
INFO:Xst:3210 - "D:\Classes-2024\Digital System Fundamentals Shared\Practice\b07-prime\main.vf" line 1479: Output port <Q1> of the instance <XLXI_22> is unconnected or connected to loadless signal.
INFO:Xst:3210 - "D:\Classes-2024\Digital System Fundamentals Shared\Practice\b07-prime\main.vf" line 1479: Output port <Q2> of the instance <XLXI_22> is unconnected or connected to loadless signal.
INFO:Xst:3210 - "D:\Classes-2024\Digital System Fundamentals Shared\Practice\b07-prime\main.vf" line 1479: Output port <Q3> of the instance <XLXI_22> is unconnected or connected to loadless signal.
INFO:Xst:3210 - "D:\Classes-2024\Digital System Fundamentals Shared\Practice\b07-prime\main.vf" line 1479: Output port <TC> of the instance <XLXI_22> is unconnected or connected to loadless signal.
INFO:Xst:3210 - "D:\Classes-2024\Digital System Fundamentals Shared\Practice\b07-prime\main.vf" line 1489: Output port <Q0> of the instance <XLXI_25> is unconnected or connected to loadless signal.
INFO:Xst:3210 - "D:\Classes-2024\Digital System Fundamentals Shared\Practice\b07-prime\main.vf" line 1489: Output port <Q1> of the instance <XLXI_25> is unconnected or connected to loadless signal.
INFO:Xst:3210 - "D:\Classes-2024\Digital System Fundamentals Shared\Practice\b07-prime\main.vf" line 1489: Output port <Q2> of the instance <XLXI_25> is unconnected or connected to loadless signal.
INFO:Xst:3210 - "D:\Classes-2024\Digital System Fundamentals Shared\Practice\b07-prime\main.vf" line 1489: Output port <Q3> of the instance <XLXI_25> is unconnected or connected to loadless signal.
INFO:Xst:3210 - "D:\Classes-2024\Digital System Fundamentals Shared\Practice\b07-prime\main.vf" line 1489: Output port <TC> of the instance <XLXI_25> is unconnected or connected to loadless signal.
INFO:Xst:3210 - "D:\Classes-2024\Digital System Fundamentals Shared\Practice\b07-prime\main.vf" line 1499: Output port <Q0> of the instance <XLXI_28> is unconnected or connected to loadless signal.
INFO:Xst:3210 - "D:\Classes-2024\Digital System Fundamentals Shared\Practice\b07-prime\main.vf" line 1499: Output port <Q1> of the instance <XLXI_28> is unconnected or connected to loadless signal.
INFO:Xst:3210 - "D:\Classes-2024\Digital System Fundamentals Shared\Practice\b07-prime\main.vf" line 1499: Output port <Q2> of the instance <XLXI_28> is unconnected or connected to loadless signal.
INFO:Xst:3210 - "D:\Classes-2024\Digital System Fundamentals Shared\Practice\b07-prime\main.vf" line 1499: Output port <Q3> of the instance <XLXI_28> is unconnected or connected to loadless signal.
INFO:Xst:3210 - "D:\Classes-2024\Digital System Fundamentals Shared\Practice\b07-prime\main.vf" line 1499: Output port <TC> of the instance <XLXI_28> is unconnected or connected to loadless signal.
INFO:Xst:3210 - "D:\Classes-2024\Digital System Fundamentals Shared\Practice\b07-prime\main.vf" line 1509: Output port <CEO> of the instance <XLXI_31> is unconnected or connected to loadless signal.
INFO:Xst:3210 - "D:\Classes-2024\Digital System Fundamentals Shared\Practice\b07-prime\main.vf" line 1509: Output port <Q0> of the instance <XLXI_31> is unconnected or connected to loadless signal.
INFO:Xst:3210 - "D:\Classes-2024\Digital System Fundamentals Shared\Practice\b07-prime\main.vf" line 1509: Output port <Q1> of the instance <XLXI_31> is unconnected or connected to loadless signal.
INFO:Xst:3210 - "D:\Classes-2024\Digital System Fundamentals Shared\Practice\b07-prime\main.vf" line 1509: Output port <Q2> of the instance <XLXI_31> is unconnected or connected to loadless signal.
INFO:Xst:3210 - "D:\Classes-2024\Digital System Fundamentals Shared\Practice\b07-prime\main.vf" line 1509: Output port <Q3> of the instance <XLXI_31> is unconnected or connected to loadless signal.
    Summary:
	no macro.
Unit <clkdiv20M_MUSER_main> synthesized.

Synthesizing Unit <CD4CE_HXILINX_main>.
    Related source file is "D:\Classes-2024\Digital System Fundamentals Shared\Practice\b07-prime\main.vf".
        TERMINAL_COUNT = 4'b1001
    Found 1-bit register for signal <Q1>.
    Found 1-bit register for signal <Q2>.
    Found 1-bit register for signal <Q3>.
    Found 1-bit register for signal <Q0>.
    Found 4-bit adder for signal <Q3_GND_3_o_add_4_OUT> created at line 223.
    Summary:
	inferred   1 Adder/Subtractor(s).
	inferred   4 D-type flip-flop(s).
	inferred   7 Multiplexer(s).
Unit <CD4CE_HXILINX_main> synthesized.

Synthesizing Unit <wtb4_MUSER_main>.
    Related source file is "D:\Classes-2024\Digital System Fundamentals Shared\Practice\b07-prime\main.vf".
    Summary:
	no macro.
Unit <wtb4_MUSER_main> synthesized.

Synthesizing Unit <ssd4d0ftlnpb_MUSER_main>.
    Related source file is "D:\Classes-2024\Digital System Fundamentals Shared\Practice\b07-prime\main.vf".
    Set property "HU_SET = XLXI_162_85" for instance <XLXI_162>.
    Set property "HU_SET = XLXI_183_70" for instance <XLXI_183>.
    Set property "HU_SET = XLXI_184_71" for instance <XLXI_184>.
    Set property "HU_SET = XLXI_185_72" for instance <XLXI_185>.
    Set property "HU_SET = XLXI_186_73" for instance <XLXI_186>.
    Set property "HU_SET = XLXI_210_84" for instance <XLXI_210>.
    Set property "HU_SET = XLXI_215_74" for instance <XLXI_215>.
    Set property "HU_SET = XLXI_260_75" for instance <XLXI_260>.
    Set property "HU_SET = XLXI_261_76" for instance <XLXI_261>.
    Set property "HU_SET = XLXI_262_77" for instance <XLXI_262>.
    Set property "HU_SET = XLXI_263_78" for instance <XLXI_263>.
    Set property "HU_SET = XLXI_264_79" for instance <XLXI_264>.
    Set property "HU_SET = XLXI_265_80" for instance <XLXI_265>.
    Set property "HU_SET = XLXI_266_81" for instance <XLXI_266>.
    Set property "HU_SET = XLXI_277_82" for instance <XLXI_277>.
    Set property "HU_SET = XLXI_281_83" for instance <XLXI_281>.
INFO:Xst:3210 - "D:\Classes-2024\Digital System Fundamentals Shared\Practice\b07-prime\main.vf" line 1215: Output port <CEO> of the instance <XLXI_162> is unconnected or connected to loadless signal.
INFO:Xst:3210 - "D:\Classes-2024\Digital System Fundamentals Shared\Practice\b07-prime\main.vf" line 1215: Output port <TC> of the instance <XLXI_162> is unconnected or connected to loadless signal.
    Summary:
	no macro.
Unit <ssd4d0ftlnpb_MUSER_main> synthesized.

Synthesizing Unit <CB2CE_HXILINX_main>.
    Related source file is "D:\Classes-2024\Digital System Fundamentals Shared\Practice\b07-prime\main.vf".
    Found 1-bit register for signal <Q1>.
    Found 1-bit register for signal <Q0>.
    Found 2-bit adder for signal <Q1_GND_18_o_add_0_OUT> created at line 322.
    Summary:
	inferred   1 Adder/Subtractor(s).
	inferred   2 D-type flip-flop(s).
Unit <CB2CE_HXILINX_main> synthesized.

Synthesizing Unit <M4_1E_HXILINX_main>.
    Related source file is "D:\Classes-2024\Digital System Fundamentals Shared\Practice\b07-prime\main.vf".
    Found 1-bit 4-to-1 multiplexer for signal <S1_D3_Mux_0_o> created at line 254.
    Summary:
	inferred   2 Multiplexer(s).
Unit <M4_1E_HXILINX_main> synthesized.

Synthesizing Unit <D2_4E_HXILINX_main>.
    Related source file is "D:\Classes-2024\Digital System Fundamentals Shared\Practice\b07-prime\main.vf".
    Summary:
	inferred   4 Multiplexer(s).
Unit <D2_4E_HXILINX_main> synthesized.

Synthesizing Unit <M2_1E_HXILINX_main>.
    Related source file is "D:\Classes-2024\Digital System Fundamentals Shared\Practice\b07-prime\main.vf".
    Summary:
	inferred   2 Multiplexer(s).
Unit <M2_1E_HXILINX_main> synthesized.

Synthesizing Unit <gnd4_MUSER_main>.
    Related source file is "D:\Classes-2024\Digital System Fundamentals Shared\Practice\b07-prime\main.vf".
    Summary:
	no macro.
Unit <gnd4_MUSER_main> synthesized.

Synthesizing Unit <clkdiv20k_MUSER_main>.
    Related source file is "D:\Classes-2024\Digital System Fundamentals Shared\Practice\b07-prime\main.vf".
    Set property "HU_SET = XLXI_1_66" for instance <XLXI_1>.
    Set property "HU_SET = XLXI_14_67" for instance <XLXI_14>.
    Set property "HU_SET = XLXI_17_68" for instance <XLXI_17>.
    Set property "HU_SET = XLXI_22_69" for instance <XLXI_22>.
INFO:Xst:3210 - "D:\Classes-2024\Digital System Fundamentals Shared\Practice\b07-prime\main.vf" line 1052: Output port <Q0> of the instance <XLXI_1> is unconnected or connected to loadless signal.
INFO:Xst:3210 - "D:\Classes-2024\Digital System Fundamentals Shared\Practice\b07-prime\main.vf" line 1052: Output port <Q1> of the instance <XLXI_1> is unconnected or connected to loadless signal.
INFO:Xst:3210 - "D:\Classes-2024\Digital System Fundamentals Shared\Practice\b07-prime\main.vf" line 1052: Output port <Q2> of the instance <XLXI_1> is unconnected or connected to loadless signal.
INFO:Xst:3210 - "D:\Classes-2024\Digital System Fundamentals Shared\Practice\b07-prime\main.vf" line 1052: Output port <Q3> of the instance <XLXI_1> is unconnected or connected to loadless signal.
INFO:Xst:3210 - "D:\Classes-2024\Digital System Fundamentals Shared\Practice\b07-prime\main.vf" line 1052: Output port <TC> of the instance <XLXI_1> is unconnected or connected to loadless signal.
INFO:Xst:3210 - "D:\Classes-2024\Digital System Fundamentals Shared\Practice\b07-prime\main.vf" line 1069: Output port <Q0> of the instance <XLXI_14> is unconnected or connected to loadless signal.
INFO:Xst:3210 - "D:\Classes-2024\Digital System Fundamentals Shared\Practice\b07-prime\main.vf" line 1069: Output port <Q1> of the instance <XLXI_14> is unconnected or connected to loadless signal.
INFO:Xst:3210 - "D:\Classes-2024\Digital System Fundamentals Shared\Practice\b07-prime\main.vf" line 1069: Output port <Q2> of the instance <XLXI_14> is unconnected or connected to loadless signal.
INFO:Xst:3210 - "D:\Classes-2024\Digital System Fundamentals Shared\Practice\b07-prime\main.vf" line 1069: Output port <Q3> of the instance <XLXI_14> is unconnected or connected to loadless signal.
INFO:Xst:3210 - "D:\Classes-2024\Digital System Fundamentals Shared\Practice\b07-prime\main.vf" line 1069: Output port <TC> of the instance <XLXI_14> is unconnected or connected to loadless signal.
INFO:Xst:3210 - "D:\Classes-2024\Digital System Fundamentals Shared\Practice\b07-prime\main.vf" line 1079: Output port <Q0> of the instance <XLXI_17> is unconnected or connected to loadless signal.
INFO:Xst:3210 - "D:\Classes-2024\Digital System Fundamentals Shared\Practice\b07-prime\main.vf" line 1079: Output port <Q1> of the instance <XLXI_17> is unconnected or connected to loadless signal.
INFO:Xst:3210 - "D:\Classes-2024\Digital System Fundamentals Shared\Practice\b07-prime\main.vf" line 1079: Output port <Q2> of the instance <XLXI_17> is unconnected or connected to loadless signal.
INFO:Xst:3210 - "D:\Classes-2024\Digital System Fundamentals Shared\Practice\b07-prime\main.vf" line 1079: Output port <Q3> of the instance <XLXI_17> is unconnected or connected to loadless signal.
INFO:Xst:3210 - "D:\Classes-2024\Digital System Fundamentals Shared\Practice\b07-prime\main.vf" line 1079: Output port <TC> of the instance <XLXI_17> is unconnected or connected to loadless signal.
INFO:Xst:3210 - "D:\Classes-2024\Digital System Fundamentals Shared\Practice\b07-prime\main.vf" line 1089: Output port <CEO> of the instance <XLXI_22> is unconnected or connected to loadless signal.
INFO:Xst:3210 - "D:\Classes-2024\Digital System Fundamentals Shared\Practice\b07-prime\main.vf" line 1089: Output port <Q0> of the instance <XLXI_22> is unconnected or connected to loadless signal.
INFO:Xst:3210 - "D:\Classes-2024\Digital System Fundamentals Shared\Practice\b07-prime\main.vf" line 1089: Output port <Q1> of the instance <XLXI_22> is unconnected or connected to loadless signal.
INFO:Xst:3210 - "D:\Classes-2024\Digital System Fundamentals Shared\Practice\b07-prime\main.vf" line 1089: Output port <Q2> of the instance <XLXI_22> is unconnected or connected to loadless signal.
INFO:Xst:3210 - "D:\Classes-2024\Digital System Fundamentals Shared\Practice\b07-prime\main.vf" line 1089: Output port <Q3> of the instance <XLXI_22> is unconnected or connected to loadless signal.
    Summary:
	no macro.
Unit <clkdiv20k_MUSER_main> synthesized.

Synthesizing Unit <counterprime_MUSER_main>.
    Related source file is "D:\Classes-2024\Digital System Fundamentals Shared\Practice\b07-prime\main.vf".
    Set property "HU_SET = FLIPFLOP_A_53" for instance <FlipFlop_A>.
    Set property "HU_SET = FLIPFLOP_B_54" for instance <FlipFlop_B>.
    Set property "HU_SET = FLIPFLOP_C_56" for instance <FlipFlop_C>.
    Set property "HU_SET = FLIPFLOP_D_58" for instance <FlipFlop_D>.
    Set property "HU_SET = FLIPFLOP_E_59" for instance <FlipFlop_E>.
    Set property "HU_SET = FLIPFLOP_F_60" for instance <FlipFlop_F>.
    Set property "HU_SET = FLIPFLOP_G_61" for instance <FlipFlop_G>.
    Set property "HU_SET = FLIPFLOP_H_62" for instance <FlipFlop_H>.
    Set property "HU_SET = FLIPFLOP_I_63" for instance <FlipFlop_I>.
    Set property "HU_SET = FLIPFLOP_J_64" for instance <FlipFlop_J>.
    Set property "HU_SET = XLXI_34_55" for instance <XLXI_34>.
    Set property "HU_SET = XLXI_60_57" for instance <XLXI_60>.
    Set property "HU_SET = XLXI_130_65" for instance <XLXI_130>.
    Summary:
	no macro.
Unit <counterprime_MUSER_main> synthesized.

Synthesizing Unit <FJKCE_HXILINX_main>.
    Related source file is "D:\Classes-2024\Digital System Fundamentals Shared\Practice\b07-prime\main.vf".
        INIT = 1'b0
    Found 1-bit register for signal <Q>.
    Summary:
	inferred   1 D-type flip-flop(s).
	inferred   2 Multiplexer(s).
Unit <FJKCE_HXILINX_main> synthesized.

Synthesizing Unit <FJKPE_HXILINX_main>.
    Related source file is "D:\Classes-2024\Digital System Fundamentals Shared\Practice\b07-prime\main.vf".
        INIT = 1'b1
    Found 1-bit register for signal <Q>.
    Summary:
	inferred   1 D-type flip-flop(s).
	inferred   2 Multiplexer(s).
Unit <FJKPE_HXILINX_main> synthesized.

Synthesizing Unit <OR7_HXILINX_main>.
    Related source file is "D:\Classes-2024\Digital System Fundamentals Shared\Practice\b07-prime\main.vf".
    Summary:
	no macro.
Unit <OR7_HXILINX_main> synthesized.

Synthesizing Unit <OR8_HXILINX_main>.
    Related source file is "D:\Classes-2024\Digital System Fundamentals Shared\Practice\b07-prime\main.vf".
    Summary:
	no macro.
Unit <OR8_HXILINX_main> synthesized.

Synthesizing Unit <AND12_HXILINX_main>.
    Related source file is "D:\Classes-2024\Digital System Fundamentals Shared\Practice\b07-prime\main.vf".
    Summary:
	no macro.
Unit <AND12_HXILINX_main> synthesized.

=========================================================================
HDL Synthesis Report

Macro Statistics
# Adders/Subtractors                                   : 12
 2-bit adder                                           : 1
 4-bit adder                                           : 11
# Registers                                            : 56
 1-bit register                                        : 56
# Multiplexers                                         : 129
 1-bit 2-to-1 multiplexer                              : 122
 1-bit 4-to-1 multiplexer                              : 7

=========================================================================

=========================================================================
*                       Advanced HDL Synthesis                          *
=========================================================================


=========================================================================
Advanced HDL Synthesis Report

Macro Statistics
# Adders/Subtractors                                   : 12
 2-bit adder                                           : 1
 4-bit adder                                           : 11
# Registers                                            : 58
 Flip-Flops                                            : 58
# Multiplexers                                         : 129
 1-bit 2-to-1 multiplexer                              : 122
 1-bit 4-to-1 multiplexer                              : 7

=========================================================================

=========================================================================
*                         Low Level Synthesis                           *
=========================================================================

Optimizing unit <main> ...

Optimizing unit <ssd4d0ftlnpb_MUSER_main> ...

Optimizing unit <counterprime_MUSER_main> ...

Optimizing unit <CD4CE_HXILINX_main> ...

Optimizing unit <CB2CE_HXILINX_main> ...

Optimizing unit <M4_1E_HXILINX_main> ...

Optimizing unit <D2_4E_HXILINX_main> ...

Optimizing unit <M2_1E_HXILINX_main> ...

Optimizing unit <FJKCE_HXILINX_main> ...

Optimizing unit <FJKPE_HXILINX_main> ...

Optimizing unit <AND12_HXILINX_main> ...

Optimizing unit <OR7_HXILINX_main> ...

Optimizing unit <OR8_HXILINX_main> ...

Mapping all equations...
Building and optimizing final netlist ...
Found area constraint ratio of 100 (+ 5) on block main, actual ratio is 1.

Final Macro Processing ...

=========================================================================
Final Register Report

Macro Statistics
# Registers                                            : 58
 Flip-Flops                                            : 58

=========================================================================

=========================================================================
*                           Partition Report                            *
=========================================================================

Partition Implementation Status
-------------------------------

  No Partitions were found in this design.

-------------------------------

=========================================================================
*                            Design Summary                             *
=========================================================================

Top Level Output File Name         : main.ngc

Primitive and Black Box Usage:
------------------------------
# BELS                             : 272
#      AND2                        : 23
#      AND3                        : 17
#      AND3B1                      : 2
#      AND4                        : 11
#      AND4B4                      : 3
#      AND5                        : 5
#      BUF                         : 12
#      GND                         : 2
#      INV                         : 92
#      LUT2                        : 16
#      LUT3                        : 39
#      LUT4                        : 22
#      LUT5                        : 14
#      LUT6                        : 3
#      OR2                         : 4
#      OR3                         : 2
#      OR5                         : 4
#      VCC                         : 1
# FlipFlops/Latches                : 58
#      FD_1                        : 2
#      FDC                         : 1
#      FDCE                        : 54
#      FDPE                        : 1
# Clock Buffers                    : 1
#      BUFGP                       : 1
# IO Buffers                       : 12
#      OBUF                        : 12
# Logical                          : 1
#      NAND2B1                     : 1

Device utilization summary:
---------------------------

Selected Device : 6slx9tqg144-3 


Slice Logic Utilization: 
 Number of Slice Registers:              58  out of  11440     0%  
 Number of Slice LUTs:                  186  out of   5720     3%  
    Number used as Logic:               186  out of   5720     3%  

Slice Logic Distribution: 
 Number of LUT Flip Flop pairs used:    244
   Number with an unused Flip Flop:     186  out of    244    76%  
   Number with an unused LUT:            58  out of    244    23%  
   Number of fully used LUT-FF pairs:     0  out of    244     0%  
   Number of unique control sets:        24

IO Utilization: 
 Number of IOs:                          13
 Number of bonded IOBs:                  13  out of    102    12%  

Specific Feature Utilization:
 Number of BUFG/BUFGCTRLs:                1  out of     16     6%  

---------------------------
Partition Resource Summary:
---------------------------

  No Partitions were found in this design.

---------------------------


=========================================================================
Timing Report

NOTE: THESE TIMING NUMBERS ARE ONLY A SYNTHESIS ESTIMATE.
      FOR ACCURATE TIMING INFORMATION PLEASE REFER TO THE TRACE REPORT
      GENERATED AFTER PLACE-and-ROUTE.

Clock Information:
------------------
-----------------------------------------------+---------------------------+-------+
Clock Signal                                   | Clock buffer(FF name)     | Load  |
-----------------------------------------------+---------------------------+-------+
XLXI_2/XLXI_31/TC(XLXI_2/XLXI_31/Mmux_TC11:O)  | NONE(*)(XLXI_2/XLXI_9)    | 1     |
XLXI_13/XLXI_22/TC(XLXI_13/XLXI_22/Mmux_TC11:O)| NONE(*)(XLXI_13/XLXI_10)  | 1     |
OSC                                            | BUFGP                     | 44    |
XLXN_25                                        | NONE(XLXI_9/XLXI_162/Q0)  | 2     |
XLXN_1                                         | NONE(XLXI_14/FlipFlop_J/Q)| 10    |
-----------------------------------------------+---------------------------+-------+
(*) These 2 clock signal(s) are generated by combinatorial logic,
and XST is not able to identify which are the primary clock signals.
Please use the CLOCK_SIGNAL constraint to specify the clock signal(s) generated by combinatorial logic.
INFO:Xst:2169 - HDL ADVISOR - Some clock signals were not automatically buffered by XST with BUFG/BUFR resources. Please use the buffer_type constraint in order to insert these buffers to the clock signals to help prevent skew problems.

Asynchronous Control Signals Information:
----------------------------------------
No asynchronous control signals found in this design

Timing Summary:
---------------
Speed Grade: -3

   Minimum period: 7.153ns (Maximum Frequency: 139.805MHz)
   Minimum input arrival time before clock: No path found
   Maximum output required time after clock: 13.676ns
   Maximum combinational path delay: No path found

Timing Details:
---------------
All values displayed in nanoseconds (ns)

=========================================================================
Timing constraint: Default period analysis for Clock 'XLXI_2/XLXI_31/TC'
  Clock period: 2.312ns (frequency: 432.507MHz)
  Total number of paths / destination ports: 1 / 1
-------------------------------------------------------------------------
Delay:               2.312ns (Levels of Logic = 1)
  Source:            XLXI_2/XLXI_9 (FF)
  Destination:       XLXI_2/XLXI_9 (FF)
  Source Clock:      XLXI_2/XLXI_31/TC falling
  Destination Clock: XLXI_2/XLXI_31/TC falling

  Data Path: XLXI_2/XLXI_9 to XLXI_2/XLXI_9
                                Gate     Net
    Cell:in->out      fanout   Delay   Delay  Logical Name (Net Name)
    ----------------------------------------  ------------
     FD_1:C->Q             2   0.447   0.616  XLXI_2/XLXI_9 (XLXN_1)
     INV:I->O              1   0.568   0.579  XLXI_2/XLXI_11 (XLXI_2/XLXN_9)
     FD_1:D                    0.102          XLXI_2/XLXI_9
    ----------------------------------------
    Total                      2.312ns (1.117ns logic, 1.195ns route)
                                       (48.3% logic, 51.7% route)

=========================================================================
Timing constraint: Default period analysis for Clock 'XLXI_13/XLXI_22/TC'
  Clock period: 2.346ns (frequency: 426.239MHz)
  Total number of paths / destination ports: 1 / 1
-------------------------------------------------------------------------
Delay:               2.346ns (Levels of Logic = 1)
  Source:            XLXI_13/XLXI_10 (FF)
  Destination:       XLXI_13/XLXI_10 (FF)
  Source Clock:      XLXI_13/XLXI_22/TC falling
  Destination Clock: XLXI_13/XLXI_22/TC falling

  Data Path: XLXI_13/XLXI_10 to XLXI_13/XLXI_10
                                Gate     Net
    Cell:in->out      fanout   Delay   Delay  Logical Name (Net Name)
    ----------------------------------------  ------------
     FD_1:C->Q             3   0.447   0.650  XLXI_13/XLXI_10 (XLXN_25)
     INV:I->O              1   0.568   0.579  XLXI_13/XLXI_11 (XLXI_13/XLXN_11)
     FD_1:D                    0.102          XLXI_13/XLXI_10
    ----------------------------------------
    Total                      2.346ns (1.117ns logic, 1.229ns route)
                                       (47.6% logic, 52.4% route)

=========================================================================
Timing constraint: Default period analysis for Clock 'OSC'
  Clock period: 7.153ns (frequency: 139.805MHz)
  Total number of paths / destination ports: 553 / 80
-------------------------------------------------------------------------
Delay:               7.153ns (Levels of Logic = 12)
  Source:            XLXI_2/XLXI_1/Q3 (FF)
  Destination:       XLXI_2/XLXI_31/Q3 (FF)
  Source Clock:      OSC falling
  Destination Clock: OSC falling

  Data Path: XLXI_2/XLXI_1/Q3 to XLXI_2/XLXI_31/Q3
                                Gate     Net
    Cell:in->out      fanout   Delay   Delay  Logical Name (Net Name)
    ----------------------------------------  ------------
     FDCE:C->Q             3   0.447   0.898  Q3 (Q3)
     LUT4:I0->O            5   0.203   0.715  Mmux_TC11 (TC)
     end scope: 'XLXI_2/XLXI_1:CEO'
     begin scope: 'XLXI_2/XLXI_14:CE'
     LUT5:I4->O            5   0.205   0.715  CEO1 (CEO)
     end scope: 'XLXI_2/XLXI_14:CEO'
     begin scope: 'XLXI_2/XLXI_17:CE'
     LUT5:I4->O            5   0.205   0.715  CEO1 (CEO)
     end scope: 'XLXI_2/XLXI_17:CEO'
     begin scope: 'XLXI_2/XLXI_22:CE'
     LUT5:I4->O            5   0.205   0.715  CEO1 (CEO)
     end scope: 'XLXI_2/XLXI_22:CEO'
     begin scope: 'XLXI_2/XLXI_25:CE'
     LUT5:I4->O            5   0.205   0.715  CEO1 (CEO)
     end scope: 'XLXI_2/XLXI_25:CEO'
     begin scope: 'XLXI_2/XLXI_28:CE'
     LUT5:I4->O            4   0.205   0.683  CEO1 (CEO)
     end scope: 'XLXI_2/XLXI_28:CEO'
     begin scope: 'XLXI_2/XLXI_31:CE'
     FDCE:CE                   0.322          Q3
    ----------------------------------------
    Total                      7.153ns (1.997ns logic, 5.156ns route)
                                       (27.9% logic, 72.1% route)

=========================================================================
Timing constraint: Default period analysis for Clock 'XLXN_25'
  Clock period: 2.242ns (frequency: 446.100MHz)
  Total number of paths / destination ports: 3 / 2
-------------------------------------------------------------------------
Delay:               2.242ns (Levels of Logic = 1)
  Source:            XLXI_9/XLXI_162/Q0 (FF)
  Destination:       XLXI_9/XLXI_162/Q0 (FF)
  Source Clock:      XLXN_25 rising
  Destination Clock: XLXN_25 rising

  Data Path: XLXI_9/XLXI_162/Q0 to XLXI_9/XLXI_162/Q0
                                Gate     Net
    Cell:in->out      fanout   Delay   Delay  Logical Name (Net Name)
    ----------------------------------------  ------------
     FDCE:C->Q            12   0.447   0.908  Q0 (Q0)
     INV:I->O              1   0.206   0.579  Madd_Q1_GND_18_o_add_0_OUT_xor<0>11_INV_0 (Q1_GND_18_o_add_0_OUT<0>)
     FDCE:D                    0.102          Q0
    ----------------------------------------
    Total                      2.242ns (0.755ns logic, 1.487ns route)
                                       (33.7% logic, 66.3% route)

=========================================================================
Timing constraint: Default period analysis for Clock 'XLXN_1'
  Clock period: 6.600ns (frequency: 151.506MHz)
  Total number of paths / destination ports: 329 / 19
-------------------------------------------------------------------------
Delay:               6.600ns (Levels of Logic = 7)
  Source:            XLXI_14/FlipFlop_E/Q (FF)
  Destination:       XLXI_14/FlipFlop_C/Q (FF)
  Source Clock:      XLXN_1 falling
  Destination Clock: XLXN_1 falling

  Data Path: XLXI_14/FlipFlop_E/Q to XLXI_14/FlipFlop_C/Q
                                Gate     Net
    Cell:in->out      fanout   Delay   Delay  Logical Name (Net Name)
    ----------------------------------------  ------------
     FDCE:C->Q            30   0.447   1.263  Q (Q)
     end scope: 'XLXI_14/FlipFlop_E:Q'
     INV:I->O              1   0.568   0.827  XLXI_14/XLXI_51 (XLXI_14/XLXN_51)
     AND5:I2->O            1   0.203   0.580  XLXI_14/XLXI_50 (XLXI_14/XLXN_50)
     begin scope: 'XLXI_14/XLXI_34:I5'
     LUT2:I1->O            1   0.205   0.580  O_SW0 (N01)
     LUT6:I5->O            2   0.205   0.617  O (O)
     end scope: 'XLXI_14/XLXI_34:O'
     begin scope: 'XLXI_14/FlipFlop_C:J'
     LUT2:I1->O            1   0.205   0.579  _n0012_inv1 (_n0012_inv)
     FDCE:CE                   0.322          Q
    ----------------------------------------
    Total                      6.600ns (2.155ns logic, 4.445ns route)
                                       (32.6% logic, 67.4% route)

=========================================================================
Timing constraint: Default OFFSET OUT AFTER for Clock 'XLXN_25'
  Total number of paths / destination ports: 106 / 11
-------------------------------------------------------------------------
Offset:              7.629ns (Levels of Logic = 7)
  Source:            XLXI_9/XLXI_162/Q0 (FF)
  Destination:       SSD_Segment<6> (PAD)
  Source Clock:      XLXN_25 rising

  Data Path: XLXI_9/XLXI_162/Q0 to SSD_Segment<6>
                                Gate     Net
    Cell:in->out      fanout   Delay   Delay  Logical Name (Net Name)
    ----------------------------------------  ------------
     FDCE:C->Q            12   0.447   1.253  Q0 (Q0)
     end scope: 'XLXI_9/XLXI_162:Q0'
     begin scope: 'XLXI_9/XLXI_281:S0'
     LUT5:I0->O            8   0.203   1.167  Mmux_O11 (O)
     end scope: 'XLXI_9/XLXI_281:O'
     NAND2B1:I0->O         7   0.203   1.002  XLXI_9/XLXI_306 (XLXI_9/XLXN_487)
     begin scope: 'XLXI_9/XLXI_266:E'
     LUT3:I0->O            1   0.205   0.579  Mmux_O11 (O)
     end scope: 'XLXI_9/XLXI_266:O'
     OBUF:I->O                 2.571          SSD_Segment_6_OBUF (SSD_Segment<6>)
    ----------------------------------------
    Total                      7.629ns (3.629ns logic, 4.000ns route)
                                       (47.6% logic, 52.4% route)

=========================================================================
Timing constraint: Default OFFSET OUT AFTER for Clock 'XLXN_1'
  Total number of paths / destination ports: 350 / 7
-------------------------------------------------------------------------
Offset:              13.676ns (Levels of Logic = 12)
  Source:            XLXI_14/FlipFlop_I/Q (FF)
  Destination:       SSD_Segment<6> (PAD)
  Source Clock:      XLXN_1 falling

  Data Path: XLXI_14/FlipFlop_I/Q to SSD_Segment<6>
                                Gate     Net
    Cell:in->out      fanout   Delay   Delay  Logical Name (Net Name)
    ----------------------------------------  ------------
     FDCE:C->Q            29   0.447   1.249  Q (Q)
     end scope: 'XLXI_14/FlipFlop_I:Q'
     BUF:I->O              2   0.568   0.981  XLXI_8/XLXI_1 (XLXN_20<0>)
     AND4B4:I0->O          1   0.203   0.924  XLXI_9/XLXI_250 (XLXI_9/XLXN_551)
     AND2:I1->O            4   0.223   1.048  XLXI_9/XLXI_258 (XLXI_9/XLXN_471)
     AND2:I0->O            3   0.203   0.995  XLXI_9/XLXI_257 (XLXI_9/XLXN_548)
     AND2:I1->O            1   0.223   0.684  XLXI_9/XLXI_307 (XLXI_9/XLXN_544)
     begin scope: 'XLXI_9/XLXI_281:D1'
     LUT5:I3->O            8   0.203   1.167  Mmux_O11 (O)
     end scope: 'XLXI_9/XLXI_281:O'
     NAND2B1:I0->O         7   0.203   1.002  XLXI_9/XLXI_306 (XLXI_9/XLXN_487)
     begin scope: 'XLXI_9/XLXI_266:E'
     LUT3:I0->O            1   0.205   0.579  Mmux_O11 (O)
     end scope: 'XLXI_9/XLXI_266:O'
     OBUF:I->O                 2.571          SSD_Segment_6_OBUF (SSD_Segment<6>)
    ----------------------------------------
    Total                     13.676ns (5.049ns logic, 8.627ns route)
                                       (36.9% logic, 63.1% route)

=========================================================================

Cross Clock Domains Report:
--------------------------

Clock to Setup on destination clock OSC
---------------+---------+---------+---------+---------+
               | Src:Rise| Src:Fall| Src:Rise| Src:Fall|
Source Clock   |Dest:Rise|Dest:Rise|Dest:Fall|Dest:Fall|
---------------+---------+---------+---------+---------+
OSC            |         |         |    7.153|         |
---------------+---------+---------+---------+---------+

Clock to Setup on destination clock XLXI_13/XLXI_22/TC
------------------+---------+---------+---------+---------+
                  | Src:Rise| Src:Fall| Src:Rise| Src:Fall|
Source Clock      |Dest:Rise|Dest:Rise|Dest:Fall|Dest:Fall|
------------------+---------+---------+---------+---------+
XLXI_13/XLXI_22/TC|         |         |    2.346|         |
------------------+---------+---------+---------+---------+

Clock to Setup on destination clock XLXI_2/XLXI_31/TC
-----------------+---------+---------+---------+---------+
                 | Src:Rise| Src:Fall| Src:Rise| Src:Fall|
Source Clock     |Dest:Rise|Dest:Rise|Dest:Fall|Dest:Fall|
-----------------+---------+---------+---------+---------+
XLXI_2/XLXI_31/TC|         |         |    2.312|         |
-----------------+---------+---------+---------+---------+

Clock to Setup on destination clock XLXN_1
---------------+---------+---------+---------+---------+
               | Src:Rise| Src:Fall| Src:Rise| Src:Fall|
Source Clock   |Dest:Rise|Dest:Rise|Dest:Fall|Dest:Fall|
---------------+---------+---------+---------+---------+
XLXN_1         |         |         |    6.600|         |
---------------+---------+---------+---------+---------+

Clock to Setup on destination clock XLXN_25
---------------+---------+---------+---------+---------+
               | Src:Rise| Src:Fall| Src:Rise| Src:Fall|
Source Clock   |Dest:Rise|Dest:Rise|Dest:Fall|Dest:Fall|
---------------+---------+---------+---------+---------+
XLXN_25        |    2.242|         |         |         |
---------------+---------+---------+---------+---------+

=========================================================================


Total REAL time to Xst completion: 3.00 secs
Total CPU time to Xst completion: 2.94 secs
 
--> 

Total memory usage is 4501776 kilobytes

Number of errors   :    0 (   0 filtered)
Number of warnings :    2 (   0 filtered)
Number of infos    :   60 (   0 filtered)

