--------------------------------------------------------------------------------
Release 14.7 Trace  (nt64)
Copyright (c) 1995-2013 Xilinx, Inc.  All rights reserved.

C:\Xilinx\14.7\ISE_DS\ISE\bin\nt64\unwrapped\trce.exe -intstyle ise -v 3 -s 3
-n 3 -fastpaths -xml main.twx main.ncd -o main.twr main.pcf -ucf main.ucf

Design file:              main.ncd
Physical constraint file: main.pcf
Device,package,speed:     xc6slx9,tqg144,C,-3 (PRODUCTION 1.23 2013-10-13)
Report level:             verbose report

Environment Variable      Effect 
--------------------      ------ 
NONE                      No environment variables were set
--------------------------------------------------------------------------------

INFO:Timing:2698 - No timing constraints found, doing default enumeration.
INFO:Timing:3412 - To improve timing, see the Timing Closure User Guide (UG612).
INFO:Timing:2752 - To get complete path coverage, use the unconstrained paths 
   option. All paths that are not constrained will be reported in the 
   unconstrained paths section(s) of the report.
INFO:Timing:3339 - The clock-to-out numbers in this timing report are based on 
   a 50 Ohm transmission line loading model.  For the details of this model, 
   and for more information on accounting for different loading conditions, 
   please see the device datasheet.



Data Sheet report:
-----------------
All values displayed in nanoseconds (ns)

Clock to Setup on destination clock OSC
---------------+---------+---------+---------+---------+
               | Src:Rise| Src:Fall| Src:Rise| Src:Fall|
Source Clock   |Dest:Rise|Dest:Rise|Dest:Fall|Dest:Fall|
---------------+---------+---------+---------+---------+
OSC            |         |         |         |    3.782|
---------------+---------+---------+---------+---------+

Pad to Pad
---------------+---------------+---------+
Source Pad     |Destination Pad|  Delay  |
---------------+---------------+---------+
SW0            |SSD_Segment<0> |    8.013|
SW0            |SSD_Segment<1> |    7.658|
SW0            |SSD_Segment<2> |    7.845|
SW0            |SSD_Segment<3> |    7.374|
SW0            |SSD_Segment<4> |    7.424|
SW0            |SSD_Segment<5> |    8.331|
SW0            |SSD_Segment<6> |    8.361|
SW1            |SSD_Segment<0> |    8.304|
SW1            |SSD_Segment<1> |    7.957|
SW1            |SSD_Segment<2> |    7.885|
SW1            |SSD_Segment<3> |    7.831|
SW1            |SSD_Segment<4> |    7.647|
SW1            |SSD_Segment<5> |    8.458|
SW1            |SSD_Segment<6> |    8.456|
SW2            |SSD_Segment<0> |    7.804|
SW2            |SSD_Segment<1> |    7.577|
SW2            |SSD_Segment<2> |    7.816|
SW2            |SSD_Segment<3> |    7.543|
SW2            |SSD_Segment<4> |    7.592|
SW2            |SSD_Segment<5> |    8.380|
SW2            |SSD_Segment<6> |    8.457|
SW3            |SSD_Segment<0> |    7.492|
SW3            |SSD_Segment<1> |    7.524|
SW3            |SSD_Segment<2> |    7.321|
SW3            |SSD_Segment<3> |    7.212|
SW3            |SSD_Segment<4> |    7.303|
SW3            |SSD_Segment<5> |    7.966|
SW3            |SSD_Segment<6> |    8.413|
---------------+---------------+---------+


Analysis completed Sat Oct 12 13:50:35 2024 
--------------------------------------------------------------------------------

Trace Settings:
-------------------------
Trace Settings 

Peak Memory Usage: 4586 MB



