Release 14.7 Map P.20131013 (nt64)
Xilinx Mapping Report File for Design 'main'

Design Information
------------------
Command Line   : map -intstyle ise -p xc6slx9-tqg144-3 -w -logic_opt off -ol
high -t 1 -xt 0 -register_duplication off -r 4 -global_opt off -mt off -ir off
-pr off -lc off -power off -o main_map.ncd main.ngd main.pcf 
Target Device  : xc6slx9
Target Package : tqg144
Target Speed   : -3
Mapper Version : spartan6 -- $Revision: 1.55 $
Mapped Date    : Tue Oct 15 14:21:12 2024

Design Summary
--------------
Number of errors:      0
Number of warnings:    3
Slice Logic Utilization:
  Number of Slice Registers:                    54 out of  11,440    1%
    Number used as Flip Flops:                  54
    Number used as Latches:                      0
    Number used as Latch-thrus:                  0
    Number used as AND/OR logics:                0
  Number of Slice LUTs:                         52 out of   5,720    1%
    Number used as logic:                       52 out of   5,720    1%
      Number using O6 output only:              28
      Number using O5 output only:               0
      Number using O5 and O6:                   24
      Number used as ROM:                        0
    Number used as Memory:                       0 out of   1,440    0%

Slice Logic Distribution:
  Number of occupied Slices:                    24 out of   1,430    1%
  Number of MUXCYs used:                         0 out of   2,860    0%
  Number of LUT Flip Flop pairs used:           54
    Number with an unused Flip Flop:            11 out of      54   20%
    Number with an unused LUT:                   2 out of      54    3%
    Number of fully used LUT-FF pairs:          41 out of      54   75%
    Number of unique control sets:              18
    Number of slice register sites lost
      to control set restrictions:              90 out of  11,440    1%

  A LUT Flip Flop pair for this architecture represents one LUT paired with
  one Flip Flop within a slice.  A control set is a unique combination of
  clock, reset, set, and enable signals for a registered element.
  The Slice Logic Distribution report is not meaningful if the design is
  over-mapped for a non-slice resource or if Placement fails.

IO Utilization:
  Number of bonded IOBs:                        14 out of     102   13%
    Number of LOCed IOBs:                       14 out of      14  100%

Specific Feature Utilization:
  Number of RAMB16BWERs:                         0 out of      32    0%
  Number of RAMB8BWERs:                          0 out of      64    0%
  Number of BUFIO2/BUFIO2_2CLKs:                 0 out of      32    0%
  Number of BUFIO2FB/BUFIO2FB_2CLKs:             0 out of      32    0%
  Number of BUFG/BUFGMUXs:                       1 out of      16    6%
    Number used as BUFGs:                        1
    Number used as BUFGMUX:                      0
  Number of DCM/DCM_CLKGENs:                     0 out of       4    0%
  Number of ILOGIC2/ISERDES2s:                   0 out of     200    0%
  Number of IODELAY2/IODRP2/IODRP2_MCBs:         0 out of     200    0%
  Number of OLOGIC2/OSERDES2s:                   0 out of     200    0%
  Number of BSCANs:                              0 out of       4    0%
  Number of BUFHs:                               0 out of     128    0%
  Number of BUFPLLs:                             0 out of       8    0%
  Number of BUFPLL_MCBs:                         0 out of       4    0%
  Number of DSP48A1s:                            0 out of      16    0%
  Number of ICAPs:                               0 out of       1    0%
  Number of MCBs:                                0 out of       2    0%
  Number of PCILOGICSEs:                         0 out of       2    0%
  Number of PLL_ADVs:                            0 out of       2    0%
  Number of PMVs:                                0 out of       1    0%
  Number of STARTUPs:                            0 out of       1    0%
  Number of SUSPEND_SYNCs:                       0 out of       1    0%

Average Fanout of Non-Clock Nets:                2.71

Peak Memory Usage:  4526 MB
Total REAL time to MAP completion:  3 secs 
Total CPU time to MAP completion:   2 secs 

Table of Contents
-----------------
Section 1 - Errors
Section 2 - Warnings
Section 3 - Informational
Section 4 - Removed Logic Summary
Section 5 - Removed Logic
Section 6 - IOB Properties
Section 7 - RPMs
Section 8 - Guide Report
Section 9 - Area Group and Partition Summary
Section 10 - Timing Report
Section 11 - Configuration String Information
Section 12 - Control Set Information
Section 13 - Utilization by Hierarchy

Section 1 - Errors
------------------

Section 2 - Warnings
--------------------
WARNING:PhysDesignRules:372 - Gated clock. Clock net XLXN_79 is sourced by a
   combinatorial pin. This is not good design practice. Use the CE pin to
   control the loading of data into the flip-flop.
WARNING:PhysDesignRules:372 - Gated clock. Clock net XLXI_98/XLXN_41 is sourced
   by a combinatorial pin. This is not good design practice. Use the CE pin to
   control the loading of data into the flip-flop.
WARNING:PhysDesignRules:372 - Gated clock. Clock net XLXI_99/XLXN_53 is sourced
   by a combinatorial pin. This is not good design practice. Use the CE pin to
   control the loading of data into the flip-flop.

Section 3 - Informational
-------------------------
INFO:MapLib:562 - No environment variables are currently set.
INFO:LIT:244 - All of the single ended outputs in this design are using slew
   rate limited output drivers. The delay on speed critical single ended outputs
   can be dramatically reduced by designating them as fast outputs.
INFO:Pack:1716 - Initializing temperature to 85.000 Celsius. (default - Range:
   0.000 to 85.000 Celsius)
INFO:Pack:1720 - Initializing voltage to 1.140 Volts. (default - Range: 1.140 to
   1.260 Volts)
INFO:Map:215 - The Interim Design Summary has been generated in the MAP Report
   (.mrp).
INFO:Pack:1650 - Map created a placed design.

Section 4 - Removed Logic Summary
---------------------------------
  73 block(s) optimized away

Section 5 - Removed Logic
-------------------------

Optimized Block(s):
TYPE 		BLOCK
BUF 		XLXI_1/XLXI_1
BUF 		XLXI_1/XLXI_2
BUF 		XLXI_1/XLXI_3
BUF 		XLXI_1/XLXI_4
BUF 		XLXI_1/XLXI_5
BUF 		XLXI_1/XLXI_6
BUF 		XLXI_1/XLXI_7
BUF 		XLXI_1/XLXI_8
BUF 		XLXI_10/XLXI_1
BUF 		XLXI_10/XLXI_2
BUF 		XLXI_10/XLXI_3
BUF 		XLXI_10/XLXI_4
BUF 		XLXI_10/XLXI_5
BUF 		XLXI_10/XLXI_6
BUF 		XLXI_10/XLXI_7
BUF 		XLXI_10/XLXI_8
BUF 		XLXI_11/XLXI_1
BUF 		XLXI_11/XLXI_2
BUF 		XLXI_11/XLXI_3
BUF 		XLXI_11/XLXI_4
BUF 		XLXI_11/XLXI_5
BUF 		XLXI_11/XLXI_6
BUF 		XLXI_11/XLXI_7
BUF 		XLXI_11/XLXI_8
BUF 		XLXI_2/XLXI_1
BUF 		XLXI_2/XLXI_2
BUF 		XLXI_2/XLXI_3
BUF 		XLXI_2/XLXI_4
BUF 		XLXI_2/XLXI_5
BUF 		XLXI_2/XLXI_6
BUF 		XLXI_2/XLXI_7
BUF 		XLXI_2/XLXI_8
BUF 		XLXI_3/XLXI_1
BUF 		XLXI_3/XLXI_2
BUF 		XLXI_3/XLXI_3
BUF 		XLXI_3/XLXI_4
BUF 		XLXI_3/XLXI_5
BUF 		XLXI_3/XLXI_6
BUF 		XLXI_3/XLXI_7
BUF 		XLXI_3/XLXI_8
BUF 		XLXI_7/XLXI_1
BUF 		XLXI_7/XLXI_2
BUF 		XLXI_7/XLXI_3
BUF 		XLXI_7/XLXI_4
BUF 		XLXI_7/XLXI_5
BUF 		XLXI_7/XLXI_6
BUF 		XLXI_7/XLXI_7
BUF 		XLXI_7/XLXI_8
BUF 		XLXI_8/XLXI_1
BUF 		XLXI_8/XLXI_2
BUF 		XLXI_8/XLXI_3
BUF 		XLXI_8/XLXI_4
BUF 		XLXI_8/XLXI_5
BUF 		XLXI_8/XLXI_6
BUF 		XLXI_8/XLXI_7
BUF 		XLXI_8/XLXI_8
LUT4 		XLXI_84/XLXI_23/Mmux_O11
   optimized to 0
LUT4 		XLXI_85/XLXI_14/Mmux_O11
   optimized to 0
LUT4 		XLXI_85/XLXI_23/Mmux_O11
   optimized to 0
LUT4 		XLXI_86/XLXI_23/Mmux_O11
   optimized to 0
LUT4 		XLXI_87/XLXI_14/Mmux_O11
   optimized to 0
LUT4 		XLXI_87/XLXI_23/Mmux_O11
   optimized to 0
BUF 		XLXI_9/XLXI_1
BUF 		XLXI_9/XLXI_2
BUF 		XLXI_9/XLXI_3
BUF 		XLXI_9/XLXI_4
BUF 		XLXI_9/XLXI_5
BUF 		XLXI_9/XLXI_6
BUF 		XLXI_9/XLXI_7
BUF 		XLXI_9/XLXI_8
LUT6 		XLXI_97/XLXI_9/Mmux_O11
   optimized to 0
VCC 		XLXI_99/XLXI_2
GND 		XLXI_99/XLXI_3

To enable printing of redundant blocks removed and signals merged, set the
detailed map report option and rerun map.

Section 6 - IOB Properties
--------------------------

+---------------------------------------------------------------------------------------------------------------------------------------------------------+
| IOB Name                           | Type             | Direction | IO Standard          | Diff  | Drive    | Slew | Reg (s)      | Resistor | IOB      |
|                                    |                  |           |                      | Term  | Strength | Rate |              |          | Delay    |
+---------------------------------------------------------------------------------------------------------------------------------------------------------+
| BTN1                               | IOB              | INPUT     | LVCMOS25             |       |          |      |              |          |          |
| OSC                                | IOB              | INPUT     | LVCMOS25             |       |          |      |              |          |          |
| SSD_COM<0>                         | IOB              | OUTPUT    | LVCMOS25             |       | 12       | SLOW |              |          |          |
| SSD_COM<1>                         | IOB              | OUTPUT    | LVCMOS25             |       | 12       | SLOW |              |          |          |
| SSD_COM<2>                         | IOB              | OUTPUT    | LVCMOS25             |       | 12       | SLOW |              |          |          |
| SSD_COM<3>                         | IOB              | OUTPUT    | LVCMOS25             |       | 12       | SLOW |              |          |          |
| SSD_Segment<0>                     | IOB              | OUTPUT    | LVCMOS25             |       | 12       | SLOW |              |          |          |
| SSD_Segment<1>                     | IOB              | OUTPUT    | LVCMOS25             |       | 12       | SLOW |              |          |          |
| SSD_Segment<2>                     | IOB              | OUTPUT    | LVCMOS25             |       | 12       | SLOW |              |          |          |
| SSD_Segment<3>                     | IOB              | OUTPUT    | LVCMOS25             |       | 12       | SLOW |              |          |          |
| SSD_Segment<4>                     | IOB              | OUTPUT    | LVCMOS25             |       | 12       | SLOW |              |          |          |
| SSD_Segment<5>                     | IOB              | OUTPUT    | LVCMOS25             |       | 12       | SLOW |              |          |          |
| SSD_Segment<6>                     | IOB              | OUTPUT    | LVCMOS25             |       | 12       | SLOW |              |          |          |
| SSD_Segment<7>                     | IOB              | OUTPUT    | LVCMOS25             |       | 12       | SLOW |              |          |          |
+---------------------------------------------------------------------------------------------------------------------------------------------------------+

Section 7 - RPMs
----------------

Section 8 - Guide Report
------------------------
Guide not run on this design.

Section 9 - Area Group and Partition Summary
--------------------------------------------

Partition Implementation Status
-------------------------------

  No Partitions were found in this design.

-------------------------------

Area Group Information
----------------------

  No area groups were found in this design.

----------------------

Section 10 - Timing Report
--------------------------
A logic-level (pre-route) timing report can be generated by using Xilinx static
timing analysis tools, Timing Analyzer (GUI) or TRCE (command line), with the
mapped NCD and PCF files. Please note that this timing report will be generated
using estimated delay information. For accurate numbers, please generate a
timing report with the post Place and Route NCD file.

For more information about the Timing Analyzer, consult the Xilinx Timing
Analyzer Reference Manual; for more information about TRCE, consult the Xilinx
Command Line Tools User Guide "TRACE" chapter.

Section 11 - Configuration String Details
-----------------------------------------
Use the "-detail" map option to print out Configuration Strings

Section 12 - Control Set Information
------------------------------------
Use the "-detail" map option to print out Control Set Information.

Section 13 - Utilization by Hierarchy
-------------------------------------
Use the "-detail" map option to print out the Utilization by Hierarchy section.
