Release 14.7 - xst P.20131013 (nt64)
Copyright (c) 1995-2013 Xilinx, Inc.  All rights reserved.
--> Parameter TMPDIR set to xst/projnav.tmp


Total REAL time to Xst completion: 1.00 secs
Total CPU time to Xst completion: 0.11 secs
 
--> Parameter xsthdpdir set to xst


Total REAL time to Xst completion: 1.00 secs
Total CPU time to Xst completion: 0.11 secs
 
--> Reading design: main.prj

TABLE OF CONTENTS
  1) Synthesis Options Summary
  2) HDL Parsing
  3) HDL Elaboration
  4) HDL Synthesis
       4.1) HDL Synthesis Report
  5) Advanced HDL Synthesis
       5.1) Advanced HDL Synthesis Report
  6) Low Level Synthesis
  7) Partition Report
  8) Design Summary
       8.1) Primitive and Black Box Usage
       8.2) Device utilization summary
       8.3) Partition Resource Summary
       8.4) Timing Report
            8.4.1) Clock Information
            8.4.2) Asynchronous Control Signals Information
            8.4.3) Timing Summary
            8.4.4) Timing Details
            8.4.5) Cross Clock Domains Report


=========================================================================
*                      Synthesis Options Summary                        *
=========================================================================
---- Source Parameters
Input File Name                    : "main.prj"
Ignore Synthesis Constraint File   : NO

---- Target Parameters
Output File Name                   : "main"
Output Format                      : NGC
Target Device                      : xc6slx9-3-tqg144

---- Source Options
Top Module Name                    : main
Automatic FSM Extraction           : YES
FSM Encoding Algorithm             : Auto
Safe Implementation                : No
FSM Style                          : LUT
RAM Extraction                     : Yes
RAM Style                          : Auto
ROM Extraction                     : Yes
Shift Register Extraction          : YES
ROM Style                          : Auto
Resource Sharing                   : YES
Asynchronous To Synchronous        : NO
Shift Register Minimum Size        : 2
Use DSP Block                      : Auto
Automatic Register Balancing       : No

---- Target Options
LUT Combining                      : Auto
Reduce Control Sets                : Auto
Add IO Buffers                     : YES
Global Maximum Fanout              : 100000
Add Generic Clock Buffer(BUFG)     : 16
Register Duplication               : YES
Optimize Instantiated Primitives   : NO
Use Clock Enable                   : Auto
Use Synchronous Set                : Auto
Use Synchronous Reset              : Auto
Pack IO Registers into IOBs        : Auto
Equivalent register Removal        : YES

---- General Options
Optimization Goal                  : Speed
Optimization Effort                : 1
Power Reduction                    : NO
Keep Hierarchy                     : No
Netlist Hierarchy                  : As_Optimized
RTL Output                         : Yes
Global Optimization                : AllClockNets
Read Cores                         : YES
Write Timing Constraints           : NO
Cross Clock Analysis               : NO
Hierarchy Separator                : /
Bus Delimiter                      : <>
Case Specifier                     : Maintain
Slice Utilization Ratio            : 100
BRAM Utilization Ratio             : 100
DSP48 Utilization Ratio            : 100
Auto BRAM Packing                  : NO
Slice Utilization Ratio Delta      : 5

=========================================================================


=========================================================================
*                          HDL Parsing                                  *
=========================================================================
Analyzing Verilog file "D:\Classes-2024\Digital System Fundamentals Shared\Labs\8\adder\fulladder.vf" into library work
Parsing module <fulladder>.
Analyzing Verilog file "D:\Classes-2024\Digital System Fundamentals Shared\Labs\8\adder\ssd4d0ftlnpb.vf" into library work
Parsing module <M2_1E_HXILINX_ssd4d0ftlnpb>.
Parsing module <M4_1E_HXILINX_ssd4d0ftlnpb>.
Parsing module <D2_4E_HXILINX_ssd4d0ftlnpb>.
Parsing module <CB2CE_HXILINX_ssd4d0ftlnpb>.
Parsing module <ssd4d0ftlnpb>.
Analyzing Verilog file "D:\Classes-2024\Digital System Fundamentals Shared\Labs\8\adder\split8x4x4.vf" into library work
Parsing module <split8x4x4>.
Analyzing Verilog file "D:\Classes-2024\Digital System Fundamentals Shared\Labs\8\adder\resize1x4x0l.vf" into library work
Parsing module <resize1x4x0l>.
Analyzing Verilog file "D:\Classes-2024\Digital System Fundamentals Shared\Labs\8\adder\gnd8.vf" into library work
Parsing module <gnd8>.
Analyzing Verilog file "D:\Classes-2024\Digital System Fundamentals Shared\Labs\8\adder\gnd4.vf" into library work
Parsing module <gnd4>.
Analyzing Verilog file "D:\Classes-2024\Digital System Fundamentals Shared\Labs\8\adder\clkdiv20k.vf" into library work
Parsing module <CD4CE_HXILINX_clkdiv20k>.
Parsing module <clkdiv20k>.
Analyzing Verilog file "D:\Classes-2024\Digital System Fundamentals Shared\Labs\8\adder\adder8.vf" into library work
Parsing module <fulladder_MUSER_adder8>.
Parsing module <adder8>.
Analyzing Verilog file "D:\Classes-2024\Digital System Fundamentals Shared\Labs\8\adder\main.vf" into library work
Parsing module <M2_1E_HXILINX_main>.
Parsing module <COMP8_HXILINX_main>.
Parsing module <CD4CE_HXILINX_main>.
Parsing module <M4_1E_HXILINX_main>.
Parsing module <D2_4E_HXILINX_main>.
Parsing module <CB2CE_HXILINX_main>.
Parsing module <gnd8_MUSER_main>.
Parsing module <clkdiv20k_MUSER_main>.
Parsing module <resize1x4x0l_MUSER_main>.
Parsing module <gnd4_MUSER_main>.
Parsing module <ssd4d0ftlnpb_MUSER_main>.
Parsing module <split8x4x4_MUSER_main>.
Parsing module <fulladder_MUSER_main>.
Parsing module <adder8_MUSER_main>.
Parsing module <main>.

=========================================================================
*                            HDL Elaboration                            *
=========================================================================

Elaborating module <main>.

Elaborating module <GND>.

Elaborating module <adder8_MUSER_main>.

Elaborating module <fulladder_MUSER_main>.

Elaborating module <XOR2>.

Elaborating module <AND2>.

Elaborating module <OR2>.

Elaborating module <split8x4x4_MUSER_main>.

Elaborating module <BUF>.

Elaborating module <resize1x4x0l_MUSER_main>.

Elaborating module <ssd4d0ftlnpb_MUSER_main>.

Elaborating module <LUT4(INIT=16'b1110111101111100)>.

Elaborating module <LUT4(INIT=16'b1101111101110001)>.

Elaborating module <LUT4(INIT=16'b1111110101000101)>.

Elaborating module <LUT4(INIT=16'b0111101101101101)>.

Elaborating module <LUT4(INIT=16'b010111111111011)>.

Elaborating module <LUT4(INIT=16'b010011110011111)>.

Elaborating module <LUT4(INIT=16'b1101011111101101)>.

Elaborating module <CB2CE_HXILINX_main>.
WARNING:HDLCompiler:413 - "D:\Classes-2024\Digital System Fundamentals Shared\Labs\8\adder\main.vf" Line 200: Result of 3-bit expression is truncated to fit in 2-bit target.

Elaborating module <VCC>.

Elaborating module <M4_1E_HXILINX_main>.

Elaborating module <D2_4E_HXILINX_main>.

Elaborating module <INV>.

Elaborating module <AND4B4>.

Elaborating module <M2_1E_HXILINX_main>.

Elaborating module <NAND2B1>.

Elaborating module <AND3B1>.

Elaborating module <gnd4_MUSER_main>.

Elaborating module <clkdiv20k_MUSER_main>.

Elaborating module <CD4CE_HXILINX_main>.
WARNING:HDLCompiler:413 - "D:\Classes-2024\Digital System Fundamentals Shared\Labs\8\adder\main.vf" Line 101: Result of 5-bit expression is truncated to fit in 4-bit target.

Elaborating module <FD_1(INIT=1'b0)>.

Elaborating module <COMP8_HXILINX_main>.

Elaborating module <gnd8_MUSER_main>.

=========================================================================
*                           HDL Synthesis                               *
=========================================================================

Synthesizing Unit <main>.
    Related source file is "D:\Classes-2024\Digital System Fundamentals Shared\Labs\8\adder\main.vf".
    Set property "HU_SET = XLXI_21_41" for instance <XLXI_21>.
    Summary:
	no macro.
Unit <main> synthesized.

Synthesizing Unit <adder8_MUSER_main>.
    Related source file is "D:\Classes-2024\Digital System Fundamentals Shared\Labs\8\adder\main.vf".
    Summary:
	no macro.
Unit <adder8_MUSER_main> synthesized.

Synthesizing Unit <fulladder_MUSER_main>.
    Related source file is "D:\Classes-2024\Digital System Fundamentals Shared\Labs\8\adder\main.vf".
    Summary:
	no macro.
Unit <fulladder_MUSER_main> synthesized.

Synthesizing Unit <split8x4x4_MUSER_main>.
    Related source file is "D:\Classes-2024\Digital System Fundamentals Shared\Labs\8\adder\main.vf".
    Summary:
	no macro.
Unit <split8x4x4_MUSER_main> synthesized.

Synthesizing Unit <resize1x4x0l_MUSER_main>.
    Related source file is "D:\Classes-2024\Digital System Fundamentals Shared\Labs\8\adder\main.vf".
    Summary:
	no macro.
Unit <resize1x4x0l_MUSER_main> synthesized.

Synthesizing Unit <ssd4d0ftlnpb_MUSER_main>.
    Related source file is "D:\Classes-2024\Digital System Fundamentals Shared\Labs\8\adder\main.vf".
    Set property "HU_SET = XLXI_162_40" for instance <XLXI_162>.
    Set property "HU_SET = XLXI_183_25" for instance <XLXI_183>.
    Set property "HU_SET = XLXI_184_26" for instance <XLXI_184>.
    Set property "HU_SET = XLXI_185_27" for instance <XLXI_185>.
    Set property "HU_SET = XLXI_186_28" for instance <XLXI_186>.
    Set property "HU_SET = XLXI_210_39" for instance <XLXI_210>.
    Set property "HU_SET = XLXI_215_29" for instance <XLXI_215>.
    Set property "HU_SET = XLXI_260_30" for instance <XLXI_260>.
    Set property "HU_SET = XLXI_261_31" for instance <XLXI_261>.
    Set property "HU_SET = XLXI_262_32" for instance <XLXI_262>.
    Set property "HU_SET = XLXI_263_33" for instance <XLXI_263>.
    Set property "HU_SET = XLXI_264_34" for instance <XLXI_264>.
    Set property "HU_SET = XLXI_265_35" for instance <XLXI_265>.
    Set property "HU_SET = XLXI_266_36" for instance <XLXI_266>.
    Set property "HU_SET = XLXI_277_37" for instance <XLXI_277>.
    Set property "HU_SET = XLXI_281_38" for instance <XLXI_281>.
INFO:Xst:3210 - "D:\Classes-2024\Digital System Fundamentals Shared\Labs\8\adder\main.vf" line 421: Output port <CEO> of the instance <XLXI_162> is unconnected or connected to loadless signal.
INFO:Xst:3210 - "D:\Classes-2024\Digital System Fundamentals Shared\Labs\8\adder\main.vf" line 421: Output port <TC> of the instance <XLXI_162> is unconnected or connected to loadless signal.
    Summary:
	no macro.
Unit <ssd4d0ftlnpb_MUSER_main> synthesized.

Synthesizing Unit <CB2CE_HXILINX_main>.
    Related source file is "D:\Classes-2024\Digital System Fundamentals Shared\Labs\8\adder\main.vf".
    Found 1-bit register for signal <Q1>.
    Found 1-bit register for signal <Q0>.
    Found 2-bit adder for signal <Q1_GND_19_o_add_0_OUT> created at line 200.
    Summary:
	inferred   1 Adder/Subtractor(s).
	inferred   2 D-type flip-flop(s).
Unit <CB2CE_HXILINX_main> synthesized.

Synthesizing Unit <M4_1E_HXILINX_main>.
    Related source file is "D:\Classes-2024\Digital System Fundamentals Shared\Labs\8\adder\main.vf".
    Found 1-bit 4-to-1 multiplexer for signal <S1_D3_Mux_0_o> created at line 132.
    Summary:
	inferred   2 Multiplexer(s).
Unit <M4_1E_HXILINX_main> synthesized.

Synthesizing Unit <D2_4E_HXILINX_main>.
    Related source file is "D:\Classes-2024\Digital System Fundamentals Shared\Labs\8\adder\main.vf".
    Summary:
	inferred   4 Multiplexer(s).
Unit <D2_4E_HXILINX_main> synthesized.

Synthesizing Unit <M2_1E_HXILINX_main>.
    Related source file is "D:\Classes-2024\Digital System Fundamentals Shared\Labs\8\adder\main.vf".
    Summary:
	inferred   2 Multiplexer(s).
Unit <M2_1E_HXILINX_main> synthesized.

Synthesizing Unit <gnd4_MUSER_main>.
    Related source file is "D:\Classes-2024\Digital System Fundamentals Shared\Labs\8\adder\main.vf".
    Summary:
	no macro.
Unit <gnd4_MUSER_main> synthesized.

Synthesizing Unit <clkdiv20k_MUSER_main>.
    Related source file is "D:\Classes-2024\Digital System Fundamentals Shared\Labs\8\adder\main.vf".
    Set property "HU_SET = XLXI_1_21" for instance <XLXI_1>.
    Set property "HU_SET = XLXI_14_22" for instance <XLXI_14>.
    Set property "HU_SET = XLXI_17_23" for instance <XLXI_17>.
    Set property "HU_SET = XLXI_22_24" for instance <XLXI_22>.
INFO:Xst:3210 - "D:\Classes-2024\Digital System Fundamentals Shared\Labs\8\adder\main.vf" line 243: Output port <Q0> of the instance <XLXI_1> is unconnected or connected to loadless signal.
INFO:Xst:3210 - "D:\Classes-2024\Digital System Fundamentals Shared\Labs\8\adder\main.vf" line 243: Output port <Q1> of the instance <XLXI_1> is unconnected or connected to loadless signal.
INFO:Xst:3210 - "D:\Classes-2024\Digital System Fundamentals Shared\Labs\8\adder\main.vf" line 243: Output port <Q2> of the instance <XLXI_1> is unconnected or connected to loadless signal.
INFO:Xst:3210 - "D:\Classes-2024\Digital System Fundamentals Shared\Labs\8\adder\main.vf" line 243: Output port <Q3> of the instance <XLXI_1> is unconnected or connected to loadless signal.
INFO:Xst:3210 - "D:\Classes-2024\Digital System Fundamentals Shared\Labs\8\adder\main.vf" line 243: Output port <TC> of the instance <XLXI_1> is unconnected or connected to loadless signal.
INFO:Xst:3210 - "D:\Classes-2024\Digital System Fundamentals Shared\Labs\8\adder\main.vf" line 260: Output port <Q0> of the instance <XLXI_14> is unconnected or connected to loadless signal.
INFO:Xst:3210 - "D:\Classes-2024\Digital System Fundamentals Shared\Labs\8\adder\main.vf" line 260: Output port <Q1> of the instance <XLXI_14> is unconnected or connected to loadless signal.
INFO:Xst:3210 - "D:\Classes-2024\Digital System Fundamentals Shared\Labs\8\adder\main.vf" line 260: Output port <Q2> of the instance <XLXI_14> is unconnected or connected to loadless signal.
INFO:Xst:3210 - "D:\Classes-2024\Digital System Fundamentals Shared\Labs\8\adder\main.vf" line 260: Output port <Q3> of the instance <XLXI_14> is unconnected or connected to loadless signal.
INFO:Xst:3210 - "D:\Classes-2024\Digital System Fundamentals Shared\Labs\8\adder\main.vf" line 260: Output port <TC> of the instance <XLXI_14> is unconnected or connected to loadless signal.
INFO:Xst:3210 - "D:\Classes-2024\Digital System Fundamentals Shared\Labs\8\adder\main.vf" line 270: Output port <Q0> of the instance <XLXI_17> is unconnected or connected to loadless signal.
INFO:Xst:3210 - "D:\Classes-2024\Digital System Fundamentals Shared\Labs\8\adder\main.vf" line 270: Output port <Q1> of the instance <XLXI_17> is unconnected or connected to loadless signal.
INFO:Xst:3210 - "D:\Classes-2024\Digital System Fundamentals Shared\Labs\8\adder\main.vf" line 270: Output port <Q2> of the instance <XLXI_17> is unconnected or connected to loadless signal.
INFO:Xst:3210 - "D:\Classes-2024\Digital System Fundamentals Shared\Labs\8\adder\main.vf" line 270: Output port <Q3> of the instance <XLXI_17> is unconnected or connected to loadless signal.
INFO:Xst:3210 - "D:\Classes-2024\Digital System Fundamentals Shared\Labs\8\adder\main.vf" line 270: Output port <TC> of the instance <XLXI_17> is unconnected or connected to loadless signal.
INFO:Xst:3210 - "D:\Classes-2024\Digital System Fundamentals Shared\Labs\8\adder\main.vf" line 280: Output port <CEO> of the instance <XLXI_22> is unconnected or connected to loadless signal.
INFO:Xst:3210 - "D:\Classes-2024\Digital System Fundamentals Shared\Labs\8\adder\main.vf" line 280: Output port <Q0> of the instance <XLXI_22> is unconnected or connected to loadless signal.
INFO:Xst:3210 - "D:\Classes-2024\Digital System Fundamentals Shared\Labs\8\adder\main.vf" line 280: Output port <Q1> of the instance <XLXI_22> is unconnected or connected to loadless signal.
INFO:Xst:3210 - "D:\Classes-2024\Digital System Fundamentals Shared\Labs\8\adder\main.vf" line 280: Output port <Q2> of the instance <XLXI_22> is unconnected or connected to loadless signal.
INFO:Xst:3210 - "D:\Classes-2024\Digital System Fundamentals Shared\Labs\8\adder\main.vf" line 280: Output port <Q3> of the instance <XLXI_22> is unconnected or connected to loadless signal.
    Summary:
	no macro.
Unit <clkdiv20k_MUSER_main> synthesized.

Synthesizing Unit <CD4CE_HXILINX_main>.
    Related source file is "D:\Classes-2024\Digital System Fundamentals Shared\Labs\8\adder\main.vf".
        TERMINAL_COUNT = 4'b1001
    Found 1-bit register for signal <Q1>.
    Found 1-bit register for signal <Q2>.
    Found 1-bit register for signal <Q3>.
    Found 1-bit register for signal <Q0>.
    Found 4-bit adder for signal <Q3_GND_30_o_add_4_OUT> created at line 101.
    Summary:
	inferred   1 Adder/Subtractor(s).
	inferred   4 D-type flip-flop(s).
	inferred   7 Multiplexer(s).
Unit <CD4CE_HXILINX_main> synthesized.

Synthesizing Unit <COMP8_HXILINX_main>.
    Related source file is "D:\Classes-2024\Digital System Fundamentals Shared\Labs\8\adder\main.vf".
    Found 8-bit comparator equal for signal <EQ> created at line 59
    Summary:
	inferred   1 Comparator(s).
Unit <COMP8_HXILINX_main> synthesized.

Synthesizing Unit <gnd8_MUSER_main>.
    Related source file is "D:\Classes-2024\Digital System Fundamentals Shared\Labs\8\adder\main.vf".
    Summary:
	no macro.
Unit <gnd8_MUSER_main> synthesized.

=========================================================================
HDL Synthesis Report

Macro Statistics
# Adders/Subtractors                                   : 5
 2-bit adder                                           : 1
 4-bit adder                                           : 4
# Registers                                            : 18
 1-bit register                                        : 18
# Comparators                                          : 1
 8-bit comparator equal                                : 1
# Multiplexers                                         : 60
 1-bit 2-to-1 multiplexer                              : 53
 1-bit 4-to-1 multiplexer                              : 7

=========================================================================

=========================================================================
*                       Advanced HDL Synthesis                          *
=========================================================================


=========================================================================
Advanced HDL Synthesis Report

Macro Statistics
# Adders/Subtractors                                   : 5
 2-bit adder                                           : 1
 4-bit adder                                           : 4
# Registers                                            : 19
 Flip-Flops                                            : 19
# Comparators                                          : 1
 8-bit comparator equal                                : 1
# Multiplexers                                         : 60
 1-bit 2-to-1 multiplexer                              : 53
 1-bit 4-to-1 multiplexer                              : 7

=========================================================================

=========================================================================
*                         Low Level Synthesis                           *
=========================================================================

Optimizing unit <main> ...

Optimizing unit <adder8_MUSER_main> ...

Optimizing unit <split8x4x4_MUSER_main> ...

Optimizing unit <ssd4d0ftlnpb_MUSER_main> ...

Optimizing unit <CD4CE_HXILINX_main> ...

Optimizing unit <COMP8_HXILINX_main> ...

Optimizing unit <CB2CE_HXILINX_main> ...

Optimizing unit <M4_1E_HXILINX_main> ...

Optimizing unit <D2_4E_HXILINX_main> ...

Optimizing unit <M2_1E_HXILINX_main> ...

Mapping all equations...
Building and optimizing final netlist ...
Found area constraint ratio of 100 (+ 5) on block main, actual ratio is 0.

Final Macro Processing ...

=========================================================================
Final Register Report

Macro Statistics
# Registers                                            : 19
 Flip-Flops                                            : 19

=========================================================================

=========================================================================
*                           Partition Report                            *
=========================================================================

Partition Implementation Status
-------------------------------

  No Partitions were found in this design.

-------------------------------

=========================================================================
*                            Design Summary                             *
=========================================================================

Top Level Output File Name         : main.ngc

Primitive and Black Box Usage:
------------------------------
# BELS                             : 115
#      AND2                        : 20
#      AND3B1                      : 2
#      AND4B4                      : 3
#      BUF                         : 9
#      GND                         : 2
#      INV                         : 11
#      LUT2                        : 5
#      LUT3                        : 16
#      LUT4                        : 16
#      LUT5                        : 5
#      LUT6                        : 1
#      OR2                         : 8
#      VCC                         : 1
#      XOR2                        : 16
# FlipFlops/Latches                : 19
#      FD_1                        : 1
#      FDCE                        : 18
# Clock Buffers                    : 1
#      BUFGP                       : 1
# IO Buffers                       : 29
#      IBUF                        : 16
#      OBUF                        : 13
# Logical                          : 1
#      NAND2B1                     : 1

Device utilization summary:
---------------------------

Selected Device : 6slx9tqg144-3 


Slice Logic Utilization: 
 Number of Slice Registers:              19  out of  11440     0%  
 Number of Slice LUTs:                   54  out of   5720     0%  
    Number used as Logic:                54  out of   5720     0%  

Slice Logic Distribution: 
 Number of LUT Flip Flop pairs used:     73
   Number with an unused Flip Flop:      54  out of     73    73%  
   Number with an unused LUT:            19  out of     73    26%  
   Number of fully used LUT-FF pairs:     0  out of     73     0%  
   Number of unique control sets:         6

IO Utilization: 
 Number of IOs:                          30
 Number of bonded IOBs:                  30  out of    102    29%  

Specific Feature Utilization:
 Number of BUFG/BUFGCTRLs:                1  out of     16     6%  

---------------------------
Partition Resource Summary:
---------------------------

  No Partitions were found in this design.

---------------------------


=========================================================================
Timing Report

NOTE: THESE TIMING NUMBERS ARE ONLY A SYNTHESIS ESTIMATE.
      FOR ACCURATE TIMING INFORMATION PLEASE REFER TO THE TRACE REPORT
      GENERATED AFTER PLACE-and-ROUTE.

Clock Information:
------------------
-----------------------------------------------+-------------------------+-------+
Clock Signal                                   | Clock buffer(FF name)   | Load  |
-----------------------------------------------+-------------------------+-------+
XLXI_19/XLXI_22/TC(XLXI_19/XLXI_22/Mmux_TC11:O)| NONE(*)(XLXI_19/XLXI_10)| 1     |
OSC                                            | BUFGP                   | 16    |
XLXN_27                                        | NONE(XLXI_6/XLXI_162/Q0)| 2     |
-----------------------------------------------+-------------------------+-------+
(*) This 1 clock signal(s) are generated by combinatorial logic,
and XST is not able to identify which are the primary clock signals.
Please use the CLOCK_SIGNAL constraint to specify the clock signal(s) generated by combinatorial logic.
INFO:Xst:2169 - HDL ADVISOR - Some clock signals were not automatically buffered by XST with BUFG/BUFR resources. Please use the buffer_type constraint in order to insert these buffers to the clock signals to help prevent skew problems.

Asynchronous Control Signals Information:
----------------------------------------
No asynchronous control signals found in this design

Timing Summary:
---------------
Speed Grade: -3

   Minimum period: 4.393ns (Maximum Frequency: 227.645MHz)
   Minimum input arrival time before clock: No path found
   Maximum output required time after clock: 7.629ns
   Maximum combinational path delay: 33.615ns

Timing Details:
---------------
All values displayed in nanoseconds (ns)

=========================================================================
Timing constraint: Default period analysis for Clock 'XLXI_19/XLXI_22/TC'
  Clock period: 2.346ns (frequency: 426.239MHz)
  Total number of paths / destination ports: 1 / 1
-------------------------------------------------------------------------
Delay:               2.346ns (Levels of Logic = 1)
  Source:            XLXI_19/XLXI_10 (FF)
  Destination:       XLXI_19/XLXI_10 (FF)
  Source Clock:      XLXI_19/XLXI_22/TC falling
  Destination Clock: XLXI_19/XLXI_22/TC falling

  Data Path: XLXI_19/XLXI_10 to XLXI_19/XLXI_10
                                Gate     Net
    Cell:in->out      fanout   Delay   Delay  Logical Name (Net Name)
    ----------------------------------------  ------------
     FD_1:C->Q             3   0.447   0.650  XLXI_19/XLXI_10 (XLXN_27)
     INV:I->O              1   0.568   0.579  XLXI_19/XLXI_11 (XLXI_19/XLXN_11)
     FD_1:D                    0.102          XLXI_19/XLXI_10
    ----------------------------------------
    Total                      2.346ns (1.117ns logic, 1.229ns route)
                                       (47.6% logic, 52.4% route)

=========================================================================
Timing constraint: Default period analysis for Clock 'OSC'
  Clock period: 4.393ns (frequency: 227.645MHz)
  Total number of paths / destination ports: 140 / 28
-------------------------------------------------------------------------
Delay:               4.393ns (Levels of Logic = 6)
  Source:            XLXI_19/XLXI_1/Q3 (FF)
  Destination:       XLXI_19/XLXI_22/Q3 (FF)
  Source Clock:      OSC falling
  Destination Clock: OSC falling

  Data Path: XLXI_19/XLXI_1/Q3 to XLXI_19/XLXI_22/Q3
                                Gate     Net
    Cell:in->out      fanout   Delay   Delay  Logical Name (Net Name)
    ----------------------------------------  ------------
     FDCE:C->Q             3   0.447   0.898  Q3 (Q3)
     LUT4:I0->O            5   0.203   0.715  Mmux_TC11 (TC)
     end scope: 'XLXI_19/XLXI_1:CEO'
     begin scope: 'XLXI_19/XLXI_14:CE'
     LUT5:I4->O            5   0.205   0.715  CEO1 (CEO)
     end scope: 'XLXI_19/XLXI_14:CEO'
     begin scope: 'XLXI_19/XLXI_17:CE'
     LUT5:I4->O            4   0.205   0.683  CEO1 (CEO)
     end scope: 'XLXI_19/XLXI_17:CEO'
     begin scope: 'XLXI_19/XLXI_22:CE'
     FDCE:CE                   0.322          Q3
    ----------------------------------------
    Total                      4.393ns (1.382ns logic, 3.011ns route)
                                       (31.5% logic, 68.5% route)

=========================================================================
Timing constraint: Default period analysis for Clock 'XLXN_27'
  Clock period: 2.242ns (frequency: 446.100MHz)
  Total number of paths / destination ports: 3 / 2
-------------------------------------------------------------------------
Delay:               2.242ns (Levels of Logic = 1)
  Source:            XLXI_6/XLXI_162/Q0 (FF)
  Destination:       XLXI_6/XLXI_162/Q0 (FF)
  Source Clock:      XLXN_27 rising
  Destination Clock: XLXN_27 rising

  Data Path: XLXI_6/XLXI_162/Q0 to XLXI_6/XLXI_162/Q0
                                Gate     Net
    Cell:in->out      fanout   Delay   Delay  Logical Name (Net Name)
    ----------------------------------------  ------------
     FDCE:C->Q            12   0.447   0.908  Q0 (Q0)
     INV:I->O              1   0.206   0.579  Madd_Q1_GND_19_o_add_0_OUT_xor<0>11_INV_0 (Q1_GND_19_o_add_0_OUT<0>)
     FDCE:D                    0.102          Q0
    ----------------------------------------
    Total                      2.242ns (0.755ns logic, 1.487ns route)
                                       (33.7% logic, 66.3% route)

=========================================================================
Timing constraint: Default OFFSET OUT AFTER for Clock 'XLXN_27'
  Total number of paths / destination ports: 106 / 11
-------------------------------------------------------------------------
Offset:              7.629ns (Levels of Logic = 7)
  Source:            XLXI_6/XLXI_162/Q0 (FF)
  Destination:       SSD_Segment<6> (PAD)
  Source Clock:      XLXN_27 rising

  Data Path: XLXI_6/XLXI_162/Q0 to SSD_Segment<6>
                                Gate     Net
    Cell:in->out      fanout   Delay   Delay  Logical Name (Net Name)
    ----------------------------------------  ------------
     FDCE:C->Q            12   0.447   1.253  Q0 (Q0)
     end scope: 'XLXI_6/XLXI_162:Q0'
     begin scope: 'XLXI_6/XLXI_281:S0'
     LUT5:I0->O            8   0.203   1.167  Mmux_O11 (O)
     end scope: 'XLXI_6/XLXI_281:O'
     NAND2B1:I0->O         7   0.203   1.002  XLXI_6/XLXI_306 (XLXI_6/XLXN_487)
     begin scope: 'XLXI_6/XLXI_266:E'
     LUT3:I0->O            1   0.205   0.579  Mmux_O11 (O)
     end scope: 'XLXI_6/XLXI_266:O'
     OBUF:I->O                 2.571          SSD_Segment_6_OBUF (SSD_Segment<6>)
    ----------------------------------------
    Total                      7.629ns (3.629ns logic, 4.000ns route)
                                       (47.6% logic, 52.4% route)

=========================================================================
Timing constraint: Default path analysis
  Total number of paths / destination ports: 6848 / 8
-------------------------------------------------------------------------
Delay:               33.615ns (Levels of Logic = 29)
  Source:            DIP<0> (PAD)
  Destination:       SSD_Segment<6> (PAD)

  Data Path: DIP<0> to SSD_Segment<6>
                                Gate     Net
    Cell:in->out      fanout   Delay   Delay  Logical Name (Net Name)
    ----------------------------------------  ------------
     IBUF:I->O             2   1.222   0.981  DIP_0_IBUF (DIP_0_IBUF)
     XOR2:I0->O            2   0.203   0.961  XLXI_3/XLXI_46/XLXI_2 (XLXI_3/XLXI_46/XLXN_10)
     AND2:I1->O            1   0.223   0.924  XLXI_3/XLXI_46/XLXI_5 (XLXI_3/XLXI_46/XLXN_3)
     OR2:I1->O             2   0.223   0.981  XLXI_3/XLXI_46/XLXI_6 (XLXI_3/XLXN_51)
     AND2:I0->O            1   0.203   0.924  XLXI_3/XLXI_47/XLXI_5 (XLXI_3/XLXI_47/XLXN_3)
     OR2:I1->O             2   0.223   0.981  XLXI_3/XLXI_47/XLXI_6 (XLXI_3/XLXN_53)
     AND2:I0->O            1   0.203   0.924  XLXI_3/XLXI_54/XLXI_5 (XLXI_3/XLXI_54/XLXN_3)
     OR2:I1->O             2   0.223   0.981  XLXI_3/XLXI_54/XLXI_6 (XLXI_3/XLXN_55)
     AND2:I0->O            1   0.203   0.924  XLXI_3/XLXI_55/XLXI_5 (XLXI_3/XLXI_55/XLXN_3)
     OR2:I1->O             2   0.223   0.981  XLXI_3/XLXI_55/XLXI_6 (XLXI_3/XLXN_57)
     AND2:I0->O            1   0.203   0.924  XLXI_3/XLXI_56/XLXI_5 (XLXI_3/XLXI_56/XLXN_3)
     OR2:I1->O             2   0.223   0.981  XLXI_3/XLXI_56/XLXI_6 (XLXI_3/XLXN_59)
     AND2:I0->O            1   0.203   0.924  XLXI_3/XLXI_57/XLXI_5 (XLXI_3/XLXI_57/XLXN_3)
     OR2:I1->O             2   0.223   0.981  XLXI_3/XLXI_57/XLXI_6 (XLXI_3/XLXN_61)
     AND2:I0->O            1   0.203   0.924  XLXI_3/XLXI_58/XLXI_5 (XLXI_3/XLXI_58/XLXN_3)
     OR2:I1->O             2   0.223   0.981  XLXI_3/XLXI_58/XLXI_6 (XLXI_3/XLXN_63)
     AND2:I0->O            1   0.203   0.924  XLXI_3/XLXI_59/XLXI_5 (XLXI_3/XLXI_59/XLXN_3)
     OR2:I1->O             1   0.223   0.579  XLXI_3/XLXI_59/XLXI_6 (XLXN_3)
     BUF:I->O              2   0.568   0.981  XLXI_5/XLXI_1 (XLXN_10<0>)
     AND4B4:I0->O          1   0.203   0.924  XLXI_6/XLXI_250 (XLXI_6/XLXN_551)
     AND2:I1->O            4   0.223   1.048  XLXI_6/XLXI_258 (XLXI_6/XLXN_471)
     AND2:I0->O            3   0.203   0.995  XLXI_6/XLXI_257 (XLXI_6/XLXN_548)
     AND2:I1->O            1   0.223   0.684  XLXI_6/XLXI_307 (XLXI_6/XLXN_544)
     begin scope: 'XLXI_6/XLXI_281:D1'
     LUT5:I3->O            8   0.203   1.167  Mmux_O11 (O)
     end scope: 'XLXI_6/XLXI_281:O'
     NAND2B1:I0->O         7   0.203   1.002  XLXI_6/XLXI_306 (XLXI_6/XLXN_487)
     begin scope: 'XLXI_6/XLXI_266:E'
     LUT3:I0->O            1   0.205   0.579  Mmux_O11 (O)
     end scope: 'XLXI_6/XLXI_266:O'
     OBUF:I->O                 2.571          SSD_Segment_6_OBUF (SSD_Segment<6>)
    ----------------------------------------
    Total                     33.615ns (9.455ns logic, 24.160ns route)
                                       (28.1% logic, 71.9% route)

=========================================================================

Cross Clock Domains Report:
--------------------------

Clock to Setup on destination clock OSC
---------------+---------+---------+---------+---------+
               | Src:Rise| Src:Fall| Src:Rise| Src:Fall|
Source Clock   |Dest:Rise|Dest:Rise|Dest:Fall|Dest:Fall|
---------------+---------+---------+---------+---------+
OSC            |         |         |    4.393|         |
---------------+---------+---------+---------+---------+

Clock to Setup on destination clock XLXI_19/XLXI_22/TC
------------------+---------+---------+---------+---------+
                  | Src:Rise| Src:Fall| Src:Rise| Src:Fall|
Source Clock      |Dest:Rise|Dest:Rise|Dest:Fall|Dest:Fall|
------------------+---------+---------+---------+---------+
XLXI_19/XLXI_22/TC|         |         |    2.346|         |
------------------+---------+---------+---------+---------+

Clock to Setup on destination clock XLXN_27
---------------+---------+---------+---------+---------+
               | Src:Rise| Src:Fall| Src:Rise| Src:Fall|
Source Clock   |Dest:Rise|Dest:Rise|Dest:Fall|Dest:Fall|
---------------+---------+---------+---------+---------+
XLXN_27        |    2.242|         |         |         |
---------------+---------+---------+---------+---------+

=========================================================================


Total REAL time to Xst completion: 3.00 secs
Total CPU time to Xst completion: 2.77 secs
 
--> 

Total memory usage is 4501716 kilobytes

Number of errors   :    0 (   0 filtered)
Number of warnings :    2 (   0 filtered)
Number of infos    :   23 (   0 filtered)

