Release 14.7 - xst P.20131013 (nt64)
Copyright (c) 1995-2013 Xilinx, Inc.  All rights reserved.
--> Parameter TMPDIR set to xst/projnav.tmp


Total REAL time to Xst completion: 0.00 secs
Total CPU time to Xst completion: 0.10 secs
 
--> Parameter xsthdpdir set to xst


Total REAL time to Xst completion: 0.00 secs
Total CPU time to Xst completion: 0.10 secs
 
--> Reading design: main.prj

TABLE OF CONTENTS
  1) Synthesis Options Summary
  2) HDL Parsing
  3) HDL Elaboration
  4) HDL Synthesis
       4.1) HDL Synthesis Report
  5) Advanced HDL Synthesis
       5.1) Advanced HDL Synthesis Report
  6) Low Level Synthesis
  7) Partition Report
  8) Design Summary
       8.1) Primitive and Black Box Usage
       8.2) Device utilization summary
       8.3) Partition Resource Summary
       8.4) Timing Report
            8.4.1) Clock Information
            8.4.2) Asynchronous Control Signals Information
            8.4.3) Timing Summary
            8.4.4) Timing Details
            8.4.5) Cross Clock Domains Report


=========================================================================
*                      Synthesis Options Summary                        *
=========================================================================
---- Source Parameters
Input File Name                    : "main.prj"
Ignore Synthesis Constraint File   : NO

---- Target Parameters
Output File Name                   : "main"
Output Format                      : NGC
Target Device                      : xc6slx9-3-tqg144

---- Source Options
Top Module Name                    : main
Automatic FSM Extraction           : YES
FSM Encoding Algorithm             : Auto
Safe Implementation                : No
FSM Style                          : LUT
RAM Extraction                     : Yes
RAM Style                          : Auto
ROM Extraction                     : Yes
Shift Register Extraction          : YES
ROM Style                          : Auto
Resource Sharing                   : YES
Asynchronous To Synchronous        : NO
Shift Register Minimum Size        : 2
Use DSP Block                      : Auto
Automatic Register Balancing       : No

---- Target Options
LUT Combining                      : Auto
Reduce Control Sets                : Auto
Add IO Buffers                     : YES
Global Maximum Fanout              : 100000
Add Generic Clock Buffer(BUFG)     : 16
Register Duplication               : YES
Optimize Instantiated Primitives   : NO
Use Clock Enable                   : Auto
Use Synchronous Set                : Auto
Use Synchronous Reset              : Auto
Pack IO Registers into IOBs        : Auto
Equivalent register Removal        : YES

---- General Options
Optimization Goal                  : Speed
Optimization Effort                : 1
Power Reduction                    : NO
Keep Hierarchy                     : No
Netlist Hierarchy                  : As_Optimized
RTL Output                         : Yes
Global Optimization                : AllClockNets
Read Cores                         : YES
Write Timing Constraints           : NO
Cross Clock Analysis               : NO
Hierarchy Separator                : /
Bus Delimiter                      : <>
Case Specifier                     : Maintain
Slice Utilization Ratio            : 100
BRAM Utilization Ratio             : 100
DSP48 Utilization Ratio            : 100
Auto BRAM Packing                  : NO
Slice Utilization Ratio Delta      : 5

=========================================================================


=========================================================================
*                          HDL Parsing                                  *
=========================================================================
Analyzing Verilog file "D:\Personal\Projects\Digital Labs\Labs\5\skip-counter\ssd1d09.vf" into library work
Parsing module <ssd1d09>.
Analyzing Verilog file "D:\Personal\Projects\Digital Labs\Labs\5\skip-counter\clkdiv20M.vf" into library work
Parsing module <CD4CE_HXILINX_clkdiv20M>.
Parsing module <clkdiv20M>.
Analyzing Verilog file "D:\Personal\Projects\Digital Labs\Labs\5\skip-counter\main.vf" into library work
Parsing module <CD4CE_HXILINX_main>.
Parsing module <FJKC_HXILINX_main>.
Parsing module <FJKP_HXILINX_main>.
Parsing module <clkdiv20M_MUSER_main>.
Parsing module <ssd1d09_MUSER_main>.
Parsing module <main>.

=========================================================================
*                            HDL Elaboration                            *
=========================================================================

Elaborating module <main>.

Elaborating module <FJKC_HXILINX_main>.

Elaborating module <VCC>.

Elaborating module <INV>.

Elaborating module <AND2>.

Elaborating module <ssd1d09_MUSER_main>.

Elaborating module <OR2>.

Elaborating module <NOR2>.

Elaborating module <NAND2>.

Elaborating module <NAND3>.

Elaborating module <clkdiv20M_MUSER_main>.

Elaborating module <CD4CE_HXILINX_main>.
WARNING:HDLCompiler:413 - "D:\Personal\Projects\Digital Labs\Labs\5\skip-counter\main.vf" Line 60: Result of 5-bit expression is truncated to fit in 4-bit target.

Elaborating module <GND>.

Elaborating module <FD_1(INIT=1'b0)>.

Elaborating module <FJKP_HXILINX_main>.

=========================================================================
*                           HDL Synthesis                               *
=========================================================================

Synthesizing Unit <main>.
    Related source file is "D:\Personal\Projects\Digital Labs\Labs\5\skip-counter\main.vf".
    Set property "HU_SET = XLXI_3_7" for instance <XLXI_3>.
    Set property "HU_SET = XLXI_4_8" for instance <XLXI_4>.
    Set property "HU_SET = XLXI_27_9" for instance <XLXI_27>.
    Set property "HU_SET = XLXI_28_10" for instance <XLXI_28>.
    Summary:
	no macro.
Unit <main> synthesized.

Synthesizing Unit <FJKC_HXILINX_main>.
    Related source file is "D:\Personal\Projects\Digital Labs\Labs\5\skip-counter\main.vf".
        INIT = 1'b0
    Found 1-bit register for signal <Q>.
    Summary:
	inferred   1 D-type flip-flop(s).
	inferred   2 Multiplexer(s).
Unit <FJKC_HXILINX_main> synthesized.

Synthesizing Unit <ssd1d09_MUSER_main>.
    Related source file is "D:\Personal\Projects\Digital Labs\Labs\5\skip-counter\main.vf".
    Summary:
	no macro.
Unit <ssd1d09_MUSER_main> synthesized.

Synthesizing Unit <clkdiv20M_MUSER_main>.
    Related source file is "D:\Personal\Projects\Digital Labs\Labs\5\skip-counter\main.vf".
    Set property "HU_SET = XLXI_1_0" for instance <XLXI_1>.
    Set property "HU_SET = XLXI_14_1" for instance <XLXI_14>.
    Set property "HU_SET = XLXI_17_2" for instance <XLXI_17>.
    Set property "HU_SET = XLXI_22_3" for instance <XLXI_22>.
    Set property "HU_SET = XLXI_25_4" for instance <XLXI_25>.
    Set property "HU_SET = XLXI_28_5" for instance <XLXI_28>.
    Set property "HU_SET = XLXI_31_6" for instance <XLXI_31>.
INFO:Xst:3210 - "D:\Personal\Projects\Digital Labs\Labs\5\skip-counter\main.vf" line 165: Output port <Q0> of the instance <XLXI_1> is unconnected or connected to loadless signal.
INFO:Xst:3210 - "D:\Personal\Projects\Digital Labs\Labs\5\skip-counter\main.vf" line 165: Output port <Q1> of the instance <XLXI_1> is unconnected or connected to loadless signal.
INFO:Xst:3210 - "D:\Personal\Projects\Digital Labs\Labs\5\skip-counter\main.vf" line 165: Output port <Q2> of the instance <XLXI_1> is unconnected or connected to loadless signal.
INFO:Xst:3210 - "D:\Personal\Projects\Digital Labs\Labs\5\skip-counter\main.vf" line 165: Output port <Q3> of the instance <XLXI_1> is unconnected or connected to loadless signal.
INFO:Xst:3210 - "D:\Personal\Projects\Digital Labs\Labs\5\skip-counter\main.vf" line 165: Output port <TC> of the instance <XLXI_1> is unconnected or connected to loadless signal.
INFO:Xst:3210 - "D:\Personal\Projects\Digital Labs\Labs\5\skip-counter\main.vf" line 182: Output port <Q0> of the instance <XLXI_14> is unconnected or connected to loadless signal.
INFO:Xst:3210 - "D:\Personal\Projects\Digital Labs\Labs\5\skip-counter\main.vf" line 182: Output port <Q1> of the instance <XLXI_14> is unconnected or connected to loadless signal.
INFO:Xst:3210 - "D:\Personal\Projects\Digital Labs\Labs\5\skip-counter\main.vf" line 182: Output port <Q2> of the instance <XLXI_14> is unconnected or connected to loadless signal.
INFO:Xst:3210 - "D:\Personal\Projects\Digital Labs\Labs\5\skip-counter\main.vf" line 182: Output port <Q3> of the instance <XLXI_14> is unconnected or connected to loadless signal.
INFO:Xst:3210 - "D:\Personal\Projects\Digital Labs\Labs\5\skip-counter\main.vf" line 182: Output port <TC> of the instance <XLXI_14> is unconnected or connected to loadless signal.
INFO:Xst:3210 - "D:\Personal\Projects\Digital Labs\Labs\5\skip-counter\main.vf" line 192: Output port <Q0> of the instance <XLXI_17> is unconnected or connected to loadless signal.
INFO:Xst:3210 - "D:\Personal\Projects\Digital Labs\Labs\5\skip-counter\main.vf" line 192: Output port <Q1> of the instance <XLXI_17> is unconnected or connected to loadless signal.
INFO:Xst:3210 - "D:\Personal\Projects\Digital Labs\Labs\5\skip-counter\main.vf" line 192: Output port <Q2> of the instance <XLXI_17> is unconnected or connected to loadless signal.
INFO:Xst:3210 - "D:\Personal\Projects\Digital Labs\Labs\5\skip-counter\main.vf" line 192: Output port <Q3> of the instance <XLXI_17> is unconnected or connected to loadless signal.
INFO:Xst:3210 - "D:\Personal\Projects\Digital Labs\Labs\5\skip-counter\main.vf" line 192: Output port <TC> of the instance <XLXI_17> is unconnected or connected to loadless signal.
INFO:Xst:3210 - "D:\Personal\Projects\Digital Labs\Labs\5\skip-counter\main.vf" line 202: Output port <Q0> of the instance <XLXI_22> is unconnected or connected to loadless signal.
INFO:Xst:3210 - "D:\Personal\Projects\Digital Labs\Labs\5\skip-counter\main.vf" line 202: Output port <Q1> of the instance <XLXI_22> is unconnected or connected to loadless signal.
INFO:Xst:3210 - "D:\Personal\Projects\Digital Labs\Labs\5\skip-counter\main.vf" line 202: Output port <Q2> of the instance <XLXI_22> is unconnected or connected to loadless signal.
INFO:Xst:3210 - "D:\Personal\Projects\Digital Labs\Labs\5\skip-counter\main.vf" line 202: Output port <Q3> of the instance <XLXI_22> is unconnected or connected to loadless signal.
INFO:Xst:3210 - "D:\Personal\Projects\Digital Labs\Labs\5\skip-counter\main.vf" line 202: Output port <TC> of the instance <XLXI_22> is unconnected or connected to loadless signal.
INFO:Xst:3210 - "D:\Personal\Projects\Digital Labs\Labs\5\skip-counter\main.vf" line 212: Output port <Q0> of the instance <XLXI_25> is unconnected or connected to loadless signal.
INFO:Xst:3210 - "D:\Personal\Projects\Digital Labs\Labs\5\skip-counter\main.vf" line 212: Output port <Q1> of the instance <XLXI_25> is unconnected or connected to loadless signal.
INFO:Xst:3210 - "D:\Personal\Projects\Digital Labs\Labs\5\skip-counter\main.vf" line 212: Output port <Q2> of the instance <XLXI_25> is unconnected or connected to loadless signal.
INFO:Xst:3210 - "D:\Personal\Projects\Digital Labs\Labs\5\skip-counter\main.vf" line 212: Output port <Q3> of the instance <XLXI_25> is unconnected or connected to loadless signal.
INFO:Xst:3210 - "D:\Personal\Projects\Digital Labs\Labs\5\skip-counter\main.vf" line 212: Output port <TC> of the instance <XLXI_25> is unconnected or connected to loadless signal.
INFO:Xst:3210 - "D:\Personal\Projects\Digital Labs\Labs\5\skip-counter\main.vf" line 222: Output port <Q0> of the instance <XLXI_28> is unconnected or connected to loadless signal.
INFO:Xst:3210 - "D:\Personal\Projects\Digital Labs\Labs\5\skip-counter\main.vf" line 222: Output port <Q1> of the instance <XLXI_28> is unconnected or connected to loadless signal.
INFO:Xst:3210 - "D:\Personal\Projects\Digital Labs\Labs\5\skip-counter\main.vf" line 222: Output port <Q2> of the instance <XLXI_28> is unconnected or connected to loadless signal.
INFO:Xst:3210 - "D:\Personal\Projects\Digital Labs\Labs\5\skip-counter\main.vf" line 222: Output port <Q3> of the instance <XLXI_28> is unconnected or connected to loadless signal.
INFO:Xst:3210 - "D:\Personal\Projects\Digital Labs\Labs\5\skip-counter\main.vf" line 222: Output port <TC> of the instance <XLXI_28> is unconnected or connected to loadless signal.
INFO:Xst:3210 - "D:\Personal\Projects\Digital Labs\Labs\5\skip-counter\main.vf" line 232: Output port <CEO> of the instance <XLXI_31> is unconnected or connected to loadless signal.
INFO:Xst:3210 - "D:\Personal\Projects\Digital Labs\Labs\5\skip-counter\main.vf" line 232: Output port <Q0> of the instance <XLXI_31> is unconnected or connected to loadless signal.
INFO:Xst:3210 - "D:\Personal\Projects\Digital Labs\Labs\5\skip-counter\main.vf" line 232: Output port <Q1> of the instance <XLXI_31> is unconnected or connected to loadless signal.
INFO:Xst:3210 - "D:\Personal\Projects\Digital Labs\Labs\5\skip-counter\main.vf" line 232: Output port <Q2> of the instance <XLXI_31> is unconnected or connected to loadless signal.
INFO:Xst:3210 - "D:\Personal\Projects\Digital Labs\Labs\5\skip-counter\main.vf" line 232: Output port <Q3> of the instance <XLXI_31> is unconnected or connected to loadless signal.
    Summary:
	no macro.
Unit <clkdiv20M_MUSER_main> synthesized.

Synthesizing Unit <CD4CE_HXILINX_main>.
    Related source file is "D:\Personal\Projects\Digital Labs\Labs\5\skip-counter\main.vf".
        TERMINAL_COUNT = 4'b1001
    Found 1-bit register for signal <Q1>.
    Found 1-bit register for signal <Q2>.
    Found 1-bit register for signal <Q3>.
    Found 1-bit register for signal <Q0>.
    Found 4-bit adder for signal <Q3_GND_12_o_add_4_OUT> created at line 60.
    Summary:
	inferred   1 Adder/Subtractor(s).
	inferred   4 D-type flip-flop(s).
	inferred   7 Multiplexer(s).
Unit <CD4CE_HXILINX_main> synthesized.

Synthesizing Unit <FJKP_HXILINX_main>.
    Related source file is "D:\Personal\Projects\Digital Labs\Labs\5\skip-counter\main.vf".
        INIT = 1'b1
    Found 1-bit register for signal <Q>.
    Summary:
	inferred   1 D-type flip-flop(s).
	inferred   2 Multiplexer(s).
Unit <FJKP_HXILINX_main> synthesized.

=========================================================================
HDL Synthesis Report

Macro Statistics
# Adders/Subtractors                                   : 7
 4-bit adder                                           : 7
# Registers                                            : 32
 1-bit register                                        : 32
# Multiplexers                                         : 57
 1-bit 2-to-1 multiplexer                              : 57

=========================================================================

=========================================================================
*                       Advanced HDL Synthesis                          *
=========================================================================


=========================================================================
Advanced HDL Synthesis Report

Macro Statistics
# Adders/Subtractors                                   : 7
 4-bit adder                                           : 7
# Registers                                            : 33
 Flip-Flops                                            : 33
# Multiplexers                                         : 57
 1-bit 2-to-1 multiplexer                              : 57

=========================================================================

=========================================================================
*                         Low Level Synthesis                           *
=========================================================================

Optimizing unit <main> ...

Optimizing unit <clkdiv20M_MUSER_main> ...

Optimizing unit <ssd1d09_MUSER_main> ...

Optimizing unit <CD4CE_HXILINX_main> ...

Optimizing unit <FJKC_HXILINX_main> ...

Optimizing unit <FJKP_HXILINX_main> ...

Mapping all equations...
Building and optimizing final netlist ...
Found area constraint ratio of 100 (+ 5) on block main, actual ratio is 0.

Final Macro Processing ...

=========================================================================
Final Register Report

Macro Statistics
# Registers                                            : 33
 Flip-Flops                                            : 33

=========================================================================

=========================================================================
*                           Partition Report                            *
=========================================================================

Partition Implementation Status
-------------------------------

  No Partitions were found in this design.

-------------------------------

=========================================================================
*                            Design Summary                             *
=========================================================================

Top Level Output File Name         : main.ngc

Primitive and Black Box Usage:
------------------------------
# BELS                             : 61
#      AND2                        : 4
#      GND                         : 1
#      INV                         : 14
#      LUT2                        : 4
#      LUT3                        : 16
#      LUT4                        : 9
#      LUT5                        : 5
#      OR2                         : 7
#      VCC                         : 1
# FlipFlops/Latches                : 33
#      FD_1                        : 1
#      FDCE                        : 30
#      FDP                         : 2
# Clock Buffers                    : 1
#      BUFGP                       : 1
# IO Buffers                       : 8
#      OBUF                        : 8
# Logical                          : 8
#      NAND2                       : 2
#      NAND3                       : 2
#      NOR2                        : 4

Device utilization summary:
---------------------------

Selected Device : 6slx9tqg144-3 


Slice Logic Utilization: 
 Number of Slice Registers:              33  out of  11440     0%  
 Number of Slice LUTs:                   48  out of   5720     0%  
    Number used as Logic:                48  out of   5720     0%  

Slice Logic Distribution: 
 Number of LUT Flip Flop pairs used:     81
   Number with an unused Flip Flop:      48  out of     81    59%  
   Number with an unused LUT:            33  out of     81    40%  
   Number of fully used LUT-FF pairs:     0  out of     81     0%  
   Number of unique control sets:        12

IO Utilization: 
 Number of IOs:                           9
 Number of bonded IOBs:                   9  out of    102     8%  

Specific Feature Utilization:
 Number of BUFG/BUFGCTRLs:                1  out of     16     6%  

---------------------------
Partition Resource Summary:
---------------------------

  No Partitions were found in this design.

---------------------------


=========================================================================
Timing Report

NOTE: THESE TIMING NUMBERS ARE ONLY A SYNTHESIS ESTIMATE.
      FOR ACCURATE TIMING INFORMATION PLEASE REFER TO THE TRACE REPORT
      GENERATED AFTER PLACE-and-ROUTE.

Clock Information:
------------------
-----------------------------------------------+------------------------+-------+
Clock Signal                                   | Clock buffer(FF name)  | Load  |
-----------------------------------------------+------------------------+-------+
XLXI_26/XLXI_31/TC(XLXI_26/XLXI_31/Mmux_TC11:O)| NONE(*)(XLXI_26/XLXI_9)| 1     |
OSC                                            | BUFGP                  | 28    |
XLXN_67                                        | NONE(XLXI_4/Q)         | 4     |
-----------------------------------------------+------------------------+-------+
(*) This 1 clock signal(s) are generated by combinatorial logic,
and XST is not able to identify which are the primary clock signals.
Please use the CLOCK_SIGNAL constraint to specify the clock signal(s) generated by combinatorial logic.
INFO:Xst:2169 - HDL ADVISOR - Some clock signals were not automatically buffered by XST with BUFG/BUFR resources. Please use the buffer_type constraint in order to insert these buffers to the clock signals to help prevent skew problems.

Asynchronous Control Signals Information:
----------------------------------------
No asynchronous control signals found in this design

Timing Summary:
---------------
Speed Grade: -3

   Minimum period: 7.153ns (Maximum Frequency: 139.805MHz)
   Minimum input arrival time before clock: No path found
   Maximum output required time after clock: 14.485ns
   Maximum combinational path delay: No path found

Timing Details:
---------------
All values displayed in nanoseconds (ns)

=========================================================================
Timing constraint: Default period analysis for Clock 'XLXI_26/XLXI_31/TC'
  Clock period: 2.312ns (frequency: 432.507MHz)
  Total number of paths / destination ports: 1 / 1
-------------------------------------------------------------------------
Delay:               2.312ns (Levels of Logic = 1)
  Source:            XLXI_26/XLXI_9 (FF)
  Destination:       XLXI_26/XLXI_9 (FF)
  Source Clock:      XLXI_26/XLXI_31/TC falling
  Destination Clock: XLXI_26/XLXI_31/TC falling

  Data Path: XLXI_26/XLXI_9 to XLXI_26/XLXI_9
                                Gate     Net
    Cell:in->out      fanout   Delay   Delay  Logical Name (Net Name)
    ----------------------------------------  ------------
     FD_1:C->Q             2   0.447   0.616  XLXI_26/XLXI_9 (XLXN_67)
     INV:I->O              1   0.568   0.579  XLXI_26/XLXI_11 (XLXI_26/XLXN_9)
     FD_1:D                    0.102          XLXI_26/XLXI_9
    ----------------------------------------
    Total                      2.312ns (1.117ns logic, 1.195ns route)
                                       (48.3% logic, 51.7% route)

=========================================================================
Timing constraint: Default period analysis for Clock 'OSC'
  Clock period: 7.153ns (frequency: 139.805MHz)
  Total number of paths / destination ports: 413 / 52
-------------------------------------------------------------------------
Delay:               7.153ns (Levels of Logic = 12)
  Source:            XLXI_26/XLXI_1/Q3 (FF)
  Destination:       XLXI_26/XLXI_31/Q3 (FF)
  Source Clock:      OSC falling
  Destination Clock: OSC falling

  Data Path: XLXI_26/XLXI_1/Q3 to XLXI_26/XLXI_31/Q3
                                Gate     Net
    Cell:in->out      fanout   Delay   Delay  Logical Name (Net Name)
    ----------------------------------------  ------------
     FDCE:C->Q             3   0.447   0.898  Q3 (Q3)
     LUT4:I0->O            5   0.203   0.715  Mmux_TC11 (TC)
     end scope: 'XLXI_26/XLXI_1:CEO'
     begin scope: 'XLXI_26/XLXI_14:CE'
     LUT5:I4->O            5   0.205   0.715  CEO1 (CEO)
     end scope: 'XLXI_26/XLXI_14:CEO'
     begin scope: 'XLXI_26/XLXI_17:CE'
     LUT5:I4->O            5   0.205   0.715  CEO1 (CEO)
     end scope: 'XLXI_26/XLXI_17:CEO'
     begin scope: 'XLXI_26/XLXI_22:CE'
     LUT5:I4->O            5   0.205   0.715  CEO1 (CEO)
     end scope: 'XLXI_26/XLXI_22:CEO'
     begin scope: 'XLXI_26/XLXI_25:CE'
     LUT5:I4->O            5   0.205   0.715  CEO1 (CEO)
     end scope: 'XLXI_26/XLXI_25:CEO'
     begin scope: 'XLXI_26/XLXI_28:CE'
     LUT5:I4->O            4   0.205   0.683  CEO1 (CEO)
     end scope: 'XLXI_26/XLXI_28:CEO'
     begin scope: 'XLXI_26/XLXI_31:CE'
     FDCE:CE                   0.322          Q3
    ----------------------------------------
    Total                      7.153ns (1.997ns logic, 5.156ns route)
                                       (27.9% logic, 72.1% route)

=========================================================================
Timing constraint: Default period analysis for Clock 'XLXN_67'
  Clock period: 3.696ns (frequency: 270.559MHz)
  Total number of paths / destination ports: 16 / 6
-------------------------------------------------------------------------
Delay:               3.696ns (Levels of Logic = 3)
  Source:            XLXI_28/Q (FF)
  Destination:       XLXI_4/Q (FF)
  Source Clock:      XLXN_67 falling
  Destination Clock: XLXN_67 falling

  Data Path: XLXI_28/Q to XLXI_4/Q
                                Gate     Net
    Cell:in->out      fanout   Delay   Delay  Logical Name (Net Name)
    ----------------------------------------  ------------
     FDP:C->Q             10   0.447   1.201  Q (Q)
     end scope: 'XLXI_28:Q'
     AND2:I1->O            2   0.223   0.721  XLXI_8 (XLXN_14)
     begin scope: 'XLXI_4:J'
     LUT2:I0->O            1   0.203   0.579  _n0008_inv1 (_n0008_inv)
     FDCE:CE                   0.322          Q
    ----------------------------------------
    Total                      3.696ns (1.195ns logic, 2.501ns route)
                                       (32.3% logic, 67.7% route)

=========================================================================
Timing constraint: Default OFFSET OUT AFTER for Clock 'XLXN_67'
  Total number of paths / destination ports: 74 / 7
-------------------------------------------------------------------------
Offset:              14.485ns (Levels of Logic = 11)
  Source:            XLXI_28/Q (FF)
  Destination:       SSD_d (PAD)
  Source Clock:      XLXN_67 falling

  Data Path: XLXI_28/Q to SSD_d
                                Gate     Net
    Cell:in->out      fanout   Delay   Delay  Logical Name (Net Name)
    ----------------------------------------  ------------
     FDP:C->Q             10   0.447   0.856  Q (Q)
     end scope: 'XLXI_28:Q'
     INV:I->O              2   0.568   0.981  XLXI_25/XLXI_93 (XLXI_25/XLXN_109)
     AND2:I0->O            1   0.203   0.924  XLXI_25/XLXI_97 (XLXI_25/XLXN_114)
     OR2:I1->O             3   0.223   1.015  XLXI_25/XLXI_100 (XLXI_25/XLXN_117)
     NAND2:I0->O           1   0.203   0.924  XLXI_25/XLXI_102 (XLXI_25/XLXN_119)
     NAND3:I1->O           3   0.223   0.995  XLXI_25/XLXI_103 (SSD_b_OBUF)
     NOR2:I1->O            1   0.223   0.944  XLXI_25/XLXI_105 (XLXI_25/XLXN_125)
     OR2:I0->O             3   0.203   0.995  XLXI_25/XLXI_106 (XLXI_25/XLXN_130)
     OR2:I1->O             2   0.223   0.961  XLXI_25/XLXI_107 (XLXI_25/XLXN_134)
     OR2:I1->O             1   0.223   0.579  XLXI_25/XLXI_109 (SSD_g_OBUF)
     OBUF:I->O                 2.571          SSD_g_OBUF (SSD_g)
    ----------------------------------------
    Total                     14.485ns (5.310ns logic, 9.175ns route)
                                       (36.7% logic, 63.3% route)

=========================================================================

Cross Clock Domains Report:
--------------------------

Clock to Setup on destination clock OSC
---------------+---------+---------+---------+---------+
               | Src:Rise| Src:Fall| Src:Rise| Src:Fall|
Source Clock   |Dest:Rise|Dest:Rise|Dest:Fall|Dest:Fall|
---------------+---------+---------+---------+---------+
OSC            |         |         |    7.153|         |
---------------+---------+---------+---------+---------+

Clock to Setup on destination clock XLXI_26/XLXI_31/TC
------------------+---------+---------+---------+---------+
                  | Src:Rise| Src:Fall| Src:Rise| Src:Fall|
Source Clock      |Dest:Rise|Dest:Rise|Dest:Fall|Dest:Fall|
------------------+---------+---------+---------+---------+
XLXI_26/XLXI_31/TC|         |         |    2.312|         |
------------------+---------+---------+---------+---------+

Clock to Setup on destination clock XLXN_67
---------------+---------+---------+---------+---------+
               | Src:Rise| Src:Fall| Src:Rise| Src:Fall|
Source Clock   |Dest:Rise|Dest:Rise|Dest:Fall|Dest:Fall|
---------------+---------+---------+---------+---------+
XLXN_67        |         |         |    3.696|         |
---------------+---------+---------+---------+---------+

=========================================================================


Total REAL time to Xst completion: 3.00 secs
Total CPU time to Xst completion: 3.26 secs
 
--> 

Total memory usage is 4503440 kilobytes

Number of errors   :    0 (   0 filtered)
Number of warnings :    1 (   0 filtered)
Number of infos    :   36 (   0 filtered)

