Release 14.7 - xst P.20131013 (nt64)
Copyright (c) 1995-2013 Xilinx, Inc.  All rights reserved.
--> Parameter TMPDIR set to xst/projnav.tmp


Total REAL time to Xst completion: 0.00 secs
Total CPU time to Xst completion: 0.13 secs
 
--> Parameter xsthdpdir set to xst


Total REAL time to Xst completion: 0.00 secs
Total CPU time to Xst completion: 0.13 secs
 
--> Reading design: main.prj

TABLE OF CONTENTS
  1) Synthesis Options Summary
  2) HDL Parsing
  3) HDL Elaboration
  4) HDL Synthesis
       4.1) HDL Synthesis Report
  5) Advanced HDL Synthesis
       5.1) Advanced HDL Synthesis Report
  6) Low Level Synthesis
  7) Partition Report
  8) Design Summary
       8.1) Primitive and Black Box Usage
       8.2) Device utilization summary
       8.3) Partition Resource Summary
       8.4) Timing Report
            8.4.1) Clock Information
            8.4.2) Asynchronous Control Signals Information
            8.4.3) Timing Summary
            8.4.4) Timing Details
            8.4.5) Cross Clock Domains Report


=========================================================================
*                      Synthesis Options Summary                        *
=========================================================================
---- Source Parameters
Input File Name                    : "main.prj"
Ignore Synthesis Constraint File   : NO

---- Target Parameters
Output File Name                   : "main"
Output Format                      : NGC
Target Device                      : xc6slx9-3-tqg144

---- Source Options
Top Module Name                    : main
Automatic FSM Extraction           : YES
FSM Encoding Algorithm             : Auto
Safe Implementation                : No
FSM Style                          : LUT
RAM Extraction                     : Yes
RAM Style                          : Auto
ROM Extraction                     : Yes
Shift Register Extraction          : YES
ROM Style                          : Auto
Resource Sharing                   : YES
Asynchronous To Synchronous        : NO
Shift Register Minimum Size        : 2
Use DSP Block                      : Auto
Automatic Register Balancing       : No

---- Target Options
LUT Combining                      : Auto
Reduce Control Sets                : Auto
Add IO Buffers                     : YES
Global Maximum Fanout              : 100000
Add Generic Clock Buffer(BUFG)     : 16
Register Duplication               : YES
Optimize Instantiated Primitives   : NO
Use Clock Enable                   : Auto
Use Synchronous Set                : Auto
Use Synchronous Reset              : Auto
Pack IO Registers into IOBs        : Auto
Equivalent register Removal        : YES

---- General Options
Optimization Goal                  : Speed
Optimization Effort                : 1
Power Reduction                    : NO
Keep Hierarchy                     : No
Netlist Hierarchy                  : As_Optimized
RTL Output                         : Yes
Global Optimization                : AllClockNets
Read Cores                         : YES
Write Timing Constraints           : NO
Cross Clock Analysis               : NO
Hierarchy Separator                : /
Bus Delimiter                      : <>
Case Specifier                     : Maintain
Slice Utilization Ratio            : 100
BRAM Utilization Ratio             : 100
DSP48 Utilization Ratio            : 100
Auto BRAM Packing                  : NO
Slice Utilization Ratio Delta      : 5

=========================================================================


=========================================================================
*                          HDL Parsing                                  *
=========================================================================
Analyzing Verilog file "D:\Classes-2024\Digital System Fundamentals Shared\Practice\a10-double-counter\ssd1d0fb.vf" into library work
Parsing module <ssd1d0fb>.
Analyzing Verilog file "D:\Classes-2024\Digital System Fundamentals Shared\Practice\a10-double-counter\mux2x1x4.vf" into library work
Parsing module <M2_1_HXILINX_mux2x1x4>.
Parsing module <mux2x1x4>.
Analyzing Verilog file "D:\Classes-2024\Digital System Fundamentals Shared\Practice\a10-double-counter\counter1d82.vf" into library work
Parsing module <FJKC_HXILINX_counter1d82>.
Parsing module <FJKP_HXILINX_counter1d82>.
Parsing module <counter1d82>.
Analyzing Verilog file "D:\Classes-2024\Digital System Fundamentals Shared\Practice\a10-double-counter\counter128d.vf" into library work
Parsing module <FJKC_HXILINX_counter128d>.
Parsing module <FJKP_HXILINX_counter128d>.
Parsing module <counter128d>.
Analyzing Verilog file "D:\Classes-2024\Digital System Fundamentals Shared\Practice\a10-double-counter\clkdiv5.vf" into library work
Parsing module <FJKC_HXILINX_clkdiv5>.
Parsing module <clkdiv5>.
Analyzing Verilog file "D:\Classes-2024\Digital System Fundamentals Shared\Practice\a10-double-counter\clkdiv2M.vf" into library work
Parsing module <CD4CE_HXILINX_clkdiv2M>.
Parsing module <clkdiv2M>.
Analyzing Verilog file "D:\Classes-2024\Digital System Fundamentals Shared\Practice\a10-double-counter\main.vf" into library work
Parsing module <CD4CE_HXILINX_main>.
Parsing module <FJKC_HXILINX_main>.
Parsing module <FJKP_HXILINX_main>.
Parsing module <M2_1_HXILINX_main>.
Parsing module <counter1d82_MUSER_main>.
Parsing module <counter128d_MUSER_main>.
Parsing module <ssd1d0fb_MUSER_main>.
Parsing module <mux2x1x4_MUSER_main>.
Parsing module <clkdiv5_MUSER_main>.
Parsing module <clkdiv2M_MUSER_main>.
Parsing module <main>.

=========================================================================
*                            HDL Elaboration                            *
=========================================================================

Elaborating module <main>.

Elaborating module <clkdiv2M_MUSER_main>.

Elaborating module <CD4CE_HXILINX_main>.
WARNING:HDLCompiler:413 - "D:\Classes-2024\Digital System Fundamentals Shared\Practice\a10-double-counter\main.vf" Line 60: Result of 5-bit expression is truncated to fit in 4-bit target.

Elaborating module <VCC>.

Elaborating module <GND>.

Elaborating module <FD_1(INIT=1'b0)>.

Elaborating module <INV>.

Elaborating module <clkdiv5_MUSER_main>.

Elaborating module <FJKC_HXILINX_main>.

Elaborating module <AND2B1>.

Elaborating module <OR2>.

Elaborating module <mux2x1x4_MUSER_main>.

Elaborating module <M2_1_HXILINX_main>.

Elaborating module <ssd1d0fb_MUSER_main>.

Elaborating module <OR3>.

Elaborating module <AND4>.

Elaborating module <AND2>.

Elaborating module <NAND2>.

Elaborating module <NOR2>.

Elaborating module <NAND3>.

Elaborating module <counter128d_MUSER_main>.

Elaborating module <FJKP_HXILINX_main>.

Elaborating module <counter1d82_MUSER_main>.

=========================================================================
*                           HDL Synthesis                               *
=========================================================================

Synthesizing Unit <main>.
    Related source file is "D:\Classes-2024\Digital System Fundamentals Shared\Practice\a10-double-counter\main.vf".
    Summary:
	no macro.
Unit <main> synthesized.

Synthesizing Unit <clkdiv2M_MUSER_main>.
    Related source file is "D:\Classes-2024\Digital System Fundamentals Shared\Practice\a10-double-counter\main.vf".
    Set property "HU_SET = XLXI_1_57" for instance <XLXI_1>.
    Set property "HU_SET = XLXI_14_58" for instance <XLXI_14>.
    Set property "HU_SET = XLXI_17_59" for instance <XLXI_17>.
    Set property "HU_SET = XLXI_22_60" for instance <XLXI_22>.
    Set property "HU_SET = XLXI_25_61" for instance <XLXI_25>.
    Set property "HU_SET = XLXI_28_62" for instance <XLXI_28>.
INFO:Xst:3210 - "D:\Classes-2024\Digital System Fundamentals Shared\Practice\a10-double-counter\main.vf" line 602: Output port <Q0> of the instance <XLXI_1> is unconnected or connected to loadless signal.
INFO:Xst:3210 - "D:\Classes-2024\Digital System Fundamentals Shared\Practice\a10-double-counter\main.vf" line 602: Output port <Q1> of the instance <XLXI_1> is unconnected or connected to loadless signal.
INFO:Xst:3210 - "D:\Classes-2024\Digital System Fundamentals Shared\Practice\a10-double-counter\main.vf" line 602: Output port <Q2> of the instance <XLXI_1> is unconnected or connected to loadless signal.
INFO:Xst:3210 - "D:\Classes-2024\Digital System Fundamentals Shared\Practice\a10-double-counter\main.vf" line 602: Output port <Q3> of the instance <XLXI_1> is unconnected or connected to loadless signal.
INFO:Xst:3210 - "D:\Classes-2024\Digital System Fundamentals Shared\Practice\a10-double-counter\main.vf" line 602: Output port <TC> of the instance <XLXI_1> is unconnected or connected to loadless signal.
INFO:Xst:3210 - "D:\Classes-2024\Digital System Fundamentals Shared\Practice\a10-double-counter\main.vf" line 619: Output port <Q0> of the instance <XLXI_14> is unconnected or connected to loadless signal.
INFO:Xst:3210 - "D:\Classes-2024\Digital System Fundamentals Shared\Practice\a10-double-counter\main.vf" line 619: Output port <Q1> of the instance <XLXI_14> is unconnected or connected to loadless signal.
INFO:Xst:3210 - "D:\Classes-2024\Digital System Fundamentals Shared\Practice\a10-double-counter\main.vf" line 619: Output port <Q2> of the instance <XLXI_14> is unconnected or connected to loadless signal.
INFO:Xst:3210 - "D:\Classes-2024\Digital System Fundamentals Shared\Practice\a10-double-counter\main.vf" line 619: Output port <Q3> of the instance <XLXI_14> is unconnected or connected to loadless signal.
INFO:Xst:3210 - "D:\Classes-2024\Digital System Fundamentals Shared\Practice\a10-double-counter\main.vf" line 619: Output port <TC> of the instance <XLXI_14> is unconnected or connected to loadless signal.
INFO:Xst:3210 - "D:\Classes-2024\Digital System Fundamentals Shared\Practice\a10-double-counter\main.vf" line 629: Output port <Q0> of the instance <XLXI_17> is unconnected or connected to loadless signal.
INFO:Xst:3210 - "D:\Classes-2024\Digital System Fundamentals Shared\Practice\a10-double-counter\main.vf" line 629: Output port <Q1> of the instance <XLXI_17> is unconnected or connected to loadless signal.
INFO:Xst:3210 - "D:\Classes-2024\Digital System Fundamentals Shared\Practice\a10-double-counter\main.vf" line 629: Output port <Q2> of the instance <XLXI_17> is unconnected or connected to loadless signal.
INFO:Xst:3210 - "D:\Classes-2024\Digital System Fundamentals Shared\Practice\a10-double-counter\main.vf" line 629: Output port <Q3> of the instance <XLXI_17> is unconnected or connected to loadless signal.
INFO:Xst:3210 - "D:\Classes-2024\Digital System Fundamentals Shared\Practice\a10-double-counter\main.vf" line 629: Output port <TC> of the instance <XLXI_17> is unconnected or connected to loadless signal.
INFO:Xst:3210 - "D:\Classes-2024\Digital System Fundamentals Shared\Practice\a10-double-counter\main.vf" line 639: Output port <Q0> of the instance <XLXI_22> is unconnected or connected to loadless signal.
INFO:Xst:3210 - "D:\Classes-2024\Digital System Fundamentals Shared\Practice\a10-double-counter\main.vf" line 639: Output port <Q1> of the instance <XLXI_22> is unconnected or connected to loadless signal.
INFO:Xst:3210 - "D:\Classes-2024\Digital System Fundamentals Shared\Practice\a10-double-counter\main.vf" line 639: Output port <Q2> of the instance <XLXI_22> is unconnected or connected to loadless signal.
INFO:Xst:3210 - "D:\Classes-2024\Digital System Fundamentals Shared\Practice\a10-double-counter\main.vf" line 639: Output port <Q3> of the instance <XLXI_22> is unconnected or connected to loadless signal.
INFO:Xst:3210 - "D:\Classes-2024\Digital System Fundamentals Shared\Practice\a10-double-counter\main.vf" line 639: Output port <TC> of the instance <XLXI_22> is unconnected or connected to loadless signal.
INFO:Xst:3210 - "D:\Classes-2024\Digital System Fundamentals Shared\Practice\a10-double-counter\main.vf" line 649: Output port <Q0> of the instance <XLXI_25> is unconnected or connected to loadless signal.
INFO:Xst:3210 - "D:\Classes-2024\Digital System Fundamentals Shared\Practice\a10-double-counter\main.vf" line 649: Output port <Q1> of the instance <XLXI_25> is unconnected or connected to loadless signal.
INFO:Xst:3210 - "D:\Classes-2024\Digital System Fundamentals Shared\Practice\a10-double-counter\main.vf" line 649: Output port <Q2> of the instance <XLXI_25> is unconnected or connected to loadless signal.
INFO:Xst:3210 - "D:\Classes-2024\Digital System Fundamentals Shared\Practice\a10-double-counter\main.vf" line 649: Output port <Q3> of the instance <XLXI_25> is unconnected or connected to loadless signal.
INFO:Xst:3210 - "D:\Classes-2024\Digital System Fundamentals Shared\Practice\a10-double-counter\main.vf" line 649: Output port <TC> of the instance <XLXI_25> is unconnected or connected to loadless signal.
INFO:Xst:3210 - "D:\Classes-2024\Digital System Fundamentals Shared\Practice\a10-double-counter\main.vf" line 659: Output port <CEO> of the instance <XLXI_28> is unconnected or connected to loadless signal.
INFO:Xst:3210 - "D:\Classes-2024\Digital System Fundamentals Shared\Practice\a10-double-counter\main.vf" line 659: Output port <Q0> of the instance <XLXI_28> is unconnected or connected to loadless signal.
INFO:Xst:3210 - "D:\Classes-2024\Digital System Fundamentals Shared\Practice\a10-double-counter\main.vf" line 659: Output port <Q1> of the instance <XLXI_28> is unconnected or connected to loadless signal.
INFO:Xst:3210 - "D:\Classes-2024\Digital System Fundamentals Shared\Practice\a10-double-counter\main.vf" line 659: Output port <Q2> of the instance <XLXI_28> is unconnected or connected to loadless signal.
INFO:Xst:3210 - "D:\Classes-2024\Digital System Fundamentals Shared\Practice\a10-double-counter\main.vf" line 659: Output port <Q3> of the instance <XLXI_28> is unconnected or connected to loadless signal.
    Summary:
	no macro.
Unit <clkdiv2M_MUSER_main> synthesized.

Synthesizing Unit <CD4CE_HXILINX_main>.
    Related source file is "D:\Classes-2024\Digital System Fundamentals Shared\Practice\a10-double-counter\main.vf".
        TERMINAL_COUNT = 4'b1001
    Found 1-bit register for signal <Q1>.
    Found 1-bit register for signal <Q2>.
    Found 1-bit register for signal <Q3>.
    Found 1-bit register for signal <Q0>.
    Found 4-bit adder for signal <Q3_GND_3_o_add_4_OUT> created at line 60.
    Summary:
	inferred   1 Adder/Subtractor(s).
	inferred   4 D-type flip-flop(s).
	inferred   7 Multiplexer(s).
Unit <CD4CE_HXILINX_main> synthesized.

Synthesizing Unit <clkdiv5_MUSER_main>.
    Related source file is "D:\Classes-2024\Digital System Fundamentals Shared\Practice\a10-double-counter\main.vf".
    Set property "HU_SET = XLXI_6_56" for instance <XLXI_6>.
    Set property "HU_SET = XLXI_7_54" for instance <XLXI_7>.
    Set property "HU_SET = XLXI_8_55" for instance <XLXI_8>.
    Summary:
	no macro.
Unit <clkdiv5_MUSER_main> synthesized.

Synthesizing Unit <FJKC_HXILINX_main>.
    Related source file is "D:\Classes-2024\Digital System Fundamentals Shared\Practice\a10-double-counter\main.vf".
        INIT = 1'b0
    Found 1-bit register for signal <Q>.
    Summary:
	inferred   1 D-type flip-flop(s).
	inferred   2 Multiplexer(s).
Unit <FJKC_HXILINX_main> synthesized.

Synthesizing Unit <mux2x1x4_MUSER_main>.
    Related source file is "D:\Classes-2024\Digital System Fundamentals Shared\Practice\a10-double-counter\main.vf".
    Set property "HU_SET = XLXI_144_50" for instance <XLXI_144>.
    Set property "HU_SET = XLXI_145_51" for instance <XLXI_145>.
    Set property "HU_SET = XLXI_146_52" for instance <XLXI_146>.
    Set property "HU_SET = XLXI_147_53" for instance <XLXI_147>.
    Summary:
	no macro.
Unit <mux2x1x4_MUSER_main> synthesized.

Synthesizing Unit <M2_1_HXILINX_main>.
    Related source file is "D:\Classes-2024\Digital System Fundamentals Shared\Practice\a10-double-counter\main.vf".
    Summary:
	inferred   1 Multiplexer(s).
Unit <M2_1_HXILINX_main> synthesized.

Synthesizing Unit <ssd1d0fb_MUSER_main>.
    Related source file is "D:\Classes-2024\Digital System Fundamentals Shared\Practice\a10-double-counter\main.vf".
    Summary:
	no macro.
Unit <ssd1d0fb_MUSER_main> synthesized.

Synthesizing Unit <counter128d_MUSER_main>.
    Related source file is "D:\Classes-2024\Digital System Fundamentals Shared\Practice\a10-double-counter\main.vf".
    Set property "HU_SET = XLXI_2_46" for instance <XLXI_2>.
    Set property "HU_SET = XLXI_3_47" for instance <XLXI_3>.
    Set property "HU_SET = XLXI_4_48" for instance <XLXI_4>.
    Set property "HU_SET = XLXI_23_49" for instance <XLXI_23>.
    Summary:
	no macro.
Unit <counter128d_MUSER_main> synthesized.

Synthesizing Unit <FJKP_HXILINX_main>.
    Related source file is "D:\Classes-2024\Digital System Fundamentals Shared\Practice\a10-double-counter\main.vf".
        INIT = 1'b1
    Found 1-bit register for signal <Q>.
    Summary:
	inferred   1 D-type flip-flop(s).
	inferred   2 Multiplexer(s).
Unit <FJKP_HXILINX_main> synthesized.

Synthesizing Unit <counter1d82_MUSER_main>.
    Related source file is "D:\Classes-2024\Digital System Fundamentals Shared\Practice\a10-double-counter\main.vf".
    Set property "HU_SET = XLXI_2_42" for instance <XLXI_2>.
    Set property "HU_SET = XLXI_3_43" for instance <XLXI_3>.
    Set property "HU_SET = XLXI_4_44" for instance <XLXI_4>.
    Set property "HU_SET = XLXI_24_45" for instance <XLXI_24>.
    Summary:
	no macro.
Unit <counter1d82_MUSER_main> synthesized.

=========================================================================
HDL Synthesis Report

Macro Statistics
# Adders/Subtractors                                   : 6
 4-bit adder                                           : 6
# Registers                                            : 35
 1-bit register                                        : 35
# Multiplexers                                         : 68
 1-bit 2-to-1 multiplexer                              : 68

=========================================================================

=========================================================================
*                       Advanced HDL Synthesis                          *
=========================================================================


=========================================================================
Advanced HDL Synthesis Report

Macro Statistics
# Adders/Subtractors                                   : 6
 4-bit adder                                           : 6
# Registers                                            : 37
 Flip-Flops                                            : 37
# Multiplexers                                         : 64
 1-bit 2-to-1 multiplexer                              : 64

=========================================================================

=========================================================================
*                         Low Level Synthesis                           *
=========================================================================

Optimizing unit <clkdiv2M_MUSER_main> ...

Optimizing unit <ssd1d0fb_MUSER_main> ...

Optimizing unit <XLXI_6/XLXI_144> ...

Optimizing unit <XLXI_6/XLXI_145> ...

Optimizing unit <XLXI_6/XLXI_146> ...

Optimizing unit <XLXI_6/XLXI_147> ...

Optimizing unit <main> ...

Optimizing unit <CD4CE_HXILINX_main> ...

Optimizing unit <FJKC_HXILINX_main> ...

Optimizing unit <FJKP_HXILINX_main> ...

Mapping all equations...
Building and optimizing final netlist ...
Found area constraint ratio of 100 (+ 5) on block main, actual ratio is 0.

Final Macro Processing ...

=========================================================================
Final Register Report

Macro Statistics
# Registers                                            : 37
 Flip-Flops                                            : 37

=========================================================================

=========================================================================
*                           Partition Report                            *
=========================================================================

Partition Implementation Status
-------------------------------

  No Partitions were found in this design.

-------------------------------

=========================================================================
*                            Design Summary                             *
=========================================================================

Top Level Output File Name         : main.ngc

Primitive and Black Box Usage:
------------------------------
# BELS                             : 92
#      AND2                        : 4
#      AND2B1                      : 1
#      AND4                        : 3
#      GND                         : 1
#      INV                         : 24
#      LUT2                        : 11
#      LUT3                        : 21
#      LUT4                        : 8
#      LUT5                        : 4
#      OR2                         : 11
#      OR3                         : 3
#      VCC                         : 1
# FlipFlops/Latches                : 37
#      FD_1                        : 2
#      FDC                         : 6
#      FDCE                        : 27
#      FDPE                        : 2
# Clock Buffers                    : 1
#      BUFGP                       : 1
# IO Buffers                       : 9
#      IBUF                        : 1
#      OBUF                        : 8
# Logical                          : 22
#      NAND2                       : 20
#      NAND3                       : 1
#      NOR2                        : 1

Device utilization summary:
---------------------------

Selected Device : 6slx9tqg144-3 


Slice Logic Utilization: 
 Number of Slice Registers:              37  out of  11440     0%  
 Number of Slice LUTs:                   68  out of   5720     1%  
    Number used as Logic:                68  out of   5720     1%  

Slice Logic Distribution: 
 Number of LUT Flip Flop pairs used:    105
   Number with an unused Flip Flop:      68  out of    105    64%  
   Number with an unused LUT:            37  out of    105    35%  
   Number of fully used LUT-FF pairs:     0  out of    105     0%  
   Number of unique control sets:        19

IO Utilization: 
 Number of IOs:                          10
 Number of bonded IOBs:                  10  out of    102     9%  

Specific Feature Utilization:
 Number of BUFG/BUFGCTRLs:                1  out of     16     6%  

---------------------------
Partition Resource Summary:
---------------------------

  No Partitions were found in this design.

---------------------------


=========================================================================
Timing Report

NOTE: THESE TIMING NUMBERS ARE ONLY A SYNTHESIS ESTIMATE.
      FOR ACCURATE TIMING INFORMATION PLEASE REFER TO THE TRACE REPORT
      GENERATED AFTER PLACE-and-ROUTE.

Clock Information:
------------------
---------------------------------------------+--------------------------+-------+
Clock Signal                                 | Clock buffer(FF name)    | Load  |
---------------------------------------------+--------------------------+-------+
XLXN_1                                       | NONE(XLXI_3/XLXI_24)     | 4     |
XLXI_2/XLXI_28/TC(XLXI_2/XLXI_28/Mmux_TC11:O)| NONE(*)(XLXI_2/XLXI_10)  | 1     |
OSC                                          | BUFGP                    | 24    |
XLXN_21(XLXI_3/XLXI_25:O)                    | NONE(*)(XLXI_11/XLXI_4/Q)| 8     |
---------------------------------------------+--------------------------+-------+
(*) These 2 clock signal(s) are generated by combinatorial logic,
and XST is not able to identify which are the primary clock signals.
Please use the CLOCK_SIGNAL constraint to specify the clock signal(s) generated by combinatorial logic.
INFO:Xst:2169 - HDL ADVISOR - Some clock signals were not automatically buffered by XST with BUFG/BUFR resources. Please use the buffer_type constraint in order to insert these buffers to the clock signals to help prevent skew problems.

Asynchronous Control Signals Information:
----------------------------------------
No asynchronous control signals found in this design

Timing Summary:
---------------
Speed Grade: -3

   Minimum period: 6.233ns (Maximum Frequency: 160.442MHz)
   Minimum input arrival time before clock: No path found
   Maximum output required time after clock: 18.926ns
   Maximum combinational path delay: 19.827ns

Timing Details:
---------------
All values displayed in nanoseconds (ns)

=========================================================================
Timing constraint: Default period analysis for Clock 'XLXN_1'
  Clock period: 2.686ns (frequency: 372.245MHz)
  Total number of paths / destination ports: 11 / 5
-------------------------------------------------------------------------
Delay:               2.686ns (Levels of Logic = 3)
  Source:            XLXI_3/XLXI_8/Q (FF)
  Destination:       XLXI_3/XLXI_7/Q (FF)
  Source Clock:      XLXN_1 rising
  Destination Clock: XLXN_1 rising

  Data Path: XLXI_3/XLXI_8/Q to XLXI_3/XLXI_7/Q
                                Gate     Net
    Cell:in->out      fanout   Delay   Delay  Logical Name (Net Name)
    ----------------------------------------  ------------
     FDCE:C->Q             4   0.447   1.048  Q (Q)
     end scope: 'XLXI_3/XLXI_8:Q'
     AND2B1:I0->O          1   0.203   0.684  XLXI_3/XLXI_22 (XLXI_3/XLXN_35)
     begin scope: 'XLXI_3/XLXI_7:J'
     LUT2:I0->O            1   0.203   0.000  Mmux_Q_Q_MUX_24_o11 (Q_Q_MUX_24_o)
     FDC:D                     0.102          Q
    ----------------------------------------
    Total                      2.686ns (0.955ns logic, 1.731ns route)
                                       (35.5% logic, 64.5% route)

=========================================================================
Timing constraint: Default period analysis for Clock 'XLXI_2/XLXI_28/TC'
  Clock period: 2.410ns (frequency: 414.964MHz)
  Total number of paths / destination ports: 1 / 1
-------------------------------------------------------------------------
Delay:               2.410ns (Levels of Logic = 1)
  Source:            XLXI_2/XLXI_10 (FF)
  Destination:       XLXI_2/XLXI_10 (FF)
  Source Clock:      XLXI_2/XLXI_28/TC falling
  Destination Clock: XLXI_2/XLXI_28/TC falling

  Data Path: XLXI_2/XLXI_10 to XLXI_2/XLXI_10
                                Gate     Net
    Cell:in->out      fanout   Delay   Delay  Logical Name (Net Name)
    ----------------------------------------  ------------
     FD_1:C->Q             5   0.447   0.714  XLXI_2/XLXI_10 (XLXN_1)
     INV:I->O              1   0.568   0.579  XLXI_2/XLXI_11 (XLXI_2/XLXN_9)
     FD_1:D                    0.102          XLXI_2/XLXI_10
    ----------------------------------------
    Total                      2.410ns (1.117ns logic, 1.293ns route)
                                       (46.4% logic, 53.6% route)

=========================================================================
Timing constraint: Default period analysis for Clock 'OSC'
  Clock period: 6.233ns (frequency: 160.442MHz)
  Total number of paths / destination ports: 306 / 44
-------------------------------------------------------------------------
Delay:               6.233ns (Levels of Logic = 10)
  Source:            XLXI_2/XLXI_1/Q3 (FF)
  Destination:       XLXI_2/XLXI_28/Q3 (FF)
  Source Clock:      OSC falling
  Destination Clock: OSC falling

  Data Path: XLXI_2/XLXI_1/Q3 to XLXI_2/XLXI_28/Q3
                                Gate     Net
    Cell:in->out      fanout   Delay   Delay  Logical Name (Net Name)
    ----------------------------------------  ------------
     FDCE:C->Q             3   0.447   0.898  Q3 (Q3)
     LUT4:I0->O            5   0.203   0.715  Mmux_TC11 (TC)
     end scope: 'XLXI_2/XLXI_1:CEO'
     begin scope: 'XLXI_2/XLXI_14:CE'
     LUT5:I4->O            5   0.205   0.715  CEO1 (CEO)
     end scope: 'XLXI_2/XLXI_14:CEO'
     begin scope: 'XLXI_2/XLXI_17:CE'
     LUT5:I4->O            5   0.205   0.715  CEO1 (CEO)
     end scope: 'XLXI_2/XLXI_17:CEO'
     begin scope: 'XLXI_2/XLXI_22:CE'
     LUT5:I4->O            5   0.205   0.715  CEO1 (CEO)
     end scope: 'XLXI_2/XLXI_22:CEO'
     begin scope: 'XLXI_2/XLXI_25:CE'
     LUT5:I4->O            4   0.205   0.683  CEO1 (CEO)
     end scope: 'XLXI_2/XLXI_25:CEO'
     begin scope: 'XLXI_2/XLXI_28:CE'
     FDCE:CE                   0.322          Q3
    ----------------------------------------
    Total                      6.233ns (1.792ns logic, 4.441ns route)
                                       (28.8% logic, 71.2% route)

=========================================================================
Timing constraint: Default period analysis for Clock 'XLXN_21'
  Clock period: 3.554ns (frequency: 281.365MHz)
  Total number of paths / destination ports: 28 / 12
-------------------------------------------------------------------------
Delay:               3.554ns (Levels of Logic = 3)
  Source:            XLXI_10/XLXI_23/Q (FF)
  Destination:       XLXI_10/XLXI_4/Q (FF)
  Source Clock:      XLXN_21 falling
  Destination Clock: XLXN_21 falling

  Data Path: XLXI_10/XLXI_23/Q to XLXI_10/XLXI_4/Q
                                Gate     Net
    Cell:in->out      fanout   Delay   Delay  Logical Name (Net Name)
    ----------------------------------------  ------------
     FDPE:C->Q             5   0.447   0.714  Q (Q)
     end scope: 'XLXI_10/XLXI_23:Q'
     INV:I->O              2   0.568   0.721  XLXI_10/XLXI_11 (XLXI_10/XLXN_8)
     begin scope: 'XLXI_10/XLXI_4:J'
     LUT2:I0->O            1   0.203   0.579  _n0008_inv1 (_n0008_inv)
     FDCE:CE                   0.322          Q
    ----------------------------------------
    Total                      3.554ns (1.540ns logic, 2.014ns route)
                                       (43.3% logic, 56.7% route)

=========================================================================
Timing constraint: Default OFFSET OUT AFTER for Clock 'XLXN_21'
  Total number of paths / destination ports: 440 / 7
-------------------------------------------------------------------------
Offset:              18.926ns (Levels of Logic = 16)
  Source:            XLXI_11/XLXI_24/Q (FF)
  Destination:       SSD_Segment<2> (PAD)
  Source Clock:      XLXN_21 falling

  Data Path: XLXI_11/XLXI_24/Q to SSD_Segment<2>
                                Gate     Net
    Cell:in->out      fanout   Delay   Delay  Logical Name (Net Name)
    ----------------------------------------  ------------
     FDPE:C->Q             4   0.447   0.788  Q (Q)
     end scope: 'XLXI_11/XLXI_24:Q'
     begin scope: 'XLXI_6/XLXI_144:D0'
     LUT3:I1->O            8   0.203   0.802  Mmux_O11 (O)
     end scope: 'XLXI_6/XLXI_144:O'
     INV:I->O              4   0.568   1.028  XLXI_7/XLXI_5 (XLXI_7/XLXN_30)
     OR2:I1->O             4   0.223   1.048  XLXI_7/XLXI_53 (XLXI_7/XLXN_49)
     OR3:I0->O             2   0.203   0.961  XLXI_7/XLXI_62 (XLXI_7/XLXN_52)
     AND2:I1->O            1   0.223   0.924  XLXI_7/XLXI_70 (XLXI_7/XLXN_58)
     NOR2:I1->O            1   0.223   0.944  XLXI_7/XLXI_74 (XLXI_7/XLXN_61)
     OR2:I0->O             1   0.203   0.924  XLXI_7/XLXI_77 (XLXI_7/XLXN_65)
     NAND2:I1->O           3   0.223   1.015  XLXI_7/XLXI_81 (SSD_Segment_0_OBUF)
     NAND2:I0->O           1   0.203   0.944  XLXI_7/XLXI_84 (XLXI_7/XLXN_83)
     NAND2:I0->O           2   0.203   0.961  XLXI_7/XLXI_87 (SSD_Segment_3_OBUF)
     NAND2:I1->O           1   0.223   0.924  XLXI_7/XLXI_89 (XLXI_7/XLXN_88)
     AND4:I1->O            1   0.223   0.579  XLXI_7/XLXI_90 (XLXI_7/XLXN_91)
     INV:I->O              1   0.568   0.579  XLXI_7/XLXI_91 (SSD_Segment_2_OBUF)
     OBUF:I->O                 2.571          SSD_Segment_2_OBUF (SSD_Segment<2>)
    ----------------------------------------
    Total                     18.926ns (6.507ns logic, 12.419ns route)
                                       (34.4% logic, 65.6% route)

=========================================================================
Timing constraint: Default path analysis
  Total number of paths / destination ports: 220 / 7
-------------------------------------------------------------------------
Delay:               19.827ns (Levels of Logic = 16)
  Source:            SW0 (PAD)
  Destination:       SSD_Segment<2> (PAD)

  Data Path: SW0 to SSD_Segment<2>
                                Gate     Net
    Cell:in->out      fanout   Delay   Delay  Logical Name (Net Name)
    ----------------------------------------  ------------
     IBUF:I->O             4   1.222   0.912  SW0_IBUF (SW0_IBUF)
     begin scope: 'XLXI_6/XLXI_144:S0'
     LUT3:I0->O            8   0.205   0.802  Mmux_O11 (O)
     end scope: 'XLXI_6/XLXI_144:O'
     INV:I->O              4   0.568   1.028  XLXI_7/XLXI_5 (XLXI_7/XLXN_30)
     OR2:I1->O             4   0.223   1.048  XLXI_7/XLXI_53 (XLXI_7/XLXN_49)
     OR3:I0->O             2   0.203   0.961  XLXI_7/XLXI_62 (XLXI_7/XLXN_52)
     AND2:I1->O            1   0.223   0.924  XLXI_7/XLXI_70 (XLXI_7/XLXN_58)
     NOR2:I1->O            1   0.223   0.944  XLXI_7/XLXI_74 (XLXI_7/XLXN_61)
     OR2:I0->O             1   0.203   0.924  XLXI_7/XLXI_77 (XLXI_7/XLXN_65)
     NAND2:I1->O           3   0.223   1.015  XLXI_7/XLXI_81 (SSD_Segment_0_OBUF)
     NAND2:I0->O           1   0.203   0.944  XLXI_7/XLXI_84 (XLXI_7/XLXN_83)
     NAND2:I0->O           2   0.203   0.961  XLXI_7/XLXI_87 (SSD_Segment_3_OBUF)
     NAND2:I1->O           1   0.223   0.924  XLXI_7/XLXI_89 (XLXI_7/XLXN_88)
     AND4:I1->O            1   0.223   0.579  XLXI_7/XLXI_90 (XLXI_7/XLXN_91)
     INV:I->O              1   0.568   0.579  XLXI_7/XLXI_91 (SSD_Segment_2_OBUF)
     OBUF:I->O                 2.571          SSD_Segment_2_OBUF (SSD_Segment<2>)
    ----------------------------------------
    Total                     19.827ns (7.284ns logic, 12.543ns route)
                                       (36.7% logic, 63.3% route)

=========================================================================

Cross Clock Domains Report:
--------------------------

Clock to Setup on destination clock OSC
---------------+---------+---------+---------+---------+
               | Src:Rise| Src:Fall| Src:Rise| Src:Fall|
Source Clock   |Dest:Rise|Dest:Rise|Dest:Fall|Dest:Fall|
---------------+---------+---------+---------+---------+
OSC            |         |         |    6.233|         |
---------------+---------+---------+---------+---------+

Clock to Setup on destination clock XLXI_2/XLXI_28/TC
-----------------+---------+---------+---------+---------+
                 | Src:Rise| Src:Fall| Src:Rise| Src:Fall|
Source Clock     |Dest:Rise|Dest:Rise|Dest:Fall|Dest:Fall|
-----------------+---------+---------+---------+---------+
XLXI_2/XLXI_28/TC|         |         |    2.410|         |
-----------------+---------+---------+---------+---------+

Clock to Setup on destination clock XLXN_1
---------------+---------+---------+---------+---------+
               | Src:Rise| Src:Fall| Src:Rise| Src:Fall|
Source Clock   |Dest:Rise|Dest:Rise|Dest:Fall|Dest:Fall|
---------------+---------+---------+---------+---------+
XLXN_1         |    2.686|         |    1.232|         |
---------------+---------+---------+---------+---------+

Clock to Setup on destination clock XLXN_21
---------------+---------+---------+---------+---------+
               | Src:Rise| Src:Fall| Src:Rise| Src:Fall|
Source Clock   |Dest:Rise|Dest:Rise|Dest:Fall|Dest:Fall|
---------------+---------+---------+---------+---------+
XLXN_21        |         |         |    3.554|         |
---------------+---------+---------+---------+---------+

=========================================================================


Total REAL time to Xst completion: 3.00 secs
Total CPU time to Xst completion: 2.72 secs
 
--> 

Total memory usage is 4501716 kilobytes

Number of errors   :    0 (   0 filtered)
Number of warnings :    1 (   0 filtered)
Number of infos    :   31 (   0 filtered)

