--------------------------------------------------------------------------------
Release 14.7 Trace  (nt64)
Copyright (c) 1995-2013 Xilinx, Inc.  All rights reserved.

C:\Xilinx\14.7\ISE_DS\ISE\bin\nt64\unwrapped\trce.exe -intstyle ise -v 3 -s 3
-n 3 -fastpaths -xml main.twx main.ncd -o main.twr main.pcf -ucf main.ucf

Design file:              main.ncd
Physical constraint file: main.pcf
Device,package,speed:     xc6slx9,tqg144,C,-3 (PRODUCTION 1.23 2013-10-13)
Report level:             verbose report

Environment Variable      Effect 
--------------------      ------ 
NONE                      No environment variables were set
--------------------------------------------------------------------------------

INFO:Timing:2698 - No timing constraints found, doing default enumeration.
INFO:Timing:3412 - To improve timing, see the Timing Closure User Guide (UG612).
INFO:Timing:2752 - To get complete path coverage, use the unconstrained paths 
   option. All paths that are not constrained will be reported in the 
   unconstrained paths section(s) of the report.
INFO:Timing:3339 - The clock-to-out numbers in this timing report are based on 
   a 50 Ohm transmission line loading model.  For the details of this model, 
   and for more information on accounting for different loading conditions, 
   please see the device datasheet.



Data Sheet report:
-----------------
All values displayed in nanoseconds (ns)

Setup/Hold to clock OSC
------------+------------+------------+------------+------------+------------------+--------+
            |Max Setup to|  Process   |Max Hold to |  Process   |                  | Clock  |
Source      | clk (edge) |   Corner   | clk (edge) |   Corner   |Internal Clock(s) | Phase  |
------------+------------+------------+------------+------------+------------------+--------+
BTN3        |    1.102(R)|      SLOW  |   -0.217(R)|      SLOW  |OSC_BUFGP         |   0.000|
DIP<0>      |    6.212(R)|      SLOW  |   -1.369(R)|      FAST  |OSC_BUFGP         |   0.000|
DIP<1>      |    6.411(R)|      SLOW  |   -1.582(R)|      FAST  |OSC_BUFGP         |   0.000|
DIP<2>      |    3.740(R)|      SLOW  |   -1.429(R)|      FAST  |OSC_BUFGP         |   0.000|
SW<0>       |    4.285(R)|      SLOW  |   -0.805(R)|      FAST  |OSC_BUFGP         |   0.000|
SW<1>       |    4.430(R)|      SLOW  |   -0.826(R)|      FAST  |OSC_BUFGP         |   0.000|
SW<2>       |    4.406(R)|      SLOW  |   -0.923(R)|      FAST  |OSC_BUFGP         |   0.000|
SW<3>       |    4.345(R)|      SLOW  |   -0.394(R)|      SLOW  |OSC_BUFGP         |   0.000|
SW<4>       |    4.363(R)|      SLOW  |   -0.784(R)|      FAST  |OSC_BUFGP         |   0.000|
SW<5>       |    3.869(R)|      SLOW  |   -0.594(R)|      FAST  |OSC_BUFGP         |   0.000|
SW<6>       |    4.189(R)|      SLOW  |   -0.791(R)|      FAST  |OSC_BUFGP         |   0.000|
SW<7>       |    3.729(R)|      SLOW  |   -0.755(R)|      FAST  |OSC_BUFGP         |   0.000|
------------+------------+------------+------------+------------+------------------+--------+

Clock OSC to Pad
--------------+-----------------+------------+-----------------+------------+------------------+--------+
              |Max (slowest) clk|  Process   |Min (fastest) clk|  Process   |                  | Clock  |
Destination   |  (edge) to PAD  |   Corner   |  (edge) to PAD  |   Corner   |Internal Clock(s) | Phase  |
--------------+-----------------+------------+-----------------+------------+------------------+--------+
LED<0>        |         9.210(R)|      SLOW  |         4.154(R)|      FAST  |OSC_BUFGP         |   0.000|
LED<1>        |         7.231(R)|      SLOW  |         3.736(R)|      FAST  |OSC_BUFGP         |   0.000|
LED<2>        |         7.269(R)|      SLOW  |         3.744(R)|      FAST  |OSC_BUFGP         |   0.000|
SSD_Segment<0>|        10.925(R)|      SLOW  |         5.313(R)|      FAST  |OSC_BUFGP         |   0.000|
SSD_Segment<1>|        10.708(R)|      SLOW  |         5.175(R)|      FAST  |OSC_BUFGP         |   0.000|
SSD_Segment<2>|        10.471(R)|      SLOW  |         5.216(R)|      FAST  |OSC_BUFGP         |   0.000|
SSD_Segment<3>|        10.638(R)|      SLOW  |         5.304(R)|      FAST  |OSC_BUFGP         |   0.000|
SSD_Segment<4>|        10.623(R)|      SLOW  |         5.102(R)|      FAST  |OSC_BUFGP         |   0.000|
SSD_Segment<5>|        11.059(R)|      SLOW  |         5.357(R)|      FAST  |OSC_BUFGP         |   0.000|
SSD_Segment<6>|        11.045(R)|      SLOW  |         4.976(R)|      FAST  |OSC_BUFGP         |   0.000|
--------------+-----------------+------------+-----------------+------------+------------------+--------+

Clock to Setup on destination clock OSC
---------------+---------+---------+---------+---------+
               | Src:Rise| Src:Fall| Src:Rise| Src:Fall|
Source Clock   |Dest:Rise|Dest:Rise|Dest:Fall|Dest:Fall|
---------------+---------+---------+---------+---------+
OSC            |    3.894|         |         |    4.027|
---------------+---------+---------+---------+---------+

Pad to Pad
---------------+---------------+---------+
Source Pad     |Destination Pad|  Delay  |
---------------+---------------+---------+
SW<0>          |SSD_Segment<0> |    9.951|
SW<0>          |SSD_Segment<1> |    9.734|
SW<0>          |SSD_Segment<2> |    9.380|
SW<0>          |SSD_Segment<3> |    9.547|
SW<0>          |SSD_Segment<4> |    9.123|
SW<0>          |SSD_Segment<5> |    9.559|
SW<0>          |SSD_Segment<6> |    9.160|
SW<1>          |SSD_Segment<0> |   10.737|
SW<1>          |SSD_Segment<1> |   10.520|
SW<1>          |SSD_Segment<2> |    9.960|
SW<1>          |SSD_Segment<3> |   10.127|
SW<1>          |SSD_Segment<4> |    9.745|
SW<1>          |SSD_Segment<5> |   10.181|
SW<1>          |SSD_Segment<6> |    9.524|
SW<2>          |SSD_Segment<0> |   10.831|
SW<2>          |SSD_Segment<1> |   10.614|
SW<2>          |SSD_Segment<2> |   10.268|
SW<2>          |SSD_Segment<3> |   10.435|
SW<2>          |SSD_Segment<4> |   10.035|
SW<2>          |SSD_Segment<5> |   10.471|
SW<2>          |SSD_Segment<6> |    9.622|
SW<3>          |SSD_Segment<0> |    8.570|
SW<3>          |SSD_Segment<1> |    8.353|
SW<3>          |SSD_Segment<2> |    8.402|
SW<3>          |SSD_Segment<3> |    8.569|
SW<3>          |SSD_Segment<4> |    8.554|
SW<3>          |SSD_Segment<5> |    8.990|
SW<3>          |SSD_Segment<6> |    8.976|
SW<4>          |SSD_Segment<0> |   10.306|
SW<4>          |SSD_Segment<1> |   10.089|
SW<4>          |SSD_Segment<2> |    9.735|
SW<4>          |SSD_Segment<3> |    9.902|
SW<4>          |SSD_Segment<4> |    9.478|
SW<4>          |SSD_Segment<5> |    9.914|
SW<4>          |SSD_Segment<6> |    9.515|
SW<5>          |SSD_Segment<0> |   10.221|
SW<5>          |SSD_Segment<1> |   10.004|
SW<5>          |SSD_Segment<2> |    9.444|
SW<5>          |SSD_Segment<3> |    9.611|
SW<5>          |SSD_Segment<4> |    9.229|
SW<5>          |SSD_Segment<5> |    9.665|
SW<5>          |SSD_Segment<6> |    9.008|
SW<6>          |SSD_Segment<0> |   10.858|
SW<6>          |SSD_Segment<1> |   10.641|
SW<6>          |SSD_Segment<2> |   10.295|
SW<6>          |SSD_Segment<3> |   10.462|
SW<6>          |SSD_Segment<4> |   10.062|
SW<6>          |SSD_Segment<5> |   10.498|
SW<6>          |SSD_Segment<6> |    9.649|
SW<7>          |SSD_Segment<0> |    8.363|
SW<7>          |SSD_Segment<1> |    8.146|
SW<7>          |SSD_Segment<2> |    8.195|
SW<7>          |SSD_Segment<3> |    8.362|
SW<7>          |SSD_Segment<4> |    8.347|
SW<7>          |SSD_Segment<5> |    8.783|
SW<7>          |SSD_Segment<6> |    8.769|
---------------+---------------+---------+


Analysis completed Tue Oct 01 09:08:48 2024 
--------------------------------------------------------------------------------

Trace Settings:
-------------------------
Trace Settings 

Peak Memory Usage: 4586 MB



