Release 14.7 - xst P.20131013 (nt64)
Copyright (c) 1995-2013 Xilinx, Inc.  All rights reserved.
--> Parameter TMPDIR set to xst/projnav.tmp


Total REAL time to Xst completion: 0.00 secs
Total CPU time to Xst completion: 0.15 secs
 
--> Parameter xsthdpdir set to xst


Total REAL time to Xst completion: 0.00 secs
Total CPU time to Xst completion: 0.15 secs
 
--> Reading design: main.prj

TABLE OF CONTENTS
  1) Synthesis Options Summary
  2) HDL Parsing
  3) HDL Elaboration
  4) HDL Synthesis
       4.1) HDL Synthesis Report
  5) Advanced HDL Synthesis
       5.1) Advanced HDL Synthesis Report
  6) Low Level Synthesis
  7) Partition Report
  8) Design Summary
       8.1) Primitive and Black Box Usage
       8.2) Device utilization summary
       8.3) Partition Resource Summary
       8.4) Timing Report
            8.4.1) Clock Information
            8.4.2) Asynchronous Control Signals Information
            8.4.3) Timing Summary
            8.4.4) Timing Details
            8.4.5) Cross Clock Domains Report


=========================================================================
*                      Synthesis Options Summary                        *
=========================================================================
---- Source Parameters
Input File Name                    : "main.prj"
Ignore Synthesis Constraint File   : NO

---- Target Parameters
Output File Name                   : "main"
Output Format                      : NGC
Target Device                      : xc6slx9-3-tqg144

---- Source Options
Top Module Name                    : main
Automatic FSM Extraction           : YES
FSM Encoding Algorithm             : Auto
Safe Implementation                : No
FSM Style                          : LUT
RAM Extraction                     : Yes
RAM Style                          : Auto
ROM Extraction                     : Yes
Shift Register Extraction          : YES
ROM Style                          : Auto
Resource Sharing                   : YES
Asynchronous To Synchronous        : NO
Shift Register Minimum Size        : 2
Use DSP Block                      : Auto
Automatic Register Balancing       : No

---- Target Options
LUT Combining                      : Auto
Reduce Control Sets                : Auto
Add IO Buffers                     : YES
Global Maximum Fanout              : 100000
Add Generic Clock Buffer(BUFG)     : 16
Register Duplication               : YES
Optimize Instantiated Primitives   : NO
Use Clock Enable                   : Auto
Use Synchronous Set                : Auto
Use Synchronous Reset              : Auto
Pack IO Registers into IOBs        : Auto
Equivalent register Removal        : YES

---- General Options
Optimization Goal                  : Speed
Optimization Effort                : 1
Power Reduction                    : NO
Keep Hierarchy                     : No
Netlist Hierarchy                  : As_Optimized
RTL Output                         : Yes
Global Optimization                : AllClockNets
Read Cores                         : YES
Write Timing Constraints           : NO
Cross Clock Analysis               : NO
Hierarchy Separator                : /
Bus Delimiter                      : <>
Case Specifier                     : Maintain
Slice Utilization Ratio            : 100
BRAM Utilization Ratio             : 100
DSP48 Utilization Ratio            : 100
Auto BRAM Packing                  : NO
Slice Utilization Ratio Delta      : 5

=========================================================================


=========================================================================
*                          HDL Parsing                                  *
=========================================================================
Analyzing Verilog file "D:\Classes-2024\Digital System Fundamentals Shared\Labs\10\super-simple-cpu\xor2x8b.vf" into library work
Parsing module <xor2x8b>.
Analyzing Verilog file "D:\Classes-2024\Digital System Fundamentals Shared\Labs\10\super-simple-cpu\or2x8b.vf" into library work
Parsing module <or2x8b>.
Analyzing Verilog file "D:\Classes-2024\Digital System Fundamentals Shared\Labs\10\super-simple-cpu\mux8x1x8e.vf" into library work
Parsing module <M8_1E_HXILINX_mux8x1x8e>.
Parsing module <mux8x1x8e>.
Analyzing Verilog file "D:\Classes-2024\Digital System Fundamentals Shared\Labs\10\super-simple-cpu\lshift.vf" into library work
Parsing module <M2_1E_HXILINX_lshift>.
Parsing module <OR8_HXILINX_lshift>.
Parsing module <M2_1_HXILINX_lshift>.
Parsing module <lshift>.
Analyzing Verilog file "D:\Classes-2024\Digital System Fundamentals Shared\Labs\10\super-simple-cpu\buf8b.vf" into library work
Parsing module <buf8b>.
Analyzing Verilog file "D:\Classes-2024\Digital System Fundamentals Shared\Labs\10\super-simple-cpu\and2x8b.vf" into library work
Parsing module <and2x8b>.
Analyzing Verilog file "D:\Classes-2024\Digital System Fundamentals Shared\Labs\10\super-simple-cpu\ssd4d0ftb.vf" into library work
Parsing module <M4_1E_HXILINX_ssd4d0ftb>.
Parsing module <D2_4E_HXILINX_ssd4d0ftb>.
Parsing module <CB2CE_HXILINX_ssd4d0ftb>.
Parsing module <ssd4d0ftb>.
Analyzing Verilog file "D:\Classes-2024\Digital System Fundamentals Shared\Labs\10\super-simple-cpu\split8x4x4.vf" into library work
Parsing module <split8x4x4>.
Analyzing Verilog file "D:\Classes-2024\Digital System Fundamentals Shared\Labs\10\super-simple-cpu\edetect.vf" into library work
Parsing module <edetect>.
Analyzing Verilog file "D:\Classes-2024\Digital System Fundamentals Shared\Labs\10\super-simple-cpu\clkdiv20k.vf" into library work
Parsing module <CD4CE_HXILINX_clkdiv20k>.
Parsing module <clkdiv20k>.
Analyzing Verilog file "D:\Classes-2024\Digital System Fundamentals Shared\Labs\10\super-simple-cpu\alu.vf" into library work
Parsing module <FD8CE_HXILINX_alu>.
Parsing module <M2_1E_HXILINX_alu>.
Parsing module <M8_1E_HXILINX_alu>.
Parsing module <NOR8_HXILINX_alu>.
Parsing module <OR8_HXILINX_alu>.
Parsing module <ADSU8_HXILINX_alu>.
Parsing module <D3_8E_HXILINX_alu>.
Parsing module <M2_1_HXILINX_alu>.
Parsing module <lshift_MUSER_alu>.
Parsing module <buf8b_MUSER_alu>.
Parsing module <mux8x1x8e_MUSER_alu>.
Parsing module <or2x8b_MUSER_alu>.
Parsing module <and2x8b_MUSER_alu>.
Parsing module <xor2x8b_MUSER_alu>.
Parsing module <alu>.
Analyzing Verilog file "D:\Classes-2024\Digital System Fundamentals Shared\Labs\10\super-simple-cpu\main.vf" into library work
Parsing module <FD8CE_HXILINX_main>.
Parsing module <M2_1E_HXILINX_main>.
Parsing module <M8_1E_HXILINX_main>.
Parsing module <NOR8_HXILINX_main>.
Parsing module <OR8_HXILINX_main>.
Parsing module <ADSU8_HXILINX_main>.
Parsing module <CD4CE_HXILINX_main>.
Parsing module <D3_8E_HXILINX_main>.
Parsing module <M4_1E_HXILINX_main>.
Parsing module <D2_4E_HXILINX_main>.
Parsing module <M2_1_HXILINX_main>.
Parsing module <CB2CE_HXILINX_main>.
Parsing module <split8x4x4_MUSER_main>.
Parsing module <clkdiv20k_MUSER_main>.
Parsing module <ssd4d0ftb_MUSER_main>.
Parsing module <edetect_MUSER_main>.
Parsing module <lshift_MUSER_main>.
Parsing module <buf8b_MUSER_main>.
Parsing module <mux8x1x8e_MUSER_main>.
Parsing module <or2x8b_MUSER_main>.
Parsing module <and2x8b_MUSER_main>.
Parsing module <xor2x8b_MUSER_main>.
Parsing module <alu_MUSER_main>.
Parsing module <main>.

=========================================================================
*                            HDL Elaboration                            *
=========================================================================

Elaborating module <main>.

Elaborating module <alu_MUSER_main>.

Elaborating module <ADSU8_HXILINX_main>.

Elaborating module <xor2x8b_MUSER_main>.

Elaborating module <XOR2>.

Elaborating module <and2x8b_MUSER_main>.

Elaborating module <AND2>.

Elaborating module <or2x8b_MUSER_main>.

Elaborating module <OR2>.

Elaborating module <buf8b_MUSER_main>.

Elaborating module <BUF>.

Elaborating module <FD8CE_HXILINX_main>.

Elaborating module <mux8x1x8e_MUSER_main>.

Elaborating module <M8_1E_HXILINX_main>.

Elaborating module <VCC>.

Elaborating module <GND>.

Elaborating module <NOR8_HXILINX_main>.

Elaborating module <D3_8E_HXILINX_main>.

Elaborating module <FDE(INIT=1'b0)>.

Elaborating module <lshift_MUSER_main>.

Elaborating module <M2_1_HXILINX_main>.

Elaborating module <M2_1E_HXILINX_main>.

Elaborating module <NOR5>.

Elaborating module <OR8_HXILINX_main>.

Elaborating module <AND2B1>.

Elaborating module <edetect_MUSER_main>.

Elaborating module <FD(INIT=1'b0)>.

Elaborating module <ssd4d0ftb_MUSER_main>.

Elaborating module <LUT4(INIT=16'b1110111101111100)>.

Elaborating module <LUT4(INIT=16'b1101111101110001)>.

Elaborating module <LUT4(INIT=16'b1111110101000101)>.

Elaborating module <LUT4(INIT=16'b0111101101101101)>.

Elaborating module <LUT4(INIT=16'b010111111111011)>.

Elaborating module <LUT4(INIT=16'b010011110011111)>.

Elaborating module <LUT4(INIT=16'b1101011111101101)>.

Elaborating module <CB2CE_HXILINX_main>.
WARNING:HDLCompiler:413 - "D:\Classes-2024\Digital System Fundamentals Shared\Labs\10\super-simple-cpu\main.vf" Line 390: Result of 3-bit expression is truncated to fit in 2-bit target.

Elaborating module <M4_1E_HXILINX_main>.

Elaborating module <D2_4E_HXILINX_main>.

Elaborating module <INV>.

Elaborating module <clkdiv20k_MUSER_main>.

Elaborating module <CD4CE_HXILINX_main>.
WARNING:HDLCompiler:413 - "D:\Classes-2024\Digital System Fundamentals Shared\Labs\10\super-simple-cpu\main.vf" Line 221: Result of 5-bit expression is truncated to fit in 4-bit target.

Elaborating module <FD_1(INIT=1'b0)>.

Elaborating module <split8x4x4_MUSER_main>.

=========================================================================
*                           HDL Synthesis                               *
=========================================================================

Synthesizing Unit <main>.
    Related source file is "D:\Classes-2024\Digital System Fundamentals Shared\Labs\10\super-simple-cpu\main.vf".
    Summary:
	no macro.
Unit <main> synthesized.

Synthesizing Unit <alu_MUSER_main>.
    Related source file is "D:\Classes-2024\Digital System Fundamentals Shared\Labs\10\super-simple-cpu\main.vf".
    Set property "HU_SET = XLXI_2_83" for instance <XLXI_2>.
    Set property "HU_SET = XLXI_21_82" for instance <XLXI_21>.
    Set property "HU_SET = XLXI_57_84" for instance <XLXI_57>.
    Set property "HU_SET = XLXI_71_85" for instance <XLXI_71>.
INFO:Xst:3210 - "D:\Classes-2024\Digital System Fundamentals Shared\Labs\10\super-simple-cpu\main.vf" line 1251: Output port <D0> of the instance <XLXI_71> is unconnected or connected to loadless signal.
INFO:Xst:3210 - "D:\Classes-2024\Digital System Fundamentals Shared\Labs\10\super-simple-cpu\main.vf" line 1251: Output port <D3> of the instance <XLXI_71> is unconnected or connected to loadless signal.
INFO:Xst:3210 - "D:\Classes-2024\Digital System Fundamentals Shared\Labs\10\super-simple-cpu\main.vf" line 1251: Output port <D5> of the instance <XLXI_71> is unconnected or connected to loadless signal.
INFO:Xst:3210 - "D:\Classes-2024\Digital System Fundamentals Shared\Labs\10\super-simple-cpu\main.vf" line 1251: Output port <D6> of the instance <XLXI_71> is unconnected or connected to loadless signal.
INFO:Xst:3210 - "D:\Classes-2024\Digital System Fundamentals Shared\Labs\10\super-simple-cpu\main.vf" line 1251: Output port <D7> of the instance <XLXI_71> is unconnected or connected to loadless signal.
    Summary:
	no macro.
Unit <alu_MUSER_main> synthesized.

Synthesizing Unit <ADSU8_HXILINX_main>.
    Related source file is "D:\Classes-2024\Digital System Fundamentals Shared\Labs\10\super-simple-cpu\main.vf".
    Found 9-bit subtractor for signal <GND_3_o_GND_3_o_sub_3_OUT> created at line 174.
    Found 9-bit subtractor for signal <GND_3_o_GND_3_o_sub_4_OUT> created at line 174.
    Found 9-bit adder for signal <n0039> created at line 172.
    Found 9-bit adder for signal <BUS_0001_GND_3_o_add_1_OUT> created at line 172.
    Summary:
	inferred   2 Adder/Subtractor(s).
	inferred   4 Multiplexer(s).
Unit <ADSU8_HXILINX_main> synthesized.

Synthesizing Unit <xor2x8b_MUSER_main>.
    Related source file is "D:\Classes-2024\Digital System Fundamentals Shared\Labs\10\super-simple-cpu\main.vf".
    Summary:
	no macro.
Unit <xor2x8b_MUSER_main> synthesized.

Synthesizing Unit <and2x8b_MUSER_main>.
    Related source file is "D:\Classes-2024\Digital System Fundamentals Shared\Labs\10\super-simple-cpu\main.vf".
    Summary:
	no macro.
Unit <and2x8b_MUSER_main> synthesized.

Synthesizing Unit <or2x8b_MUSER_main>.
    Related source file is "D:\Classes-2024\Digital System Fundamentals Shared\Labs\10\super-simple-cpu\main.vf".
    Summary:
	no macro.
Unit <or2x8b_MUSER_main> synthesized.

Synthesizing Unit <buf8b_MUSER_main>.
    Related source file is "D:\Classes-2024\Digital System Fundamentals Shared\Labs\10\super-simple-cpu\main.vf".
    Summary:
	no macro.
Unit <buf8b_MUSER_main> synthesized.

Synthesizing Unit <FD8CE_HXILINX_main>.
    Related source file is "D:\Classes-2024\Digital System Fundamentals Shared\Labs\10\super-simple-cpu\main.vf".
    Found 8-bit register for signal <Q>.
    Summary:
	inferred   8 D-type flip-flop(s).
Unit <FD8CE_HXILINX_main> synthesized.

Synthesizing Unit <mux8x1x8e_MUSER_main>.
    Related source file is "D:\Classes-2024\Digital System Fundamentals Shared\Labs\10\super-simple-cpu\main.vf".
    Set property "HU_SET = XLXI_1_74" for instance <XLXI_1>.
    Set property "HU_SET = XLXI_2_75" for instance <XLXI_2>.
    Set property "HU_SET = XLXI_3_76" for instance <XLXI_3>.
    Set property "HU_SET = XLXI_4_77" for instance <XLXI_4>.
    Set property "HU_SET = XLXI_5_78" for instance <XLXI_5>.
    Set property "HU_SET = XLXI_6_79" for instance <XLXI_6>.
    Set property "HU_SET = XLXI_7_80" for instance <XLXI_7>.
    Set property "HU_SET = XLXI_8_81" for instance <XLXI_8>.
    Summary:
	no macro.
Unit <mux8x1x8e_MUSER_main> synthesized.

Synthesizing Unit <M8_1E_HXILINX_main>.
    Related source file is "D:\Classes-2024\Digital System Fundamentals Shared\Labs\10\super-simple-cpu\main.vf".
    Found 1-bit 8-to-1 multiplexer for signal <S2_D7_Mux_0_o> created at line 101.
    Summary:
	inferred   2 Multiplexer(s).
Unit <M8_1E_HXILINX_main> synthesized.

Synthesizing Unit <NOR8_HXILINX_main>.
    Related source file is "D:\Classes-2024\Digital System Fundamentals Shared\Labs\10\super-simple-cpu\main.vf".
    Summary:
	no macro.
Unit <NOR8_HXILINX_main> synthesized.

Synthesizing Unit <D3_8E_HXILINX_main>.
    Related source file is "D:\Classes-2024\Digital System Fundamentals Shared\Labs\10\super-simple-cpu\main.vf".
    Summary:
	inferred   8 Multiplexer(s).
Unit <D3_8E_HXILINX_main> synthesized.

Synthesizing Unit <lshift_MUSER_main>.
    Related source file is "D:\Classes-2024\Digital System Fundamentals Shared\Labs\10\super-simple-cpu\main.vf".
    Set property "HU_SET = XLXI_436_48" for instance <XLXI_436>.
    Set property "HU_SET = XLXI_437_49" for instance <XLXI_437>.
    Set property "HU_SET = XLXI_438_50" for instance <XLXI_438>.
    Set property "HU_SET = XLXI_439_51" for instance <XLXI_439>.
    Set property "HU_SET = XLXI_440_52" for instance <XLXI_440>.
    Set property "HU_SET = XLXI_441_53" for instance <XLXI_441>.
    Set property "HU_SET = XLXI_442_54" for instance <XLXI_442>.
    Set property "HU_SET = XLXI_443_55" for instance <XLXI_443>.
    Set property "HU_SET = XLXI_454_56" for instance <XLXI_454>.
    Set property "HU_SET = XLXI_455_57" for instance <XLXI_455>.
    Set property "HU_SET = XLXI_456_58" for instance <XLXI_456>.
    Set property "HU_SET = XLXI_457_59" for instance <XLXI_457>.
    Set property "HU_SET = XLXI_458_60" for instance <XLXI_458>.
    Set property "HU_SET = XLXI_459_61" for instance <XLXI_459>.
    Set property "HU_SET = XLXI_460_62" for instance <XLXI_460>.
    Set property "HU_SET = XLXI_461_63" for instance <XLXI_461>.
    Set property "HU_SET = XLXI_466_64" for instance <XLXI_466>.
    Set property "HU_SET = XLXI_467_65" for instance <XLXI_467>.
    Set property "HU_SET = XLXI_468_66" for instance <XLXI_468>.
    Set property "HU_SET = XLXI_469_67" for instance <XLXI_469>.
    Set property "HU_SET = XLXI_470_68" for instance <XLXI_470>.
    Set property "HU_SET = XLXI_471_69" for instance <XLXI_471>.
    Set property "HU_SET = XLXI_472_70" for instance <XLXI_472>.
    Set property "HU_SET = XLXI_473_71" for instance <XLXI_473>.
    Set property "HU_SET = XLXI_558_72" for instance <XLXI_558>.
    Set property "HU_SET = XLXI_645_73" for instance <XLXI_645>.
    Summary:
	no macro.
Unit <lshift_MUSER_main> synthesized.

Synthesizing Unit <M2_1_HXILINX_main>.
    Related source file is "D:\Classes-2024\Digital System Fundamentals Shared\Labs\10\super-simple-cpu\main.vf".
    Summary:
	inferred   1 Multiplexer(s).
Unit <M2_1_HXILINX_main> synthesized.

Synthesizing Unit <M2_1E_HXILINX_main>.
    Related source file is "D:\Classes-2024\Digital System Fundamentals Shared\Labs\10\super-simple-cpu\main.vf".
    Summary:
	inferred   2 Multiplexer(s).
Unit <M2_1E_HXILINX_main> synthesized.

Synthesizing Unit <OR8_HXILINX_main>.
    Related source file is "D:\Classes-2024\Digital System Fundamentals Shared\Labs\10\super-simple-cpu\main.vf".
    Summary:
	no macro.
Unit <OR8_HXILINX_main> synthesized.

Synthesizing Unit <edetect_MUSER_main>.
    Related source file is "D:\Classes-2024\Digital System Fundamentals Shared\Labs\10\super-simple-cpu\main.vf".
    Summary:
	no macro.
Unit <edetect_MUSER_main> synthesized.

Synthesizing Unit <ssd4d0ftb_MUSER_main>.
    Related source file is "D:\Classes-2024\Digital System Fundamentals Shared\Labs\10\super-simple-cpu\main.vf".
    Set property "HU_SET = XLXI_162_47" for instance <XLXI_162>.
    Set property "HU_SET = XLXI_183_42" for instance <XLXI_183>.
    Set property "HU_SET = XLXI_184_43" for instance <XLXI_184>.
    Set property "HU_SET = XLXI_185_44" for instance <XLXI_185>.
    Set property "HU_SET = XLXI_186_45" for instance <XLXI_186>.
    Set property "HU_SET = XLXI_210_46" for instance <XLXI_210>.
INFO:Xst:3210 - "D:\Classes-2024\Digital System Fundamentals Shared\Labs\10\super-simple-cpu\main.vf" line 561: Output port <CEO> of the instance <XLXI_162> is unconnected or connected to loadless signal.
INFO:Xst:3210 - "D:\Classes-2024\Digital System Fundamentals Shared\Labs\10\super-simple-cpu\main.vf" line 561: Output port <TC> of the instance <XLXI_162> is unconnected or connected to loadless signal.
    Summary:
	no macro.
Unit <ssd4d0ftb_MUSER_main> synthesized.

Synthesizing Unit <CB2CE_HXILINX_main>.
    Related source file is "D:\Classes-2024\Digital System Fundamentals Shared\Labs\10\super-simple-cpu\main.vf".
    Found 1-bit register for signal <Q1>.
    Found 1-bit register for signal <Q0>.
    Found 2-bit adder for signal <Q1_GND_36_o_add_0_OUT> created at line 390.
    Summary:
	inferred   1 Adder/Subtractor(s).
	inferred   2 D-type flip-flop(s).
Unit <CB2CE_HXILINX_main> synthesized.

Synthesizing Unit <M4_1E_HXILINX_main>.
    Related source file is "D:\Classes-2024\Digital System Fundamentals Shared\Labs\10\super-simple-cpu\main.vf".
    Found 1-bit 4-to-1 multiplexer for signal <S1_D3_Mux_0_o> created at line 300.
    Summary:
	inferred   2 Multiplexer(s).
Unit <M4_1E_HXILINX_main> synthesized.

Synthesizing Unit <D2_4E_HXILINX_main>.
    Related source file is "D:\Classes-2024\Digital System Fundamentals Shared\Labs\10\super-simple-cpu\main.vf".
    Summary:
	inferred   4 Multiplexer(s).
Unit <D2_4E_HXILINX_main> synthesized.

Synthesizing Unit <clkdiv20k_MUSER_main>.
    Related source file is "D:\Classes-2024\Digital System Fundamentals Shared\Labs\10\super-simple-cpu\main.vf".
    Set property "HU_SET = XLXI_1_38" for instance <XLXI_1>.
    Set property "HU_SET = XLXI_14_39" for instance <XLXI_14>.
    Set property "HU_SET = XLXI_17_40" for instance <XLXI_17>.
    Set property "HU_SET = XLXI_22_41" for instance <XLXI_22>.
INFO:Xst:3210 - "D:\Classes-2024\Digital System Fundamentals Shared\Labs\10\super-simple-cpu\main.vf" line 445: Output port <Q0> of the instance <XLXI_1> is unconnected or connected to loadless signal.
INFO:Xst:3210 - "D:\Classes-2024\Digital System Fundamentals Shared\Labs\10\super-simple-cpu\main.vf" line 445: Output port <Q1> of the instance <XLXI_1> is unconnected or connected to loadless signal.
INFO:Xst:3210 - "D:\Classes-2024\Digital System Fundamentals Shared\Labs\10\super-simple-cpu\main.vf" line 445: Output port <Q2> of the instance <XLXI_1> is unconnected or connected to loadless signal.
INFO:Xst:3210 - "D:\Classes-2024\Digital System Fundamentals Shared\Labs\10\super-simple-cpu\main.vf" line 445: Output port <Q3> of the instance <XLXI_1> is unconnected or connected to loadless signal.
INFO:Xst:3210 - "D:\Classes-2024\Digital System Fundamentals Shared\Labs\10\super-simple-cpu\main.vf" line 445: Output port <TC> of the instance <XLXI_1> is unconnected or connected to loadless signal.
INFO:Xst:3210 - "D:\Classes-2024\Digital System Fundamentals Shared\Labs\10\super-simple-cpu\main.vf" line 462: Output port <Q0> of the instance <XLXI_14> is unconnected or connected to loadless signal.
INFO:Xst:3210 - "D:\Classes-2024\Digital System Fundamentals Shared\Labs\10\super-simple-cpu\main.vf" line 462: Output port <Q1> of the instance <XLXI_14> is unconnected or connected to loadless signal.
INFO:Xst:3210 - "D:\Classes-2024\Digital System Fundamentals Shared\Labs\10\super-simple-cpu\main.vf" line 462: Output port <Q2> of the instance <XLXI_14> is unconnected or connected to loadless signal.
INFO:Xst:3210 - "D:\Classes-2024\Digital System Fundamentals Shared\Labs\10\super-simple-cpu\main.vf" line 462: Output port <Q3> of the instance <XLXI_14> is unconnected or connected to loadless signal.
INFO:Xst:3210 - "D:\Classes-2024\Digital System Fundamentals Shared\Labs\10\super-simple-cpu\main.vf" line 462: Output port <TC> of the instance <XLXI_14> is unconnected or connected to loadless signal.
INFO:Xst:3210 - "D:\Classes-2024\Digital System Fundamentals Shared\Labs\10\super-simple-cpu\main.vf" line 472: Output port <Q0> of the instance <XLXI_17> is unconnected or connected to loadless signal.
INFO:Xst:3210 - "D:\Classes-2024\Digital System Fundamentals Shared\Labs\10\super-simple-cpu\main.vf" line 472: Output port <Q1> of the instance <XLXI_17> is unconnected or connected to loadless signal.
INFO:Xst:3210 - "D:\Classes-2024\Digital System Fundamentals Shared\Labs\10\super-simple-cpu\main.vf" line 472: Output port <Q2> of the instance <XLXI_17> is unconnected or connected to loadless signal.
INFO:Xst:3210 - "D:\Classes-2024\Digital System Fundamentals Shared\Labs\10\super-simple-cpu\main.vf" line 472: Output port <Q3> of the instance <XLXI_17> is unconnected or connected to loadless signal.
INFO:Xst:3210 - "D:\Classes-2024\Digital System Fundamentals Shared\Labs\10\super-simple-cpu\main.vf" line 472: Output port <TC> of the instance <XLXI_17> is unconnected or connected to loadless signal.
INFO:Xst:3210 - "D:\Classes-2024\Digital System Fundamentals Shared\Labs\10\super-simple-cpu\main.vf" line 482: Output port <CEO> of the instance <XLXI_22> is unconnected or connected to loadless signal.
INFO:Xst:3210 - "D:\Classes-2024\Digital System Fundamentals Shared\Labs\10\super-simple-cpu\main.vf" line 482: Output port <Q0> of the instance <XLXI_22> is unconnected or connected to loadless signal.
INFO:Xst:3210 - "D:\Classes-2024\Digital System Fundamentals Shared\Labs\10\super-simple-cpu\main.vf" line 482: Output port <Q1> of the instance <XLXI_22> is unconnected or connected to loadless signal.
INFO:Xst:3210 - "D:\Classes-2024\Digital System Fundamentals Shared\Labs\10\super-simple-cpu\main.vf" line 482: Output port <Q2> of the instance <XLXI_22> is unconnected or connected to loadless signal.
INFO:Xst:3210 - "D:\Classes-2024\Digital System Fundamentals Shared\Labs\10\super-simple-cpu\main.vf" line 482: Output port <Q3> of the instance <XLXI_22> is unconnected or connected to loadless signal.
    Summary:
	no macro.
Unit <clkdiv20k_MUSER_main> synthesized.

Synthesizing Unit <CD4CE_HXILINX_main>.
    Related source file is "D:\Classes-2024\Digital System Fundamentals Shared\Labs\10\super-simple-cpu\main.vf".
        TERMINAL_COUNT = 4'b1001
    Found 1-bit register for signal <Q1>.
    Found 1-bit register for signal <Q2>.
    Found 1-bit register for signal <Q3>.
    Found 1-bit register for signal <Q0>.
    Found 4-bit adder for signal <Q3_GND_41_o_add_4_OUT> created at line 221.
    Summary:
	inferred   1 Adder/Subtractor(s).
	inferred   4 D-type flip-flop(s).
	inferred   7 Multiplexer(s).
Unit <CD4CE_HXILINX_main> synthesized.

Synthesizing Unit <split8x4x4_MUSER_main>.
    Related source file is "D:\Classes-2024\Digital System Fundamentals Shared\Labs\10\super-simple-cpu\main.vf".
    Summary:
	no macro.
Unit <split8x4x4_MUSER_main> synthesized.

=========================================================================
HDL Synthesis Report

Macro Statistics
# Adders/Subtractors                                   : 7
 2-bit adder                                           : 1
 4-bit adder                                           : 4
 9-bit addsub                                          : 2
# Registers                                            : 19
 1-bit register                                        : 18
 8-bit register                                        : 1
# Multiplexers                                         : 100
 1-bit 2-to-1 multiplexer                              : 86
 1-bit 4-to-1 multiplexer                              : 4
 1-bit 8-to-1 multiplexer                              : 8
 9-bit 2-to-1 multiplexer                              : 2

=========================================================================
INFO:Xst:1767 - HDL ADVISOR - Resource sharing has identified that some arithmetic operations in this design can share the same physical resources for reduced device utilization. For improved clock frequency you may try to disable resource sharing.

=========================================================================
*                       Advanced HDL Synthesis                          *
=========================================================================


=========================================================================
Advanced HDL Synthesis Report

Macro Statistics
# Adders/Subtractors                                   : 7
 2-bit adder                                           : 1
 4-bit adder                                           : 4
 9-bit addsub                                          : 2
# Registers                                            : 31
 Flip-Flops                                            : 31
# Multiplexers                                         : 84
 1-bit 2-to-1 multiplexer                              : 70
 1-bit 4-to-1 multiplexer                              : 4
 1-bit 8-to-1 multiplexer                              : 8
 9-bit 2-to-1 multiplexer                              : 2

=========================================================================

=========================================================================
*                         Low Level Synthesis                           *
=========================================================================

Optimizing unit <main> ...

Optimizing unit <buf8b_MUSER_main> ...

Optimizing unit <FD8CE_HXILINX_main> ...

Optimizing unit <mux8x1x8e_MUSER_main> ...

Optimizing unit <split8x4x4_MUSER_main> ...

Optimizing unit <ssd4d0ftb_MUSER_main> ...

Optimizing unit <XLXI_94/XLXI_436> ...

Optimizing unit <XLXI_94/XLXI_437> ...

Optimizing unit <XLXI_94/XLXI_438> ...

Optimizing unit <XLXI_94/XLXI_439> ...

Optimizing unit <XLXI_94/XLXI_440> ...

Optimizing unit <XLXI_94/XLXI_441> ...

Optimizing unit <XLXI_94/XLXI_442> ...

Optimizing unit <XLXI_94/XLXI_443> ...

Optimizing unit <XLXI_94/XLXI_454> ...

Optimizing unit <XLXI_94/XLXI_455> ...

Optimizing unit <XLXI_94/XLXI_456> ...

Optimizing unit <XLXI_94/XLXI_457> ...

Optimizing unit <XLXI_94/XLXI_458> ...

Optimizing unit <XLXI_94/XLXI_459> ...

Optimizing unit <XLXI_94/XLXI_460> ...

Optimizing unit <XLXI_94/XLXI_461> ...

Optimizing unit <alu_MUSER_main> ...

Optimizing unit <ADSU8_HXILINX_main> ...

Optimizing unit <OR8_HXILINX_main> ...

Optimizing unit <M2_1E_HXILINX_main> ...

Optimizing unit <M8_1E_HXILINX_main> ...

Optimizing unit <D3_8E_HXILINX_main> ...

Optimizing unit <NOR8_HXILINX_main> ...

Optimizing unit <CD4CE_HXILINX_main> ...

Optimizing unit <CB2CE_HXILINX_main> ...

Optimizing unit <M4_1E_HXILINX_main> ...

Optimizing unit <D2_4E_HXILINX_main> ...

Mapping all equations...
Building and optimizing final netlist ...
Found area constraint ratio of 100 (+ 5) on block main, actual ratio is 1.

Final Macro Processing ...

=========================================================================
Final Register Report

Macro Statistics
# Registers                                            : 31
 Flip-Flops                                            : 31

=========================================================================

=========================================================================
*                           Partition Report                            *
=========================================================================

Partition Implementation Status
-------------------------------

  No Partitions were found in this design.

-------------------------------

=========================================================================
*                            Design Summary                             *
=========================================================================

Top Level Output File Name         : main.ngc

Primitive and Black Box Usage:
------------------------------
# BELS                             : 230
#      AND2                        : 18
#      AND2B1                      : 2
#      BUF                         : 34
#      GND                         : 1
#      INV                         : 13
#      LUT2                        : 10
#      LUT3                        : 45
#      LUT4                        : 20
#      LUT5                        : 2
#      LUT6                        : 23
#      MUXCY                       : 16
#      MUXF7                       : 8
#      OR2                         : 10
#      VCC                         : 1
#      XOR2                        : 9
#      XORCY                       : 18
# FlipFlops/Latches                : 31
#      FD                          : 2
#      FD_1                        : 1
#      FDCE                        : 26
#      FDE                         : 2
# Clock Buffers                    : 1
#      BUFGP                       : 1
# IO Buffers                       : 26
#      IBUF                        : 12
#      OBUF                        : 14
# Logical                          : 1
#      NOR5                        : 1

Device utilization summary:
---------------------------

Selected Device : 6slx9tqg144-3 


Slice Logic Utilization: 
 Number of Slice Registers:              31  out of  11440     0%  
 Number of Slice LUTs:                  113  out of   5720     1%  
    Number used as Logic:               113  out of   5720     1%  

Slice Logic Distribution: 
 Number of LUT Flip Flop pairs used:    144
   Number with an unused Flip Flop:     113  out of    144    78%  
   Number with an unused LUT:            31  out of    144    21%  
   Number of fully used LUT-FF pairs:     0  out of    144     0%  
   Number of unique control sets:         9

IO Utilization: 
 Number of IOs:                          27
 Number of bonded IOBs:                  27  out of    102    26%  

Specific Feature Utilization:
 Number of BUFG/BUFGCTRLs:                1  out of     16     6%  

---------------------------
Partition Resource Summary:
---------------------------

  No Partitions were found in this design.

---------------------------


=========================================================================
Timing Report

NOTE: THESE TIMING NUMBERS ARE ONLY A SYNTHESIS ESTIMATE.
      FOR ACCURATE TIMING INFORMATION PLEASE REFER TO THE TRACE REPORT
      GENERATED AFTER PLACE-and-ROUTE.

Clock Information:
------------------
---------------------------------------------+-------------------------+-------+
Clock Signal                                 | Clock buffer(FF name)   | Load  |
---------------------------------------------+-------------------------+-------+
OSC                                          | BUFGP                   | 28    |
XLXI_4/XLXI_22/TC(XLXI_4/XLXI_22/Mmux_TC11:O)| NONE(*)(XLXI_4/XLXI_10) | 1     |
XLXN_12                                      | NONE(XLXI_3/XLXI_162/Q0)| 2     |
---------------------------------------------+-------------------------+-------+
(*) This 1 clock signal(s) are generated by combinatorial logic,
and XST is not able to identify which are the primary clock signals.
Please use the CLOCK_SIGNAL constraint to specify the clock signal(s) generated by combinatorial logic.
INFO:Xst:2169 - HDL ADVISOR - Some clock signals were not automatically buffered by XST with BUFG/BUFR resources. Please use the buffer_type constraint in order to insert these buffers to the clock signals to help prevent skew problems.

Asynchronous Control Signals Information:
----------------------------------------
No asynchronous control signals found in this design

Timing Summary:
---------------
Speed Grade: -3

   Minimum period: 8.072ns (Maximum Frequency: 123.878MHz)
   Minimum input arrival time before clock: 9.914ns
   Maximum output required time after clock: 11.688ns
   Maximum combinational path delay: 13.530ns

Timing Details:
---------------
All values displayed in nanoseconds (ns)

=========================================================================
Timing constraint: Default period analysis for Clock 'OSC'
  Clock period: 8.072ns (frequency: 123.878MHz)
  Total number of paths / destination ports: 1234 / 49
-------------------------------------------------------------------------
Delay:               8.072ns (Levels of Logic = 18)
  Source:            XLXI_1/XLXI_21/Q_0 (FF)
  Destination:       XLXI_1/XLXI_90 (FF)
  Source Clock:      OSC rising
  Destination Clock: OSC rising

  Data Path: XLXI_1/XLXI_21/Q_0 to XLXI_1/XLXI_90
                                Gate     Net
    Cell:in->out      fanout   Delay   Delay  Logical Name (Net Name)
    ----------------------------------------  ------------
     FDCE:C->Q             8   0.447   0.803  Q_0 (Q_0)
     end scope: 'XLXI_1/XLXI_21:Q<0>'
     begin scope: 'XLXI_1/XLXI_2:A<0>'
     LUT4:I3->O            1   0.205   0.000  Mmux_adsu_tmp_A_rs_lut<0> (Mmux_adsu_tmp_A_rs_lut<0>)
     MUXCY:S->O            1   0.172   0.000  Mmux_adsu_tmp_A_rs_cy<0> (Mmux_adsu_tmp_A_rs_cy<0>)
     MUXCY:CI->O           1   0.019   0.000  Mmux_adsu_tmp_A_rs_cy<1> (Mmux_adsu_tmp_A_rs_cy<1>)
     MUXCY:CI->O           1   0.019   0.000  Mmux_adsu_tmp_A_rs_cy<2> (Mmux_adsu_tmp_A_rs_cy<2>)
     MUXCY:CI->O           1   0.019   0.000  Mmux_adsu_tmp_A_rs_cy<3> (Mmux_adsu_tmp_A_rs_cy<3>)
     MUXCY:CI->O           1   0.019   0.000  Mmux_adsu_tmp_A_rs_cy<4> (Mmux_adsu_tmp_A_rs_cy<4>)
     MUXCY:CI->O           1   0.019   0.000  Mmux_adsu_tmp_A_rs_cy<5> (Mmux_adsu_tmp_A_rs_cy<5>)
     MUXCY:CI->O           1   0.019   0.000  Mmux_adsu_tmp_A_rs_cy<6> (Mmux_adsu_tmp_A_rs_cy<6>)
     XORCY:CI->O           1   0.180   0.580  Mmux_adsu_tmp_A_rs_xor<7> (Mmux_adsu_tmp_rs_A<7>)
     LUT3:I2->O            1   0.205   0.000  Mmux_adsu_tmp_rs_lut<7> (Mmux_adsu_tmp_rs_lut<7>)
     MUXCY:S->O            0   0.172   0.000  Mmux_adsu_tmp_rs_cy<7> (Mmux_adsu_tmp_rs_cy<7>)
     XORCY:CI->O           1   0.180   0.580  Mmux_adsu_tmp_rs_xor<8> (adsu_tmp<8>)
     LUT2:I1->O            1   0.205   0.924  Mmux_CO11 (CO)
     end scope: 'XLXI_1/XLXI_2:CO'
     XOR2:I1->O            1   0.223   0.924  XLXI_1/XLXI_93 (XLXI_1/XLXN_179)
     AND2:I1->O            3   0.223   0.995  XLXI_1/XLXI_92 (XLXI_1/XLXN_194)
     OR2:I1->O             2   0.223   0.616  XLXI_1/XLXI_85 (XLXI_1/XLXN_195)
     FDE:D                     0.102          XLXI_1/XLXI_90
    ----------------------------------------
    Total                      8.072ns (2.651ns logic, 5.421ns route)
                                       (32.8% logic, 67.2% route)

=========================================================================
Timing constraint: Default period analysis for Clock 'XLXI_4/XLXI_22/TC'
  Clock period: 2.346ns (frequency: 426.239MHz)
  Total number of paths / destination ports: 1 / 1
-------------------------------------------------------------------------
Delay:               2.346ns (Levels of Logic = 1)
  Source:            XLXI_4/XLXI_10 (FF)
  Destination:       XLXI_4/XLXI_10 (FF)
  Source Clock:      XLXI_4/XLXI_22/TC falling
  Destination Clock: XLXI_4/XLXI_22/TC falling

  Data Path: XLXI_4/XLXI_10 to XLXI_4/XLXI_10
                                Gate     Net
    Cell:in->out      fanout   Delay   Delay  Logical Name (Net Name)
    ----------------------------------------  ------------
     FD_1:C->Q             3   0.447   0.650  XLXI_4/XLXI_10 (XLXN_12)
     INV:I->O              1   0.568   0.579  XLXI_4/XLXI_11 (XLXI_4/XLXN_11)
     FD_1:D                    0.102          XLXI_4/XLXI_10
    ----------------------------------------
    Total                      2.346ns (1.117ns logic, 1.229ns route)
                                       (47.6% logic, 52.4% route)

=========================================================================
Timing constraint: Default period analysis for Clock 'XLXN_12'
  Clock period: 2.190ns (frequency: 456.663MHz)
  Total number of paths / destination ports: 3 / 2
-------------------------------------------------------------------------
Delay:               2.190ns (Levels of Logic = 1)
  Source:            XLXI_3/XLXI_162/Q0 (FF)
  Destination:       XLXI_3/XLXI_162/Q0 (FF)
  Source Clock:      XLXN_12 rising
  Destination Clock: XLXN_12 rising

  Data Path: XLXI_3/XLXI_162/Q0 to XLXI_3/XLXI_162/Q0
                                Gate     Net
    Cell:in->out      fanout   Delay   Delay  Logical Name (Net Name)
    ----------------------------------------  ------------
     FDCE:C->Q            10   0.447   0.856  Q0 (Q0)
     INV:I->O              1   0.206   0.579  Madd_Q1_GND_36_o_add_0_OUT_xor<0>11_INV_0 (Q1_GND_36_o_add_0_OUT<0>)
     FDCE:D                    0.102          Q0
    ----------------------------------------
    Total                      2.190ns (0.755ns logic, 1.435ns route)
                                       (34.5% logic, 65.5% route)

=========================================================================
Timing constraint: Default OFFSET IN BEFORE for Clock 'OSC'
  Total number of paths / destination ports: 1878 / 11
-------------------------------------------------------------------------
Offset:              9.914ns (Levels of Logic = 18)
  Source:            DIP<0> (PAD)
  Destination:       XLXI_1/XLXI_90 (FF)
  Destination Clock: OSC rising

  Data Path: DIP<0> to XLXI_1/XLXI_90
                                Gate     Net
    Cell:in->out      fanout   Delay   Delay  Logical Name (Net Name)
    ----------------------------------------  ------------
     IBUF:I->O            40   1.222   1.405  DIP_0_IBUF (DIP_0_IBUF)
     begin scope: 'XLXI_1/XLXI_2:ADD'
     INV:I->O              2   0.206   0.616  ADD_inv2_INV_0 (ADD_inv)
     MUXCY:CI->O           1   0.019   0.000  Mmux_adsu_tmp_A_rs_cy<0> (Mmux_adsu_tmp_A_rs_cy<0>)
     MUXCY:CI->O           1   0.019   0.000  Mmux_adsu_tmp_A_rs_cy<1> (Mmux_adsu_tmp_A_rs_cy<1>)
     MUXCY:CI->O           1   0.019   0.000  Mmux_adsu_tmp_A_rs_cy<2> (Mmux_adsu_tmp_A_rs_cy<2>)
     MUXCY:CI->O           1   0.019   0.000  Mmux_adsu_tmp_A_rs_cy<3> (Mmux_adsu_tmp_A_rs_cy<3>)
     MUXCY:CI->O           1   0.019   0.000  Mmux_adsu_tmp_A_rs_cy<4> (Mmux_adsu_tmp_A_rs_cy<4>)
     MUXCY:CI->O           1   0.019   0.000  Mmux_adsu_tmp_A_rs_cy<5> (Mmux_adsu_tmp_A_rs_cy<5>)
     MUXCY:CI->O           1   0.019   0.000  Mmux_adsu_tmp_A_rs_cy<6> (Mmux_adsu_tmp_A_rs_cy<6>)
     XORCY:CI->O           1   0.180   0.580  Mmux_adsu_tmp_A_rs_xor<7> (Mmux_adsu_tmp_rs_A<7>)
     LUT3:I2->O            1   0.205   0.000  Mmux_adsu_tmp_rs_lut<7> (Mmux_adsu_tmp_rs_lut<7>)
     MUXCY:S->O            0   0.172   0.000  Mmux_adsu_tmp_rs_cy<7> (Mmux_adsu_tmp_rs_cy<7>)
     XORCY:CI->O           1   0.180   0.580  Mmux_adsu_tmp_rs_xor<8> (adsu_tmp<8>)
     LUT2:I1->O            1   0.205   0.924  Mmux_CO11 (CO)
     end scope: 'XLXI_1/XLXI_2:CO'
     XOR2:I1->O            1   0.223   0.924  XLXI_1/XLXI_93 (XLXI_1/XLXN_179)
     AND2:I1->O            3   0.223   0.995  XLXI_1/XLXI_92 (XLXI_1/XLXN_194)
     OR2:I1->O             2   0.223   0.616  XLXI_1/XLXI_85 (XLXI_1/XLXN_195)
     FDE:D                     0.102          XLXI_1/XLXI_90
    ----------------------------------------
    Total                      9.914ns (3.274ns logic, 6.640ns route)
                                       (33.0% logic, 67.0% route)

=========================================================================
Timing constraint: Default OFFSET OUT AFTER for Clock 'OSC'
  Total number of paths / destination ports: 6365 / 10
-------------------------------------------------------------------------
Offset:              11.688ns (Levels of Logic = 20)
  Source:            XLXI_1/XLXI_21/Q_0 (FF)
  Destination:       LED<2> (PAD)
  Source Clock:      OSC rising

  Data Path: XLXI_1/XLXI_21/Q_0 to LED<2>
                                Gate     Net
    Cell:in->out      fanout   Delay   Delay  Logical Name (Net Name)
    ----------------------------------------  ------------
     FDCE:C->Q             8   0.447   0.803  Q_0 (Q_0)
     end scope: 'XLXI_1/XLXI_21:Q<0>'
     begin scope: 'XLXI_1/XLXI_2:A<0>'
     LUT4:I3->O            1   0.205   0.000  Mmux_adsu_tmp_A_rs_lut<0> (Mmux_adsu_tmp_A_rs_lut<0>)
     MUXCY:S->O            1   0.172   0.000  Mmux_adsu_tmp_A_rs_cy<0> (Mmux_adsu_tmp_A_rs_cy<0>)
     MUXCY:CI->O           1   0.019   0.000  Mmux_adsu_tmp_A_rs_cy<1> (Mmux_adsu_tmp_A_rs_cy<1>)
     MUXCY:CI->O           1   0.019   0.000  Mmux_adsu_tmp_A_rs_cy<2> (Mmux_adsu_tmp_A_rs_cy<2>)
     MUXCY:CI->O           1   0.019   0.000  Mmux_adsu_tmp_A_rs_cy<3> (Mmux_adsu_tmp_A_rs_cy<3>)
     MUXCY:CI->O           1   0.019   0.000  Mmux_adsu_tmp_A_rs_cy<4> (Mmux_adsu_tmp_A_rs_cy<4>)
     MUXCY:CI->O           1   0.019   0.000  Mmux_adsu_tmp_A_rs_cy<5> (Mmux_adsu_tmp_A_rs_cy<5>)
     MUXCY:CI->O           1   0.019   0.000  Mmux_adsu_tmp_A_rs_cy<6> (Mmux_adsu_tmp_A_rs_cy<6>)
     XORCY:CI->O           1   0.180   0.580  Mmux_adsu_tmp_A_rs_xor<7> (Mmux_adsu_tmp_rs_A<7>)
     LUT3:I2->O            1   0.205   0.000  Mmux_adsu_tmp_rs_lut<7> (Mmux_adsu_tmp_rs_lut<7>)
     MUXCY:S->O            0   0.172   0.000  Mmux_adsu_tmp_rs_cy<7> (Mmux_adsu_tmp_rs_cy<7>)
     XORCY:CI->O           1   0.180   0.580  Mmux_adsu_tmp_rs_xor<8> (adsu_tmp<8>)
     LUT2:I1->O            1   0.205   0.924  Mmux_CO11 (CO)
     end scope: 'XLXI_1/XLXI_2:CO'
     XOR2:I1->O            1   0.223   0.924  XLXI_1/XLXI_93 (XLXI_1/XLXN_179)
     AND2:I1->O            3   0.223   0.995  XLXI_1/XLXI_92 (XLXI_1/XLXN_194)
     OR2:I1->O             2   0.223   0.616  XLXI_1/XLXI_85 (XLXI_1/XLXN_195)
     BUF:I->O              1   0.568   0.579  XLXI_1/XLXI_96 (LED_2_OBUF)
     OBUF:I->O                 2.571          LED_2_OBUF (LED<2>)
    ----------------------------------------
    Total                     11.688ns (5.688ns logic, 6.000ns route)
                                       (48.7% logic, 51.3% route)

=========================================================================
Timing constraint: Default OFFSET OUT AFTER for Clock 'XLXN_12'
  Total number of paths / destination ports: 64 / 11
-------------------------------------------------------------------------
Offset:              6.361ns (Levels of Logic = 5)
  Source:            XLXI_3/XLXI_162/Q0 (FF)
  Destination:       SSD_Segment<6> (PAD)
  Source Clock:      XLXN_12 rising

  Data Path: XLXI_3/XLXI_162/Q0 to SSD_Segment<6>
                                Gate     Net
    Cell:in->out      fanout   Delay   Delay  Logical Name (Net Name)
    ----------------------------------------  ------------
     FDCE:C->Q            10   0.447   1.221  Q0 (Q0)
     end scope: 'XLXI_3/XLXI_162:Q0'
     begin scope: 'XLXI_3/XLXI_186:S0'
     LUT6:I0->O            7   0.203   0.774  Mmux_O11 (O)
     end scope: 'XLXI_3/XLXI_186:O'
     LUT4:I3->O            1   0.567   0.579  XLXI_3/XLXI_1 (SSD_Segment_6_OBUF)
     OBUF:I->O                 2.571          SSD_Segment_6_OBUF (SSD_Segment<6>)
    ----------------------------------------
    Total                      6.361ns (3.788ns logic, 2.573ns route)
                                       (59.5% logic, 40.5% route)

=========================================================================
Timing constraint: Default path analysis
  Total number of paths / destination ports: 11733 / 10
-------------------------------------------------------------------------
Delay:               13.530ns (Levels of Logic = 20)
  Source:            DIP<0> (PAD)
  Destination:       LED<2> (PAD)

  Data Path: DIP<0> to LED<2>
                                Gate     Net
    Cell:in->out      fanout   Delay   Delay  Logical Name (Net Name)
    ----------------------------------------  ------------
     IBUF:I->O            40   1.222   1.405  DIP_0_IBUF (DIP_0_IBUF)
     begin scope: 'XLXI_1/XLXI_2:ADD'
     INV:I->O              2   0.206   0.616  ADD_inv2_INV_0 (ADD_inv)
     MUXCY:CI->O           1   0.019   0.000  Mmux_adsu_tmp_A_rs_cy<0> (Mmux_adsu_tmp_A_rs_cy<0>)
     MUXCY:CI->O           1   0.019   0.000  Mmux_adsu_tmp_A_rs_cy<1> (Mmux_adsu_tmp_A_rs_cy<1>)
     MUXCY:CI->O           1   0.019   0.000  Mmux_adsu_tmp_A_rs_cy<2> (Mmux_adsu_tmp_A_rs_cy<2>)
     MUXCY:CI->O           1   0.019   0.000  Mmux_adsu_tmp_A_rs_cy<3> (Mmux_adsu_tmp_A_rs_cy<3>)
     MUXCY:CI->O           1   0.019   0.000  Mmux_adsu_tmp_A_rs_cy<4> (Mmux_adsu_tmp_A_rs_cy<4>)
     MUXCY:CI->O           1   0.019   0.000  Mmux_adsu_tmp_A_rs_cy<5> (Mmux_adsu_tmp_A_rs_cy<5>)
     MUXCY:CI->O           1   0.019   0.000  Mmux_adsu_tmp_A_rs_cy<6> (Mmux_adsu_tmp_A_rs_cy<6>)
     XORCY:CI->O           1   0.180   0.580  Mmux_adsu_tmp_A_rs_xor<7> (Mmux_adsu_tmp_rs_A<7>)
     LUT3:I2->O            1   0.205   0.000  Mmux_adsu_tmp_rs_lut<7> (Mmux_adsu_tmp_rs_lut<7>)
     MUXCY:S->O            0   0.172   0.000  Mmux_adsu_tmp_rs_cy<7> (Mmux_adsu_tmp_rs_cy<7>)
     XORCY:CI->O           1   0.180   0.580  Mmux_adsu_tmp_rs_xor<8> (adsu_tmp<8>)
     LUT2:I1->O            1   0.205   0.924  Mmux_CO11 (CO)
     end scope: 'XLXI_1/XLXI_2:CO'
     XOR2:I1->O            1   0.223   0.924  XLXI_1/XLXI_93 (XLXI_1/XLXN_179)
     AND2:I1->O            3   0.223   0.995  XLXI_1/XLXI_92 (XLXI_1/XLXN_194)
     OR2:I1->O             2   0.223   0.616  XLXI_1/XLXI_85 (XLXI_1/XLXN_195)
     BUF:I->O              1   0.568   0.579  XLXI_1/XLXI_96 (LED_2_OBUF)
     OBUF:I->O                 2.571          LED_2_OBUF (LED<2>)
    ----------------------------------------
    Total                     13.530ns (6.311ns logic, 7.219ns route)
                                       (46.6% logic, 53.4% route)

=========================================================================

Cross Clock Domains Report:
--------------------------

Clock to Setup on destination clock OSC
---------------+---------+---------+---------+---------+
               | Src:Rise| Src:Fall| Src:Rise| Src:Fall|
Source Clock   |Dest:Rise|Dest:Rise|Dest:Fall|Dest:Fall|
---------------+---------+---------+---------+---------+
OSC            |    8.072|         |    5.124|         |
---------------+---------+---------+---------+---------+

Clock to Setup on destination clock XLXI_4/XLXI_22/TC
-----------------+---------+---------+---------+---------+
                 | Src:Rise| Src:Fall| Src:Rise| Src:Fall|
Source Clock     |Dest:Rise|Dest:Rise|Dest:Fall|Dest:Fall|
-----------------+---------+---------+---------+---------+
XLXI_4/XLXI_22/TC|         |         |    2.346|         |
-----------------+---------+---------+---------+---------+

Clock to Setup on destination clock XLXN_12
---------------+---------+---------+---------+---------+
               | Src:Rise| Src:Fall| Src:Rise| Src:Fall|
Source Clock   |Dest:Rise|Dest:Rise|Dest:Fall|Dest:Fall|
---------------+---------+---------+---------+---------+
XLXN_12        |    2.190|         |         |         |
---------------+---------+---------+---------+---------+

=========================================================================


Total REAL time to Xst completion: 3.00 secs
Total CPU time to Xst completion: 3.08 secs
 
--> 

Total memory usage is 4501724 kilobytes

Number of errors   :    0 (   0 filtered)
Number of warnings :    2 (   0 filtered)
Number of infos    :   29 (   0 filtered)

