Release 14.7 - xst P.20131013 (nt64)
Copyright (c) 1995-2013 Xilinx, Inc.  All rights reserved.
--> Parameter TMPDIR set to xst/projnav.tmp


Total REAL time to Xst completion: 0.00 secs
Total CPU time to Xst completion: 0.13 secs
 
--> Parameter xsthdpdir set to xst


Total REAL time to Xst completion: 0.00 secs
Total CPU time to Xst completion: 0.13 secs
 
--> Reading design: main.prj

TABLE OF CONTENTS
  1) Synthesis Options Summary
  2) HDL Parsing
  3) HDL Elaboration
  4) HDL Synthesis
       4.1) HDL Synthesis Report
  5) Advanced HDL Synthesis
       5.1) Advanced HDL Synthesis Report
  6) Low Level Synthesis
  7) Partition Report
  8) Design Summary
       8.1) Primitive and Black Box Usage
       8.2) Device utilization summary
       8.3) Partition Resource Summary
       8.4) Timing Report
            8.4.1) Clock Information
            8.4.2) Asynchronous Control Signals Information
            8.4.3) Timing Summary
            8.4.4) Timing Details
            8.4.5) Cross Clock Domains Report


=========================================================================
*                      Synthesis Options Summary                        *
=========================================================================
---- Source Parameters
Input File Name                    : "main.prj"
Ignore Synthesis Constraint File   : NO

---- Target Parameters
Output File Name                   : "main"
Output Format                      : NGC
Target Device                      : xc6slx9-3-tqg144

---- Source Options
Top Module Name                    : main
Automatic FSM Extraction           : YES
FSM Encoding Algorithm             : Auto
Safe Implementation                : No
FSM Style                          : LUT
RAM Extraction                     : Yes
RAM Style                          : Auto
ROM Extraction                     : Yes
Shift Register Extraction          : YES
ROM Style                          : Auto
Resource Sharing                   : YES
Asynchronous To Synchronous        : NO
Shift Register Minimum Size        : 2
Use DSP Block                      : Auto
Automatic Register Balancing       : No

---- Target Options
LUT Combining                      : Auto
Reduce Control Sets                : Auto
Add IO Buffers                     : YES
Global Maximum Fanout              : 100000
Add Generic Clock Buffer(BUFG)     : 16
Register Duplication               : YES
Optimize Instantiated Primitives   : NO
Use Clock Enable                   : Auto
Use Synchronous Set                : Auto
Use Synchronous Reset              : Auto
Pack IO Registers into IOBs        : Auto
Equivalent register Removal        : YES

---- General Options
Optimization Goal                  : Speed
Optimization Effort                : 1
Power Reduction                    : NO
Keep Hierarchy                     : No
Netlist Hierarchy                  : As_Optimized
RTL Output                         : Yes
Global Optimization                : AllClockNets
Read Cores                         : YES
Write Timing Constraints           : NO
Cross Clock Analysis               : NO
Hierarchy Separator                : /
Bus Delimiter                      : <>
Case Specifier                     : Maintain
Slice Utilization Ratio            : 100
BRAM Utilization Ratio             : 100
DSP48 Utilization Ratio            : 100
Auto BRAM Packing                  : NO
Slice Utilization Ratio Delta      : 5

=========================================================================


=========================================================================
*                          HDL Parsing                                  *
=========================================================================
Analyzing Verilog file "D:\Classes-2024\Digital System Fundamentals Shared\Practice\b02-double-circular\wtb8.vf" into library work
Parsing module <wtb8>.
Analyzing Verilog file "D:\Classes-2024\Digital System Fundamentals Shared\Practice\b02-double-circular\ssd4drpb.vf" into library work
Parsing module <M4_1E_HXILINX_ssd4drpb>.
Parsing module <D2_4E_HXILINX_ssd4drpb>.
Parsing module <CB2CE_HXILINX_ssd4drpb>.
Parsing module <ssd4drpb>.
Analyzing Verilog file "D:\Classes-2024\Digital System Fundamentals Shared\Practice\b02-double-circular\counter6x4c.vf" into library work
Parsing module <FJKCE_HXILINX_counter6x4c>.
Parsing module <counter6x4c>.
Analyzing Verilog file "D:\Classes-2024\Digital System Fundamentals Shared\Practice\b02-double-circular\clkdiv5.vf" into library work
Parsing module <FJKC_HXILINX_clkdiv5>.
Parsing module <clkdiv5>.
Analyzing Verilog file "D:\Classes-2024\Digital System Fundamentals Shared\Practice\b02-double-circular\clkdiv2M.vf" into library work
Parsing module <CD4CE_HXILINX_clkdiv2M>.
Parsing module <clkdiv2M>.
Analyzing Verilog file "D:\Classes-2024\Digital System Fundamentals Shared\Practice\b02-double-circular\clkdiv20k.vf" into library work
Parsing module <CD4CE_HXILINX_clkdiv20k>.
Parsing module <clkdiv20k>.
Analyzing Verilog file "D:\Classes-2024\Digital System Fundamentals Shared\Practice\b02-double-circular\main.vf" into library work
Parsing module <FJKCE_HXILINX_main>.
Parsing module <CD4CE_HXILINX_main>.
Parsing module <D3_8E_HXILINX_main>.
Parsing module <M4_1E_HXILINX_main>.
Parsing module <FJKC_HXILINX_main>.
Parsing module <D2_4E_HXILINX_main>.
Parsing module <CB2CE_HXILINX_main>.
Parsing module <clkdiv5_MUSER_main>.
Parsing module <clkdiv2M_MUSER_main>.
Parsing module <clkdiv20k_MUSER_main>.
Parsing module <ssd4drpb_MUSER_main>.
Parsing module <wtb8_MUSER_main>.
Parsing module <counter6x4c_MUSER_main>.
Parsing module <main>.

=========================================================================
*                            HDL Elaboration                            *
=========================================================================

Elaborating module <main>.

Elaborating module <counter6x4c_MUSER_main>.

Elaborating module <VCC>.

Elaborating module <AND2B1>.

Elaborating module <AND2>.

Elaborating module <GND>.

Elaborating module <FJKCE_HXILINX_main>.

Elaborating module <AND3B1>.

Elaborating module <D3_8E_HXILINX_main>.

Elaborating module <wtb8_MUSER_main>.

Elaborating module <BUF>.

Elaborating module <ssd4drpb_MUSER_main>.

Elaborating module <M4_1E_HXILINX_main>.

Elaborating module <CB2CE_HXILINX_main>.
WARNING:HDLCompiler:413 - "D:\Classes-2024\Digital System Fundamentals Shared\Practice\b02-double-circular\main.vf" Line 281: Result of 3-bit expression is truncated to fit in 2-bit target.

Elaborating module <D2_4E_HXILINX_main>.

Elaborating module <INV>.

Elaborating module <clkdiv20k_MUSER_main>.

Elaborating module <CD4CE_HXILINX_main>.
WARNING:HDLCompiler:413 - "D:\Classes-2024\Digital System Fundamentals Shared\Practice\b02-double-circular\main.vf" Line 97: Result of 5-bit expression is truncated to fit in 4-bit target.

Elaborating module <FD_1(INIT=1'b0)>.

Elaborating module <clkdiv2M_MUSER_main>.

Elaborating module <clkdiv5_MUSER_main>.

Elaborating module <FJKC_HXILINX_main>.

Elaborating module <OR2>.

=========================================================================
*                           HDL Synthesis                               *
=========================================================================

Synthesizing Unit <main>.
    Related source file is "D:\Classes-2024\Digital System Fundamentals Shared\Practice\b02-double-circular\main.vf".
    Set property "HU_SET = XLXI_2_26" for instance <XLXI_2>.
INFO:Xst:3210 - "D:\Classes-2024\Digital System Fundamentals Shared\Practice\b02-double-circular\main.vf" line 791: Output port <CEO> of the instance <XLXI_1> is unconnected or connected to loadless signal.
INFO:Xst:3210 - "D:\Classes-2024\Digital System Fundamentals Shared\Practice\b02-double-circular\main.vf" line 791: Output port <Q3> of the instance <XLXI_1> is unconnected or connected to loadless signal.
INFO:Xst:3210 - "D:\Classes-2024\Digital System Fundamentals Shared\Practice\b02-double-circular\main.vf" line 791: Output port <TC> of the instance <XLXI_1> is unconnected or connected to loadless signal.
INFO:Xst:3210 - "D:\Classes-2024\Digital System Fundamentals Shared\Practice\b02-double-circular\main.vf" line 801: Output port <D6> of the instance <XLXI_2> is unconnected or connected to loadless signal.
INFO:Xst:3210 - "D:\Classes-2024\Digital System Fundamentals Shared\Practice\b02-double-circular\main.vf" line 801: Output port <D7> of the instance <XLXI_2> is unconnected or connected to loadless signal.
    Summary:
	no macro.
Unit <main> synthesized.

Synthesizing Unit <counter6x4c_MUSER_main>.
    Related source file is "D:\Classes-2024\Digital System Fundamentals Shared\Practice\b02-double-circular\main.vf".
    Set property "HU_SET = XLXI_9_23" for instance <XLXI_9>.
    Set property "HU_SET = XLXI_10_25" for instance <XLXI_10>.
    Set property "HU_SET = XLXI_11_24" for instance <XLXI_11>.
    Summary:
	no macro.
Unit <counter6x4c_MUSER_main> synthesized.

Synthesizing Unit <FJKCE_HXILINX_main>.
    Related source file is "D:\Classes-2024\Digital System Fundamentals Shared\Practice\b02-double-circular\main.vf".
        INIT = 1'b0
    Found 1-bit register for signal <Q>.
    Summary:
	inferred   1 D-type flip-flop(s).
	inferred   2 Multiplexer(s).
Unit <FJKCE_HXILINX_main> synthesized.

Synthesizing Unit <D3_8E_HXILINX_main>.
    Related source file is "D:\Classes-2024\Digital System Fundamentals Shared\Practice\b02-double-circular\main.vf".
    Summary:
	inferred   8 Multiplexer(s).
Unit <D3_8E_HXILINX_main> synthesized.

Synthesizing Unit <wtb8_MUSER_main>.
    Related source file is "D:\Classes-2024\Digital System Fundamentals Shared\Practice\b02-double-circular\main.vf".
    Summary:
	no macro.
Unit <wtb8_MUSER_main> synthesized.

Synthesizing Unit <ssd4drpb_MUSER_main>.
    Related source file is "D:\Classes-2024\Digital System Fundamentals Shared\Practice\b02-double-circular\main.vf".
    Set property "HU_SET = XLXI_1_13" for instance <XLXI_1>.
    Set property "HU_SET = XLXI_3_14" for instance <XLXI_3>.
    Set property "HU_SET = XLXI_4_15" for instance <XLXI_4>.
    Set property "HU_SET = XLXI_5_16" for instance <XLXI_5>.
    Set property "HU_SET = XLXI_6_17" for instance <XLXI_6>.
    Set property "HU_SET = XLXI_7_18" for instance <XLXI_7>.
    Set property "HU_SET = XLXI_8_19" for instance <XLXI_8>.
    Set property "HU_SET = XLXI_9_20" for instance <XLXI_9>.
    Set property "HU_SET = XLXI_162_21" for instance <XLXI_162>.
    Set property "HU_SET = XLXI_210_22" for instance <XLXI_210>.
INFO:Xst:3210 - "D:\Classes-2024\Digital System Fundamentals Shared\Practice\b02-double-circular\main.vf" line 603: Output port <CEO> of the instance <XLXI_162> is unconnected or connected to loadless signal.
INFO:Xst:3210 - "D:\Classes-2024\Digital System Fundamentals Shared\Practice\b02-double-circular\main.vf" line 603: Output port <TC> of the instance <XLXI_162> is unconnected or connected to loadless signal.
    Summary:
	no macro.
Unit <ssd4drpb_MUSER_main> synthesized.

Synthesizing Unit <M4_1E_HXILINX_main>.
    Related source file is "D:\Classes-2024\Digital System Fundamentals Shared\Practice\b02-double-circular\main.vf".
    Found 1-bit 4-to-1 multiplexer for signal <S1_D3_Mux_0_o> created at line 176.
    Summary:
	inferred   2 Multiplexer(s).
Unit <M4_1E_HXILINX_main> synthesized.

Synthesizing Unit <CB2CE_HXILINX_main>.
    Related source file is "D:\Classes-2024\Digital System Fundamentals Shared\Practice\b02-double-circular\main.vf".
    Found 1-bit register for signal <Q1>.
    Found 1-bit register for signal <Q0>.
    Found 2-bit adder for signal <Q1_GND_14_o_add_0_OUT> created at line 281.
    Summary:
	inferred   1 Adder/Subtractor(s).
	inferred   2 D-type flip-flop(s).
Unit <CB2CE_HXILINX_main> synthesized.

Synthesizing Unit <D2_4E_HXILINX_main>.
    Related source file is "D:\Classes-2024\Digital System Fundamentals Shared\Practice\b02-double-circular\main.vf".
    Summary:
	inferred   4 Multiplexer(s).
Unit <D2_4E_HXILINX_main> synthesized.

Synthesizing Unit <clkdiv20k_MUSER_main>.
    Related source file is "D:\Classes-2024\Digital System Fundamentals Shared\Practice\b02-double-circular\main.vf".
    Set property "HU_SET = XLXI_1_9" for instance <XLXI_1>.
    Set property "HU_SET = XLXI_14_10" for instance <XLXI_14>.
    Set property "HU_SET = XLXI_17_11" for instance <XLXI_17>.
    Set property "HU_SET = XLXI_22_12" for instance <XLXI_22>.
INFO:Xst:3210 - "D:\Classes-2024\Digital System Fundamentals Shared\Practice\b02-double-circular\main.vf" line 450: Output port <Q0> of the instance <XLXI_1> is unconnected or connected to loadless signal.
INFO:Xst:3210 - "D:\Classes-2024\Digital System Fundamentals Shared\Practice\b02-double-circular\main.vf" line 450: Output port <Q1> of the instance <XLXI_1> is unconnected or connected to loadless signal.
INFO:Xst:3210 - "D:\Classes-2024\Digital System Fundamentals Shared\Practice\b02-double-circular\main.vf" line 450: Output port <Q2> of the instance <XLXI_1> is unconnected or connected to loadless signal.
INFO:Xst:3210 - "D:\Classes-2024\Digital System Fundamentals Shared\Practice\b02-double-circular\main.vf" line 450: Output port <Q3> of the instance <XLXI_1> is unconnected or connected to loadless signal.
INFO:Xst:3210 - "D:\Classes-2024\Digital System Fundamentals Shared\Practice\b02-double-circular\main.vf" line 450: Output port <TC> of the instance <XLXI_1> is unconnected or connected to loadless signal.
INFO:Xst:3210 - "D:\Classes-2024\Digital System Fundamentals Shared\Practice\b02-double-circular\main.vf" line 467: Output port <Q0> of the instance <XLXI_14> is unconnected or connected to loadless signal.
INFO:Xst:3210 - "D:\Classes-2024\Digital System Fundamentals Shared\Practice\b02-double-circular\main.vf" line 467: Output port <Q1> of the instance <XLXI_14> is unconnected or connected to loadless signal.
INFO:Xst:3210 - "D:\Classes-2024\Digital System Fundamentals Shared\Practice\b02-double-circular\main.vf" line 467: Output port <Q2> of the instance <XLXI_14> is unconnected or connected to loadless signal.
INFO:Xst:3210 - "D:\Classes-2024\Digital System Fundamentals Shared\Practice\b02-double-circular\main.vf" line 467: Output port <Q3> of the instance <XLXI_14> is unconnected or connected to loadless signal.
INFO:Xst:3210 - "D:\Classes-2024\Digital System Fundamentals Shared\Practice\b02-double-circular\main.vf" line 467: Output port <TC> of the instance <XLXI_14> is unconnected or connected to loadless signal.
INFO:Xst:3210 - "D:\Classes-2024\Digital System Fundamentals Shared\Practice\b02-double-circular\main.vf" line 477: Output port <Q0> of the instance <XLXI_17> is unconnected or connected to loadless signal.
INFO:Xst:3210 - "D:\Classes-2024\Digital System Fundamentals Shared\Practice\b02-double-circular\main.vf" line 477: Output port <Q1> of the instance <XLXI_17> is unconnected or connected to loadless signal.
INFO:Xst:3210 - "D:\Classes-2024\Digital System Fundamentals Shared\Practice\b02-double-circular\main.vf" line 477: Output port <Q2> of the instance <XLXI_17> is unconnected or connected to loadless signal.
INFO:Xst:3210 - "D:\Classes-2024\Digital System Fundamentals Shared\Practice\b02-double-circular\main.vf" line 477: Output port <Q3> of the instance <XLXI_17> is unconnected or connected to loadless signal.
INFO:Xst:3210 - "D:\Classes-2024\Digital System Fundamentals Shared\Practice\b02-double-circular\main.vf" line 477: Output port <TC> of the instance <XLXI_17> is unconnected or connected to loadless signal.
INFO:Xst:3210 - "D:\Classes-2024\Digital System Fundamentals Shared\Practice\b02-double-circular\main.vf" line 487: Output port <CEO> of the instance <XLXI_22> is unconnected or connected to loadless signal.
INFO:Xst:3210 - "D:\Classes-2024\Digital System Fundamentals Shared\Practice\b02-double-circular\main.vf" line 487: Output port <Q0> of the instance <XLXI_22> is unconnected or connected to loadless signal.
INFO:Xst:3210 - "D:\Classes-2024\Digital System Fundamentals Shared\Practice\b02-double-circular\main.vf" line 487: Output port <Q1> of the instance <XLXI_22> is unconnected or connected to loadless signal.
INFO:Xst:3210 - "D:\Classes-2024\Digital System Fundamentals Shared\Practice\b02-double-circular\main.vf" line 487: Output port <Q2> of the instance <XLXI_22> is unconnected or connected to loadless signal.
INFO:Xst:3210 - "D:\Classes-2024\Digital System Fundamentals Shared\Practice\b02-double-circular\main.vf" line 487: Output port <Q3> of the instance <XLXI_22> is unconnected or connected to loadless signal.
    Summary:
	no macro.
Unit <clkdiv20k_MUSER_main> synthesized.

Synthesizing Unit <CD4CE_HXILINX_main>.
    Related source file is "D:\Classes-2024\Digital System Fundamentals Shared\Practice\b02-double-circular\main.vf".
        TERMINAL_COUNT = 4'b1001
    Found 1-bit register for signal <Q1>.
    Found 1-bit register for signal <Q2>.
    Found 1-bit register for signal <Q3>.
    Found 1-bit register for signal <Q0>.
    Found 4-bit adder for signal <Q3_GND_18_o_add_4_OUT> created at line 97.
    Summary:
	inferred   1 Adder/Subtractor(s).
	inferred   4 D-type flip-flop(s).
	inferred   7 Multiplexer(s).
Unit <CD4CE_HXILINX_main> synthesized.

Synthesizing Unit <clkdiv2M_MUSER_main>.
    Related source file is "D:\Classes-2024\Digital System Fundamentals Shared\Practice\b02-double-circular\main.vf".
    Set property "HU_SET = XLXI_1_3" for instance <XLXI_1>.
    Set property "HU_SET = XLXI_14_4" for instance <XLXI_14>.
    Set property "HU_SET = XLXI_17_5" for instance <XLXI_17>.
    Set property "HU_SET = XLXI_22_6" for instance <XLXI_22>.
    Set property "HU_SET = XLXI_25_7" for instance <XLXI_25>.
    Set property "HU_SET = XLXI_28_8" for instance <XLXI_28>.
INFO:Xst:3210 - "D:\Classes-2024\Digital System Fundamentals Shared\Practice\b02-double-circular\main.vf" line 361: Output port <Q0> of the instance <XLXI_1> is unconnected or connected to loadless signal.
INFO:Xst:3210 - "D:\Classes-2024\Digital System Fundamentals Shared\Practice\b02-double-circular\main.vf" line 361: Output port <Q1> of the instance <XLXI_1> is unconnected or connected to loadless signal.
INFO:Xst:3210 - "D:\Classes-2024\Digital System Fundamentals Shared\Practice\b02-double-circular\main.vf" line 361: Output port <Q2> of the instance <XLXI_1> is unconnected or connected to loadless signal.
INFO:Xst:3210 - "D:\Classes-2024\Digital System Fundamentals Shared\Practice\b02-double-circular\main.vf" line 361: Output port <Q3> of the instance <XLXI_1> is unconnected or connected to loadless signal.
INFO:Xst:3210 - "D:\Classes-2024\Digital System Fundamentals Shared\Practice\b02-double-circular\main.vf" line 361: Output port <TC> of the instance <XLXI_1> is unconnected or connected to loadless signal.
INFO:Xst:3210 - "D:\Classes-2024\Digital System Fundamentals Shared\Practice\b02-double-circular\main.vf" line 378: Output port <Q0> of the instance <XLXI_14> is unconnected or connected to loadless signal.
INFO:Xst:3210 - "D:\Classes-2024\Digital System Fundamentals Shared\Practice\b02-double-circular\main.vf" line 378: Output port <Q1> of the instance <XLXI_14> is unconnected or connected to loadless signal.
INFO:Xst:3210 - "D:\Classes-2024\Digital System Fundamentals Shared\Practice\b02-double-circular\main.vf" line 378: Output port <Q2> of the instance <XLXI_14> is unconnected or connected to loadless signal.
INFO:Xst:3210 - "D:\Classes-2024\Digital System Fundamentals Shared\Practice\b02-double-circular\main.vf" line 378: Output port <Q3> of the instance <XLXI_14> is unconnected or connected to loadless signal.
INFO:Xst:3210 - "D:\Classes-2024\Digital System Fundamentals Shared\Practice\b02-double-circular\main.vf" line 378: Output port <TC> of the instance <XLXI_14> is unconnected or connected to loadless signal.
INFO:Xst:3210 - "D:\Classes-2024\Digital System Fundamentals Shared\Practice\b02-double-circular\main.vf" line 388: Output port <Q0> of the instance <XLXI_17> is unconnected or connected to loadless signal.
INFO:Xst:3210 - "D:\Classes-2024\Digital System Fundamentals Shared\Practice\b02-double-circular\main.vf" line 388: Output port <Q1> of the instance <XLXI_17> is unconnected or connected to loadless signal.
INFO:Xst:3210 - "D:\Classes-2024\Digital System Fundamentals Shared\Practice\b02-double-circular\main.vf" line 388: Output port <Q2> of the instance <XLXI_17> is unconnected or connected to loadless signal.
INFO:Xst:3210 - "D:\Classes-2024\Digital System Fundamentals Shared\Practice\b02-double-circular\main.vf" line 388: Output port <Q3> of the instance <XLXI_17> is unconnected or connected to loadless signal.
INFO:Xst:3210 - "D:\Classes-2024\Digital System Fundamentals Shared\Practice\b02-double-circular\main.vf" line 388: Output port <TC> of the instance <XLXI_17> is unconnected or connected to loadless signal.
INFO:Xst:3210 - "D:\Classes-2024\Digital System Fundamentals Shared\Practice\b02-double-circular\main.vf" line 398: Output port <Q0> of the instance <XLXI_22> is unconnected or connected to loadless signal.
INFO:Xst:3210 - "D:\Classes-2024\Digital System Fundamentals Shared\Practice\b02-double-circular\main.vf" line 398: Output port <Q1> of the instance <XLXI_22> is unconnected or connected to loadless signal.
INFO:Xst:3210 - "D:\Classes-2024\Digital System Fundamentals Shared\Practice\b02-double-circular\main.vf" line 398: Output port <Q2> of the instance <XLXI_22> is unconnected or connected to loadless signal.
INFO:Xst:3210 - "D:\Classes-2024\Digital System Fundamentals Shared\Practice\b02-double-circular\main.vf" line 398: Output port <Q3> of the instance <XLXI_22> is unconnected or connected to loadless signal.
INFO:Xst:3210 - "D:\Classes-2024\Digital System Fundamentals Shared\Practice\b02-double-circular\main.vf" line 398: Output port <TC> of the instance <XLXI_22> is unconnected or connected to loadless signal.
INFO:Xst:3210 - "D:\Classes-2024\Digital System Fundamentals Shared\Practice\b02-double-circular\main.vf" line 408: Output port <Q0> of the instance <XLXI_25> is unconnected or connected to loadless signal.
INFO:Xst:3210 - "D:\Classes-2024\Digital System Fundamentals Shared\Practice\b02-double-circular\main.vf" line 408: Output port <Q1> of the instance <XLXI_25> is unconnected or connected to loadless signal.
INFO:Xst:3210 - "D:\Classes-2024\Digital System Fundamentals Shared\Practice\b02-double-circular\main.vf" line 408: Output port <Q2> of the instance <XLXI_25> is unconnected or connected to loadless signal.
INFO:Xst:3210 - "D:\Classes-2024\Digital System Fundamentals Shared\Practice\b02-double-circular\main.vf" line 408: Output port <Q3> of the instance <XLXI_25> is unconnected or connected to loadless signal.
INFO:Xst:3210 - "D:\Classes-2024\Digital System Fundamentals Shared\Practice\b02-double-circular\main.vf" line 408: Output port <TC> of the instance <XLXI_25> is unconnected or connected to loadless signal.
INFO:Xst:3210 - "D:\Classes-2024\Digital System Fundamentals Shared\Practice\b02-double-circular\main.vf" line 418: Output port <CEO> of the instance <XLXI_28> is unconnected or connected to loadless signal.
INFO:Xst:3210 - "D:\Classes-2024\Digital System Fundamentals Shared\Practice\b02-double-circular\main.vf" line 418: Output port <Q0> of the instance <XLXI_28> is unconnected or connected to loadless signal.
INFO:Xst:3210 - "D:\Classes-2024\Digital System Fundamentals Shared\Practice\b02-double-circular\main.vf" line 418: Output port <Q1> of the instance <XLXI_28> is unconnected or connected to loadless signal.
INFO:Xst:3210 - "D:\Classes-2024\Digital System Fundamentals Shared\Practice\b02-double-circular\main.vf" line 418: Output port <Q2> of the instance <XLXI_28> is unconnected or connected to loadless signal.
INFO:Xst:3210 - "D:\Classes-2024\Digital System Fundamentals Shared\Practice\b02-double-circular\main.vf" line 418: Output port <Q3> of the instance <XLXI_28> is unconnected or connected to loadless signal.
    Summary:
	no macro.
Unit <clkdiv2M_MUSER_main> synthesized.

Synthesizing Unit <clkdiv5_MUSER_main>.
    Related source file is "D:\Classes-2024\Digital System Fundamentals Shared\Practice\b02-double-circular\main.vf".
    Set property "HU_SET = XLXI_6_2" for instance <XLXI_6>.
    Set property "HU_SET = XLXI_7_0" for instance <XLXI_7>.
    Set property "HU_SET = XLXI_8_1" for instance <XLXI_8>.
    Summary:
	no macro.
Unit <clkdiv5_MUSER_main> synthesized.

Synthesizing Unit <FJKC_HXILINX_main>.
    Related source file is "D:\Classes-2024\Digital System Fundamentals Shared\Practice\b02-double-circular\main.vf".
        INIT = 1'b0
    Found 1-bit register for signal <Q>.
    Summary:
	inferred   1 D-type flip-flop(s).
	inferred   2 Multiplexer(s).
Unit <FJKC_HXILINX_main> synthesized.

=========================================================================
HDL Synthesis Report

Macro Statistics
# Adders/Subtractors                                   : 11
 2-bit adder                                           : 1
 4-bit adder                                           : 10
# Registers                                            : 48
 1-bit register                                        : 48
# Multiplexers                                         : 110
 1-bit 2-to-1 multiplexer                              : 102
 1-bit 4-to-1 multiplexer                              : 8

=========================================================================

=========================================================================
*                       Advanced HDL Synthesis                          *
=========================================================================


=========================================================================
Advanced HDL Synthesis Report

Macro Statistics
# Adders/Subtractors                                   : 11
 2-bit adder                                           : 1
 4-bit adder                                           : 10
# Registers                                            : 51
 Flip-Flops                                            : 51
# Multiplexers                                         : 110
 1-bit 2-to-1 multiplexer                              : 102
 1-bit 4-to-1 multiplexer                              : 8

=========================================================================

=========================================================================
*                         Low Level Synthesis                           *
=========================================================================

Optimizing unit <main> ...

Optimizing unit <ssd4drpb_MUSER_main> ...

Optimizing unit <wtb8_MUSER_main> ...

Optimizing unit <CD4CE_HXILINX_main> ...

Optimizing unit <CB2CE_HXILINX_main> ...

Optimizing unit <M4_1E_HXILINX_main> ...

Optimizing unit <D2_4E_HXILINX_main> ...

Optimizing unit <FJKC_HXILINX_main> ...

Optimizing unit <FJKCE_HXILINX_main> ...

Optimizing unit <D3_8E_HXILINX_main> ...

Mapping all equations...
Building and optimizing final netlist ...
Found area constraint ratio of 100 (+ 5) on block main, actual ratio is 0.

Final Macro Processing ...

=========================================================================
Final Register Report

Macro Statistics
# Registers                                            : 51
 Flip-Flops                                            : 51

=========================================================================

=========================================================================
*                           Partition Report                            *
=========================================================================

Partition Implementation Status
-------------------------------

  No Partitions were found in this design.

-------------------------------

=========================================================================
*                            Design Summary                             *
=========================================================================

Top Level Output File Name         : main.ngc

Primitive and Black Box Usage:
------------------------------
# BELS                             : 129
#      AND2                        : 2
#      AND2B1                      : 2
#      AND3B1                      : 1
#      BUF                         : 32
#      GND                         : 1
#      INV                         : 22
#      LUT2                        : 10
#      LUT3                        : 29
#      LUT4                        : 14
#      LUT5                        : 6
#      LUT6                        : 8
#      OR2                         : 1
#      VCC                         : 1
# FlipFlops/Latches                : 51
#      FD_1                        : 3
#      FDC                         : 3
#      FDCE                        : 45
# Clock Buffers                    : 1
#      BUFGP                       : 1
# IO Buffers                       : 12
#      OBUF                        : 12

Device utilization summary:
---------------------------

Selected Device : 6slx9tqg144-3 


Slice Logic Utilization: 
 Number of Slice Registers:              51  out of  11440     0%  
 Number of Slice LUTs:                   89  out of   5720     1%  
    Number used as Logic:                89  out of   5720     1%  

Slice Logic Distribution: 
 Number of LUT Flip Flop pairs used:    140
   Number with an unused Flip Flop:      89  out of    140    63%  
   Number with an unused LUT:            51  out of    140    36%  
   Number of fully used LUT-FF pairs:     0  out of    140     0%  
   Number of unique control sets:        20

IO Utilization: 
 Number of IOs:                          13
 Number of bonded IOBs:                  13  out of    102    12%  

Specific Feature Utilization:
 Number of BUFG/BUFGCTRLs:                1  out of     16     6%  

---------------------------
Partition Resource Summary:
---------------------------

  No Partitions were found in this design.

---------------------------


=========================================================================
Timing Report

NOTE: THESE TIMING NUMBERS ARE ONLY A SYNTHESIS ESTIMATE.
      FOR ACCURATE TIMING INFORMATION PLEASE REFER TO THE TRACE REPORT
      GENERATED AFTER PLACE-and-ROUTE.

Clock Information:
------------------
-----------------------------------------------+--------------------------+-------+
Clock Signal                                   | Clock buffer(FF name)    | Load  |
-----------------------------------------------+--------------------------+-------+
XLXI_36/XLXI_22/TC(XLXI_36/XLXI_22/Mmux_TC11:O)| NONE(*)(XLXI_36/XLXI_10) | 1     |
XLXI_37/XLXI_28/TC(XLXI_37/XLXI_28/Mmux_TC11:O)| NONE(*)(XLXI_37/XLXI_10) | 1     |
XLXN_43                                        | NONE(XLXI_38/XLXI_24)    | 4     |
OSC                                            | BUFGP                    | 40    |
XLXN_41                                        | NONE(XLXI_35/XLXI_162/Q0)| 2     |
XLXN_48(XLXI_38/XLXI_25:O)                     | NONE(*)(XLXI_1/XLXI_11/Q)| 3     |
-----------------------------------------------+--------------------------+-------+
(*) These 3 clock signal(s) are generated by combinatorial logic,
and XST is not able to identify which are the primary clock signals.
Please use the CLOCK_SIGNAL constraint to specify the clock signal(s) generated by combinatorial logic.
INFO:Xst:2169 - HDL ADVISOR - Some clock signals were not automatically buffered by XST with BUFG/BUFR resources. Please use the buffer_type constraint in order to insert these buffers to the clock signals to help prevent skew problems.

Asynchronous Control Signals Information:
----------------------------------------
No asynchronous control signals found in this design

Timing Summary:
---------------
Speed Grade: -3

   Minimum period: 6.233ns (Maximum Frequency: 160.442MHz)
   Minimum input arrival time before clock: No path found
   Maximum output required time after clock: 7.185ns
   Maximum combinational path delay: No path found

Timing Details:
---------------
All values displayed in nanoseconds (ns)

=========================================================================
Timing constraint: Default period analysis for Clock 'XLXI_36/XLXI_22/TC'
  Clock period: 2.346ns (frequency: 426.239MHz)
  Total number of paths / destination ports: 1 / 1
-------------------------------------------------------------------------
Delay:               2.346ns (Levels of Logic = 1)
  Source:            XLXI_36/XLXI_10 (FF)
  Destination:       XLXI_36/XLXI_10 (FF)
  Source Clock:      XLXI_36/XLXI_22/TC falling
  Destination Clock: XLXI_36/XLXI_22/TC falling

  Data Path: XLXI_36/XLXI_10 to XLXI_36/XLXI_10
                                Gate     Net
    Cell:in->out      fanout   Delay   Delay  Logical Name (Net Name)
    ----------------------------------------  ------------
     FD_1:C->Q             3   0.447   0.650  XLXI_36/XLXI_10 (XLXN_41)
     INV:I->O              1   0.568   0.579  XLXI_36/XLXI_11 (XLXI_36/XLXN_11)
     FD_1:D                    0.102          XLXI_36/XLXI_10
    ----------------------------------------
    Total                      2.346ns (1.117ns logic, 1.229ns route)
                                       (47.6% logic, 52.4% route)

=========================================================================
Timing constraint: Default period analysis for Clock 'XLXI_37/XLXI_28/TC'
  Clock period: 2.410ns (frequency: 414.964MHz)
  Total number of paths / destination ports: 1 / 1
-------------------------------------------------------------------------
Delay:               2.410ns (Levels of Logic = 1)
  Source:            XLXI_37/XLXI_10 (FF)
  Destination:       XLXI_37/XLXI_10 (FF)
  Source Clock:      XLXI_37/XLXI_28/TC falling
  Destination Clock: XLXI_37/XLXI_28/TC falling

  Data Path: XLXI_37/XLXI_10 to XLXI_37/XLXI_10
                                Gate     Net
    Cell:in->out      fanout   Delay   Delay  Logical Name (Net Name)
    ----------------------------------------  ------------
     FD_1:C->Q             5   0.447   0.714  XLXI_37/XLXI_10 (XLXN_43)
     INV:I->O              1   0.568   0.579  XLXI_37/XLXI_11 (XLXI_37/XLXN_9)
     FD_1:D                    0.102          XLXI_37/XLXI_10
    ----------------------------------------
    Total                      2.410ns (1.117ns logic, 1.293ns route)
                                       (46.4% logic, 53.6% route)

=========================================================================
Timing constraint: Default period analysis for Clock 'XLXN_43'
  Clock period: 2.584ns (frequency: 386.937MHz)
  Total number of paths / destination ports: 11 / 5
-------------------------------------------------------------------------
Delay:               2.584ns (Levels of Logic = 3)
  Source:            XLXI_38/XLXI_8/Q (FF)
  Destination:       XLXI_38/XLXI_7/Q (FF)
  Source Clock:      XLXN_43 rising
  Destination Clock: XLXN_43 rising

  Data Path: XLXI_38/XLXI_8/Q to XLXI_38/XLXI_7/Q
                                Gate     Net
    Cell:in->out      fanout   Delay   Delay  Logical Name (Net Name)
    ----------------------------------------  ------------
     FDCE:C->Q             4   0.447   1.048  Q (Q)
     end scope: 'XLXI_38/XLXI_8:Q'
     AND2B1:I0->O          1   0.203   0.580  XLXI_38/XLXI_22 (XLXI_38/XLXN_35)
     begin scope: 'XLXI_38/XLXI_7:J'
     LUT2:I1->O            1   0.205   0.000  Mmux_Q_Q_MUX_53_o11 (Q_Q_MUX_53_o)
     FDC:D                     0.102          Q
    ----------------------------------------
    Total                      2.584ns (0.957ns logic, 1.627ns route)
                                       (37.0% logic, 63.0% route)

=========================================================================
Timing constraint: Default period analysis for Clock 'OSC'
  Clock period: 6.233ns (frequency: 160.442MHz)
  Total number of paths / destination ports: 446 / 72
-------------------------------------------------------------------------
Delay:               6.233ns (Levels of Logic = 10)
  Source:            XLXI_37/XLXI_1/Q3 (FF)
  Destination:       XLXI_37/XLXI_28/Q3 (FF)
  Source Clock:      OSC falling
  Destination Clock: OSC falling

  Data Path: XLXI_37/XLXI_1/Q3 to XLXI_37/XLXI_28/Q3
                                Gate     Net
    Cell:in->out      fanout   Delay   Delay  Logical Name (Net Name)
    ----------------------------------------  ------------
     FDCE:C->Q             3   0.447   0.898  Q3 (Q3)
     LUT4:I0->O            5   0.203   0.715  Mmux_TC11 (TC)
     end scope: 'XLXI_37/XLXI_1:CEO'
     begin scope: 'XLXI_37/XLXI_14:CE'
     LUT5:I4->O            5   0.205   0.715  CEO1 (CEO)
     end scope: 'XLXI_37/XLXI_14:CEO'
     begin scope: 'XLXI_37/XLXI_17:CE'
     LUT5:I4->O            5   0.205   0.715  CEO1 (CEO)
     end scope: 'XLXI_37/XLXI_17:CEO'
     begin scope: 'XLXI_37/XLXI_22:CE'
     LUT5:I4->O            5   0.205   0.715  CEO1 (CEO)
     end scope: 'XLXI_37/XLXI_22:CEO'
     begin scope: 'XLXI_37/XLXI_25:CE'
     LUT5:I4->O            4   0.205   0.683  CEO1 (CEO)
     end scope: 'XLXI_37/XLXI_25:CEO'
     begin scope: 'XLXI_37/XLXI_28:CE'
     FDCE:CE                   0.322          Q3
    ----------------------------------------
    Total                      6.233ns (1.792ns logic, 4.441ns route)
                                       (28.8% logic, 71.2% route)

=========================================================================
Timing constraint: Default period analysis for Clock 'XLXN_41'
  Clock period: 2.291ns (frequency: 436.500MHz)
  Total number of paths / destination ports: 3 / 2
-------------------------------------------------------------------------
Delay:               2.291ns (Levels of Logic = 1)
  Source:            XLXI_35/XLXI_162/Q0 (FF)
  Destination:       XLXI_35/XLXI_162/Q0 (FF)
  Source Clock:      XLXN_41 rising
  Destination Clock: XLXN_41 rising

  Data Path: XLXI_35/XLXI_162/Q0 to XLXI_35/XLXI_162/Q0
                                Gate     Net
    Cell:in->out      fanout   Delay   Delay  Logical Name (Net Name)
    ----------------------------------------  ------------
     FDCE:C->Q            14   0.447   0.957  Q0 (Q0)
     INV:I->O              1   0.206   0.579  Madd_Q1_GND_14_o_add_0_OUT_xor<0>11_INV_0 (Q1_GND_14_o_add_0_OUT<0>)
     FDCE:D                    0.102          Q0
    ----------------------------------------
    Total                      2.291ns (0.755ns logic, 1.536ns route)
                                       (33.0% logic, 67.0% route)

=========================================================================
Timing constraint: Default period analysis for Clock 'XLXN_48'
  Clock period: 3.797ns (frequency: 263.352MHz)
  Total number of paths / destination ports: 15 / 5
-------------------------------------------------------------------------
Delay:               3.797ns (Levels of Logic = 3)
  Source:            XLXI_1/XLXI_10/Q (FF)
  Destination:       XLXI_1/XLXI_11/Q (FF)
  Source Clock:      XLXN_48 falling
  Destination Clock: XLXN_48 falling

  Data Path: XLXI_1/XLXI_10/Q to XLXI_1/XLXI_11/Q
                                Gate     Net
    Cell:in->out      fanout   Delay   Delay  Logical Name (Net Name)
    ----------------------------------------  ------------
     FDC:C->Q             14   0.447   1.302  Q (Q)
     end scope: 'XLXI_1/XLXI_10:Q'
     AND2B1:I1->O          2   0.223   0.721  XLXI_1/XLXI_5 (XLXI_1/XLXN_6)
     begin scope: 'XLXI_1/XLXI_11:J'
     LUT2:I0->O            1   0.203   0.579  _n0012_inv1 (_n0012_inv)
     FDCE:CE                   0.322          Q
    ----------------------------------------
    Total                      3.797ns (1.195ns logic, 2.602ns route)
                                       (31.5% logic, 68.5% route)

=========================================================================
Timing constraint: Default OFFSET OUT AFTER for Clock 'XLXN_41'
  Total number of paths / destination ports: 24 / 12
-------------------------------------------------------------------------
Offset:              6.009ns (Levels of Logic = 5)
  Source:            XLXI_35/XLXI_162/Q0 (FF)
  Destination:       SSD_COM<2> (PAD)
  Source Clock:      XLXN_41 rising

  Data Path: XLXI_35/XLXI_162/Q0 to SSD_COM<2>
                                Gate     Net
    Cell:in->out      fanout   Delay   Delay  Logical Name (Net Name)
    ----------------------------------------  ------------
     FDCE:C->Q            14   0.447   1.062  Q0 (Q0)
     end scope: 'XLXI_35/XLXI_162:Q0'
     begin scope: 'XLXI_35/XLXI_210:A0'
     LUT2:I0->O            1   0.203   0.579  Mmux_D211 (D2)
     end scope: 'XLXI_35/XLXI_210:D2'
     INV:I->O              1   0.568   0.579  XLXI_35/XLXI_213 (SSD_COM_2_OBUF)
     OBUF:I->O                 2.571          SSD_COM_2_OBUF (SSD_COM<2>)
    ----------------------------------------
    Total                      6.009ns (3.789ns logic, 2.220ns route)
                                       (63.1% logic, 36.9% route)

=========================================================================
Timing constraint: Default OFFSET OUT AFTER for Clock 'XLXN_48'
  Total number of paths / destination ports: 36 / 6
-------------------------------------------------------------------------
Offset:              7.185ns (Levels of Logic = 7)
  Source:            XLXI_1/XLXI_10/Q (FF)
  Destination:       SSD_Segment<3> (PAD)
  Source Clock:      XLXN_48 falling

  Data Path: XLXI_1/XLXI_10/Q to SSD_Segment<3>
                                Gate     Net
    Cell:in->out      fanout   Delay   Delay  Logical Name (Net Name)
    ----------------------------------------  ------------
     FDC:C->Q             14   0.447   1.186  Q (Q)
     end scope: 'XLXI_1/XLXI_10:Q'
     begin scope: 'XLXI_2:A0'
     LUT3:I0->O            2   0.205   0.616  Mmux_D111 (D1)
     end scope: 'XLXI_2:D1'
     BUF:I->O              1   0.568   0.808  XLXI_9/XLXI_4 (XLXN_37<3>)
     begin scope: 'XLXI_35/XLXI_5:D1'
     LUT6:I3->O            1   0.205   0.579  Mmux_O11 (O)
     end scope: 'XLXI_35/XLXI_5:O'
     OBUF:I->O                 2.571          SSD_Segment_3_OBUF (SSD_Segment<3>)
    ----------------------------------------
    Total                      7.185ns (3.996ns logic, 3.189ns route)
                                       (55.6% logic, 44.4% route)

=========================================================================

Cross Clock Domains Report:
--------------------------

Clock to Setup on destination clock OSC
---------------+---------+---------+---------+---------+
               | Src:Rise| Src:Fall| Src:Rise| Src:Fall|
Source Clock   |Dest:Rise|Dest:Rise|Dest:Fall|Dest:Fall|
---------------+---------+---------+---------+---------+
OSC            |         |         |    6.233|         |
---------------+---------+---------+---------+---------+

Clock to Setup on destination clock XLXI_36/XLXI_22/TC
------------------+---------+---------+---------+---------+
                  | Src:Rise| Src:Fall| Src:Rise| Src:Fall|
Source Clock      |Dest:Rise|Dest:Rise|Dest:Fall|Dest:Fall|
------------------+---------+---------+---------+---------+
XLXI_36/XLXI_22/TC|         |         |    2.346|         |
------------------+---------+---------+---------+---------+

Clock to Setup on destination clock XLXI_37/XLXI_28/TC
------------------+---------+---------+---------+---------+
                  | Src:Rise| Src:Fall| Src:Rise| Src:Fall|
Source Clock      |Dest:Rise|Dest:Rise|Dest:Fall|Dest:Fall|
------------------+---------+---------+---------+---------+
XLXI_37/XLXI_28/TC|         |         |    2.410|         |
------------------+---------+---------+---------+---------+

Clock to Setup on destination clock XLXN_41
---------------+---------+---------+---------+---------+
               | Src:Rise| Src:Fall| Src:Rise| Src:Fall|
Source Clock   |Dest:Rise|Dest:Rise|Dest:Fall|Dest:Fall|
---------------+---------+---------+---------+---------+
XLXN_41        |    2.291|         |         |         |
---------------+---------+---------+---------+---------+

Clock to Setup on destination clock XLXN_43
---------------+---------+---------+---------+---------+
               | Src:Rise| Src:Fall| Src:Rise| Src:Fall|
Source Clock   |Dest:Rise|Dest:Rise|Dest:Fall|Dest:Fall|
---------------+---------+---------+---------+---------+
XLXN_43        |    2.584|         |    1.232|         |
---------------+---------+---------+---------+---------+

Clock to Setup on destination clock XLXN_48
---------------+---------+---------+---------+---------+
               | Src:Rise| Src:Fall| Src:Rise| Src:Fall|
Source Clock   |Dest:Rise|Dest:Rise|Dest:Fall|Dest:Fall|
---------------+---------+---------+---------+---------+
XLXN_48        |         |         |    3.797|         |
---------------+---------+---------+---------+---------+

=========================================================================


Total REAL time to Xst completion: 3.00 secs
Total CPU time to Xst completion: 2.84 secs
 
--> 

Total memory usage is 4501776 kilobytes

Number of errors   :    0 (   0 filtered)
Number of warnings :    2 (   0 filtered)
Number of infos    :   58 (   0 filtered)

