
****** PlanAhead v14.7
  **** Build 321239 by xbuild on Fri Sep 27 19:31:35 MDT 2013
    ** Copyright 1986-1999, 2001-2013 Xilinx, Inc. All Rights Reserved.

INFO: [Common 17-78] Attempting to get a license: PlanAhead
INFO: [Common 17-290] Got license for PlanAhead
INFO: [Device 21-36] Loading parts and site information from C:/Xilinx/14.7/ISE_DS/PlanAhead/data/parts/arch.xml
Parsing RTL primitives file [C:/Xilinx/14.7/ISE_DS/PlanAhead/data/parts/xilinx/rtl/prims/rtl_prims.xml]
Finished parsing RTL primitives file [C:/Xilinx/14.7/ISE_DS/PlanAhead/data/parts/xilinx/rtl/prims/rtl_prims.xml]
start_gui
source {D:/Classes-2024/Digital System Fundamentals/Labs/4/TwoBitFullAdder/pa.fromHdl.tcl}
# create_project -name TwoBitFullAdder -dir "D:/Classes-2024/Digital System Fundamentals/Labs/4/TwoBitFullAdder/planAhead_run_2" -part xc6slx9tqg144-3
# set_param project.pinAheadLayout yes
# set srcset [get_property srcset [current_run -impl]]
# set_property target_constrs_file "TwoBitFullAdder.ucf" [current_fileset -constrset]
Adding file 'D:/Classes-2024/Digital System Fundamentals/Labs/4/TwoBitFullAdder/TwoBitFullAdder.ucf' to fileset 'constrs_1'
# set hdlfile [add_files [list {TwoBitFullAdder.vf}]]
# set_property file_type Verilog $hdlfile
# set_property library work $hdlfile
# set_property top TwoBitFullAdder $srcset
# add_files [list {TwoBitFullAdder.ucf}] -fileset [get_property constrset [current_run]]
# open_rtl_design -part xc6slx9tqg144-3
Using Verific elaboration
Parsing VHDL file "C:/Xilinx/14.7/ISE_DS/PlanAhead/data/parts/xilinx/rtl/lib/synplify/synattr.vhd" into library synplify
Analyzing Verilog file "D:/Classes-2024/Digital System Fundamentals/Labs/4/TwoBitFullAdder/TwoBitFullAdder.vf" into library work
Loading clock regions from C:/Xilinx/14.7/ISE_DS/PlanAhead/data\parts/xilinx/spartan6/spartan6lx/xc6slx9/ClockRegion.xml
Loading clock buffers from C:/Xilinx/14.7/ISE_DS/PlanAhead/data\parts/xilinx/spartan6/spartan6lx/xc6slx9/ClockBuffers.xml
Loading package pin functions from C:/Xilinx/14.7/ISE_DS/PlanAhead/data\parts/xilinx/spartan6/PinFunctions.xml...
Loading package from C:/Xilinx/14.7/ISE_DS/PlanAhead/data\parts/xilinx/spartan6/spartan6lx/xc6slx9/tqg144/Package.xml
Loading io standards from C:/Xilinx/14.7/ISE_DS/PlanAhead/data\./parts/xilinx/spartan6/IOStandards.xml
Loading device configuration modes from C:/Xilinx/14.7/ISE_DS/PlanAhead/data\parts/xilinx/spartan6/ConfigModes.xml
Loading list of drcs for the architecture : C:/Xilinx/14.7/ISE_DS/PlanAhead/data\./parts/xilinx/spartan6/drc.xml
Parsing UCF File [D:/Classes-2024/Digital System Fundamentals/Labs/4/TwoBitFullAdder/TwoBitFullAdder.ucf]
CRITICAL WARNING: [Constraints 18-11] Could not find net or pin 'A_SW7_P55' [D:/Classes-2024/Digital System Fundamentals/Labs/4/TwoBitFullAdder/TwoBitFullAdder.ucf:4]
CRITICAL WARNING: [Constraints 18-11] Could not find net or pin 'B_SW6_P56' [D:/Classes-2024/Digital System Fundamentals/Labs/4/TwoBitFullAdder/TwoBitFullAdder.ucf:5]
CRITICAL WARNING: [Constraints 18-11] Could not find net or pin 'C1_LED5_P75' [D:/Classes-2024/Digital System Fundamentals/Labs/4/TwoBitFullAdder/TwoBitFullAdder.ucf:6]
CRITICAL WARNING: [Constraints 18-11] Could not find net or pin 'C_SW5_P57' [D:/Classes-2024/Digital System Fundamentals/Labs/4/TwoBitFullAdder/TwoBitFullAdder.ucf:7]
CRITICAL WARNING: [Constraints 18-11] Could not find net or pin 'D_SW4_P58' [D:/Classes-2024/Digital System Fundamentals/Labs/4/TwoBitFullAdder/TwoBitFullAdder.ucf:8]
CRITICAL WARNING: [Constraints 18-11] Could not find net or pin 'S0_LED7_P67' [D:/Classes-2024/Digital System Fundamentals/Labs/4/TwoBitFullAdder/TwoBitFullAdder.ucf:9]
CRITICAL WARNING: [Constraints 18-11] Could not find net or pin 'S1_LED6_P74' [D:/Classes-2024/Digital System Fundamentals/Labs/4/TwoBitFullAdder/TwoBitFullAdder.ucf:10]
Finished Parsing UCF File [D:/Classes-2024/Digital System Fundamentals/Labs/4/TwoBitFullAdder/TwoBitFullAdder.ucf]
INFO: [Designutils 20-20] Invalid constraints found, use command 'write_ucf -constraints invalid <file>' to save all the invalid constraints to a file
INFO: [Project 1-111] Unisim Transformation Summary:
No Unisim elements were transformed.

Phase 0 | Netlist Checksum: 47fde3e6
update_compile_order -fileset sim_1
startgroup
set_property package_pin P66 [get_ports A_SW0_P66]
endgroup
startgroup
set_property package_pin P62 [get_ports B_SW1_P62]
endgroup
startgroup
set_property package_pin P82 [get_ports C1_LED0_P82]
endgroup
startgroup
set_property package_pin P61 [get_ports C_SW2_P61]
endgroup
startgroup
set_property package_pin P59 [get_ports D_SW3_P59]
endgroup
startgroup
set_property package_pin P80 [get_ports S0_LED2_P80]
endgroup
startgroup
set_property package_pin P81 [get_ports S1_LED1_P81]
endgroup
save_constraints
exit
ERROR: [Common 17-39] 'stop_gui' failed due to earlier errors.
INFO: [Common 17-206] Exiting PlanAhead at Tue Jul 23 09:42:42 2024...
INFO: [Common 17-83] Releasing license: PlanAhead
