Release 14.7 - xst P.20131013 (nt64)
Copyright (c) 1995-2013 Xilinx, Inc.  All rights reserved.
--> Parameter TMPDIR set to xst/projnav.tmp


Total REAL time to Xst completion: 0.00 secs
Total CPU time to Xst completion: 0.17 secs
 
--> Parameter xsthdpdir set to xst


Total REAL time to Xst completion: 0.00 secs
Total CPU time to Xst completion: 0.17 secs
 
--> Reading design: integration.prj

TABLE OF CONTENTS
  1) Synthesis Options Summary
  2) HDL Parsing
  3) HDL Elaboration
  4) HDL Synthesis
       4.1) HDL Synthesis Report
  5) Advanced HDL Synthesis
       5.1) Advanced HDL Synthesis Report
  6) Low Level Synthesis
  7) Partition Report
  8) Design Summary
       8.1) Primitive and Black Box Usage
       8.2) Device utilization summary
       8.3) Partition Resource Summary
       8.4) Timing Report
            8.4.1) Clock Information
            8.4.2) Asynchronous Control Signals Information
            8.4.3) Timing Summary
            8.4.4) Timing Details
            8.4.5) Cross Clock Domains Report


=========================================================================
*                      Synthesis Options Summary                        *
=========================================================================
---- Source Parameters
Input File Name                    : "integration.prj"
Ignore Synthesis Constraint File   : NO

---- Target Parameters
Output File Name                   : "integration"
Output Format                      : NGC
Target Device                      : xc6slx9-3-tqg144

---- Source Options
Top Module Name                    : integration
Automatic FSM Extraction           : YES
FSM Encoding Algorithm             : Auto
Safe Implementation                : No
FSM Style                          : LUT
RAM Extraction                     : Yes
RAM Style                          : Auto
ROM Extraction                     : Yes
Shift Register Extraction          : YES
ROM Style                          : Auto
Resource Sharing                   : YES
Asynchronous To Synchronous        : NO
Shift Register Minimum Size        : 2
Use DSP Block                      : Auto
Automatic Register Balancing       : No

---- Target Options
LUT Combining                      : Auto
Reduce Control Sets                : Auto
Add IO Buffers                     : YES
Global Maximum Fanout              : 100000
Add Generic Clock Buffer(BUFG)     : 16
Register Duplication               : YES
Optimize Instantiated Primitives   : NO
Use Clock Enable                   : Auto
Use Synchronous Set                : Auto
Use Synchronous Reset              : Auto
Pack IO Registers into IOBs        : Auto
Equivalent register Removal        : YES

---- General Options
Optimization Goal                  : Speed
Optimization Effort                : 1
Power Reduction                    : NO
Keep Hierarchy                     : No
Netlist Hierarchy                  : As_Optimized
RTL Output                         : Yes
Global Optimization                : AllClockNets
Read Cores                         : YES
Write Timing Constraints           : NO
Cross Clock Analysis               : NO
Hierarchy Separator                : /
Bus Delimiter                      : <>
Case Specifier                     : Maintain
Slice Utilization Ratio            : 100
BRAM Utilization Ratio             : 100
DSP48 Utilization Ratio            : 100
Auto BRAM Packing                  : NO
Slice Utilization Ratio Delta      : 5

=========================================================================


=========================================================================
*                          HDL Parsing                                  *
=========================================================================
Analyzing Verilog file "D:\Classes-2024\Digital System Fundamentals Shared\Labs\5\zerosevencounter\ssd1d09.vf" into library work
Parsing module <ssd1d09>.
Analyzing Verilog file "D:\Classes-2024\Digital System Fundamentals Shared\Labs\5\zerosevencounter\clkdiv1ki.vf" into library work
Parsing module <FJKC_HXILINX_clkdiv1ki>.
Parsing module <clkdiv1ki>.
Analyzing Verilog file "D:\Classes-2024\Digital System Fundamentals Shared\Labs\5\zerosevencounter\clkdiv18.vf" into library work
Parsing module <FJKC_HXILINX_clkdiv18>.
Parsing module <clkdiv18>.
Analyzing Verilog file "D:\Classes-2024\Digital System Fundamentals Shared\Labs\5\zerosevencounter\integration.vf" into library work
Parsing module <FJKC_HXILINX_integration>.
Parsing module <ssd1d09_MUSER_integration>.
Parsing module <clkdiv18_MUSER_integration>.
Parsing module <clkdiv1ki_MUSER_integration>.
Parsing module <integration>.

=========================================================================
*                            HDL Elaboration                            *
=========================================================================

Elaborating module <integration>.

Elaborating module <clkdiv1ki_MUSER_integration>.

Elaborating module <FJKC_HXILINX_integration>.

Elaborating module <VCC>.

Elaborating module <GND>.

Elaborating module <clkdiv18_MUSER_integration>.

Elaborating module <AND4B2>.

Elaborating module <ssd1d09_MUSER_integration>.

Elaborating module <AND2>.

Elaborating module <INV>.

Elaborating module <OR2>.

Elaborating module <NOR2>.

Elaborating module <NAND2>.

Elaborating module <NAND3>.

=========================================================================
*                           HDL Synthesis                               *
=========================================================================

Synthesizing Unit <integration>.
    Related source file is "D:\Classes-2024\Digital System Fundamentals Shared\Labs\5\zerosevencounter\integration.vf".
    Set property "HU_SET = XLXI_4_15" for instance <XLXI_4>.
    Set property "HU_SET = XLXI_5_16" for instance <XLXI_5>.
    Set property "HU_SET = XLXI_6_17" for instance <XLXI_6>.
    Summary:
	no macro.
Unit <integration> synthesized.

Synthesizing Unit <clkdiv1ki_MUSER_integration>.
    Related source file is "D:\Classes-2024\Digital System Fundamentals Shared\Labs\5\zerosevencounter\integration.vf".
    Set property "HU_SET = XLXI_1_5" for instance <XLXI_1>.
    Set property "HU_SET = XLXI_3_6" for instance <XLXI_3>.
    Set property "HU_SET = XLXI_11_7" for instance <XLXI_11>.
    Set property "HU_SET = XLXI_13_8" for instance <XLXI_13>.
    Set property "HU_SET = XLXI_15_9" for instance <XLXI_15>.
    Set property "HU_SET = XLXI_17_10" for instance <XLXI_17>.
    Set property "HU_SET = XLXI_19_11" for instance <XLXI_19>.
    Set property "HU_SET = XLXI_21_12" for instance <XLXI_21>.
    Set property "HU_SET = XLXI_23_13" for instance <XLXI_23>.
    Set property "HU_SET = XLXI_25_14" for instance <XLXI_25>.
    Summary:
	no macro.
Unit <clkdiv1ki_MUSER_integration> synthesized.

Synthesizing Unit <FJKC_HXILINX_integration>.
    Related source file is "D:\Classes-2024\Digital System Fundamentals Shared\Labs\5\zerosevencounter\integration.vf".
        INIT = 1'b0
    Found 1-bit register for signal <Q>.
    Summary:
	inferred   1 D-type flip-flop(s).
	inferred   2 Multiplexer(s).
Unit <FJKC_HXILINX_integration> synthesized.

Synthesizing Unit <clkdiv18_MUSER_integration>.
    Related source file is "D:\Classes-2024\Digital System Fundamentals Shared\Labs\5\zerosevencounter\integration.vf".
    Set property "HU_SET = XLXI_1_0" for instance <XLXI_1>.
    Set property "HU_SET = XLXI_2_1" for instance <XLXI_2>.
    Set property "HU_SET = XLXI_3_2" for instance <XLXI_3>.
    Set property "HU_SET = XLXI_4_3" for instance <XLXI_4>.
    Set property "HU_SET = XLXI_11_4" for instance <XLXI_11>.
    Summary:
	no macro.
Unit <clkdiv18_MUSER_integration> synthesized.

Synthesizing Unit <ssd1d09_MUSER_integration>.
    Related source file is "D:\Classes-2024\Digital System Fundamentals Shared\Labs\5\zerosevencounter\integration.vf".
    Summary:
	no macro.
Unit <ssd1d09_MUSER_integration> synthesized.

=========================================================================
HDL Synthesis Report

Macro Statistics
# Registers                                            : 28
 1-bit register                                        : 28
# Multiplexers                                         : 56
 1-bit 2-to-1 multiplexer                              : 56

=========================================================================

=========================================================================
*                       Advanced HDL Synthesis                          *
=========================================================================


=========================================================================
Advanced HDL Synthesis Report

Macro Statistics
# Registers                                            : 28
 Flip-Flops                                            : 28
# Multiplexers                                         : 56
 1-bit 2-to-1 multiplexer                              : 56

=========================================================================

=========================================================================
*                         Low Level Synthesis                           *
=========================================================================

Optimizing unit <integration> ...

Optimizing unit <clkdiv1ki_MUSER_integration> ...

Optimizing unit <ssd1d09_MUSER_integration> ...

Optimizing unit <FJKC_HXILINX_integration> ...

Mapping all equations...
Building and optimizing final netlist ...
Found area constraint ratio of 100 (+ 5) on block integration, actual ratio is 0.

Final Macro Processing ...

=========================================================================
Final Register Report

Macro Statistics
# Registers                                            : 28
 Flip-Flops                                            : 28

=========================================================================

=========================================================================
*                           Partition Report                            *
=========================================================================

Partition Implementation Status
-------------------------------

  No Partitions were found in this design.

-------------------------------

=========================================================================
*                            Design Summary                             *
=========================================================================

Top Level Output File Name         : integration.ngc

Primitive and Black Box Usage:
------------------------------
# BELS                             : 46
#      AND2                        : 3
#      AND4B2                      : 1
#      GND                         : 1
#      INV                         : 33
#      OR2                         : 7
#      VCC                         : 1
# FlipFlops/Latches                : 28
#      FDC                         : 28
# Clock Buffers                    : 1
#      BUFGP                       : 1
# IO Buffers                       : 8
#      OBUF                        : 8
# Logical                          : 8
#      NAND2                       : 2
#      NAND3                       : 2
#      NOR2                        : 4

Device utilization summary:
---------------------------

Selected Device : 6slx9tqg144-3 


Slice Logic Utilization: 
 Number of Slice Registers:              28  out of  11440     0%  
 Number of Slice LUTs:                   33  out of   5720     0%  
    Number used as Logic:                33  out of   5720     0%  

Slice Logic Distribution: 
 Number of LUT Flip Flop pairs used:     61
   Number with an unused Flip Flop:      33  out of     61    54%  
   Number with an unused LUT:            28  out of     61    45%  
   Number of fully used LUT-FF pairs:     0  out of     61     0%  
   Number of unique control sets:        28

IO Utilization: 
 Number of IOs:                           9
 Number of bonded IOBs:                   9  out of    102     8%  

Specific Feature Utilization:
 Number of BUFG/BUFGCTRLs:                1  out of     16     6%  

---------------------------
Partition Resource Summary:
---------------------------

  No Partitions were found in this design.

---------------------------


=========================================================================
Timing Report

NOTE: THESE TIMING NUMBERS ARE ONLY A SYNTHESIS ESTIMATE.
      FOR ACCURATE TIMING INFORMATION PLEASE REFER TO THE TRACE REPORT
      GENERATED AFTER PLACE-and-ROUTE.

Clock Information:
------------------
-----------------------------------+--------------------------+-------+
Clock Signal                       | Clock buffer(FF name)    | Load  |
-----------------------------------+--------------------------+-------+
XLXI_1/XLXI_23/Q                   | NONE(XLXI_1/XLXI_25/Q)   | 1     |
XLXI_1/XLXI_21/Q                   | NONE(XLXI_1/XLXI_23/Q)   | 1     |
XLXI_1/XLXI_19/Q                   | NONE(XLXI_1/XLXI_21/Q)   | 1     |
XLXI_1/XLXI_17/Q                   | NONE(XLXI_1/XLXI_19/Q)   | 1     |
XLXI_1/XLXI_15/Q                   | NONE(XLXI_1/XLXI_17/Q)   | 1     |
XLXI_1/XLXI_13/Q                   | NONE(XLXI_1/XLXI_15/Q)   | 1     |
XLXI_1/XLXI_11/Q                   | NONE(XLXI_1/XLXI_13/Q)   | 1     |
XLXI_1/XLXI_3/Q                    | NONE(XLXI_1/XLXI_11/Q)   | 1     |
XLXI_1/XLXI_1/Q                    | NONE(XLXI_1/XLXI_3/Q)    | 1     |
OSC                                | BUFGP                    | 1     |
XLXI_2/XLXI_23/Q                   | NONE(XLXI_2/XLXI_25/Q)   | 1     |
XLXI_2/XLXI_21/Q                   | NONE(XLXI_2/XLXI_23/Q)   | 1     |
XLXI_2/XLXI_19/Q                   | NONE(XLXI_2/XLXI_21/Q)   | 1     |
XLXI_2/XLXI_17/Q                   | NONE(XLXI_2/XLXI_19/Q)   | 1     |
XLXI_2/XLXI_15/Q                   | NONE(XLXI_2/XLXI_17/Q)   | 1     |
XLXI_2/XLXI_13/Q                   | NONE(XLXI_2/XLXI_15/Q)   | 1     |
XLXI_2/XLXI_11/Q                   | NONE(XLXI_2/XLXI_13/Q)   | 1     |
XLXI_2/XLXI_3/Q                    | NONE(XLXI_2/XLXI_11/Q)   | 1     |
XLXI_2/XLXI_1/Q                    | NONE(XLXI_2/XLXI_3/Q)    | 1     |
XLXI_1/XLXI_25/Q                   | NONE(XLXI_2/XLXI_1/Q)    | 1     |
XLXI_3/XLXN_14(XLXI_3/XLXI_13:O)   | NONE(*)(XLXI_3/XLXI_11/Q)| 1     |
XLXI_3/XLXI_3/Q                    | NONE(XLXI_3/XLXI_4/Q)    | 1     |
XLXI_3/XLXI_2/Q                    | NONE(XLXI_3/XLXI_3/Q)    | 1     |
XLXI_3/XLXI_1/Q                    | NONE(XLXI_3/XLXI_2/Q)    | 1     |
XLXI_2/XLXI_25/Q                   | NONE(XLXI_3/XLXI_1/Q)    | 1     |
XLXI_5/Q                           | NONE(XLXI_6/Q)           | 1     |
XLXI_4/Q                           | NONE(XLXI_5/Q)           | 1     |
XLXI_3/XLXI_11/Q                   | NONE(XLXI_4/Q)           | 1     |
-----------------------------------+--------------------------+-------+
(*) This 1 clock signal(s) are generated by combinatorial logic,
and XST is not able to identify which are the primary clock signals.
Please use the CLOCK_SIGNAL constraint to specify the clock signal(s) generated by combinatorial logic.
INFO:Xst:2169 - HDL ADVISOR - Some clock signals were not automatically buffered by XST with BUFG/BUFR resources. Please use the buffer_type constraint in order to insert these buffers to the clock signals to help prevent skew problems.

Asynchronous Control Signals Information:
----------------------------------------
No asynchronous control signals found in this design

Timing Summary:
---------------
Speed Grade: -3

   Minimum period: 2.809ns (Maximum Frequency: 355.967MHz)
   Minimum input arrival time before clock: No path found
   Maximum output required time after clock: 14.401ns
   Maximum combinational path delay: No path found

Timing Details:
---------------
All values displayed in nanoseconds (ns)

=========================================================================
Timing constraint: Default period analysis for Clock 'XLXI_1/XLXI_23/Q'
  Clock period: 1.950ns (frequency: 512.794MHz)
  Total number of paths / destination ports: 1 / 1
-------------------------------------------------------------------------
Delay:               1.950ns (Levels of Logic = 1)
  Source:            XLXI_1/XLXI_25/Q (FF)
  Destination:       XLXI_1/XLXI_25/Q (FF)
  Source Clock:      XLXI_1/XLXI_23/Q rising
  Destination Clock: XLXI_1/XLXI_23/Q rising

  Data Path: XLXI_1/XLXI_25/Q to XLXI_1/XLXI_25/Q
                                Gate     Net
    Cell:in->out      fanout   Delay   Delay  Logical Name (Net Name)
    ----------------------------------------  ------------
     FDC:C->Q              2   0.447   0.616  Q (Q)
     INV:I->O              1   0.206   0.579  Mmux_Q_Q_MUX_3_o11_INV_0 (Q_Q_MUX_3_o)
     FDC:D                     0.102          Q
    ----------------------------------------
    Total                      1.950ns (0.755ns logic, 1.195ns route)
                                       (38.7% logic, 61.3% route)

=========================================================================
Timing constraint: Default period analysis for Clock 'XLXI_1/XLXI_21/Q'
  Clock period: 1.950ns (frequency: 512.794MHz)
  Total number of paths / destination ports: 1 / 1
-------------------------------------------------------------------------
Delay:               1.950ns (Levels of Logic = 1)
  Source:            XLXI_1/XLXI_23/Q (FF)
  Destination:       XLXI_1/XLXI_23/Q (FF)
  Source Clock:      XLXI_1/XLXI_21/Q rising
  Destination Clock: XLXI_1/XLXI_21/Q rising

  Data Path: XLXI_1/XLXI_23/Q to XLXI_1/XLXI_23/Q
                                Gate     Net
    Cell:in->out      fanout   Delay   Delay  Logical Name (Net Name)
    ----------------------------------------  ------------
     FDC:C->Q              2   0.447   0.616  Q (Q)
     INV:I->O              1   0.206   0.579  Mmux_Q_Q_MUX_3_o11_INV_0 (Q_Q_MUX_3_o)
     FDC:D                     0.102          Q
    ----------------------------------------
    Total                      1.950ns (0.755ns logic, 1.195ns route)
                                       (38.7% logic, 61.3% route)

=========================================================================
Timing constraint: Default period analysis for Clock 'XLXI_1/XLXI_19/Q'
  Clock period: 1.950ns (frequency: 512.794MHz)
  Total number of paths / destination ports: 1 / 1
-------------------------------------------------------------------------
Delay:               1.950ns (Levels of Logic = 1)
  Source:            XLXI_1/XLXI_21/Q (FF)
  Destination:       XLXI_1/XLXI_21/Q (FF)
  Source Clock:      XLXI_1/XLXI_19/Q rising
  Destination Clock: XLXI_1/XLXI_19/Q rising

  Data Path: XLXI_1/XLXI_21/Q to XLXI_1/XLXI_21/Q
                                Gate     Net
    Cell:in->out      fanout   Delay   Delay  Logical Name (Net Name)
    ----------------------------------------  ------------
     FDC:C->Q              2   0.447   0.616  Q (Q)
     INV:I->O              1   0.206   0.579  Mmux_Q_Q_MUX_3_o11_INV_0 (Q_Q_MUX_3_o)
     FDC:D                     0.102          Q
    ----------------------------------------
    Total                      1.950ns (0.755ns logic, 1.195ns route)
                                       (38.7% logic, 61.3% route)

=========================================================================
Timing constraint: Default period analysis for Clock 'XLXI_1/XLXI_17/Q'
  Clock period: 1.950ns (frequency: 512.794MHz)
  Total number of paths / destination ports: 1 / 1
-------------------------------------------------------------------------
Delay:               1.950ns (Levels of Logic = 1)
  Source:            XLXI_1/XLXI_19/Q (FF)
  Destination:       XLXI_1/XLXI_19/Q (FF)
  Source Clock:      XLXI_1/XLXI_17/Q rising
  Destination Clock: XLXI_1/XLXI_17/Q rising

  Data Path: XLXI_1/XLXI_19/Q to XLXI_1/XLXI_19/Q
                                Gate     Net
    Cell:in->out      fanout   Delay   Delay  Logical Name (Net Name)
    ----------------------------------------  ------------
     FDC:C->Q              2   0.447   0.616  Q (Q)
     INV:I->O              1   0.206   0.579  Mmux_Q_Q_MUX_3_o11_INV_0 (Q_Q_MUX_3_o)
     FDC:D                     0.102          Q
    ----------------------------------------
    Total                      1.950ns (0.755ns logic, 1.195ns route)
                                       (38.7% logic, 61.3% route)

=========================================================================
Timing constraint: Default period analysis for Clock 'XLXI_1/XLXI_15/Q'
  Clock period: 1.950ns (frequency: 512.794MHz)
  Total number of paths / destination ports: 1 / 1
-------------------------------------------------------------------------
Delay:               1.950ns (Levels of Logic = 1)
  Source:            XLXI_1/XLXI_17/Q (FF)
  Destination:       XLXI_1/XLXI_17/Q (FF)
  Source Clock:      XLXI_1/XLXI_15/Q rising
  Destination Clock: XLXI_1/XLXI_15/Q rising

  Data Path: XLXI_1/XLXI_17/Q to XLXI_1/XLXI_17/Q
                                Gate     Net
    Cell:in->out      fanout   Delay   Delay  Logical Name (Net Name)
    ----------------------------------------  ------------
     FDC:C->Q              2   0.447   0.616  Q (Q)
     INV:I->O              1   0.206   0.579  Mmux_Q_Q_MUX_3_o11_INV_0 (Q_Q_MUX_3_o)
     FDC:D                     0.102          Q
    ----------------------------------------
    Total                      1.950ns (0.755ns logic, 1.195ns route)
                                       (38.7% logic, 61.3% route)

=========================================================================
Timing constraint: Default period analysis for Clock 'XLXI_1/XLXI_13/Q'
  Clock period: 1.950ns (frequency: 512.794MHz)
  Total number of paths / destination ports: 1 / 1
-------------------------------------------------------------------------
Delay:               1.950ns (Levels of Logic = 1)
  Source:            XLXI_1/XLXI_15/Q (FF)
  Destination:       XLXI_1/XLXI_15/Q (FF)
  Source Clock:      XLXI_1/XLXI_13/Q rising
  Destination Clock: XLXI_1/XLXI_13/Q rising

  Data Path: XLXI_1/XLXI_15/Q to XLXI_1/XLXI_15/Q
                                Gate     Net
    Cell:in->out      fanout   Delay   Delay  Logical Name (Net Name)
    ----------------------------------------  ------------
     FDC:C->Q              2   0.447   0.616  Q (Q)
     INV:I->O              1   0.206   0.579  Mmux_Q_Q_MUX_3_o11_INV_0 (Q_Q_MUX_3_o)
     FDC:D                     0.102          Q
    ----------------------------------------
    Total                      1.950ns (0.755ns logic, 1.195ns route)
                                       (38.7% logic, 61.3% route)

=========================================================================
Timing constraint: Default period analysis for Clock 'XLXI_1/XLXI_11/Q'
  Clock period: 1.950ns (frequency: 512.794MHz)
  Total number of paths / destination ports: 1 / 1
-------------------------------------------------------------------------
Delay:               1.950ns (Levels of Logic = 1)
  Source:            XLXI_1/XLXI_13/Q (FF)
  Destination:       XLXI_1/XLXI_13/Q (FF)
  Source Clock:      XLXI_1/XLXI_11/Q rising
  Destination Clock: XLXI_1/XLXI_11/Q rising

  Data Path: XLXI_1/XLXI_13/Q to XLXI_1/XLXI_13/Q
                                Gate     Net
    Cell:in->out      fanout   Delay   Delay  Logical Name (Net Name)
    ----------------------------------------  ------------
     FDC:C->Q              2   0.447   0.616  Q (Q)
     INV:I->O              1   0.206   0.579  Mmux_Q_Q_MUX_3_o11_INV_0 (Q_Q_MUX_3_o)
     FDC:D                     0.102          Q
    ----------------------------------------
    Total                      1.950ns (0.755ns logic, 1.195ns route)
                                       (38.7% logic, 61.3% route)

=========================================================================
Timing constraint: Default period analysis for Clock 'XLXI_1/XLXI_3/Q'
  Clock period: 1.950ns (frequency: 512.794MHz)
  Total number of paths / destination ports: 1 / 1
-------------------------------------------------------------------------
Delay:               1.950ns (Levels of Logic = 1)
  Source:            XLXI_1/XLXI_11/Q (FF)
  Destination:       XLXI_1/XLXI_11/Q (FF)
  Source Clock:      XLXI_1/XLXI_3/Q rising
  Destination Clock: XLXI_1/XLXI_3/Q rising

  Data Path: XLXI_1/XLXI_11/Q to XLXI_1/XLXI_11/Q
                                Gate     Net
    Cell:in->out      fanout   Delay   Delay  Logical Name (Net Name)
    ----------------------------------------  ------------
     FDC:C->Q              2   0.447   0.616  Q (Q)
     INV:I->O              1   0.206   0.579  Mmux_Q_Q_MUX_3_o11_INV_0 (Q_Q_MUX_3_o)
     FDC:D                     0.102          Q
    ----------------------------------------
    Total                      1.950ns (0.755ns logic, 1.195ns route)
                                       (38.7% logic, 61.3% route)

=========================================================================
Timing constraint: Default period analysis for Clock 'XLXI_1/XLXI_1/Q'
  Clock period: 1.950ns (frequency: 512.794MHz)
  Total number of paths / destination ports: 1 / 1
-------------------------------------------------------------------------
Delay:               1.950ns (Levels of Logic = 1)
  Source:            XLXI_1/XLXI_3/Q (FF)
  Destination:       XLXI_1/XLXI_3/Q (FF)
  Source Clock:      XLXI_1/XLXI_1/Q rising
  Destination Clock: XLXI_1/XLXI_1/Q rising

  Data Path: XLXI_1/XLXI_3/Q to XLXI_1/XLXI_3/Q
                                Gate     Net
    Cell:in->out      fanout   Delay   Delay  Logical Name (Net Name)
    ----------------------------------------  ------------
     FDC:C->Q              2   0.447   0.616  Q (Q)
     INV:I->O              1   0.206   0.579  Mmux_Q_Q_MUX_3_o11_INV_0 (Q_Q_MUX_3_o)
     FDC:D                     0.102          Q
    ----------------------------------------
    Total                      1.950ns (0.755ns logic, 1.195ns route)
                                       (38.7% logic, 61.3% route)

=========================================================================
Timing constraint: Default period analysis for Clock 'OSC'
  Clock period: 1.950ns (frequency: 512.794MHz)
  Total number of paths / destination ports: 1 / 1
-------------------------------------------------------------------------
Delay:               1.950ns (Levels of Logic = 1)
  Source:            XLXI_1/XLXI_1/Q (FF)
  Destination:       XLXI_1/XLXI_1/Q (FF)
  Source Clock:      OSC rising
  Destination Clock: OSC rising

  Data Path: XLXI_1/XLXI_1/Q to XLXI_1/XLXI_1/Q
                                Gate     Net
    Cell:in->out      fanout   Delay   Delay  Logical Name (Net Name)
    ----------------------------------------  ------------
     FDC:C->Q              2   0.447   0.616  Q (Q)
     INV:I->O              1   0.206   0.579  Mmux_Q_Q_MUX_3_o11_INV_0 (Q_Q_MUX_3_o)
     FDC:D                     0.102          Q
    ----------------------------------------
    Total                      1.950ns (0.755ns logic, 1.195ns route)
                                       (38.7% logic, 61.3% route)

=========================================================================
Timing constraint: Default period analysis for Clock 'XLXI_2/XLXI_23/Q'
  Clock period: 1.950ns (frequency: 512.794MHz)
  Total number of paths / destination ports: 1 / 1
-------------------------------------------------------------------------
Delay:               1.950ns (Levels of Logic = 1)
  Source:            XLXI_2/XLXI_25/Q (FF)
  Destination:       XLXI_2/XLXI_25/Q (FF)
  Source Clock:      XLXI_2/XLXI_23/Q rising
  Destination Clock: XLXI_2/XLXI_23/Q rising

  Data Path: XLXI_2/XLXI_25/Q to XLXI_2/XLXI_25/Q
                                Gate     Net
    Cell:in->out      fanout   Delay   Delay  Logical Name (Net Name)
    ----------------------------------------  ------------
     FDC:C->Q              2   0.447   0.616  Q (Q)
     INV:I->O              1   0.206   0.579  Mmux_Q_Q_MUX_3_o11_INV_0 (Q_Q_MUX_3_o)
     FDC:D                     0.102          Q
    ----------------------------------------
    Total                      1.950ns (0.755ns logic, 1.195ns route)
                                       (38.7% logic, 61.3% route)

=========================================================================
Timing constraint: Default period analysis for Clock 'XLXI_2/XLXI_21/Q'
  Clock period: 1.950ns (frequency: 512.794MHz)
  Total number of paths / destination ports: 1 / 1
-------------------------------------------------------------------------
Delay:               1.950ns (Levels of Logic = 1)
  Source:            XLXI_2/XLXI_23/Q (FF)
  Destination:       XLXI_2/XLXI_23/Q (FF)
  Source Clock:      XLXI_2/XLXI_21/Q rising
  Destination Clock: XLXI_2/XLXI_21/Q rising

  Data Path: XLXI_2/XLXI_23/Q to XLXI_2/XLXI_23/Q
                                Gate     Net
    Cell:in->out      fanout   Delay   Delay  Logical Name (Net Name)
    ----------------------------------------  ------------
     FDC:C->Q              2   0.447   0.616  Q (Q)
     INV:I->O              1   0.206   0.579  Mmux_Q_Q_MUX_3_o11_INV_0 (Q_Q_MUX_3_o)
     FDC:D                     0.102          Q
    ----------------------------------------
    Total                      1.950ns (0.755ns logic, 1.195ns route)
                                       (38.7% logic, 61.3% route)

=========================================================================
Timing constraint: Default period analysis for Clock 'XLXI_2/XLXI_19/Q'
  Clock period: 1.950ns (frequency: 512.794MHz)
  Total number of paths / destination ports: 1 / 1
-------------------------------------------------------------------------
Delay:               1.950ns (Levels of Logic = 1)
  Source:            XLXI_2/XLXI_21/Q (FF)
  Destination:       XLXI_2/XLXI_21/Q (FF)
  Source Clock:      XLXI_2/XLXI_19/Q rising
  Destination Clock: XLXI_2/XLXI_19/Q rising

  Data Path: XLXI_2/XLXI_21/Q to XLXI_2/XLXI_21/Q
                                Gate     Net
    Cell:in->out      fanout   Delay   Delay  Logical Name (Net Name)
    ----------------------------------------  ------------
     FDC:C->Q              2   0.447   0.616  Q (Q)
     INV:I->O              1   0.206   0.579  Mmux_Q_Q_MUX_3_o11_INV_0 (Q_Q_MUX_3_o)
     FDC:D                     0.102          Q
    ----------------------------------------
    Total                      1.950ns (0.755ns logic, 1.195ns route)
                                       (38.7% logic, 61.3% route)

=========================================================================
Timing constraint: Default period analysis for Clock 'XLXI_2/XLXI_17/Q'
  Clock period: 1.950ns (frequency: 512.794MHz)
  Total number of paths / destination ports: 1 / 1
-------------------------------------------------------------------------
Delay:               1.950ns (Levels of Logic = 1)
  Source:            XLXI_2/XLXI_19/Q (FF)
  Destination:       XLXI_2/XLXI_19/Q (FF)
  Source Clock:      XLXI_2/XLXI_17/Q rising
  Destination Clock: XLXI_2/XLXI_17/Q rising

  Data Path: XLXI_2/XLXI_19/Q to XLXI_2/XLXI_19/Q
                                Gate     Net
    Cell:in->out      fanout   Delay   Delay  Logical Name (Net Name)
    ----------------------------------------  ------------
     FDC:C->Q              2   0.447   0.616  Q (Q)
     INV:I->O              1   0.206   0.579  Mmux_Q_Q_MUX_3_o11_INV_0 (Q_Q_MUX_3_o)
     FDC:D                     0.102          Q
    ----------------------------------------
    Total                      1.950ns (0.755ns logic, 1.195ns route)
                                       (38.7% logic, 61.3% route)

=========================================================================
Timing constraint: Default period analysis for Clock 'XLXI_2/XLXI_15/Q'
  Clock period: 1.950ns (frequency: 512.794MHz)
  Total number of paths / destination ports: 1 / 1
-------------------------------------------------------------------------
Delay:               1.950ns (Levels of Logic = 1)
  Source:            XLXI_2/XLXI_17/Q (FF)
  Destination:       XLXI_2/XLXI_17/Q (FF)
  Source Clock:      XLXI_2/XLXI_15/Q rising
  Destination Clock: XLXI_2/XLXI_15/Q rising

  Data Path: XLXI_2/XLXI_17/Q to XLXI_2/XLXI_17/Q
                                Gate     Net
    Cell:in->out      fanout   Delay   Delay  Logical Name (Net Name)
    ----------------------------------------  ------------
     FDC:C->Q              2   0.447   0.616  Q (Q)
     INV:I->O              1   0.206   0.579  Mmux_Q_Q_MUX_3_o11_INV_0 (Q_Q_MUX_3_o)
     FDC:D                     0.102          Q
    ----------------------------------------
    Total                      1.950ns (0.755ns logic, 1.195ns route)
                                       (38.7% logic, 61.3% route)

=========================================================================
Timing constraint: Default period analysis for Clock 'XLXI_2/XLXI_13/Q'
  Clock period: 1.950ns (frequency: 512.794MHz)
  Total number of paths / destination ports: 1 / 1
-------------------------------------------------------------------------
Delay:               1.950ns (Levels of Logic = 1)
  Source:            XLXI_2/XLXI_15/Q (FF)
  Destination:       XLXI_2/XLXI_15/Q (FF)
  Source Clock:      XLXI_2/XLXI_13/Q rising
  Destination Clock: XLXI_2/XLXI_13/Q rising

  Data Path: XLXI_2/XLXI_15/Q to XLXI_2/XLXI_15/Q
                                Gate     Net
    Cell:in->out      fanout   Delay   Delay  Logical Name (Net Name)
    ----------------------------------------  ------------
     FDC:C->Q              2   0.447   0.616  Q (Q)
     INV:I->O              1   0.206   0.579  Mmux_Q_Q_MUX_3_o11_INV_0 (Q_Q_MUX_3_o)
     FDC:D                     0.102          Q
    ----------------------------------------
    Total                      1.950ns (0.755ns logic, 1.195ns route)
                                       (38.7% logic, 61.3% route)

=========================================================================
Timing constraint: Default period analysis for Clock 'XLXI_2/XLXI_11/Q'
  Clock period: 1.950ns (frequency: 512.794MHz)
  Total number of paths / destination ports: 1 / 1
-------------------------------------------------------------------------
Delay:               1.950ns (Levels of Logic = 1)
  Source:            XLXI_2/XLXI_13/Q (FF)
  Destination:       XLXI_2/XLXI_13/Q (FF)
  Source Clock:      XLXI_2/XLXI_11/Q rising
  Destination Clock: XLXI_2/XLXI_11/Q rising

  Data Path: XLXI_2/XLXI_13/Q to XLXI_2/XLXI_13/Q
                                Gate     Net
    Cell:in->out      fanout   Delay   Delay  Logical Name (Net Name)
    ----------------------------------------  ------------
     FDC:C->Q              2   0.447   0.616  Q (Q)
     INV:I->O              1   0.206   0.579  Mmux_Q_Q_MUX_3_o11_INV_0 (Q_Q_MUX_3_o)
     FDC:D                     0.102          Q
    ----------------------------------------
    Total                      1.950ns (0.755ns logic, 1.195ns route)
                                       (38.7% logic, 61.3% route)

=========================================================================
Timing constraint: Default period analysis for Clock 'XLXI_2/XLXI_3/Q'
  Clock period: 1.950ns (frequency: 512.794MHz)
  Total number of paths / destination ports: 1 / 1
-------------------------------------------------------------------------
Delay:               1.950ns (Levels of Logic = 1)
  Source:            XLXI_2/XLXI_11/Q (FF)
  Destination:       XLXI_2/XLXI_11/Q (FF)
  Source Clock:      XLXI_2/XLXI_3/Q rising
  Destination Clock: XLXI_2/XLXI_3/Q rising

  Data Path: XLXI_2/XLXI_11/Q to XLXI_2/XLXI_11/Q
                                Gate     Net
    Cell:in->out      fanout   Delay   Delay  Logical Name (Net Name)
    ----------------------------------------  ------------
     FDC:C->Q              2   0.447   0.616  Q (Q)
     INV:I->O              1   0.206   0.579  Mmux_Q_Q_MUX_3_o11_INV_0 (Q_Q_MUX_3_o)
     FDC:D                     0.102          Q
    ----------------------------------------
    Total                      1.950ns (0.755ns logic, 1.195ns route)
                                       (38.7% logic, 61.3% route)

=========================================================================
Timing constraint: Default period analysis for Clock 'XLXI_2/XLXI_1/Q'
  Clock period: 1.950ns (frequency: 512.794MHz)
  Total number of paths / destination ports: 1 / 1
-------------------------------------------------------------------------
Delay:               1.950ns (Levels of Logic = 1)
  Source:            XLXI_2/XLXI_3/Q (FF)
  Destination:       XLXI_2/XLXI_3/Q (FF)
  Source Clock:      XLXI_2/XLXI_1/Q rising
  Destination Clock: XLXI_2/XLXI_1/Q rising

  Data Path: XLXI_2/XLXI_3/Q to XLXI_2/XLXI_3/Q
                                Gate     Net
    Cell:in->out      fanout   Delay   Delay  Logical Name (Net Name)
    ----------------------------------------  ------------
     FDC:C->Q              2   0.447   0.616  Q (Q)
     INV:I->O              1   0.206   0.579  Mmux_Q_Q_MUX_3_o11_INV_0 (Q_Q_MUX_3_o)
     FDC:D                     0.102          Q
    ----------------------------------------
    Total                      1.950ns (0.755ns logic, 1.195ns route)
                                       (38.7% logic, 61.3% route)

=========================================================================
Timing constraint: Default period analysis for Clock 'XLXI_1/XLXI_25/Q'
  Clock period: 1.950ns (frequency: 512.794MHz)
  Total number of paths / destination ports: 1 / 1
-------------------------------------------------------------------------
Delay:               1.950ns (Levels of Logic = 1)
  Source:            XLXI_2/XLXI_1/Q (FF)
  Destination:       XLXI_2/XLXI_1/Q (FF)
  Source Clock:      XLXI_1/XLXI_25/Q rising
  Destination Clock: XLXI_1/XLXI_25/Q rising

  Data Path: XLXI_2/XLXI_1/Q to XLXI_2/XLXI_1/Q
                                Gate     Net
    Cell:in->out      fanout   Delay   Delay  Logical Name (Net Name)
    ----------------------------------------  ------------
     FDC:C->Q              2   0.447   0.616  Q (Q)
     INV:I->O              1   0.206   0.579  Mmux_Q_Q_MUX_3_o11_INV_0 (Q_Q_MUX_3_o)
     FDC:D                     0.102          Q
    ----------------------------------------
    Total                      1.950ns (0.755ns logic, 1.195ns route)
                                       (38.7% logic, 61.3% route)

=========================================================================
Timing constraint: Default period analysis for Clock 'XLXI_3/XLXN_14'
  Clock period: 1.950ns (frequency: 512.794MHz)
  Total number of paths / destination ports: 1 / 1
-------------------------------------------------------------------------
Delay:               1.950ns (Levels of Logic = 1)
  Source:            XLXI_3/XLXI_11/Q (FF)
  Destination:       XLXI_3/XLXI_11/Q (FF)
  Source Clock:      XLXI_3/XLXN_14 rising
  Destination Clock: XLXI_3/XLXN_14 rising

  Data Path: XLXI_3/XLXI_11/Q to XLXI_3/XLXI_11/Q
                                Gate     Net
    Cell:in->out      fanout   Delay   Delay  Logical Name (Net Name)
    ----------------------------------------  ------------
     FDC:C->Q              2   0.447   0.616  Q (Q)
     INV:I->O              1   0.206   0.579  Mmux_Q_Q_MUX_3_o11_INV_0 (Q_Q_MUX_3_o)
     FDC:D                     0.102          Q
    ----------------------------------------
    Total                      1.950ns (0.755ns logic, 1.195ns route)
                                       (38.7% logic, 61.3% route)

=========================================================================
Timing constraint: Default period analysis for Clock 'XLXI_3/XLXI_3/Q'
  Clock period: 2.775ns (frequency: 360.328MHz)
  Total number of paths / destination ports: 2 / 2
-------------------------------------------------------------------------
Delay:               2.775ns (Levels of Logic = 2)
  Source:            XLXI_3/XLXI_4/Q (FF)
  Destination:       XLXI_3/XLXI_4/Q (FF)
  Source Clock:      XLXI_3/XLXI_3/Q rising
  Destination Clock: XLXI_3/XLXI_3/Q rising

  Data Path: XLXI_3/XLXI_4/Q to XLXI_3/XLXI_4/Q
                                Gate     Net
    Cell:in->out      fanout   Delay   Delay  Logical Name (Net Name)
    ----------------------------------------  ------------
     FDC:C->Q              2   0.447   0.961  Q (Q)
     end scope: 'XLXI_3/XLXI_4:Q'
     AND4B2:I1->O          5   0.223   0.714  XLXI_3/XLXI_13 (XLXI_3/XLXN_14)
     begin scope: 'XLXI_3/XLXI_4:CLR'
     FDC:CLR                   0.430          Q
    ----------------------------------------
    Total                      2.775ns (1.100ns logic, 1.675ns route)
                                       (39.6% logic, 60.4% route)

=========================================================================
Timing constraint: Default period analysis for Clock 'XLXI_3/XLXI_2/Q'
  Clock period: 2.809ns (frequency: 355.967MHz)
  Total number of paths / destination ports: 2 / 2
-------------------------------------------------------------------------
Delay:               2.809ns (Levels of Logic = 2)
  Source:            XLXI_3/XLXI_3/Q (FF)
  Destination:       XLXI_3/XLXI_3/Q (FF)
  Source Clock:      XLXI_3/XLXI_2/Q rising
  Destination Clock: XLXI_3/XLXI_2/Q rising

  Data Path: XLXI_3/XLXI_3/Q to XLXI_3/XLXI_3/Q
                                Gate     Net
    Cell:in->out      fanout   Delay   Delay  Logical Name (Net Name)
    ----------------------------------------  ------------
     FDC:C->Q              3   0.447   0.879  Q (Q)
     end scope: 'XLXI_3/XLXI_3:Q'
     AND4B2:I3->O          5   0.339   0.714  XLXI_3/XLXI_13 (XLXI_3/XLXN_14)
     begin scope: 'XLXI_3/XLXI_3:CLR'
     FDC:CLR                   0.430          Q
    ----------------------------------------
    Total                      2.809ns (1.216ns logic, 1.593ns route)
                                       (43.3% logic, 56.7% route)

=========================================================================
Timing constraint: Default period analysis for Clock 'XLXI_3/XLXI_1/Q'
  Clock period: 2.809ns (frequency: 355.967MHz)
  Total number of paths / destination ports: 2 / 2
-------------------------------------------------------------------------
Delay:               2.809ns (Levels of Logic = 2)
  Source:            XLXI_3/XLXI_2/Q (FF)
  Destination:       XLXI_3/XLXI_2/Q (FF)
  Source Clock:      XLXI_3/XLXI_1/Q rising
  Destination Clock: XLXI_3/XLXI_1/Q rising

  Data Path: XLXI_3/XLXI_2/Q to XLXI_3/XLXI_2/Q
                                Gate     Net
    Cell:in->out      fanout   Delay   Delay  Logical Name (Net Name)
    ----------------------------------------  ------------
     FDC:C->Q              3   0.447   0.898  Q (Q)
     end scope: 'XLXI_3/XLXI_2:Q'
     AND4B2:I2->O          5   0.320   0.714  XLXI_3/XLXI_13 (XLXI_3/XLXN_14)
     begin scope: 'XLXI_3/XLXI_2:CLR'
     FDC:CLR                   0.430          Q
    ----------------------------------------
    Total                      2.809ns (1.197ns logic, 1.612ns route)
                                       (42.6% logic, 57.4% route)

=========================================================================
Timing constraint: Default period analysis for Clock 'XLXI_2/XLXI_25/Q'
  Clock period: 2.809ns (frequency: 355.967MHz)
  Total number of paths / destination ports: 2 / 2
-------------------------------------------------------------------------
Delay:               2.809ns (Levels of Logic = 2)
  Source:            XLXI_3/XLXI_1/Q (FF)
  Destination:       XLXI_3/XLXI_1/Q (FF)
  Source Clock:      XLXI_2/XLXI_25/Q rising
  Destination Clock: XLXI_2/XLXI_25/Q rising

  Data Path: XLXI_3/XLXI_1/Q to XLXI_3/XLXI_1/Q
                                Gate     Net
    Cell:in->out      fanout   Delay   Delay  Logical Name (Net Name)
    ----------------------------------------  ------------
     FDC:C->Q              3   0.447   1.015  Q (Q)
     end scope: 'XLXI_3/XLXI_1:Q'
     AND4B2:I0->O          5   0.203   0.714  XLXI_3/XLXI_13 (XLXI_3/XLXN_14)
     begin scope: 'XLXI_3/XLXI_1:CLR'
     FDC:CLR                   0.430          Q
    ----------------------------------------
    Total                      2.809ns (1.080ns logic, 1.729ns route)
                                       (38.4% logic, 61.6% route)

=========================================================================
Timing constraint: Default period analysis for Clock 'XLXI_5/Q'
  Clock period: 2.048ns (frequency: 488.317MHz)
  Total number of paths / destination ports: 1 / 1
-------------------------------------------------------------------------
Delay:               2.048ns (Levels of Logic = 1)
  Source:            XLXI_6/Q (FF)
  Destination:       XLXI_6/Q (FF)
  Source Clock:      XLXI_5/Q falling
  Destination Clock: XLXI_5/Q falling

  Data Path: XLXI_6/Q to XLXI_6/Q
                                Gate     Net
    Cell:in->out      fanout   Delay   Delay  Logical Name (Net Name)
    ----------------------------------------  ------------
     FDC:C->Q              5   0.447   0.714  Q (Q)
     INV:I->O              1   0.206   0.579  Mmux_Q_Q_MUX_3_o11_INV_0 (Q_Q_MUX_3_o)
     FDC:D                     0.102          Q
    ----------------------------------------
    Total                      2.048ns (0.755ns logic, 1.293ns route)
                                       (36.9% logic, 63.1% route)

=========================================================================
Timing constraint: Default period analysis for Clock 'XLXI_4/Q'
  Clock period: 2.106ns (frequency: 474.721MHz)
  Total number of paths / destination ports: 1 / 1
-------------------------------------------------------------------------
Delay:               2.106ns (Levels of Logic = 1)
  Source:            XLXI_5/Q (FF)
  Destination:       XLXI_5/Q (FF)
  Source Clock:      XLXI_4/Q falling
  Destination Clock: XLXI_4/Q falling

  Data Path: XLXI_5/Q to XLXI_5/Q
                                Gate     Net
    Cell:in->out      fanout   Delay   Delay  Logical Name (Net Name)
    ----------------------------------------  ------------
     FDC:C->Q              7   0.447   0.773  Q (Q)
     INV:I->O              1   0.206   0.579  Mmux_Q_Q_MUX_3_o11_INV_0 (Q_Q_MUX_3_o)
     FDC:D                     0.102          Q
    ----------------------------------------
    Total                      2.106ns (0.755ns logic, 1.352ns route)
                                       (35.8% logic, 64.2% route)

=========================================================================
Timing constraint: Default period analysis for Clock 'XLXI_3/XLXI_11/Q'
  Clock period: 2.106ns (frequency: 474.721MHz)
  Total number of paths / destination ports: 1 / 1
-------------------------------------------------------------------------
Delay:               2.106ns (Levels of Logic = 1)
  Source:            XLXI_4/Q (FF)
  Destination:       XLXI_4/Q (FF)
  Source Clock:      XLXI_3/XLXI_11/Q rising
  Destination Clock: XLXI_3/XLXI_11/Q rising

  Data Path: XLXI_4/Q to XLXI_4/Q
                                Gate     Net
    Cell:in->out      fanout   Delay   Delay  Logical Name (Net Name)
    ----------------------------------------  ------------
     FDC:C->Q              7   0.447   0.773  Q (Q)
     INV:I->O              1   0.206   0.579  Mmux_Q_Q_MUX_3_o11_INV_0 (Q_Q_MUX_3_o)
     FDC:D                     0.102          Q
    ----------------------------------------
    Total                      2.106ns (0.755ns logic, 1.352ns route)
                                       (35.8% logic, 64.2% route)

=========================================================================
Timing constraint: Default OFFSET OUT AFTER for Clock 'XLXI_3/XLXI_11/Q'
  Total number of paths / destination ports: 23 / 7
-------------------------------------------------------------------------
Offset:              12.070ns (Levels of Logic = 9)
  Source:            XLXI_4/Q (FF)
  Destination:       SSD_d (PAD)
  Source Clock:      XLXI_3/XLXI_11/Q rising

  Data Path: XLXI_4/Q to SSD_d
                                Gate     Net
    Cell:in->out      fanout   Delay   Delay  Logical Name (Net Name)
    ----------------------------------------  ------------
     FDC:C->Q              7   0.447   1.138  Q (Q)
     end scope: 'XLXI_4:Q'
     OR2:I0->O             3   0.203   1.015  XLXI_20/XLXI_100 (XLXI_20/XLXN_117)
     NAND2:I0->O           1   0.203   0.924  XLXI_20/XLXI_102 (XLXI_20/XLXN_119)
     NAND3:I1->O           3   0.223   0.995  XLXI_20/XLXI_103 (SSD_b_OBUF)
     NOR2:I1->O            1   0.223   0.944  XLXI_20/XLXI_105 (XLXI_20/XLXN_125)
     OR2:I0->O             3   0.203   0.995  XLXI_20/XLXI_106 (XLXI_20/XLXN_130)
     OR2:I1->O             2   0.223   0.961  XLXI_20/XLXI_107 (XLXI_20/XLXN_134)
     OR2:I1->O             1   0.223   0.579  XLXI_20/XLXI_109 (SSD_g_OBUF)
     OBUF:I->O                 2.571          SSD_g_OBUF (SSD_g)
    ----------------------------------------
    Total                     12.070ns (4.519ns logic, 7.551ns route)
                                       (37.4% logic, 62.6% route)

=========================================================================
Timing constraint: Default OFFSET OUT AFTER for Clock 'XLXI_4/Q'
  Total number of paths / destination ports: 27 / 7
-------------------------------------------------------------------------
Offset:              14.401ns (Levels of Logic = 11)
  Source:            XLXI_5/Q (FF)
  Destination:       SSD_d (PAD)
  Source Clock:      XLXI_4/Q falling

  Data Path: XLXI_5/Q to SSD_d
                                Gate     Net
    Cell:in->out      fanout   Delay   Delay  Logical Name (Net Name)
    ----------------------------------------  ------------
     FDC:C->Q              7   0.447   0.773  Q (Q)
     end scope: 'XLXI_5:Q'
     INV:I->O              2   0.568   0.981  XLXI_20/XLXI_93 (XLXI_20/XLXN_109)
     AND2:I0->O            1   0.203   0.924  XLXI_20/XLXI_97 (XLXI_20/XLXN_114)
     OR2:I1->O             3   0.223   1.015  XLXI_20/XLXI_100 (XLXI_20/XLXN_117)
     NAND2:I0->O           1   0.203   0.924  XLXI_20/XLXI_102 (XLXI_20/XLXN_119)
     NAND3:I1->O           3   0.223   0.995  XLXI_20/XLXI_103 (SSD_b_OBUF)
     NOR2:I1->O            1   0.223   0.944  XLXI_20/XLXI_105 (XLXI_20/XLXN_125)
     OR2:I0->O             3   0.203   0.995  XLXI_20/XLXI_106 (XLXI_20/XLXN_130)
     OR2:I1->O             2   0.223   0.961  XLXI_20/XLXI_107 (XLXI_20/XLXN_134)
     OR2:I1->O             1   0.223   0.579  XLXI_20/XLXI_109 (SSD_g_OBUF)
     OBUF:I->O                 2.571          SSD_g_OBUF (SSD_g)
    ----------------------------------------
    Total                     14.401ns (5.310ns logic, 9.091ns route)
                                       (36.9% logic, 63.1% route)

=========================================================================
Timing constraint: Default OFFSET OUT AFTER for Clock 'XLXI_5/Q'
  Total number of paths / destination ports: 20 / 7
-------------------------------------------------------------------------
Offset:              13.158ns (Levels of Logic = 10)
  Source:            XLXI_6/Q (FF)
  Destination:       SSD_d (PAD)
  Source Clock:      XLXI_5/Q falling

  Data Path: XLXI_6/Q to SSD_d
                                Gate     Net
    Cell:in->out      fanout   Delay   Delay  Logical Name (Net Name)
    ----------------------------------------  ------------
     FDC:C->Q              5   0.447   1.059  Q (Q)
     end scope: 'XLXI_6:Q'
     AND2:I1->O            1   0.223   0.924  XLXI_20/XLXI_97 (XLXI_20/XLXN_114)
     OR2:I1->O             3   0.223   1.015  XLXI_20/XLXI_100 (XLXI_20/XLXN_117)
     NAND2:I0->O           1   0.203   0.924  XLXI_20/XLXI_102 (XLXI_20/XLXN_119)
     NAND3:I1->O           3   0.223   0.995  XLXI_20/XLXI_103 (SSD_b_OBUF)
     NOR2:I1->O            1   0.223   0.944  XLXI_20/XLXI_105 (XLXI_20/XLXN_125)
     OR2:I0->O             3   0.203   0.995  XLXI_20/XLXI_106 (XLXI_20/XLXN_130)
     OR2:I1->O             2   0.223   0.961  XLXI_20/XLXI_107 (XLXI_20/XLXN_134)
     OR2:I1->O             1   0.223   0.579  XLXI_20/XLXI_109 (SSD_g_OBUF)
     OBUF:I->O                 2.571          SSD_g_OBUF (SSD_g)
    ----------------------------------------
    Total                     13.158ns (4.762ns logic, 8.396ns route)
                                       (36.2% logic, 63.8% route)

=========================================================================

Cross Clock Domains Report:
--------------------------

Clock to Setup on destination clock OSC
---------------+---------+---------+---------+---------+
               | Src:Rise| Src:Fall| Src:Rise| Src:Fall|
Source Clock   |Dest:Rise|Dest:Rise|Dest:Fall|Dest:Fall|
---------------+---------+---------+---------+---------+
OSC            |    1.950|         |         |         |
---------------+---------+---------+---------+---------+

Clock to Setup on destination clock XLXI_1/XLXI_1/Q
---------------+---------+---------+---------+---------+
               | Src:Rise| Src:Fall| Src:Rise| Src:Fall|
Source Clock   |Dest:Rise|Dest:Rise|Dest:Fall|Dest:Fall|
---------------+---------+---------+---------+---------+
XLXI_1/XLXI_1/Q|    1.950|         |         |         |
---------------+---------+---------+---------+---------+

Clock to Setup on destination clock XLXI_1/XLXI_11/Q
----------------+---------+---------+---------+---------+
                | Src:Rise| Src:Fall| Src:Rise| Src:Fall|
Source Clock    |Dest:Rise|Dest:Rise|Dest:Fall|Dest:Fall|
----------------+---------+---------+---------+---------+
XLXI_1/XLXI_11/Q|    1.950|         |         |         |
----------------+---------+---------+---------+---------+

Clock to Setup on destination clock XLXI_1/XLXI_13/Q
----------------+---------+---------+---------+---------+
                | Src:Rise| Src:Fall| Src:Rise| Src:Fall|
Source Clock    |Dest:Rise|Dest:Rise|Dest:Fall|Dest:Fall|
----------------+---------+---------+---------+---------+
XLXI_1/XLXI_13/Q|    1.950|         |         |         |
----------------+---------+---------+---------+---------+

Clock to Setup on destination clock XLXI_1/XLXI_15/Q
----------------+---------+---------+---------+---------+
                | Src:Rise| Src:Fall| Src:Rise| Src:Fall|
Source Clock    |Dest:Rise|Dest:Rise|Dest:Fall|Dest:Fall|
----------------+---------+---------+---------+---------+
XLXI_1/XLXI_15/Q|    1.950|         |         |         |
----------------+---------+---------+---------+---------+

Clock to Setup on destination clock XLXI_1/XLXI_17/Q
----------------+---------+---------+---------+---------+
                | Src:Rise| Src:Fall| Src:Rise| Src:Fall|
Source Clock    |Dest:Rise|Dest:Rise|Dest:Fall|Dest:Fall|
----------------+---------+---------+---------+---------+
XLXI_1/XLXI_17/Q|    1.950|         |         |         |
----------------+---------+---------+---------+---------+

Clock to Setup on destination clock XLXI_1/XLXI_19/Q
----------------+---------+---------+---------+---------+
                | Src:Rise| Src:Fall| Src:Rise| Src:Fall|
Source Clock    |Dest:Rise|Dest:Rise|Dest:Fall|Dest:Fall|
----------------+---------+---------+---------+---------+
XLXI_1/XLXI_19/Q|    1.950|         |         |         |
----------------+---------+---------+---------+---------+

Clock to Setup on destination clock XLXI_1/XLXI_21/Q
----------------+---------+---------+---------+---------+
                | Src:Rise| Src:Fall| Src:Rise| Src:Fall|
Source Clock    |Dest:Rise|Dest:Rise|Dest:Fall|Dest:Fall|
----------------+---------+---------+---------+---------+
XLXI_1/XLXI_21/Q|    1.950|         |         |         |
----------------+---------+---------+---------+---------+

Clock to Setup on destination clock XLXI_1/XLXI_23/Q
----------------+---------+---------+---------+---------+
                | Src:Rise| Src:Fall| Src:Rise| Src:Fall|
Source Clock    |Dest:Rise|Dest:Rise|Dest:Fall|Dest:Fall|
----------------+---------+---------+---------+---------+
XLXI_1/XLXI_23/Q|    1.950|         |         |         |
----------------+---------+---------+---------+---------+

Clock to Setup on destination clock XLXI_1/XLXI_25/Q
----------------+---------+---------+---------+---------+
                | Src:Rise| Src:Fall| Src:Rise| Src:Fall|
Source Clock    |Dest:Rise|Dest:Rise|Dest:Fall|Dest:Fall|
----------------+---------+---------+---------+---------+
XLXI_1/XLXI_25/Q|    1.950|         |         |         |
----------------+---------+---------+---------+---------+

Clock to Setup on destination clock XLXI_1/XLXI_3/Q
---------------+---------+---------+---------+---------+
               | Src:Rise| Src:Fall| Src:Rise| Src:Fall|
Source Clock   |Dest:Rise|Dest:Rise|Dest:Fall|Dest:Fall|
---------------+---------+---------+---------+---------+
XLXI_1/XLXI_3/Q|    1.950|         |         |         |
---------------+---------+---------+---------+---------+

Clock to Setup on destination clock XLXI_2/XLXI_1/Q
---------------+---------+---------+---------+---------+
               | Src:Rise| Src:Fall| Src:Rise| Src:Fall|
Source Clock   |Dest:Rise|Dest:Rise|Dest:Fall|Dest:Fall|
---------------+---------+---------+---------+---------+
XLXI_2/XLXI_1/Q|    1.950|         |         |         |
---------------+---------+---------+---------+---------+

Clock to Setup on destination clock XLXI_2/XLXI_11/Q
----------------+---------+---------+---------+---------+
                | Src:Rise| Src:Fall| Src:Rise| Src:Fall|
Source Clock    |Dest:Rise|Dest:Rise|Dest:Fall|Dest:Fall|
----------------+---------+---------+---------+---------+
XLXI_2/XLXI_11/Q|    1.950|         |         |         |
----------------+---------+---------+---------+---------+

Clock to Setup on destination clock XLXI_2/XLXI_13/Q
----------------+---------+---------+---------+---------+
                | Src:Rise| Src:Fall| Src:Rise| Src:Fall|
Source Clock    |Dest:Rise|Dest:Rise|Dest:Fall|Dest:Fall|
----------------+---------+---------+---------+---------+
XLXI_2/XLXI_13/Q|    1.950|         |         |         |
----------------+---------+---------+---------+---------+

Clock to Setup on destination clock XLXI_2/XLXI_15/Q
----------------+---------+---------+---------+---------+
                | Src:Rise| Src:Fall| Src:Rise| Src:Fall|
Source Clock    |Dest:Rise|Dest:Rise|Dest:Fall|Dest:Fall|
----------------+---------+---------+---------+---------+
XLXI_2/XLXI_15/Q|    1.950|         |         |         |
----------------+---------+---------+---------+---------+

Clock to Setup on destination clock XLXI_2/XLXI_17/Q
----------------+---------+---------+---------+---------+
                | Src:Rise| Src:Fall| Src:Rise| Src:Fall|
Source Clock    |Dest:Rise|Dest:Rise|Dest:Fall|Dest:Fall|
----------------+---------+---------+---------+---------+
XLXI_2/XLXI_17/Q|    1.950|         |         |         |
----------------+---------+---------+---------+---------+

Clock to Setup on destination clock XLXI_2/XLXI_19/Q
----------------+---------+---------+---------+---------+
                | Src:Rise| Src:Fall| Src:Rise| Src:Fall|
Source Clock    |Dest:Rise|Dest:Rise|Dest:Fall|Dest:Fall|
----------------+---------+---------+---------+---------+
XLXI_2/XLXI_19/Q|    1.950|         |         |         |
----------------+---------+---------+---------+---------+

Clock to Setup on destination clock XLXI_2/XLXI_21/Q
----------------+---------+---------+---------+---------+
                | Src:Rise| Src:Fall| Src:Rise| Src:Fall|
Source Clock    |Dest:Rise|Dest:Rise|Dest:Fall|Dest:Fall|
----------------+---------+---------+---------+---------+
XLXI_2/XLXI_21/Q|    1.950|         |         |         |
----------------+---------+---------+---------+---------+

Clock to Setup on destination clock XLXI_2/XLXI_23/Q
----------------+---------+---------+---------+---------+
                | Src:Rise| Src:Fall| Src:Rise| Src:Fall|
Source Clock    |Dest:Rise|Dest:Rise|Dest:Fall|Dest:Fall|
----------------+---------+---------+---------+---------+
XLXI_2/XLXI_23/Q|    1.950|         |         |         |
----------------+---------+---------+---------+---------+

Clock to Setup on destination clock XLXI_2/XLXI_25/Q
----------------+---------+---------+---------+---------+
                | Src:Rise| Src:Fall| Src:Rise| Src:Fall|
Source Clock    |Dest:Rise|Dest:Rise|Dest:Fall|Dest:Fall|
----------------+---------+---------+---------+---------+
XLXI_2/XLXI_25/Q|    2.809|         |         |         |
XLXI_3/XLXI_1/Q |    2.809|         |         |         |
XLXI_3/XLXI_2/Q |    2.809|         |         |         |
XLXI_3/XLXI_3/Q |    2.775|         |         |         |
----------------+---------+---------+---------+---------+

Clock to Setup on destination clock XLXI_2/XLXI_3/Q
---------------+---------+---------+---------+---------+
               | Src:Rise| Src:Fall| Src:Rise| Src:Fall|
Source Clock   |Dest:Rise|Dest:Rise|Dest:Fall|Dest:Fall|
---------------+---------+---------+---------+---------+
XLXI_2/XLXI_3/Q|    1.950|         |         |         |
---------------+---------+---------+---------+---------+

Clock to Setup on destination clock XLXI_3/XLXI_1/Q
----------------+---------+---------+---------+---------+
                | Src:Rise| Src:Fall| Src:Rise| Src:Fall|
Source Clock    |Dest:Rise|Dest:Rise|Dest:Fall|Dest:Fall|
----------------+---------+---------+---------+---------+
XLXI_2/XLXI_25/Q|    2.809|         |         |         |
XLXI_3/XLXI_1/Q |    2.809|         |         |         |
XLXI_3/XLXI_2/Q |    2.809|         |         |         |
XLXI_3/XLXI_3/Q |    2.775|         |         |         |
----------------+---------+---------+---------+---------+

Clock to Setup on destination clock XLXI_3/XLXI_11/Q
----------------+---------+---------+---------+---------+
                | Src:Rise| Src:Fall| Src:Rise| Src:Fall|
Source Clock    |Dest:Rise|Dest:Rise|Dest:Fall|Dest:Fall|
----------------+---------+---------+---------+---------+
XLXI_3/XLXI_11/Q|    2.106|         |         |         |
----------------+---------+---------+---------+---------+

Clock to Setup on destination clock XLXI_3/XLXI_2/Q
----------------+---------+---------+---------+---------+
                | Src:Rise| Src:Fall| Src:Rise| Src:Fall|
Source Clock    |Dest:Rise|Dest:Rise|Dest:Fall|Dest:Fall|
----------------+---------+---------+---------+---------+
XLXI_2/XLXI_25/Q|    2.809|         |         |         |
XLXI_3/XLXI_1/Q |    2.809|         |         |         |
XLXI_3/XLXI_2/Q |    2.809|         |         |         |
XLXI_3/XLXI_3/Q |    2.775|         |         |         |
----------------+---------+---------+---------+---------+

Clock to Setup on destination clock XLXI_3/XLXI_3/Q
----------------+---------+---------+---------+---------+
                | Src:Rise| Src:Fall| Src:Rise| Src:Fall|
Source Clock    |Dest:Rise|Dest:Rise|Dest:Fall|Dest:Fall|
----------------+---------+---------+---------+---------+
XLXI_2/XLXI_25/Q|    2.809|         |         |         |
XLXI_3/XLXI_1/Q |    2.809|         |         |         |
XLXI_3/XLXI_2/Q |    2.809|         |         |         |
XLXI_3/XLXI_3/Q |    2.775|         |         |         |
----------------+---------+---------+---------+---------+

Clock to Setup on destination clock XLXI_3/XLXN_14
---------------+---------+---------+---------+---------+
               | Src:Rise| Src:Fall| Src:Rise| Src:Fall|
Source Clock   |Dest:Rise|Dest:Rise|Dest:Fall|Dest:Fall|
---------------+---------+---------+---------+---------+
XLXI_3/XLXN_14 |    1.950|         |         |         |
---------------+---------+---------+---------+---------+

Clock to Setup on destination clock XLXI_4/Q
---------------+---------+---------+---------+---------+
               | Src:Rise| Src:Fall| Src:Rise| Src:Fall|
Source Clock   |Dest:Rise|Dest:Rise|Dest:Fall|Dest:Fall|
---------------+---------+---------+---------+---------+
XLXI_4/Q       |         |         |    2.106|         |
---------------+---------+---------+---------+---------+

Clock to Setup on destination clock XLXI_5/Q
---------------+---------+---------+---------+---------+
               | Src:Rise| Src:Fall| Src:Rise| Src:Fall|
Source Clock   |Dest:Rise|Dest:Rise|Dest:Fall|Dest:Fall|
---------------+---------+---------+---------+---------+
XLXI_5/Q       |         |         |    2.048|         |
---------------+---------+---------+---------+---------+

=========================================================================


Total REAL time to Xst completion: 3.00 secs
Total CPU time to Xst completion: 3.22 secs
 
--> 

Total memory usage is 4501604 kilobytes

Number of errors   :    0 (   0 filtered)
Number of warnings :    0 (   0 filtered)
Number of infos    :    1 (   0 filtered)

