Release 14.7 - xst P.20131013 (nt64)
Copyright (c) 1995-2013 Xilinx, Inc.  All rights reserved.
--> Parameter TMPDIR set to xst/projnav.tmp


Total REAL time to Xst completion: 0.00 secs
Total CPU time to Xst completion: 0.19 secs
 
--> Parameter xsthdpdir set to xst


Total REAL time to Xst completion: 0.00 secs
Total CPU time to Xst completion: 0.19 secs
 
--> Reading design: main.prj

TABLE OF CONTENTS
  1) Synthesis Options Summary
  2) HDL Parsing
  3) HDL Elaboration
  4) HDL Synthesis
       4.1) HDL Synthesis Report
  5) Advanced HDL Synthesis
       5.1) Advanced HDL Synthesis Report
  6) Low Level Synthesis
  7) Partition Report
  8) Design Summary
       8.1) Primitive and Black Box Usage
       8.2) Device utilization summary
       8.3) Partition Resource Summary
       8.4) Timing Report
            8.4.1) Clock Information
            8.4.2) Asynchronous Control Signals Information
            8.4.3) Timing Summary
            8.4.4) Timing Details
            8.4.5) Cross Clock Domains Report


=========================================================================
*                      Synthesis Options Summary                        *
=========================================================================
---- Source Parameters
Input File Name                    : "main.prj"
Ignore Synthesis Constraint File   : NO

---- Target Parameters
Output File Name                   : "main"
Output Format                      : NGC
Target Device                      : xc6slx9-3-tqg144

---- Source Options
Top Module Name                    : main
Automatic FSM Extraction           : YES
FSM Encoding Algorithm             : Auto
Safe Implementation                : No
FSM Style                          : LUT
RAM Extraction                     : Yes
RAM Style                          : Auto
ROM Extraction                     : Yes
Shift Register Extraction          : YES
ROM Style                          : Auto
Resource Sharing                   : YES
Asynchronous To Synchronous        : NO
Shift Register Minimum Size        : 2
Use DSP Block                      : Auto
Automatic Register Balancing       : No

---- Target Options
LUT Combining                      : Auto
Reduce Control Sets                : Auto
Add IO Buffers                     : YES
Global Maximum Fanout              : 100000
Add Generic Clock Buffer(BUFG)     : 16
Register Duplication               : YES
Optimize Instantiated Primitives   : NO
Use Clock Enable                   : Auto
Use Synchronous Set                : Auto
Use Synchronous Reset              : Auto
Pack IO Registers into IOBs        : Auto
Equivalent register Removal        : YES

---- General Options
Optimization Goal                  : Speed
Optimization Effort                : 1
Power Reduction                    : NO
Keep Hierarchy                     : No
Netlist Hierarchy                  : As_Optimized
RTL Output                         : Yes
Global Optimization                : AllClockNets
Read Cores                         : YES
Write Timing Constraints           : NO
Cross Clock Analysis               : NO
Hierarchy Separator                : /
Bus Delimiter                      : <>
Case Specifier                     : Maintain
Slice Utilization Ratio            : 100
BRAM Utilization Ratio             : 100
DSP48 Utilization Ratio            : 100
Auto BRAM Packing                  : NO
Slice Utilization Ratio Delta      : 5

=========================================================================


=========================================================================
*                          HDL Parsing                                  *
=========================================================================
Analyzing Verilog file "D:\Classes-2024\Digital System Fundamentals Shared\Exam\b04-counter-step-3\dabble.vf" into library work
Parsing module <M2_1_HXILINX_dabble>.
Parsing module <dabble>.
Analyzing Verilog file "D:\Classes-2024\Digital System Fundamentals Shared\Exam\b04-counter-step-3\ssd2d09b.vf" into library work
Parsing module <FJKC_HXILINX_ssd2d09b>.
Parsing module <M2_1_HXILINX_ssd2d09b>.
Parsing module <ssd2d09b>.
Analyzing Verilog file "D:\Classes-2024\Digital System Fundamentals Shared\Exam\b04-counter-step-3\dd8b.vf" into library work
Parsing module <M2_1_HXILINX_dd8b>.
Parsing module <dabble_MUSER_dd8b>.
Parsing module <dd8b>.
Analyzing Verilog file "D:\Classes-2024\Digital System Fundamentals Shared\Exam\b04-counter-step-3\clkdiv20M.vf" into library work
Parsing module <CD4CE_HXILINX_clkdiv20M>.
Parsing module <clkdiv20M>.
Analyzing Verilog file "D:\Classes-2024\Digital System Fundamentals Shared\Exam\b04-counter-step-3\clkdiv20k.vf" into library work
Parsing module <CD4CE_HXILINX_clkdiv20k>.
Parsing module <clkdiv20k>.
Analyzing Verilog file "D:\Classes-2024\Digital System Fundamentals Shared\Exam\b04-counter-step-3\clkdiv2.vf" into library work
Parsing module <clkdiv2>.
Analyzing Verilog file "D:\Classes-2024\Digital System Fundamentals Shared\Exam\b04-counter-step-3\main.vf" into library work
Parsing module <CD4CE_HXILINX_main>.
Parsing module <FJKC_HXILINX_main>.
Parsing module <M2_1_HXILINX_main>.
Parsing module <clkdiv20k_MUSER_main>.
Parsing module <clkdiv2_MUSER_main>.
Parsing module <clkdiv20M_MUSER_main>.
Parsing module <ssd2d09b_MUSER_main>.
Parsing module <dabble_MUSER_main>.
Parsing module <dd8b_MUSER_main>.
Parsing module <main>.
Parsing VHDL file "D:\Classes-2024\Digital System Fundamentals Shared\Exam\b04-counter-step-3\counter-step-3.vhd" into library work
Parsing entity <counter100>.
Parsing architecture <Behavioral> of entity <counter100>.

=========================================================================
*                            HDL Elaboration                            *
=========================================================================

Elaborating module <main>.

Elaborating module <dd8b_MUSER_main>.

Elaborating module <dabble_MUSER_main>.

Elaborating module <INV>.

Elaborating module <NOR2>.

Elaborating module <AND2>.

Elaborating module <NAND2>.

Elaborating module <OR2>.

Elaborating module <M2_1_HXILINX_main>.

Elaborating module <GND>.

Elaborating module <BUF>.

Elaborating module <ssd2d09b_MUSER_main>.

Elaborating module <NAND3>.

Elaborating module <FJKC_HXILINX_main>.

Elaborating module <VCC>.

Elaborating module <clkdiv20M_MUSER_main>.

Elaborating module <CD4CE_HXILINX_main>.
WARNING:HDLCompiler:413 - "D:\Classes-2024\Digital System Fundamentals Shared\Exam\b04-counter-step-3\main.vf" Line 60: Result of 5-bit expression is truncated to fit in 4-bit target.

Elaborating module <FD_1(INIT=1'b0)>.

Elaborating module <clkdiv2_MUSER_main>.

Elaborating module <clkdiv20k_MUSER_main>.
Going to vhdl side to elaborate module counter100

Elaborating entity <counter100> (architecture <Behavioral>) from library <work>.
Back to verilog to continue elaboration

=========================================================================
*                           HDL Synthesis                               *
=========================================================================

Synthesizing Unit <main>.
    Related source file is "D:\Classes-2024\Digital System Fundamentals Shared\Exam\b04-counter-step-3\main.vf".
INFO:Xst:3210 - "D:\Classes-2024\Digital System Fundamentals Shared\Exam\b04-counter-step-3\main.vf" line 647: Output port <H> of the instance <XLXI_2> is unconnected or connected to loadless signal.
INFO:Xst:3210 - "D:\Classes-2024\Digital System Fundamentals Shared\Exam\b04-counter-step-3\main.vf" line 668: Output port <CEO> of the instance <XLXI_15> is unconnected or connected to loadless signal.
INFO:Xst:3210 - "D:\Classes-2024\Digital System Fundamentals Shared\Exam\b04-counter-step-3\main.vf" line 668: Output port <TC> of the instance <XLXI_15> is unconnected or connected to loadless signal.
    Summary:
	no macro.
Unit <main> synthesized.

Synthesizing Unit <dd8b_MUSER_main>.
    Related source file is "D:\Classes-2024\Digital System Fundamentals Shared\Exam\b04-counter-step-3\main.vf".
    Summary:
	no macro.
Unit <dd8b_MUSER_main> synthesized.

Synthesizing Unit <dabble_MUSER_main>.
    Related source file is "D:\Classes-2024\Digital System Fundamentals Shared\Exam\b04-counter-step-3\main.vf".
    Set property "HU_SET = XLXI_37_16" for instance <XLXI_37>.
    Set property "HU_SET = XLXI_39_17" for instance <XLXI_39>.
    Set property "HU_SET = XLXI_42_18" for instance <XLXI_42>.
    Summary:
	no macro.
Unit <dabble_MUSER_main> synthesized.

Synthesizing Unit <M2_1_HXILINX_main>.
    Related source file is "D:\Classes-2024\Digital System Fundamentals Shared\Exam\b04-counter-step-3\main.vf".
    Summary:
	inferred   1 Multiplexer(s).
Unit <M2_1_HXILINX_main> synthesized.

Synthesizing Unit <ssd2d09b_MUSER_main>.
    Related source file is "D:\Classes-2024\Digital System Fundamentals Shared\Exam\b04-counter-step-3\main.vf".
    Set property "HU_SET = XLXI_117_15" for instance <XLXI_117>.
    Set property "HU_SET = XLXI_158_11" for instance <XLXI_158>.
    Set property "HU_SET = XLXI_159_12" for instance <XLXI_159>.
    Set property "HU_SET = XLXI_160_13" for instance <XLXI_160>.
    Set property "HU_SET = XLXI_161_14" for instance <XLXI_161>.
    Summary:
	no macro.
Unit <ssd2d09b_MUSER_main> synthesized.

Synthesizing Unit <FJKC_HXILINX_main>.
    Related source file is "D:\Classes-2024\Digital System Fundamentals Shared\Exam\b04-counter-step-3\main.vf".
        INIT = 1'b0
    Found 1-bit register for signal <Q>.
    Summary:
	inferred   1 D-type flip-flop(s).
	inferred   2 Multiplexer(s).
Unit <FJKC_HXILINX_main> synthesized.

Synthesizing Unit <clkdiv20M_MUSER_main>.
    Related source file is "D:\Classes-2024\Digital System Fundamentals Shared\Exam\b04-counter-step-3\main.vf".
    Set property "HU_SET = XLXI_1_4" for instance <XLXI_1>.
    Set property "HU_SET = XLXI_14_5" for instance <XLXI_14>.
    Set property "HU_SET = XLXI_17_6" for instance <XLXI_17>.
    Set property "HU_SET = XLXI_22_7" for instance <XLXI_22>.
    Set property "HU_SET = XLXI_25_8" for instance <XLXI_25>.
    Set property "HU_SET = XLXI_28_9" for instance <XLXI_28>.
    Set property "HU_SET = XLXI_31_10" for instance <XLXI_31>.
INFO:Xst:3210 - "D:\Classes-2024\Digital System Fundamentals Shared\Exam\b04-counter-step-3\main.vf" line 237: Output port <Q0> of the instance <XLXI_1> is unconnected or connected to loadless signal.
INFO:Xst:3210 - "D:\Classes-2024\Digital System Fundamentals Shared\Exam\b04-counter-step-3\main.vf" line 237: Output port <Q1> of the instance <XLXI_1> is unconnected or connected to loadless signal.
INFO:Xst:3210 - "D:\Classes-2024\Digital System Fundamentals Shared\Exam\b04-counter-step-3\main.vf" line 237: Output port <Q2> of the instance <XLXI_1> is unconnected or connected to loadless signal.
INFO:Xst:3210 - "D:\Classes-2024\Digital System Fundamentals Shared\Exam\b04-counter-step-3\main.vf" line 237: Output port <Q3> of the instance <XLXI_1> is unconnected or connected to loadless signal.
INFO:Xst:3210 - "D:\Classes-2024\Digital System Fundamentals Shared\Exam\b04-counter-step-3\main.vf" line 237: Output port <TC> of the instance <XLXI_1> is unconnected or connected to loadless signal.
INFO:Xst:3210 - "D:\Classes-2024\Digital System Fundamentals Shared\Exam\b04-counter-step-3\main.vf" line 254: Output port <Q0> of the instance <XLXI_14> is unconnected or connected to loadless signal.
INFO:Xst:3210 - "D:\Classes-2024\Digital System Fundamentals Shared\Exam\b04-counter-step-3\main.vf" line 254: Output port <Q1> of the instance <XLXI_14> is unconnected or connected to loadless signal.
INFO:Xst:3210 - "D:\Classes-2024\Digital System Fundamentals Shared\Exam\b04-counter-step-3\main.vf" line 254: Output port <Q2> of the instance <XLXI_14> is unconnected or connected to loadless signal.
INFO:Xst:3210 - "D:\Classes-2024\Digital System Fundamentals Shared\Exam\b04-counter-step-3\main.vf" line 254: Output port <Q3> of the instance <XLXI_14> is unconnected or connected to loadless signal.
INFO:Xst:3210 - "D:\Classes-2024\Digital System Fundamentals Shared\Exam\b04-counter-step-3\main.vf" line 254: Output port <TC> of the instance <XLXI_14> is unconnected or connected to loadless signal.
INFO:Xst:3210 - "D:\Classes-2024\Digital System Fundamentals Shared\Exam\b04-counter-step-3\main.vf" line 264: Output port <Q0> of the instance <XLXI_17> is unconnected or connected to loadless signal.
INFO:Xst:3210 - "D:\Classes-2024\Digital System Fundamentals Shared\Exam\b04-counter-step-3\main.vf" line 264: Output port <Q1> of the instance <XLXI_17> is unconnected or connected to loadless signal.
INFO:Xst:3210 - "D:\Classes-2024\Digital System Fundamentals Shared\Exam\b04-counter-step-3\main.vf" line 264: Output port <Q2> of the instance <XLXI_17> is unconnected or connected to loadless signal.
INFO:Xst:3210 - "D:\Classes-2024\Digital System Fundamentals Shared\Exam\b04-counter-step-3\main.vf" line 264: Output port <Q3> of the instance <XLXI_17> is unconnected or connected to loadless signal.
INFO:Xst:3210 - "D:\Classes-2024\Digital System Fundamentals Shared\Exam\b04-counter-step-3\main.vf" line 264: Output port <TC> of the instance <XLXI_17> is unconnected or connected to loadless signal.
INFO:Xst:3210 - "D:\Classes-2024\Digital System Fundamentals Shared\Exam\b04-counter-step-3\main.vf" line 274: Output port <Q0> of the instance <XLXI_22> is unconnected or connected to loadless signal.
INFO:Xst:3210 - "D:\Classes-2024\Digital System Fundamentals Shared\Exam\b04-counter-step-3\main.vf" line 274: Output port <Q1> of the instance <XLXI_22> is unconnected or connected to loadless signal.
INFO:Xst:3210 - "D:\Classes-2024\Digital System Fundamentals Shared\Exam\b04-counter-step-3\main.vf" line 274: Output port <Q2> of the instance <XLXI_22> is unconnected or connected to loadless signal.
INFO:Xst:3210 - "D:\Classes-2024\Digital System Fundamentals Shared\Exam\b04-counter-step-3\main.vf" line 274: Output port <Q3> of the instance <XLXI_22> is unconnected or connected to loadless signal.
INFO:Xst:3210 - "D:\Classes-2024\Digital System Fundamentals Shared\Exam\b04-counter-step-3\main.vf" line 274: Output port <TC> of the instance <XLXI_22> is unconnected or connected to loadless signal.
INFO:Xst:3210 - "D:\Classes-2024\Digital System Fundamentals Shared\Exam\b04-counter-step-3\main.vf" line 284: Output port <Q0> of the instance <XLXI_25> is unconnected or connected to loadless signal.
INFO:Xst:3210 - "D:\Classes-2024\Digital System Fundamentals Shared\Exam\b04-counter-step-3\main.vf" line 284: Output port <Q1> of the instance <XLXI_25> is unconnected or connected to loadless signal.
INFO:Xst:3210 - "D:\Classes-2024\Digital System Fundamentals Shared\Exam\b04-counter-step-3\main.vf" line 284: Output port <Q2> of the instance <XLXI_25> is unconnected or connected to loadless signal.
INFO:Xst:3210 - "D:\Classes-2024\Digital System Fundamentals Shared\Exam\b04-counter-step-3\main.vf" line 284: Output port <Q3> of the instance <XLXI_25> is unconnected or connected to loadless signal.
INFO:Xst:3210 - "D:\Classes-2024\Digital System Fundamentals Shared\Exam\b04-counter-step-3\main.vf" line 284: Output port <TC> of the instance <XLXI_25> is unconnected or connected to loadless signal.
INFO:Xst:3210 - "D:\Classes-2024\Digital System Fundamentals Shared\Exam\b04-counter-step-3\main.vf" line 294: Output port <Q0> of the instance <XLXI_28> is unconnected or connected to loadless signal.
INFO:Xst:3210 - "D:\Classes-2024\Digital System Fundamentals Shared\Exam\b04-counter-step-3\main.vf" line 294: Output port <Q1> of the instance <XLXI_28> is unconnected or connected to loadless signal.
INFO:Xst:3210 - "D:\Classes-2024\Digital System Fundamentals Shared\Exam\b04-counter-step-3\main.vf" line 294: Output port <Q2> of the instance <XLXI_28> is unconnected or connected to loadless signal.
INFO:Xst:3210 - "D:\Classes-2024\Digital System Fundamentals Shared\Exam\b04-counter-step-3\main.vf" line 294: Output port <Q3> of the instance <XLXI_28> is unconnected or connected to loadless signal.
INFO:Xst:3210 - "D:\Classes-2024\Digital System Fundamentals Shared\Exam\b04-counter-step-3\main.vf" line 294: Output port <TC> of the instance <XLXI_28> is unconnected or connected to loadless signal.
INFO:Xst:3210 - "D:\Classes-2024\Digital System Fundamentals Shared\Exam\b04-counter-step-3\main.vf" line 304: Output port <CEO> of the instance <XLXI_31> is unconnected or connected to loadless signal.
INFO:Xst:3210 - "D:\Classes-2024\Digital System Fundamentals Shared\Exam\b04-counter-step-3\main.vf" line 304: Output port <Q0> of the instance <XLXI_31> is unconnected or connected to loadless signal.
INFO:Xst:3210 - "D:\Classes-2024\Digital System Fundamentals Shared\Exam\b04-counter-step-3\main.vf" line 304: Output port <Q1> of the instance <XLXI_31> is unconnected or connected to loadless signal.
INFO:Xst:3210 - "D:\Classes-2024\Digital System Fundamentals Shared\Exam\b04-counter-step-3\main.vf" line 304: Output port <Q2> of the instance <XLXI_31> is unconnected or connected to loadless signal.
INFO:Xst:3210 - "D:\Classes-2024\Digital System Fundamentals Shared\Exam\b04-counter-step-3\main.vf" line 304: Output port <Q3> of the instance <XLXI_31> is unconnected or connected to loadless signal.
    Summary:
	no macro.
Unit <clkdiv20M_MUSER_main> synthesized.

Synthesizing Unit <CD4CE_HXILINX_main>.
    Related source file is "D:\Classes-2024\Digital System Fundamentals Shared\Exam\b04-counter-step-3\main.vf".
        TERMINAL_COUNT = 4'b1001
    Found 1-bit register for signal <Q1>.
    Found 1-bit register for signal <Q2>.
    Found 1-bit register for signal <Q3>.
    Found 1-bit register for signal <Q0>.
    Found 4-bit adder for signal <Q3_GND_17_o_add_4_OUT> created at line 60.
    Summary:
	inferred   1 Adder/Subtractor(s).
	inferred   4 D-type flip-flop(s).
	inferred   7 Multiplexer(s).
Unit <CD4CE_HXILINX_main> synthesized.

Synthesizing Unit <clkdiv2_MUSER_main>.
    Related source file is "D:\Classes-2024\Digital System Fundamentals Shared\Exam\b04-counter-step-3\main.vf".
    Summary:
	no macro.
Unit <clkdiv2_MUSER_main> synthesized.

Synthesizing Unit <clkdiv20k_MUSER_main>.
    Related source file is "D:\Classes-2024\Digital System Fundamentals Shared\Exam\b04-counter-step-3\main.vf".
    Set property "HU_SET = XLXI_1_0" for instance <XLXI_1>.
    Set property "HU_SET = XLXI_14_1" for instance <XLXI_14>.
    Set property "HU_SET = XLXI_17_2" for instance <XLXI_17>.
    Set property "HU_SET = XLXI_22_3" for instance <XLXI_22>.
INFO:Xst:3210 - "D:\Classes-2024\Digital System Fundamentals Shared\Exam\b04-counter-step-3\main.vf" line 147: Output port <Q0> of the instance <XLXI_1> is unconnected or connected to loadless signal.
INFO:Xst:3210 - "D:\Classes-2024\Digital System Fundamentals Shared\Exam\b04-counter-step-3\main.vf" line 147: Output port <Q1> of the instance <XLXI_1> is unconnected or connected to loadless signal.
INFO:Xst:3210 - "D:\Classes-2024\Digital System Fundamentals Shared\Exam\b04-counter-step-3\main.vf" line 147: Output port <Q2> of the instance <XLXI_1> is unconnected or connected to loadless signal.
INFO:Xst:3210 - "D:\Classes-2024\Digital System Fundamentals Shared\Exam\b04-counter-step-3\main.vf" line 147: Output port <Q3> of the instance <XLXI_1> is unconnected or connected to loadless signal.
INFO:Xst:3210 - "D:\Classes-2024\Digital System Fundamentals Shared\Exam\b04-counter-step-3\main.vf" line 147: Output port <TC> of the instance <XLXI_1> is unconnected or connected to loadless signal.
INFO:Xst:3210 - "D:\Classes-2024\Digital System Fundamentals Shared\Exam\b04-counter-step-3\main.vf" line 164: Output port <Q0> of the instance <XLXI_14> is unconnected or connected to loadless signal.
INFO:Xst:3210 - "D:\Classes-2024\Digital System Fundamentals Shared\Exam\b04-counter-step-3\main.vf" line 164: Output port <Q1> of the instance <XLXI_14> is unconnected or connected to loadless signal.
INFO:Xst:3210 - "D:\Classes-2024\Digital System Fundamentals Shared\Exam\b04-counter-step-3\main.vf" line 164: Output port <Q2> of the instance <XLXI_14> is unconnected or connected to loadless signal.
INFO:Xst:3210 - "D:\Classes-2024\Digital System Fundamentals Shared\Exam\b04-counter-step-3\main.vf" line 164: Output port <Q3> of the instance <XLXI_14> is unconnected or connected to loadless signal.
INFO:Xst:3210 - "D:\Classes-2024\Digital System Fundamentals Shared\Exam\b04-counter-step-3\main.vf" line 164: Output port <TC> of the instance <XLXI_14> is unconnected or connected to loadless signal.
INFO:Xst:3210 - "D:\Classes-2024\Digital System Fundamentals Shared\Exam\b04-counter-step-3\main.vf" line 174: Output port <Q0> of the instance <XLXI_17> is unconnected or connected to loadless signal.
INFO:Xst:3210 - "D:\Classes-2024\Digital System Fundamentals Shared\Exam\b04-counter-step-3\main.vf" line 174: Output port <Q1> of the instance <XLXI_17> is unconnected or connected to loadless signal.
INFO:Xst:3210 - "D:\Classes-2024\Digital System Fundamentals Shared\Exam\b04-counter-step-3\main.vf" line 174: Output port <Q2> of the instance <XLXI_17> is unconnected or connected to loadless signal.
INFO:Xst:3210 - "D:\Classes-2024\Digital System Fundamentals Shared\Exam\b04-counter-step-3\main.vf" line 174: Output port <Q3> of the instance <XLXI_17> is unconnected or connected to loadless signal.
INFO:Xst:3210 - "D:\Classes-2024\Digital System Fundamentals Shared\Exam\b04-counter-step-3\main.vf" line 174: Output port <TC> of the instance <XLXI_17> is unconnected or connected to loadless signal.
INFO:Xst:3210 - "D:\Classes-2024\Digital System Fundamentals Shared\Exam\b04-counter-step-3\main.vf" line 184: Output port <CEO> of the instance <XLXI_22> is unconnected or connected to loadless signal.
INFO:Xst:3210 - "D:\Classes-2024\Digital System Fundamentals Shared\Exam\b04-counter-step-3\main.vf" line 184: Output port <Q0> of the instance <XLXI_22> is unconnected or connected to loadless signal.
INFO:Xst:3210 - "D:\Classes-2024\Digital System Fundamentals Shared\Exam\b04-counter-step-3\main.vf" line 184: Output port <Q1> of the instance <XLXI_22> is unconnected or connected to loadless signal.
INFO:Xst:3210 - "D:\Classes-2024\Digital System Fundamentals Shared\Exam\b04-counter-step-3\main.vf" line 184: Output port <Q2> of the instance <XLXI_22> is unconnected or connected to loadless signal.
INFO:Xst:3210 - "D:\Classes-2024\Digital System Fundamentals Shared\Exam\b04-counter-step-3\main.vf" line 184: Output port <Q3> of the instance <XLXI_22> is unconnected or connected to loadless signal.
    Summary:
	no macro.
Unit <clkdiv20k_MUSER_main> synthesized.

Synthesizing Unit <counter100>.
    Related source file is "D:\Classes-2024\Digital System Fundamentals Shared\Exam\b04-counter-step-3\counter-step-3.vhd".
    Found 8-bit register for signal <count>.
    Found 8-bit adder for signal <count[7]_GND_26_o_add_1_OUT> created at line 30.
    Summary:
	inferred   1 Adder/Subtractor(s).
	inferred   8 D-type flip-flop(s).
	inferred   1 Multiplexer(s).
Unit <counter100> synthesized.

=========================================================================
HDL Synthesis Report

Macro Statistics
# Adders/Subtractors                                   : 12
 4-bit adder                                           : 11
 8-bit adder                                           : 1
# Registers                                            : 46
 1-bit register                                        : 45
 8-bit register                                        : 1
# Multiplexers                                         : 105
 1-bit 2-to-1 multiplexer                              : 104
 8-bit 2-to-1 multiplexer                              : 1

=========================================================================

=========================================================================
*                       Advanced HDL Synthesis                          *
=========================================================================

WARNING:Xst:1290 - Hierarchical block <XLXI_42> is unconnected in block <XLXI_5>.
   It will be removed from the design.
WARNING:Xst:1290 - Hierarchical block <XLXI_42> is unconnected in block <XLXI_7>.
   It will be removed from the design.

=========================================================================
Advanced HDL Synthesis Report

Macro Statistics
# Adders/Subtractors                                   : 12
 4-bit adder                                           : 11
 8-bit adder                                           : 1
# Registers                                            : 56
 Flip-Flops                                            : 56
# Multiplexers                                         : 80
 1-bit 2-to-1 multiplexer                              : 79
 8-bit 2-to-1 multiplexer                              : 1

=========================================================================

=========================================================================
*                         Low Level Synthesis                           *
=========================================================================

Optimizing unit <main> ...

Optimizing unit <dd8b_MUSER_main> ...

Optimizing unit <CD4CE_HXILINX_main> ...

Optimizing unit <XLXI_161> ...

Optimizing unit <XLXI_160> ...

Optimizing unit <XLXI_159> ...

Optimizing unit <XLXI_158> ...

Optimizing unit <ssd2d09b_MUSER_main> ...

Optimizing unit <FJKC_HXILINX_main> ...

Optimizing unit <counter100> ...

Optimizing unit <XLXI_42> ...

Optimizing unit <XLXI_39> ...

Optimizing unit <XLXI_37> ...

Optimizing unit <dabble_MUSER_main> ...
WARNING:Xst:1290 - Hierarchical block <XLXI_2/XLXI_7/XLXI_42> is unconnected in block <main>.
   It will be removed from the design.
WARNING:Xst:1290 - Hierarchical block <XLXI_2/XLXI_5/XLXI_42> is unconnected in block <main>.
   It will be removed from the design.

Mapping all equations...
Building and optimizing final netlist ...
Found area constraint ratio of 100 (+ 5) on block main, actual ratio is 0.

Final Macro Processing ...

=========================================================================
Final Register Report

Macro Statistics
# Registers                                            : 56
 Flip-Flops                                            : 56

=========================================================================

=========================================================================
*                           Partition Report                            *
=========================================================================

Partition Implementation Status
-------------------------------

  No Partitions were found in this design.

-------------------------------

=========================================================================
*                            Design Summary                             *
=========================================================================

Top Level Output File Name         : main.ngc

Primitive and Black Box Usage:
------------------------------
# BELS                             : 149
#      AND2                        : 10
#      BUF                         : 1
#      GND                         : 1
#      INV                         : 44
#      LUT2                        : 3
#      LUT3                        : 46
#      LUT4                        : 17
#      LUT5                        : 8
#      LUT6                        : 4
#      OR2                         : 14
#      VCC                         : 1
# FlipFlops/Latches                : 56
#      FD                          : 8
#      FD_1                        : 3
#      FDC                         : 1
#      FDCE                        : 44
# Clock Buffers                    : 1
#      BUFGP                       : 1
# IO Buffers                       : 12
#      OBUF                        : 12
# Logical                          : 50
#      NAND2                       : 30
#      NAND3                       : 2
#      NOR2                        : 18

Device utilization summary:
---------------------------

Selected Device : 6slx9tqg144-3 


Slice Logic Utilization: 
 Number of Slice Registers:              56  out of  11440     0%  
 Number of Slice LUTs:                  122  out of   5720     2%  
    Number used as Logic:               122  out of   5720     2%  

Slice Logic Distribution: 
 Number of LUT Flip Flop pairs used:    178
   Number with an unused Flip Flop:     122  out of    178    68%  
   Number with an unused LUT:            56  out of    178    31%  
   Number of fully used LUT-FF pairs:     0  out of    178     0%  
   Number of unique control sets:        16

IO Utilization: 
 Number of IOs:                          13
 Number of bonded IOBs:                  13  out of    102    12%  

Specific Feature Utilization:
 Number of BUFG/BUFGCTRLs:                1  out of     16     6%  

---------------------------
Partition Resource Summary:
---------------------------

  No Partitions were found in this design.

---------------------------


=========================================================================
Timing Report

NOTE: THESE TIMING NUMBERS ARE ONLY A SYNTHESIS ESTIMATE.
      FOR ACCURATE TIMING INFORMATION PLEASE REFER TO THE TRACE REPORT
      GENERATED AFTER PLACE-and-ROUTE.

Clock Information:
------------------
---------------------------------------------+------------------------+-------+
Clock Signal                                 | Clock buffer(FF name)  | Load  |
---------------------------------------------+------------------------+-------+
XLXI_5/XLXI_31/TC(XLXI_5/XLXI_31/Mmux_TC11:O)| NONE(*)(XLXI_5/XLXI_9) | 1     |
XLXI_7/XLXI_22/TC(XLXI_7/XLXI_22/Mmux_TC11:O)| NONE(*)(XLXI_7/XLXI_10)| 1     |
XLXN_7                                       | NONE(XLXI_6/XLXI_17)   | 1     |
OSC                                          | BUFGP                  | 44    |
XLXN_9                                       | NONE(XLXI_4/XLXI_117/Q)| 1     |
XLXN_15                                      | NONE(XLXI_15/count_7)  | 8     |
---------------------------------------------+------------------------+-------+
(*) These 2 clock signal(s) are generated by combinatorial logic,
and XST is not able to identify which are the primary clock signals.
Please use the CLOCK_SIGNAL constraint to specify the clock signal(s) generated by combinatorial logic.
INFO:Xst:2169 - HDL ADVISOR - Some clock signals were not automatically buffered by XST with BUFG/BUFR resources. Please use the buffer_type constraint in order to insert these buffers to the clock signals to help prevent skew problems.

Asynchronous Control Signals Information:
----------------------------------------
No asynchronous control signals found in this design

Timing Summary:
---------------
Speed Grade: -3

   Minimum period: 7.153ns (Maximum Frequency: 139.805MHz)
   Minimum input arrival time before clock: No path found
   Maximum output required time after clock: 36.859ns
   Maximum combinational path delay: No path found

Timing Details:
---------------
All values displayed in nanoseconds (ns)

=========================================================================
Timing constraint: Default period analysis for Clock 'XLXI_5/XLXI_31/TC'
  Clock period: 2.312ns (frequency: 432.507MHz)
  Total number of paths / destination ports: 1 / 1
-------------------------------------------------------------------------
Delay:               2.312ns (Levels of Logic = 1)
  Source:            XLXI_5/XLXI_9 (FF)
  Destination:       XLXI_5/XLXI_9 (FF)
  Source Clock:      XLXI_5/XLXI_31/TC falling
  Destination Clock: XLXI_5/XLXI_31/TC falling

  Data Path: XLXI_5/XLXI_9 to XLXI_5/XLXI_9
                                Gate     Net
    Cell:in->out      fanout   Delay   Delay  Logical Name (Net Name)
    ----------------------------------------  ------------
     FD_1:C->Q             2   0.447   0.616  XLXI_5/XLXI_9 (XLXN_7)
     INV:I->O              1   0.568   0.579  XLXI_5/XLXI_11 (XLXI_5/XLXN_9)
     FD_1:D                    0.102          XLXI_5/XLXI_9
    ----------------------------------------
    Total                      2.312ns (1.117ns logic, 1.195ns route)
                                       (48.3% logic, 51.7% route)

=========================================================================
Timing constraint: Default period analysis for Clock 'XLXI_7/XLXI_22/TC'
  Clock period: 2.312ns (frequency: 432.507MHz)
  Total number of paths / destination ports: 1 / 1
-------------------------------------------------------------------------
Delay:               2.312ns (Levels of Logic = 1)
  Source:            XLXI_7/XLXI_10 (FF)
  Destination:       XLXI_7/XLXI_10 (FF)
  Source Clock:      XLXI_7/XLXI_22/TC falling
  Destination Clock: XLXI_7/XLXI_22/TC falling

  Data Path: XLXI_7/XLXI_10 to XLXI_7/XLXI_10
                                Gate     Net
    Cell:in->out      fanout   Delay   Delay  Logical Name (Net Name)
    ----------------------------------------  ------------
     FD_1:C->Q             2   0.447   0.616  XLXI_7/XLXI_10 (XLXN_9)
     INV:I->O              1   0.568   0.579  XLXI_7/XLXI_11 (XLXI_7/XLXN_11)
     FD_1:D                    0.102          XLXI_7/XLXI_10
    ----------------------------------------
    Total                      2.312ns (1.117ns logic, 1.195ns route)
                                       (48.3% logic, 51.7% route)

=========================================================================
Timing constraint: Default period analysis for Clock 'XLXN_7'
  Clock period: 2.312ns (frequency: 432.507MHz)
  Total number of paths / destination ports: 1 / 1
-------------------------------------------------------------------------
Delay:               2.312ns (Levels of Logic = 1)
  Source:            XLXI_6/XLXI_17 (FF)
  Destination:       XLXI_6/XLXI_17 (FF)
  Source Clock:      XLXN_7 falling
  Destination Clock: XLXN_7 falling

  Data Path: XLXI_6/XLXI_17 to XLXI_6/XLXI_17
                                Gate     Net
    Cell:in->out      fanout   Delay   Delay  Logical Name (Net Name)
    ----------------------------------------  ------------
     FD_1:C->Q             2   0.447   0.616  XLXI_6/XLXI_17 (XLXN_15)
     INV:I->O              1   0.568   0.579  XLXI_6/XLXI_18 (XLXI_6/XLXN_27)
     FD_1:D                    0.102          XLXI_6/XLXI_17
    ----------------------------------------
    Total                      2.312ns (1.117ns logic, 1.195ns route)
                                       (48.3% logic, 51.7% route)

=========================================================================
Timing constraint: Default period analysis for Clock 'OSC'
  Clock period: 7.153ns (frequency: 139.805MHz)
  Total number of paths / destination ports: 553 / 80
-------------------------------------------------------------------------
Delay:               7.153ns (Levels of Logic = 12)
  Source:            XLXI_5/XLXI_1/Q3 (FF)
  Destination:       XLXI_5/XLXI_31/Q3 (FF)
  Source Clock:      OSC falling
  Destination Clock: OSC falling

  Data Path: XLXI_5/XLXI_1/Q3 to XLXI_5/XLXI_31/Q3
                                Gate     Net
    Cell:in->out      fanout   Delay   Delay  Logical Name (Net Name)
    ----------------------------------------  ------------
     FDCE:C->Q             3   0.447   0.898  Q3 (Q3)
     LUT4:I0->O            5   0.203   0.715  Mmux_TC11 (TC)
     end scope: 'XLXI_5/XLXI_1:CEO'
     begin scope: 'XLXI_5/XLXI_14:CE'
     LUT5:I4->O            5   0.205   0.715  CEO1 (CEO)
     end scope: 'XLXI_5/XLXI_14:CEO'
     begin scope: 'XLXI_5/XLXI_17:CE'
     LUT5:I4->O            5   0.205   0.715  CEO1 (CEO)
     end scope: 'XLXI_5/XLXI_17:CEO'
     begin scope: 'XLXI_5/XLXI_22:CE'
     LUT5:I4->O            5   0.205   0.715  CEO1 (CEO)
     end scope: 'XLXI_5/XLXI_22:CEO'
     begin scope: 'XLXI_5/XLXI_25:CE'
     LUT5:I4->O            5   0.205   0.715  CEO1 (CEO)
     end scope: 'XLXI_5/XLXI_25:CEO'
     begin scope: 'XLXI_5/XLXI_28:CE'
     LUT5:I4->O            4   0.205   0.683  CEO1 (CEO)
     end scope: 'XLXI_5/XLXI_28:CEO'
     begin scope: 'XLXI_5/XLXI_31:CE'
     FDCE:CE                   0.322          Q3
    ----------------------------------------
    Total                      7.153ns (1.997ns logic, 5.156ns route)
                                       (27.9% logic, 72.1% route)

=========================================================================
Timing constraint: Default period analysis for Clock 'XLXN_9'
  Clock period: 2.106ns (frequency: 474.721MHz)
  Total number of paths / destination ports: 1 / 1
-------------------------------------------------------------------------
Delay:               2.106ns (Levels of Logic = 1)
  Source:            XLXI_4/XLXI_117/Q (FF)
  Destination:       XLXI_4/XLXI_117/Q (FF)
  Source Clock:      XLXN_9 rising
  Destination Clock: XLXN_9 rising

  Data Path: XLXI_4/XLXI_117/Q to XLXI_4/XLXI_117/Q
                                Gate     Net
    Cell:in->out      fanout   Delay   Delay  Logical Name (Net Name)
    ----------------------------------------  ------------
     FDC:C->Q              7   0.447   0.773  Q (Q)
     INV:I->O              1   0.206   0.579  Mmux_Q_Q_MUX_4_o11_INV_0 (Q_Q_MUX_4_o)
     FDC:D                     0.102          Q
    ----------------------------------------
    Total                      2.106ns (0.755ns logic, 1.352ns route)
                                       (35.8% logic, 64.2% route)

=========================================================================
Timing constraint: Default period analysis for Clock 'XLXN_15'
  Clock period: 3.991ns (frequency: 250.576MHz)
  Total number of paths / destination ports: 92 / 8
-------------------------------------------------------------------------
Delay:               3.991ns (Levels of Logic = 3)
  Source:            XLXI_15/count_1 (FF)
  Destination:       XLXI_15/count_5 (FF)
  Source Clock:      XLXN_15 falling
  Destination Clock: XLXN_15 falling

  Data Path: XLXI_15/count_1 to XLXI_15/count_5
                                Gate     Net
    Cell:in->out      fanout   Delay   Delay  Logical Name (Net Name)
    ----------------------------------------  ------------
     FD:C->Q              11   0.447   1.111  XLXI_15/count_1 (XLXI_15/count_1)
     LUT3:I0->O            1   0.205   0.580  XLXI_15/TC<7>_SW0 (N4)
     LUT6:I5->O            7   0.205   1.138  XLXI_15/TC<7> (XLXI_15/TC)
     LUT6:I0->O            1   0.203   0.000  XLXI_15/Mmux_count[7]_GND_26_o_mux_2_OUT51 (XLXI_15/count[7]_GND_26_o_mux_2_OUT<4>)
     FD:D                      0.102          XLXI_15/count_4
    ----------------------------------------
    Total                      3.991ns (1.162ns logic, 2.829ns route)
                                       (29.1% logic, 70.9% route)

=========================================================================
Timing constraint: Default OFFSET OUT AFTER for Clock 'XLXN_9'
  Total number of paths / destination ports: 76 / 9
-------------------------------------------------------------------------
Offset:              15.549ns (Levels of Logic = 13)
  Source:            XLXI_4/XLXI_117/Q (FF)
  Destination:       SSD_Segment<6> (PAD)
  Source Clock:      XLXN_9 rising

  Data Path: XLXI_4/XLXI_117/Q to SSD_Segment<6>
                                Gate     Net
    Cell:in->out      fanout   Delay   Delay  Logical Name (Net Name)
    ----------------------------------------  ------------
     FDC:C->Q              7   0.447   1.002  Q (Q)
     end scope: 'XLXI_4/XLXI_117:Q'
     begin scope: 'XLXI_4/XLXI_159:S0'
     LUT3:I0->O            5   0.205   0.714  Mmux_O11 (O)
     end scope: 'XLXI_4/XLXI_159:O'
     INV:I->O              2   0.568   0.981  XLXI_4/XLXI_93 (XLXI_4/XLXN_109)
     AND2:I0->O            1   0.203   0.924  XLXI_4/XLXI_97 (XLXI_4/XLXN_114)
     OR2:I1->O             3   0.223   1.015  XLXI_4/XLXI_100 (XLXI_4/XLXN_117)
     NAND2:I0->O           1   0.203   0.924  XLXI_4/XLXI_102 (XLXI_4/XLXN_119)
     NAND3:I1->O           3   0.223   0.995  XLXI_4/XLXI_103 (SSD_Segment_1_OBUF)
     NOR2:I1->O            1   0.223   0.944  XLXI_4/XLXI_105 (XLXI_4/XLXN_125)
     OR2:I0->O             3   0.203   0.995  XLXI_4/XLXI_106 (XLXI_4/XLXN_130)
     OR2:I1->O             2   0.223   0.961  XLXI_4/XLXI_107 (XLXI_4/XLXN_134)
     OR2:I1->O             1   0.223   0.579  XLXI_4/XLXI_109 (SSD_Segment_6_OBUF)
     OBUF:I->O                 2.571          SSD_Segment_6_OBUF (SSD_Segment<6>)
    ----------------------------------------
    Total                     15.549ns (5.515ns logic, 10.034ns route)
                                       (35.5% logic, 64.5% route)

=========================================================================
Timing constraint: Default OFFSET OUT AFTER for Clock 'XLXN_15'
  Total number of paths / destination ports: 166531 / 7
-------------------------------------------------------------------------
Offset:              36.859ns (Levels of Logic = 34)
  Source:            XLXI_15/count_5 (FF)
  Destination:       SSD_Segment<6> (PAD)
  Source Clock:      XLXN_15 falling

  Data Path: XLXI_15/count_5 to SSD_Segment<6>
                                Gate     Net
    Cell:in->out      fanout   Delay   Delay  Logical Name (Net Name)
    ----------------------------------------  ------------
     FD:C->Q               7   0.447   0.773  XLXI_15/count_5 (XLXI_15/count_5)
     INV:I->O              2   0.568   0.981  XLXI_2/XLXI_1/XLXI_4 (XLXI_2/XLXI_1/XLXN_14)
     NAND2:I0->O           1   0.203   0.944  XLXI_2/XLXI_1/XLXI_26 (XLXI_2/XLXI_1/XLXN_23)
     NAND2:I0->O           1   0.203   0.924  XLXI_2/XLXI_1/XLXI_38 (XLXI_2/XLXI_1/XLXN_27)
     NAND2:I1->O           4   0.223   1.028  XLXI_2/XLXI_1/XLXI_41 (XLXI_2/XLXN_3)
     NAND2:I1->O           1   0.223   0.944  XLXI_2/XLXI_2/XLXI_26 (XLXI_2/XLXI_2/XLXN_23)
     NAND2:I0->O           1   0.203   0.924  XLXI_2/XLXI_2/XLXI_38 (XLXI_2/XLXI_2/XLXN_27)
     NAND2:I1->O           4   0.223   1.048  XLXI_2/XLXI_2/XLXI_41 (XLXI_2/XLXN_6)
     AND2:I0->O            1   0.203   0.944  XLXI_2/XLXI_3/XLXI_3 (XLXI_2/XLXI_3/XLXN_15)
     OR2:I0->O             1   0.203   0.684  XLXI_2/XLXI_3/XLXI_27 (XLXI_2/XLXI_3/XLXN_24)
     begin scope: 'XLXI_2/XLXI_3/XLXI_39:D0'
     LUT3:I1->O            5   0.203   0.714  Mmux_O11 (O)
     end scope: 'XLXI_2/XLXI_3/XLXI_39:O'
     INV:I->O              1   0.568   0.580  XLXI_2/XLXI_3/XLXI_40 (XLXI_2/XLXI_3/XLXN_30)
     begin scope: 'XLXI_2/XLXI_3/XLXI_42:D1'
     LUT3:I2->O            3   0.205   0.650  Mmux_O11 (O)
     end scope: 'XLXI_2/XLXI_3/XLXI_42:O'
     INV:I->O              2   0.568   0.981  XLXI_2/XLXI_5/XLXI_4 (XLXI_2/XLXI_5/XLXN_14)
     NAND2:I0->O           1   0.203   0.944  XLXI_2/XLXI_5/XLXI_26 (XLXI_2/XLXI_5/XLXN_23)
     NAND2:I0->O           1   0.203   0.924  XLXI_2/XLXI_5/XLXI_38 (XLXI_2/XLXI_5/XLXN_27)
     NAND2:I1->O           4   0.223   1.048  XLXI_2/XLXI_5/XLXI_41 (XLXI_2/XLXN_16)
     AND2:I0->O            1   0.203   0.944  XLXI_2/XLXI_7/XLXI_3 (XLXI_2/XLXI_7/XLXN_15)
     OR2:I0->O             1   0.203   0.684  XLXI_2/XLXI_7/XLXI_27 (XLXI_2/XLXI_7/XLXN_24)
     begin scope: 'XLXI_2/XLXI_7/XLXI_39:D0'
     LUT3:I1->O            2   0.203   0.617  Mmux_O11 (O)
     end scope: 'XLXI_2/XLXI_7/XLXI_39:O'
     begin scope: 'XLXI_4/XLXI_159:D1'
     LUT3:I2->O            5   0.205   0.714  Mmux_O11 (O)
     end scope: 'XLXI_4/XLXI_159:O'
     INV:I->O              2   0.568   0.981  XLXI_4/XLXI_93 (XLXI_4/XLXN_109)
     AND2:I0->O            1   0.203   0.924  XLXI_4/XLXI_97 (XLXI_4/XLXN_114)
     OR2:I1->O             3   0.223   1.015  XLXI_4/XLXI_100 (XLXI_4/XLXN_117)
     NAND2:I0->O           1   0.203   0.924  XLXI_4/XLXI_102 (XLXI_4/XLXN_119)
     NAND3:I1->O           3   0.223   0.995  XLXI_4/XLXI_103 (SSD_Segment_1_OBUF)
     NOR2:I1->O            1   0.223   0.944  XLXI_4/XLXI_105 (XLXI_4/XLXN_125)
     OR2:I0->O             3   0.203   0.995  XLXI_4/XLXI_106 (XLXI_4/XLXN_130)
     OR2:I1->O             2   0.223   0.961  XLXI_4/XLXI_107 (XLXI_4/XLXN_134)
     OR2:I1->O             1   0.223   0.579  XLXI_4/XLXI_109 (SSD_Segment_6_OBUF)
     OBUF:I->O                 2.571          SSD_Segment_6_OBUF (SSD_Segment<6>)
    ----------------------------------------
    Total                     36.859ns (10.549ns logic, 26.310ns route)
                                       (28.6% logic, 71.4% route)

=========================================================================

Cross Clock Domains Report:
--------------------------

Clock to Setup on destination clock OSC
---------------+---------+---------+---------+---------+
               | Src:Rise| Src:Fall| Src:Rise| Src:Fall|
Source Clock   |Dest:Rise|Dest:Rise|Dest:Fall|Dest:Fall|
---------------+---------+---------+---------+---------+
OSC            |         |         |    7.153|         |
---------------+---------+---------+---------+---------+

Clock to Setup on destination clock XLXI_5/XLXI_31/TC
-----------------+---------+---------+---------+---------+
                 | Src:Rise| Src:Fall| Src:Rise| Src:Fall|
Source Clock     |Dest:Rise|Dest:Rise|Dest:Fall|Dest:Fall|
-----------------+---------+---------+---------+---------+
XLXI_5/XLXI_31/TC|         |         |    2.312|         |
-----------------+---------+---------+---------+---------+

Clock to Setup on destination clock XLXI_7/XLXI_22/TC
-----------------+---------+---------+---------+---------+
                 | Src:Rise| Src:Fall| Src:Rise| Src:Fall|
Source Clock     |Dest:Rise|Dest:Rise|Dest:Fall|Dest:Fall|
-----------------+---------+---------+---------+---------+
XLXI_7/XLXI_22/TC|         |         |    2.312|         |
-----------------+---------+---------+---------+---------+

Clock to Setup on destination clock XLXN_15
---------------+---------+---------+---------+---------+
               | Src:Rise| Src:Fall| Src:Rise| Src:Fall|
Source Clock   |Dest:Rise|Dest:Rise|Dest:Fall|Dest:Fall|
---------------+---------+---------+---------+---------+
XLXN_15        |         |         |    3.991|         |
---------------+---------+---------+---------+---------+

Clock to Setup on destination clock XLXN_7
---------------+---------+---------+---------+---------+
               | Src:Rise| Src:Fall| Src:Rise| Src:Fall|
Source Clock   |Dest:Rise|Dest:Rise|Dest:Fall|Dest:Fall|
---------------+---------+---------+---------+---------+
XLXN_7         |         |         |    2.312|         |
---------------+---------+---------+---------+---------+

Clock to Setup on destination clock XLXN_9
---------------+---------+---------+---------+---------+
               | Src:Rise| Src:Fall| Src:Rise| Src:Fall|
Source Clock   |Dest:Rise|Dest:Rise|Dest:Fall|Dest:Fall|
---------------+---------+---------+---------+---------+
XLXN_9         |    2.106|         |         |         |
---------------+---------+---------+---------+---------+

=========================================================================


Total REAL time to Xst completion: 3.00 secs
Total CPU time to Xst completion: 3.19 secs
 
--> 

Total memory usage is 4517968 kilobytes

Number of errors   :    0 (   0 filtered)
Number of warnings :    5 (   0 filtered)
Number of infos    :   59 (   0 filtered)

