Release 14.7 - xst P.20131013 (nt64)
Copyright (c) 1995-2013 Xilinx, Inc.  All rights reserved.
--> Parameter TMPDIR set to xst/projnav.tmp


Total REAL time to Xst completion: 0.00 secs
Total CPU time to Xst completion: 0.11 secs
 
--> Parameter xsthdpdir set to xst


Total REAL time to Xst completion: 0.00 secs
Total CPU time to Xst completion: 0.11 secs
 
--> Reading design: main.prj

TABLE OF CONTENTS
  1) Synthesis Options Summary
  2) HDL Parsing
  3) HDL Elaboration
  4) HDL Synthesis
       4.1) HDL Synthesis Report
  5) Advanced HDL Synthesis
       5.1) Advanced HDL Synthesis Report
  6) Low Level Synthesis
  7) Partition Report
  8) Design Summary
       8.1) Primitive and Black Box Usage
       8.2) Device utilization summary
       8.3) Partition Resource Summary
       8.4) Timing Report
            8.4.1) Clock Information
            8.4.2) Asynchronous Control Signals Information
            8.4.3) Timing Summary
            8.4.4) Timing Details
            8.4.5) Cross Clock Domains Report


=========================================================================
*                      Synthesis Options Summary                        *
=========================================================================
---- Source Parameters
Input File Name                    : "main.prj"
Ignore Synthesis Constraint File   : NO

---- Target Parameters
Output File Name                   : "main"
Output Format                      : NGC
Target Device                      : xc6slx9-3-tqg144

---- Source Options
Top Module Name                    : main
Automatic FSM Extraction           : YES
FSM Encoding Algorithm             : Auto
Safe Implementation                : No
FSM Style                          : LUT
RAM Extraction                     : Yes
RAM Style                          : Auto
ROM Extraction                     : Yes
Shift Register Extraction          : YES
ROM Style                          : Auto
Resource Sharing                   : YES
Asynchronous To Synchronous        : NO
Shift Register Minimum Size        : 2
Use DSP Block                      : Auto
Automatic Register Balancing       : No

---- Target Options
LUT Combining                      : Auto
Reduce Control Sets                : Auto
Add IO Buffers                     : YES
Global Maximum Fanout              : 100000
Add Generic Clock Buffer(BUFG)     : 16
Register Duplication               : YES
Optimize Instantiated Primitives   : NO
Use Clock Enable                   : Auto
Use Synchronous Set                : Auto
Use Synchronous Reset              : Auto
Pack IO Registers into IOBs        : Auto
Equivalent register Removal        : YES

---- General Options
Optimization Goal                  : Speed
Optimization Effort                : 1
Power Reduction                    : NO
Keep Hierarchy                     : No
Netlist Hierarchy                  : As_Optimized
RTL Output                         : Yes
Global Optimization                : AllClockNets
Read Cores                         : YES
Write Timing Constraints           : NO
Cross Clock Analysis               : NO
Hierarchy Separator                : /
Bus Delimiter                      : <>
Case Specifier                     : Maintain
Slice Utilization Ratio            : 100
BRAM Utilization Ratio             : 100
DSP48 Utilization Ratio            : 100
Auto BRAM Packing                  : NO
Slice Utilization Ratio Delta      : 5

=========================================================================


=========================================================================
*                          HDL Parsing                                  *
=========================================================================
Analyzing Verilog file "D:\Classes-2024\Digital System Fundamentals Shared\Practice\b06-running-led\wtb8.vf" into library work
Parsing module <wtb8>.
Analyzing Verilog file "D:\Classes-2024\Digital System Fundamentals Shared\Practice\b06-running-led\edetect.vf" into library work
Parsing module <edetect>.
Analyzing Verilog file "D:\Classes-2024\Digital System Fundamentals Shared\Practice\b06-running-led\counter706.vf" into library work
Parsing module <FJKCE_HXILINX_counter706>.
Parsing module <FJKPE_HXILINX_counter706>.
Parsing module <counter706>.
Analyzing Verilog file "D:\Classes-2024\Digital System Fundamentals Shared\Practice\b06-running-led\clkdiv20k.vf" into library work
Parsing module <CD4CE_HXILINX_clkdiv20k>.
Parsing module <clkdiv20k>.
Analyzing Verilog file "D:\Classes-2024\Digital System Fundamentals Shared\Practice\b06-running-led\and2x8b.vf" into library work
Parsing module <and2x8b>.
Analyzing Verilog file "D:\Classes-2024\Digital System Fundamentals Shared\Practice\b06-running-led\main.vf" into library work
Parsing module <FJKCE_HXILINX_main>.
Parsing module <FJKPE_HXILINX_main>.
Parsing module <CD4CE_HXILINX_main>.
Parsing module <D3_8E_HXILINX_main>.
Parsing module <OBUFT8_HXILINX_main>.
Parsing module <clkdiv20k_MUSER_main>.
Parsing module <edetect_MUSER_main>.
Parsing module <and2x8b_MUSER_main>.
Parsing module <wtb8_MUSER_main>.
Parsing module <counter706_MUSER_main>.
Parsing module <main>.

=========================================================================
*                            HDL Elaboration                            *
=========================================================================

Elaborating module <main>.

Elaborating module <counter706_MUSER_main>.

Elaborating module <FJKPE_HXILINX_main>.

Elaborating module <FJKCE_HXILINX_main>.

Elaborating module <VCC>.

Elaborating module <OR2>.

Elaborating module <AND2>.

Elaborating module <INV>.

Elaborating module <AND3>.

Elaborating module <AND4>.

Elaborating module <D3_8E_HXILINX_main>.

Elaborating module <GND>.

Elaborating module <AND2B1>.

Elaborating module <wtb8_MUSER_main>.

Elaborating module <BUF>.

Elaborating module <and2x8b_MUSER_main>.

Elaborating module <OBUFT8_HXILINX_main>.

Elaborating module <edetect_MUSER_main>.

Elaborating module <FD(INIT=1'b0)>.

Elaborating module <CD4CE_HXILINX_main>.
WARNING:HDLCompiler:413 - "D:\Classes-2024\Digital System Fundamentals Shared\Practice\b06-running-led\main.vf" Line 135: Result of 5-bit expression is truncated to fit in 4-bit target.

Elaborating module <clkdiv20k_MUSER_main>.

Elaborating module <FD_1(INIT=1'b0)>.

=========================================================================
*                           HDL Synthesis                               *
=========================================================================

Synthesizing Unit <main>.
    Related source file is "D:\Classes-2024\Digital System Fundamentals Shared\Practice\b06-running-led\main.vf".
    Set property "HU_SET = XLXI_2_27" for instance <XLXI_2>.
    Set property "HU_SET = XLXI_18_28" for instance <XLXI_18>.
    Set property "HU_SET = XLXI_20_29" for instance <XLXI_20>.
    Set property "HU_SET = XLXI_21_30" for instance <XLXI_21>.
    Set property "HU_SET = XLXI_64_31" for instance <XLXI_64>.
    Set property "HU_SET = XLXI_65_32" for instance <XLXI_65>.
    Set property "HU_SET = XLXI_66_33" for instance <XLXI_66>.
INFO:Xst:3210 - "D:\Classes-2024\Digital System Fundamentals Shared\Practice\b06-running-led\main.vf" line 564: Output port <CEO> of the instance <XLXI_1> is unconnected or connected to loadless signal.
INFO:Xst:3210 - "D:\Classes-2024\Digital System Fundamentals Shared\Practice\b06-running-led\main.vf" line 564: Output port <TC> of the instance <XLXI_1> is unconnected or connected to loadless signal.
INFO:Xst:3210 - "D:\Classes-2024\Digital System Fundamentals Shared\Practice\b06-running-led\main.vf" line 629: Output port <Q0> of the instance <XLXI_64> is unconnected or connected to loadless signal.
INFO:Xst:3210 - "D:\Classes-2024\Digital System Fundamentals Shared\Practice\b06-running-led\main.vf" line 629: Output port <Q1> of the instance <XLXI_64> is unconnected or connected to loadless signal.
INFO:Xst:3210 - "D:\Classes-2024\Digital System Fundamentals Shared\Practice\b06-running-led\main.vf" line 629: Output port <Q2> of the instance <XLXI_64> is unconnected or connected to loadless signal.
INFO:Xst:3210 - "D:\Classes-2024\Digital System Fundamentals Shared\Practice\b06-running-led\main.vf" line 629: Output port <Q3> of the instance <XLXI_64> is unconnected or connected to loadless signal.
INFO:Xst:3210 - "D:\Classes-2024\Digital System Fundamentals Shared\Practice\b06-running-led\main.vf" line 629: Output port <TC> of the instance <XLXI_64> is unconnected or connected to loadless signal.
INFO:Xst:3210 - "D:\Classes-2024\Digital System Fundamentals Shared\Practice\b06-running-led\main.vf" line 639: Output port <Q0> of the instance <XLXI_65> is unconnected or connected to loadless signal.
INFO:Xst:3210 - "D:\Classes-2024\Digital System Fundamentals Shared\Practice\b06-running-led\main.vf" line 639: Output port <Q1> of the instance <XLXI_65> is unconnected or connected to loadless signal.
INFO:Xst:3210 - "D:\Classes-2024\Digital System Fundamentals Shared\Practice\b06-running-led\main.vf" line 639: Output port <Q2> of the instance <XLXI_65> is unconnected or connected to loadless signal.
INFO:Xst:3210 - "D:\Classes-2024\Digital System Fundamentals Shared\Practice\b06-running-led\main.vf" line 639: Output port <Q3> of the instance <XLXI_65> is unconnected or connected to loadless signal.
INFO:Xst:3210 - "D:\Classes-2024\Digital System Fundamentals Shared\Practice\b06-running-led\main.vf" line 639: Output port <TC> of the instance <XLXI_65> is unconnected or connected to loadless signal.
INFO:Xst:3210 - "D:\Classes-2024\Digital System Fundamentals Shared\Practice\b06-running-led\main.vf" line 649: Output port <Q0> of the instance <XLXI_66> is unconnected or connected to loadless signal.
INFO:Xst:3210 - "D:\Classes-2024\Digital System Fundamentals Shared\Practice\b06-running-led\main.vf" line 649: Output port <Q1> of the instance <XLXI_66> is unconnected or connected to loadless signal.
INFO:Xst:3210 - "D:\Classes-2024\Digital System Fundamentals Shared\Practice\b06-running-led\main.vf" line 649: Output port <Q2> of the instance <XLXI_66> is unconnected or connected to loadless signal.
INFO:Xst:3210 - "D:\Classes-2024\Digital System Fundamentals Shared\Practice\b06-running-led\main.vf" line 649: Output port <Q3> of the instance <XLXI_66> is unconnected or connected to loadless signal.
INFO:Xst:3210 - "D:\Classes-2024\Digital System Fundamentals Shared\Practice\b06-running-led\main.vf" line 649: Output port <TC> of the instance <XLXI_66> is unconnected or connected to loadless signal.
    Summary:
	no macro.
Unit <main> synthesized.

Synthesizing Unit <counter706_MUSER_main>.
    Related source file is "D:\Classes-2024\Digital System Fundamentals Shared\Practice\b06-running-led\main.vf".
    Set property "HU_SET = FLIPFLOP_A_23" for instance <FlipFlop_A>.
    Set property "HU_SET = FLIPFLOP_B_24" for instance <FlipFlop_B>.
    Set property "HU_SET = FLIPFLOP_C_25" for instance <FlipFlop_C>.
    Set property "HU_SET = FLIPFLOP_D_26" for instance <FlipFlop_D>.
    Summary:
	no macro.
Unit <counter706_MUSER_main> synthesized.

Synthesizing Unit <FJKPE_HXILINX_main>.
    Related source file is "D:\Classes-2024\Digital System Fundamentals Shared\Practice\b06-running-led\main.vf".
        INIT = 1'b1
    Found 1-bit register for signal <Q>.
    Summary:
	inferred   1 D-type flip-flop(s).
	inferred   2 Multiplexer(s).
Unit <FJKPE_HXILINX_main> synthesized.

Synthesizing Unit <FJKCE_HXILINX_main>.
    Related source file is "D:\Classes-2024\Digital System Fundamentals Shared\Practice\b06-running-led\main.vf".
        INIT = 1'b0
    Found 1-bit register for signal <Q>.
    Summary:
	inferred   1 D-type flip-flop(s).
	inferred   2 Multiplexer(s).
Unit <FJKCE_HXILINX_main> synthesized.

Synthesizing Unit <D3_8E_HXILINX_main>.
    Related source file is "D:\Classes-2024\Digital System Fundamentals Shared\Practice\b06-running-led\main.vf".
    Summary:
	inferred   8 Multiplexer(s).
Unit <D3_8E_HXILINX_main> synthesized.

Synthesizing Unit <wtb8_MUSER_main>.
    Related source file is "D:\Classes-2024\Digital System Fundamentals Shared\Practice\b06-running-led\main.vf".
    Summary:
	no macro.
Unit <wtb8_MUSER_main> synthesized.

Synthesizing Unit <and2x8b_MUSER_main>.
    Related source file is "D:\Classes-2024\Digital System Fundamentals Shared\Practice\b06-running-led\main.vf".
    Summary:
	no macro.
Unit <and2x8b_MUSER_main> synthesized.

Synthesizing Unit <OBUFT8_HXILINX_main>.
    Related source file is "D:\Classes-2024\Digital System Fundamentals Shared\Practice\b06-running-led\main.vf".
    Found 1-bit tristate buffer for signal <O<7>> created at line 201
    Found 1-bit tristate buffer for signal <O<6>> created at line 201
    Found 1-bit tristate buffer for signal <O<5>> created at line 201
    Found 1-bit tristate buffer for signal <O<4>> created at line 201
    Found 1-bit tristate buffer for signal <O<3>> created at line 201
    Found 1-bit tristate buffer for signal <O<2>> created at line 201
    Found 1-bit tristate buffer for signal <O<1>> created at line 201
    Found 1-bit tristate buffer for signal <O<0>> created at line 201
    Summary:
	inferred   8 Tristate(s).
Unit <OBUFT8_HXILINX_main> synthesized.

Synthesizing Unit <edetect_MUSER_main>.
    Related source file is "D:\Classes-2024\Digital System Fundamentals Shared\Practice\b06-running-led\main.vf".
    Summary:
	no macro.
Unit <edetect_MUSER_main> synthesized.

Synthesizing Unit <CD4CE_HXILINX_main>.
    Related source file is "D:\Classes-2024\Digital System Fundamentals Shared\Practice\b06-running-led\main.vf".
        TERMINAL_COUNT = 4'b1001
    Found 1-bit register for signal <Q1>.
    Found 1-bit register for signal <Q2>.
    Found 1-bit register for signal <Q3>.
    Found 1-bit register for signal <Q0>.
    Found 4-bit adder for signal <Q3_GND_29_o_add_4_OUT> created at line 135.
    Summary:
	inferred   1 Adder/Subtractor(s).
	inferred   4 D-type flip-flop(s).
	inferred   7 Multiplexer(s).
Unit <CD4CE_HXILINX_main> synthesized.

Synthesizing Unit <clkdiv20k_MUSER_main>.
    Related source file is "D:\Classes-2024\Digital System Fundamentals Shared\Practice\b06-running-led\main.vf".
    Set property "HU_SET = XLXI_1_19" for instance <XLXI_1>.
    Set property "HU_SET = XLXI_14_20" for instance <XLXI_14>.
    Set property "HU_SET = XLXI_17_21" for instance <XLXI_17>.
    Set property "HU_SET = XLXI_22_22" for instance <XLXI_22>.
INFO:Xst:3210 - "D:\Classes-2024\Digital System Fundamentals Shared\Practice\b06-running-led\main.vf" line 224: Output port <Q0> of the instance <XLXI_1> is unconnected or connected to loadless signal.
INFO:Xst:3210 - "D:\Classes-2024\Digital System Fundamentals Shared\Practice\b06-running-led\main.vf" line 224: Output port <Q1> of the instance <XLXI_1> is unconnected or connected to loadless signal.
INFO:Xst:3210 - "D:\Classes-2024\Digital System Fundamentals Shared\Practice\b06-running-led\main.vf" line 224: Output port <Q2> of the instance <XLXI_1> is unconnected or connected to loadless signal.
INFO:Xst:3210 - "D:\Classes-2024\Digital System Fundamentals Shared\Practice\b06-running-led\main.vf" line 224: Output port <Q3> of the instance <XLXI_1> is unconnected or connected to loadless signal.
INFO:Xst:3210 - "D:\Classes-2024\Digital System Fundamentals Shared\Practice\b06-running-led\main.vf" line 224: Output port <TC> of the instance <XLXI_1> is unconnected or connected to loadless signal.
INFO:Xst:3210 - "D:\Classes-2024\Digital System Fundamentals Shared\Practice\b06-running-led\main.vf" line 241: Output port <Q0> of the instance <XLXI_14> is unconnected or connected to loadless signal.
INFO:Xst:3210 - "D:\Classes-2024\Digital System Fundamentals Shared\Practice\b06-running-led\main.vf" line 241: Output port <Q1> of the instance <XLXI_14> is unconnected or connected to loadless signal.
INFO:Xst:3210 - "D:\Classes-2024\Digital System Fundamentals Shared\Practice\b06-running-led\main.vf" line 241: Output port <Q2> of the instance <XLXI_14> is unconnected or connected to loadless signal.
INFO:Xst:3210 - "D:\Classes-2024\Digital System Fundamentals Shared\Practice\b06-running-led\main.vf" line 241: Output port <Q3> of the instance <XLXI_14> is unconnected or connected to loadless signal.
INFO:Xst:3210 - "D:\Classes-2024\Digital System Fundamentals Shared\Practice\b06-running-led\main.vf" line 241: Output port <TC> of the instance <XLXI_14> is unconnected or connected to loadless signal.
INFO:Xst:3210 - "D:\Classes-2024\Digital System Fundamentals Shared\Practice\b06-running-led\main.vf" line 251: Output port <Q0> of the instance <XLXI_17> is unconnected or connected to loadless signal.
INFO:Xst:3210 - "D:\Classes-2024\Digital System Fundamentals Shared\Practice\b06-running-led\main.vf" line 251: Output port <Q1> of the instance <XLXI_17> is unconnected or connected to loadless signal.
INFO:Xst:3210 - "D:\Classes-2024\Digital System Fundamentals Shared\Practice\b06-running-led\main.vf" line 251: Output port <Q2> of the instance <XLXI_17> is unconnected or connected to loadless signal.
INFO:Xst:3210 - "D:\Classes-2024\Digital System Fundamentals Shared\Practice\b06-running-led\main.vf" line 251: Output port <Q3> of the instance <XLXI_17> is unconnected or connected to loadless signal.
INFO:Xst:3210 - "D:\Classes-2024\Digital System Fundamentals Shared\Practice\b06-running-led\main.vf" line 251: Output port <TC> of the instance <XLXI_17> is unconnected or connected to loadless signal.
INFO:Xst:3210 - "D:\Classes-2024\Digital System Fundamentals Shared\Practice\b06-running-led\main.vf" line 261: Output port <CEO> of the instance <XLXI_22> is unconnected or connected to loadless signal.
INFO:Xst:3210 - "D:\Classes-2024\Digital System Fundamentals Shared\Practice\b06-running-led\main.vf" line 261: Output port <Q0> of the instance <XLXI_22> is unconnected or connected to loadless signal.
INFO:Xst:3210 - "D:\Classes-2024\Digital System Fundamentals Shared\Practice\b06-running-led\main.vf" line 261: Output port <Q1> of the instance <XLXI_22> is unconnected or connected to loadless signal.
INFO:Xst:3210 - "D:\Classes-2024\Digital System Fundamentals Shared\Practice\b06-running-led\main.vf" line 261: Output port <Q2> of the instance <XLXI_22> is unconnected or connected to loadless signal.
INFO:Xst:3210 - "D:\Classes-2024\Digital System Fundamentals Shared\Practice\b06-running-led\main.vf" line 261: Output port <Q3> of the instance <XLXI_22> is unconnected or connected to loadless signal.
    Summary:
	no macro.
Unit <clkdiv20k_MUSER_main> synthesized.

=========================================================================
HDL Synthesis Report

Macro Statistics
# Adders/Subtractors                                   : 7
 4-bit adder                                           : 7
# Registers                                            : 34
 1-bit register                                        : 34
# Multiplexers                                         : 69
 1-bit 2-to-1 multiplexer                              : 69
# Tristates                                            : 8
 1-bit tristate buffer                                 : 8

=========================================================================

=========================================================================
*                       Advanced HDL Synthesis                          *
=========================================================================


=========================================================================
Advanced HDL Synthesis Report

Macro Statistics
# Adders/Subtractors                                   : 7
 4-bit adder                                           : 7
# Registers                                            : 37
 Flip-Flops                                            : 37
# Multiplexers                                         : 69
 1-bit 2-to-1 multiplexer                              : 69

=========================================================================

=========================================================================
*                         Low Level Synthesis                           *
=========================================================================

Optimizing unit <main> ...

Optimizing unit <and2x8b_MUSER_main> ...

Optimizing unit <OBUFT8_HXILINX_main> ...

Optimizing unit <counter706_MUSER_main> ...

Optimizing unit <wtb8_MUSER_main> ...

Optimizing unit <FJKCE_HXILINX_main> ...

Optimizing unit <CD4CE_HXILINX_main> ...

Optimizing unit <D3_8E_HXILINX_main> ...

Optimizing unit <FJKPE_HXILINX_main> ...
WARNING:Xst:1426 - The value init of the FF/Latch Q hinder the constant cleaning in the block XLXI_20.
   You should achieve better results by setting this init to 1.

Mapping all equations...
Building and optimizing final netlist ...
Found area constraint ratio of 100 (+ 5) on block main, actual ratio is 0.

Final Macro Processing ...

=========================================================================
Final Register Report

Macro Statistics
# Registers                                            : 37
 Flip-Flops                                            : 37

=========================================================================

=========================================================================
*                           Partition Report                            *
=========================================================================

Partition Implementation Status
-------------------------------

  No Partitions were found in this design.

-------------------------------

=========================================================================
*                            Design Summary                             *
=========================================================================

Top Level Output File Name         : main.ngc

Primitive and Black Box Usage:
------------------------------
# BELS                             : 95
#      AND2                        : 13
#      AND2B1                      : 2
#      AND3                        : 4
#      AND4                        : 1
#      BUF                         : 8
#      GND                         : 1
#      INV                         : 22
#      LUT2                        : 1
#      LUT3                        : 17
#      LUT4                        : 17
#      LUT5                        : 5
#      OR2                         : 2
#      VCC                         : 2
# FlipFlops/Latches                : 37
#      FD                          : 2
#      FD_1                        : 1
#      FDCE                        : 31
#      FDPE                        : 3
# Clock Buffers                    : 1
#      BUFGP                       : 1
# IO Buffers                       : 25
#      IBUF                        : 9
#      OBUF                        : 8
#      OBUFT                       : 8

Device utilization summary:
---------------------------

Selected Device : 6slx9tqg144-3 


Slice Logic Utilization: 
 Number of Slice Registers:              37  out of  11440     0%  
 Number of Slice LUTs:                   62  out of   5720     1%  
    Number used as Logic:                62  out of   5720     1%  

Slice Logic Distribution: 
 Number of LUT Flip Flop pairs used:     99
   Number with an unused Flip Flop:      62  out of     99    62%  
   Number with an unused LUT:            37  out of     99    37%  
   Number of fully used LUT-FF pairs:     0  out of     99     0%  
   Number of unique control sets:        15

IO Utilization: 
 Number of IOs:                          26
 Number of bonded IOBs:                  26  out of    102    25%  

Specific Feature Utilization:
 Number of BUFG/BUFGCTRLs:                1  out of     16     6%  

---------------------------
Partition Resource Summary:
---------------------------

  No Partitions were found in this design.

---------------------------


=========================================================================
Timing Report

NOTE: THESE TIMING NUMBERS ARE ONLY A SYNTHESIS ESTIMATE.
      FOR ACCURATE TIMING INFORMATION PLEASE REFER TO THE TRACE REPORT
      GENERATED AFTER PLACE-and-ROUTE.

Clock Information:
------------------
-----------------------------------------------+-------------------------+-------+
Clock Signal                                   | Clock buffer(FF name)   | Load  |
-----------------------------------------------+-------------------------+-------+
OSC                                            | BUFGP                   | 20    |
XLXI_68/XLXI_22/TC(XLXI_68/XLXI_22/Mmux_TC11:O)| NONE(*)(XLXI_68/XLXI_10)| 1     |
tdhnt                                          | NONE(XLXI_66/Q3)        | 16    |
-----------------------------------------------+-------------------------+-------+
(*) This 1 clock signal(s) are generated by combinatorial logic,
and XST is not able to identify which are the primary clock signals.
Please use the CLOCK_SIGNAL constraint to specify the clock signal(s) generated by combinatorial logic.
INFO:Xst:2169 - HDL ADVISOR - Some clock signals were not automatically buffered by XST with BUFG/BUFR resources. Please use the buffer_type constraint in order to insert these buffers to the clock signals to help prevent skew problems.

Asynchronous Control Signals Information:
----------------------------------------
No asynchronous control signals found in this design

Timing Summary:
---------------
Speed Grade: -3

   Minimum period: 5.324ns (Maximum Frequency: 187.816MHz)
   Minimum input arrival time before clock: 1.903ns
   Maximum output required time after clock: 7.406ns
   Maximum combinational path delay: 5.519ns

Timing Details:
---------------
All values displayed in nanoseconds (ns)

=========================================================================
Timing constraint: Default period analysis for Clock 'OSC'
  Clock period: 4.393ns (frequency: 227.645MHz)
  Total number of paths / destination ports: 147 / 32
-------------------------------------------------------------------------
Delay:               4.393ns (Levels of Logic = 6)
  Source:            XLXI_68/XLXI_1/Q3 (FF)
  Destination:       XLXI_68/XLXI_22/Q3 (FF)
  Source Clock:      OSC falling
  Destination Clock: OSC falling

  Data Path: XLXI_68/XLXI_1/Q3 to XLXI_68/XLXI_22/Q3
                                Gate     Net
    Cell:in->out      fanout   Delay   Delay  Logical Name (Net Name)
    ----------------------------------------  ------------
     FDCE:C->Q             3   0.447   0.898  Q3 (Q3)
     LUT4:I0->O            5   0.203   0.715  Mmux_TC11 (TC)
     end scope: 'XLXI_68/XLXI_1:CEO'
     begin scope: 'XLXI_68/XLXI_14:CE'
     LUT5:I4->O            5   0.205   0.715  CEO1 (CEO)
     end scope: 'XLXI_68/XLXI_14:CEO'
     begin scope: 'XLXI_68/XLXI_17:CE'
     LUT5:I4->O            4   0.205   0.683  CEO1 (CEO)
     end scope: 'XLXI_68/XLXI_17:CEO'
     begin scope: 'XLXI_68/XLXI_22:CE'
     FDCE:CE                   0.322          Q3
    ----------------------------------------
    Total                      4.393ns (1.382ns logic, 3.011ns route)
                                       (31.5% logic, 68.5% route)

=========================================================================
Timing constraint: Default period analysis for Clock 'XLXI_68/XLXI_22/TC'
  Clock period: 2.723ns (frequency: 367.289MHz)
  Total number of paths / destination ports: 1 / 1
-------------------------------------------------------------------------
Delay:               2.723ns (Levels of Logic = 1)
  Source:            XLXI_68/XLXI_10 (FF)
  Destination:       XLXI_68/XLXI_10 (FF)
  Source Clock:      XLXI_68/XLXI_22/TC falling
  Destination Clock: XLXI_68/XLXI_22/TC falling

  Data Path: XLXI_68/XLXI_10 to XLXI_68/XLXI_10
                                Gate     Net
    Cell:in->out      fanout   Delay   Delay  Logical Name (Net Name)
    ----------------------------------------  ------------
     FD_1:C->Q            17   0.447   1.027  XLXI_68/XLXI_10 (tdhnt)
     INV:I->O              1   0.568   0.579  XLXI_68/XLXI_11 (XLXI_68/XLXN_11)
     FD_1:D                    0.102          XLXI_68/XLXI_10
    ----------------------------------------
    Total                      2.723ns (1.117ns logic, 1.606ns route)
                                       (41.0% logic, 59.0% route)

=========================================================================
Timing constraint: Default period analysis for Clock 'tdhnt'
  Clock period: 5.324ns (frequency: 187.816MHz)
  Total number of paths / destination ports: 153 / 28
-------------------------------------------------------------------------
Delay:               5.324ns (Levels of Logic = 5)
  Source:            XLXI_1/FlipFlop_A/Q (FF)
  Destination:       XLXI_1/FlipFlop_B/Q (FF)
  Source Clock:      tdhnt rising
  Destination Clock: tdhnt rising

  Data Path: XLXI_1/FlipFlop_A/Q to XLXI_1/FlipFlop_B/Q
                                Gate     Net
    Cell:in->out      fanout   Delay   Delay  Logical Name (Net Name)
    ----------------------------------------  ------------
     FDPE:C->Q            17   0.447   1.027  Q (Q)
     end scope: 'XLXI_1/FlipFlop_A:Q'
     INV:I->O              1   0.568   0.924  XLXI_1/XLXI_11 (XLXI_1/XLXN_11)
     AND3:I1->O            1   0.223   0.924  XLXI_1/XLXI_10 (XLXI_1/XLXN_10)
     OR2:I1->O             1   0.223   0.684  XLXI_1/XLXI_8 (XLXI_1/XLXN_8)
     begin scope: 'XLXI_1/FlipFlop_B:J'
     LUT3:I1->O            1   0.203   0.000  Q_dpot (Q_dpot)
     FDPE:D                    0.102          Q
    ----------------------------------------
    Total                      5.324ns (1.766ns logic, 3.558ns route)
                                       (33.2% logic, 66.8% route)

=========================================================================
Timing constraint: Default OFFSET IN BEFORE for Clock 'OSC'
  Total number of paths / destination ports: 1 / 1
-------------------------------------------------------------------------
Offset:              1.903ns (Levels of Logic = 1)
  Source:            BTN1 (PAD)
  Destination:       XLXI_27/XLXI_1 (FF)
  Destination Clock: OSC rising

  Data Path: BTN1 to XLXI_27/XLXI_1
                                Gate     Net
    Cell:in->out      fanout   Delay   Delay  Logical Name (Net Name)
    ----------------------------------------  ------------
     IBUF:I->O             1   1.222   0.579  BTN1_IBUF (BTN1_IBUF)
     FD:D                      0.102          XLXI_27/XLXI_1
    ----------------------------------------
    Total                      1.903ns (1.324ns logic, 0.579ns route)
                                       (69.6% logic, 30.4% route)

=========================================================================
Timing constraint: Default OFFSET OUT AFTER for Clock 'OSC'
  Total number of paths / destination ports: 24 / 16
-------------------------------------------------------------------------
Offset:              7.270ns (Levels of Logic = 7)
  Source:            XLXI_20/Q (FF)
  Destination:       MN<4> (PAD)
  Source Clock:      OSC rising

  Data Path: XLXI_20/Q to MN<4>
                                Gate     Net
    Cell:in->out      fanout   Delay   Delay  Logical Name (Net Name)
    ----------------------------------------  ------------
     FDCE:C->Q            12   0.447   1.137  Q (Q)
     end scope: 'XLXI_20:Q'
     begin scope: 'XLXI_2:E'
     LUT4:I1->O            1   0.205   0.579  Mmux_D411 (D4)
     end scope: 'XLXI_2:D4'
     BUF:I->O              2   0.568   0.961  XLXI_16/XLXI_5 (LED_4_OBUF)
     AND2:I1->O            1   0.223   0.579  XLXI_17/XLXI_13 (XLXN_39<4>)
     begin scope: 'XLXI_18:I<4>'
     OBUFT:I->O                2.571          MN_4_OBUFT (O<4>)
     end scope: 'XLXI_18:O<4>'
    ----------------------------------------
    Total                      7.270ns (4.014ns logic, 3.256ns route)
                                       (55.2% logic, 44.8% route)

=========================================================================
Timing constraint: Default OFFSET OUT AFTER for Clock 'tdhnt'
  Total number of paths / destination ports: 48 / 16
-------------------------------------------------------------------------
Offset:              7.406ns (Levels of Logic = 7)
  Source:            XLXI_1/FlipFlop_A/Q (FF)
  Destination:       MN<4> (PAD)
  Source Clock:      tdhnt rising

  Data Path: XLXI_1/FlipFlop_A/Q to MN<4>
                                Gate     Net
    Cell:in->out      fanout   Delay   Delay  Logical Name (Net Name)
    ----------------------------------------  ------------
     FDPE:C->Q            17   0.447   1.275  Q (Q)
     end scope: 'XLXI_1/FlipFlop_A:Q'
     begin scope: 'XLXI_2:A0'
     LUT4:I0->O            1   0.203   0.579  Mmux_D411 (D4)
     end scope: 'XLXI_2:D4'
     BUF:I->O              2   0.568   0.961  XLXI_16/XLXI_5 (LED_4_OBUF)
     AND2:I1->O            1   0.223   0.579  XLXI_17/XLXI_13 (XLXN_39<4>)
     begin scope: 'XLXI_18:I<4>'
     OBUFT:I->O                2.571          MN_4_OBUFT (O<4>)
     end scope: 'XLXI_18:O<4>'
    ----------------------------------------
    Total                      7.406ns (4.012ns logic, 3.394ns route)
                                       (54.2% logic, 45.8% route)

=========================================================================
Timing constraint: Default path analysis
  Total number of paths / destination ports: 8 / 8
-------------------------------------------------------------------------
Delay:               5.519ns (Levels of Logic = 4)
  Source:            SW<7> (PAD)
  Destination:       MN<7> (PAD)

  Data Path: SW<7> to MN<7>
                                Gate     Net
    Cell:in->out      fanout   Delay   Delay  Logical Name (Net Name)
    ----------------------------------------  ------------
     IBUF:I->O             1   1.222   0.944  SW_7_IBUF (SW_7_IBUF)
     AND2:I0->O            1   0.203   0.579  XLXI_17/XLXI_16 (XLXN_39<7>)
     begin scope: 'XLXI_18:I<7>'
     OBUFT:I->O                2.571          MN_7_OBUFT (O<7>)
     end scope: 'XLXI_18:O<7>'
    ----------------------------------------
    Total                      5.519ns (3.996ns logic, 1.523ns route)
                                       (72.4% logic, 27.6% route)

=========================================================================

Cross Clock Domains Report:
--------------------------

Clock to Setup on destination clock OSC
---------------+---------+---------+---------+---------+
               | Src:Rise| Src:Fall| Src:Rise| Src:Fall|
Source Clock   |Dest:Rise|Dest:Rise|Dest:Fall|Dest:Fall|
---------------+---------+---------+---------+---------+
OSC            |    3.456|         |    4.393|         |
---------------+---------+---------+---------+---------+

Clock to Setup on destination clock XLXI_68/XLXI_22/TC
------------------+---------+---------+---------+---------+
                  | Src:Rise| Src:Fall| Src:Rise| Src:Fall|
Source Clock      |Dest:Rise|Dest:Rise|Dest:Fall|Dest:Fall|
------------------+---------+---------+---------+---------+
XLXI_68/XLXI_22/TC|         |         |    2.723|         |
------------------+---------+---------+---------+---------+

Clock to Setup on destination clock tdhnt
---------------+---------+---------+---------+---------+
               | Src:Rise| Src:Fall| Src:Rise| Src:Fall|
Source Clock   |Dest:Rise|Dest:Rise|Dest:Fall|Dest:Fall|
---------------+---------+---------+---------+---------+
OSC            |    6.061|         |         |         |
tdhnt          |    5.324|         |         |         |
---------------+---------+---------+---------+---------+

=========================================================================


Total REAL time to Xst completion: 3.00 secs
Total CPU time to Xst completion: 2.67 secs
 
--> 

Total memory usage is 4501776 kilobytes

Number of errors   :    0 (   0 filtered)
Number of warnings :    2 (   0 filtered)
Number of infos    :   38 (   0 filtered)

