--------------------------------------------------------------------------------
Release 14.7 Trace  (nt64)
Copyright (c) 1995-2013 Xilinx, Inc.  All rights reserved.

C:\Xilinx\14.7\ISE_DS\ISE\bin\nt64\unwrapped\trce.exe -intstyle ise -v 3 -s 3
-n 3 -fastpaths -xml main.twx main.ncd -o main.twr main.pcf -ucf main.ucf

Design file:              main.ncd
Physical constraint file: main.pcf
Device,package,speed:     xc6slx9,tqg144,C,-3 (PRODUCTION 1.23 2013-10-13)
Report level:             verbose report

Environment Variable      Effect 
--------------------      ------ 
NONE                      No environment variables were set
--------------------------------------------------------------------------------

INFO:Timing:2698 - No timing constraints found, doing default enumeration.
INFO:Timing:3412 - To improve timing, see the Timing Closure User Guide (UG612).
INFO:Timing:2752 - To get complete path coverage, use the unconstrained paths 
   option. All paths that are not constrained will be reported in the 
   unconstrained paths section(s) of the report.
INFO:Timing:3339 - The clock-to-out numbers in this timing report are based on 
   a 50 Ohm transmission line loading model.  For the details of this model, 
   and for more information on accounting for different loading conditions, 
   please see the device datasheet.



Data Sheet report:
-----------------
All values displayed in nanoseconds (ns)

Clock to Setup on destination clock OSC
---------------+---------+---------+---------+---------+
               | Src:Rise| Src:Fall| Src:Rise| Src:Fall|
Source Clock   |Dest:Rise|Dest:Rise|Dest:Fall|Dest:Fall|
---------------+---------+---------+---------+---------+
OSC            |         |         |         |    3.631|
---------------+---------+---------+---------+---------+

Pad to Pad
---------------+---------------+---------+
Source Pad     |Destination Pad|  Delay  |
---------------+---------------+---------+
SW<0>          |SSD_Segment<0> |   16.354|
SW<0>          |SSD_Segment<1> |   16.407|
SW<0>          |SSD_Segment<2> |   16.465|
SW<0>          |SSD_Segment<3> |   16.168|
SW<0>          |SSD_Segment<4> |   16.603|
SW<0>          |SSD_Segment<5> |   17.050|
SW<0>          |SSD_Segment<6> |   16.757|
SW<1>          |SSD_Segment<0> |   15.945|
SW<1>          |SSD_Segment<1> |   15.998|
SW<1>          |SSD_Segment<2> |   16.056|
SW<1>          |SSD_Segment<3> |   15.759|
SW<1>          |SSD_Segment<4> |   16.194|
SW<1>          |SSD_Segment<5> |   16.641|
SW<1>          |SSD_Segment<6> |   16.348|
SW<2>          |SSD_Segment<0> |   15.936|
SW<2>          |SSD_Segment<1> |   15.989|
SW<2>          |SSD_Segment<2> |   16.047|
SW<2>          |SSD_Segment<3> |   15.750|
SW<2>          |SSD_Segment<4> |   16.185|
SW<2>          |SSD_Segment<5> |   16.632|
SW<2>          |SSD_Segment<6> |   16.339|
SW<3>          |SSD_Segment<0> |   16.103|
SW<3>          |SSD_Segment<1> |   16.156|
SW<3>          |SSD_Segment<2> |   16.214|
SW<3>          |SSD_Segment<3> |   15.917|
SW<3>          |SSD_Segment<4> |   16.352|
SW<3>          |SSD_Segment<5> |   16.799|
SW<3>          |SSD_Segment<6> |   16.506|
SW<4>          |SSD_Segment<0> |   15.613|
SW<4>          |SSD_Segment<1> |   15.666|
SW<4>          |SSD_Segment<2> |   15.724|
SW<4>          |SSD_Segment<3> |   15.427|
SW<4>          |SSD_Segment<4> |   15.862|
SW<4>          |SSD_Segment<5> |   16.309|
SW<4>          |SSD_Segment<6> |   16.016|
SW<5>          |SSD_Segment<0> |   15.880|
SW<5>          |SSD_Segment<1> |   15.933|
SW<5>          |SSD_Segment<2> |   15.991|
SW<5>          |SSD_Segment<3> |   15.694|
SW<5>          |SSD_Segment<4> |   16.129|
SW<5>          |SSD_Segment<5> |   16.576|
SW<5>          |SSD_Segment<6> |   16.283|
SW<6>          |SSD_Segment<0> |   15.585|
SW<6>          |SSD_Segment<1> |   15.638|
SW<6>          |SSD_Segment<2> |   15.696|
SW<6>          |SSD_Segment<3> |   15.399|
SW<6>          |SSD_Segment<4> |   15.834|
SW<6>          |SSD_Segment<5> |   16.281|
SW<6>          |SSD_Segment<6> |   15.988|
SW<7>          |SSD_Segment<0> |   16.554|
SW<7>          |SSD_Segment<1> |   16.607|
SW<7>          |SSD_Segment<2> |   16.665|
SW<7>          |SSD_Segment<3> |   16.368|
SW<7>          |SSD_Segment<4> |   16.803|
SW<7>          |SSD_Segment<5> |   17.250|
SW<7>          |SSD_Segment<6> |   16.957|
---------------+---------------+---------+


Analysis completed Tue Sep 03 11:55:42 2024 
--------------------------------------------------------------------------------

Trace Settings:
-------------------------
Trace Settings 

Peak Memory Usage: 4585 MB



