Release 14.7 - xst P.20131013 (nt64)
Copyright (c) 1995-2013 Xilinx, Inc.  All rights reserved.
--> Parameter TMPDIR set to xst/projnav.tmp


Total REAL time to Xst completion: 0.00 secs
Total CPU time to Xst completion: 0.12 secs
 
--> Parameter xsthdpdir set to xst


Total REAL time to Xst completion: 0.00 secs
Total CPU time to Xst completion: 0.14 secs
 
--> Reading design: main.prj

TABLE OF CONTENTS
  1) Synthesis Options Summary
  2) HDL Parsing
  3) HDL Elaboration
  4) HDL Synthesis
       4.1) HDL Synthesis Report
  5) Advanced HDL Synthesis
       5.1) Advanced HDL Synthesis Report
  6) Low Level Synthesis
  7) Partition Report
  8) Design Summary
       8.1) Primitive and Black Box Usage
       8.2) Device utilization summary
       8.3) Partition Resource Summary
       8.4) Timing Report
            8.4.1) Clock Information
            8.4.2) Asynchronous Control Signals Information
            8.4.3) Timing Summary
            8.4.4) Timing Details
            8.4.5) Cross Clock Domains Report


=========================================================================
*                      Synthesis Options Summary                        *
=========================================================================
---- Source Parameters
Input File Name                    : "main.prj"
Ignore Synthesis Constraint File   : NO

---- Target Parameters
Output File Name                   : "main"
Output Format                      : NGC
Target Device                      : xc6slx9-3-tqg144

---- Source Options
Top Module Name                    : main
Automatic FSM Extraction           : YES
FSM Encoding Algorithm             : Auto
Safe Implementation                : No
FSM Style                          : LUT
RAM Extraction                     : Yes
RAM Style                          : Auto
ROM Extraction                     : Yes
Shift Register Extraction          : YES
ROM Style                          : Auto
Resource Sharing                   : YES
Asynchronous To Synchronous        : NO
Shift Register Minimum Size        : 2
Use DSP Block                      : Auto
Automatic Register Balancing       : No

---- Target Options
LUT Combining                      : Auto
Reduce Control Sets                : Auto
Add IO Buffers                     : YES
Global Maximum Fanout              : 100000
Add Generic Clock Buffer(BUFG)     : 16
Register Duplication               : YES
Optimize Instantiated Primitives   : NO
Use Clock Enable                   : Auto
Use Synchronous Set                : Auto
Use Synchronous Reset              : Auto
Pack IO Registers into IOBs        : Auto
Equivalent register Removal        : YES

---- General Options
Optimization Goal                  : Speed
Optimization Effort                : 1
Power Reduction                    : NO
Keep Hierarchy                     : No
Netlist Hierarchy                  : As_Optimized
RTL Output                         : Yes
Global Optimization                : AllClockNets
Read Cores                         : YES
Write Timing Constraints           : NO
Cross Clock Analysis               : NO
Hierarchy Separator                : /
Bus Delimiter                      : <>
Case Specifier                     : Maintain
Slice Utilization Ratio            : 100
BRAM Utilization Ratio             : 100
DSP48 Utilization Ratio            : 100
Auto BRAM Packing                  : NO
Slice Utilization Ratio Delta      : 5

=========================================================================


=========================================================================
*                          HDL Parsing                                  *
=========================================================================
Analyzing Verilog file "D:\Classes-2024\Digital System Fundamentals Shared\Practice\b09-a-z\ssd4drpb.vf" into library work
Parsing module <M4_1E_HXILINX_ssd4drpb>.
Parsing module <D2_4E_HXILINX_ssd4drpb>.
Parsing module <CB2CE_HXILINX_ssd4drpb>.
Parsing module <ssd4drpb>.
Analyzing Verilog file "D:\Classes-2024\Digital System Fundamentals Shared\Practice\b09-a-z\ssd1d_ztb.vf" into library work
Parsing module <ssd1d_ztb>.
Analyzing Verilog file "D:\Classes-2024\Digital System Fundamentals Shared\Practice\b09-a-z\resize7x8x0l.vf" into library work
Parsing module <resize7x8x0l>.
Analyzing Verilog file "D:\Classes-2024\Digital System Fundamentals Shared\Practice\b09-a-z\mux2x1x8.vf" into library work
Parsing module <M2_1_HXILINX_mux2x1x8>.
Parsing module <mux2x1x8>.
Analyzing Verilog file "D:\Classes-2024\Digital System Fundamentals Shared\Practice\b09-a-z\edetect.vf" into library work
Parsing module <edetect>.
Analyzing Verilog file "D:\Classes-2024\Digital System Fundamentals Shared\Practice\b09-a-z\counters1.vf" into library work
Parsing module <FJKCE_HXILINX_counters1>.
Parsing module <counters1>.
Analyzing Verilog file "D:\Classes-2024\Digital System Fundamentals Shared\Practice\b09-a-z\counters0.vf" into library work
Parsing module <FJKCE_HXILINX_counters0>.
Parsing module <counters0>.
Analyzing Verilog file "D:\Classes-2024\Digital System Fundamentals Shared\Practice\b09-a-z\counterm3.vf" into library work
Parsing module <FJKCE_HXILINX_counterm3>.
Parsing module <counterm3>.
Analyzing Verilog file "D:\Classes-2024\Digital System Fundamentals Shared\Practice\b09-a-z\counterm2.vf" into library work
Parsing module <FJKCE_HXILINX_counterm2>.
Parsing module <FJKPE_HXILINX_counterm2>.
Parsing module <counterm2>.
Analyzing Verilog file "D:\Classes-2024\Digital System Fundamentals Shared\Practice\b09-a-z\counterm1.vf" into library work
Parsing module <FJKCE_HXILINX_counterm1>.
Parsing module <FJKPE_HXILINX_counterm1>.
Parsing module <counterm1>.
Analyzing Verilog file "D:\Classes-2024\Digital System Fundamentals Shared\Practice\b09-a-z\counterm0.vf" into library work
Parsing module <FJKCE_HXILINX_counterm0>.
Parsing module <FJKPE_HXILINX_counterm0>.
Parsing module <counterm0>.
Analyzing Verilog file "D:\Classes-2024\Digital System Fundamentals Shared\Practice\b09-a-z\clkdiv5.vf" into library work
Parsing module <FJKC_HXILINX_clkdiv5>.
Parsing module <clkdiv5>.
Analyzing Verilog file "D:\Classes-2024\Digital System Fundamentals Shared\Practice\b09-a-z\clkdiv20k.vf" into library work
Parsing module <CD4CE_HXILINX_clkdiv20k>.
Parsing module <clkdiv20k>.
Analyzing Verilog file "D:\Classes-2024\Digital System Fundamentals Shared\Practice\b09-a-z\clkdiv200k.vf" into library work
Parsing module <CD4CE_HXILINX_clkdiv200k>.
Parsing module <clkdiv200k>.
Analyzing Verilog file "D:\Classes-2024\Digital System Fundamentals Shared\Practice\b09-a-z\main.vf" into library work
Parsing module <FJKCE_HXILINX_main>.
Parsing module <FJKPE_HXILINX_main>.
Parsing module <CD4CE_HXILINX_main>.
Parsing module <M4_1E_HXILINX_main>.
Parsing module <FJKC_HXILINX_main>.
Parsing module <D2_4E_HXILINX_main>.
Parsing module <M2_1_HXILINX_main>.
Parsing module <CB2CE_HXILINX_main>.
Parsing module <FTPE_HXILINX_main>.
Parsing module <clkdiv20k_MUSER_main>.
Parsing module <ssd4drpb_MUSER_main>.
Parsing module <mux2x1x8_MUSER_main>.
Parsing module <resize7x8x0l_MUSER_main>.
Parsing module <ssd1d_ztb_MUSER_main>.
Parsing module <counters1_MUSER_main>.
Parsing module <counters0_MUSER_main>.
Parsing module <counterm3_MUSER_main>.
Parsing module <counterm2_MUSER_main>.
Parsing module <counterm1_MUSER_main>.
Parsing module <counterm0_MUSER_main>.
Parsing module <clkdiv200k_MUSER_main>.
Parsing module <clkdiv5_MUSER_main>.
Parsing module <edetect_MUSER_main>.
Parsing module <main>.

=========================================================================
*                            HDL Elaboration                            *
=========================================================================

Elaborating module <main>.

Elaborating module <edetect_MUSER_main>.

Elaborating module <FD(INIT=1'b0)>.

Elaborating module <AND2B1>.

Elaborating module <VCC>.

Elaborating module <GND>.

Elaborating module <clkdiv5_MUSER_main>.

Elaborating module <FJKC_HXILINX_main>.

Elaborating module <INV>.

Elaborating module <FD_1(INIT=1'b0)>.

Elaborating module <OR2>.

Elaborating module <clkdiv200k_MUSER_main>.

Elaborating module <CD4CE_HXILINX_main>.
WARNING:HDLCompiler:413 - "D:\Classes-2024\Digital System Fundamentals Shared\Practice\b09-a-z\main.vf" Line 135: Result of 5-bit expression is truncated to fit in 4-bit target.

Elaborating module <counterm0_MUSER_main>.

Elaborating module <FJKPE_HXILINX_main>.

Elaborating module <FJKCE_HXILINX_main>.

Elaborating module <OR3>.

Elaborating module <AND2>.

Elaborating module <AND3>.

Elaborating module <AND4>.

Elaborating module <AND5>.

Elaborating module <counterm1_MUSER_main>.

Elaborating module <counterm2_MUSER_main>.

Elaborating module <counterm3_MUSER_main>.

Elaborating module <ssd4drpb_MUSER_main>.

Elaborating module <M4_1E_HXILINX_main>.

Elaborating module <CB2CE_HXILINX_main>.
WARNING:HDLCompiler:413 - "D:\Classes-2024\Digital System Fundamentals Shared\Practice\b09-a-z\main.vf" Line 293: Result of 3-bit expression is truncated to fit in 2-bit target.

Elaborating module <D2_4E_HXILINX_main>.

Elaborating module <clkdiv20k_MUSER_main>.

Elaborating module <counters0_MUSER_main>.

Elaborating module <counters1_MUSER_main>.

Elaborating module <ssd1d_ztb_MUSER_main>.

Elaborating module <LUT5(INIT=32'b0100000011111110000011101010)>.

Elaborating module <LUT5(INIT=32'b0111101000111100011110010010)>.

Elaborating module <LUT5(INIT=32'b011011010101110011110010110)>.

Elaborating module <LUT5(INIT=32'b0110111110001001010010111100)>.

Elaborating module <LUT5(INIT=32'b0100011101011111100101111110)>.

Elaborating module <LUT5(INIT=32'b010101111111101100111101110)>.

Elaborating module <LUT5(INIT=32'b0111000110110000100111110110)>.

Elaborating module <resize7x8x0l_MUSER_main>.

Elaborating module <BUF>.

Elaborating module <mux2x1x8_MUSER_main>.

Elaborating module <M2_1_HXILINX_main>.

Elaborating module <FTPE_HXILINX_main>.

=========================================================================
*                           HDL Synthesis                               *
=========================================================================

Synthesizing Unit <main>.
    Related source file is "D:\Classes-2024\Digital System Fundamentals Shared\Practice\b09-a-z\main.vf".
    Set property "HU_SET = XLXI_115_55" for instance <XLXI_115>.
INFO:Xst:3210 - "D:\Classes-2024\Digital System Fundamentals Shared\Practice\b09-a-z\main.vf" line 1626: Output port <CEO> of the instance <XLXI_56> is unconnected or connected to loadless signal.
INFO:Xst:3210 - "D:\Classes-2024\Digital System Fundamentals Shared\Practice\b09-a-z\main.vf" line 1626: Output port <TC> of the instance <XLXI_56> is unconnected or connected to loadless signal.
INFO:Xst:3210 - "D:\Classes-2024\Digital System Fundamentals Shared\Practice\b09-a-z\main.vf" line 1636: Output port <CEO> of the instance <XLXI_57> is unconnected or connected to loadless signal.
INFO:Xst:3210 - "D:\Classes-2024\Digital System Fundamentals Shared\Practice\b09-a-z\main.vf" line 1636: Output port <TC> of the instance <XLXI_57> is unconnected or connected to loadless signal.
INFO:Xst:3210 - "D:\Classes-2024\Digital System Fundamentals Shared\Practice\b09-a-z\main.vf" line 1646: Output port <CEO> of the instance <XLXI_58> is unconnected or connected to loadless signal.
INFO:Xst:3210 - "D:\Classes-2024\Digital System Fundamentals Shared\Practice\b09-a-z\main.vf" line 1646: Output port <TC> of the instance <XLXI_58> is unconnected or connected to loadless signal.
INFO:Xst:3210 - "D:\Classes-2024\Digital System Fundamentals Shared\Practice\b09-a-z\main.vf" line 1656: Output port <CEO> of the instance <XLXI_59> is unconnected or connected to loadless signal.
INFO:Xst:3210 - "D:\Classes-2024\Digital System Fundamentals Shared\Practice\b09-a-z\main.vf" line 1656: Output port <TC> of the instance <XLXI_59> is unconnected or connected to loadless signal.
INFO:Xst:3210 - "D:\Classes-2024\Digital System Fundamentals Shared\Practice\b09-a-z\main.vf" line 1679: Output port <CEO> of the instance <XLXI_80> is unconnected or connected to loadless signal.
INFO:Xst:3210 - "D:\Classes-2024\Digital System Fundamentals Shared\Practice\b09-a-z\main.vf" line 1679: Output port <TC> of the instance <XLXI_80> is unconnected or connected to loadless signal.
INFO:Xst:3210 - "D:\Classes-2024\Digital System Fundamentals Shared\Practice\b09-a-z\main.vf" line 1686: Output port <CEO> of the instance <XLXI_81> is unconnected or connected to loadless signal.
    Summary:
	no macro.
Unit <main> synthesized.

Synthesizing Unit <edetect_MUSER_main>.
    Related source file is "D:\Classes-2024\Digital System Fundamentals Shared\Practice\b09-a-z\main.vf".
    Summary:
	no macro.
Unit <edetect_MUSER_main> synthesized.

Synthesizing Unit <clkdiv5_MUSER_main>.
    Related source file is "D:\Classes-2024\Digital System Fundamentals Shared\Practice\b09-a-z\main.vf".
    Set property "HU_SET = XLXI_6_54" for instance <XLXI_6>.
    Set property "HU_SET = XLXI_7_52" for instance <XLXI_7>.
    Set property "HU_SET = XLXI_8_53" for instance <XLXI_8>.
    Summary:
	no macro.
Unit <clkdiv5_MUSER_main> synthesized.

Synthesizing Unit <FJKC_HXILINX_main>.
    Related source file is "D:\Classes-2024\Digital System Fundamentals Shared\Practice\b09-a-z\main.vf".
        INIT = 1'b0
    Found 1-bit register for signal <Q>.
    Summary:
	inferred   1 D-type flip-flop(s).
	inferred   2 Multiplexer(s).
Unit <FJKC_HXILINX_main> synthesized.

Synthesizing Unit <clkdiv200k_MUSER_main>.
    Related source file is "D:\Classes-2024\Digital System Fundamentals Shared\Practice\b09-a-z\main.vf".
    Set property "HU_SET = XLXI_1_47" for instance <XLXI_1>.
    Set property "HU_SET = XLXI_14_48" for instance <XLXI_14>.
    Set property "HU_SET = XLXI_17_49" for instance <XLXI_17>.
    Set property "HU_SET = XLXI_22_50" for instance <XLXI_22>.
    Set property "HU_SET = XLXI_25_51" for instance <XLXI_25>.
INFO:Xst:3210 - "D:\Classes-2024\Digital System Fundamentals Shared\Practice\b09-a-z\main.vf" line 1416: Output port <Q0> of the instance <XLXI_1> is unconnected or connected to loadless signal.
INFO:Xst:3210 - "D:\Classes-2024\Digital System Fundamentals Shared\Practice\b09-a-z\main.vf" line 1416: Output port <Q1> of the instance <XLXI_1> is unconnected or connected to loadless signal.
INFO:Xst:3210 - "D:\Classes-2024\Digital System Fundamentals Shared\Practice\b09-a-z\main.vf" line 1416: Output port <Q2> of the instance <XLXI_1> is unconnected or connected to loadless signal.
INFO:Xst:3210 - "D:\Classes-2024\Digital System Fundamentals Shared\Practice\b09-a-z\main.vf" line 1416: Output port <Q3> of the instance <XLXI_1> is unconnected or connected to loadless signal.
INFO:Xst:3210 - "D:\Classes-2024\Digital System Fundamentals Shared\Practice\b09-a-z\main.vf" line 1416: Output port <TC> of the instance <XLXI_1> is unconnected or connected to loadless signal.
INFO:Xst:3210 - "D:\Classes-2024\Digital System Fundamentals Shared\Practice\b09-a-z\main.vf" line 1433: Output port <Q0> of the instance <XLXI_14> is unconnected or connected to loadless signal.
INFO:Xst:3210 - "D:\Classes-2024\Digital System Fundamentals Shared\Practice\b09-a-z\main.vf" line 1433: Output port <Q1> of the instance <XLXI_14> is unconnected or connected to loadless signal.
INFO:Xst:3210 - "D:\Classes-2024\Digital System Fundamentals Shared\Practice\b09-a-z\main.vf" line 1433: Output port <Q2> of the instance <XLXI_14> is unconnected or connected to loadless signal.
INFO:Xst:3210 - "D:\Classes-2024\Digital System Fundamentals Shared\Practice\b09-a-z\main.vf" line 1433: Output port <Q3> of the instance <XLXI_14> is unconnected or connected to loadless signal.
INFO:Xst:3210 - "D:\Classes-2024\Digital System Fundamentals Shared\Practice\b09-a-z\main.vf" line 1433: Output port <TC> of the instance <XLXI_14> is unconnected or connected to loadless signal.
INFO:Xst:3210 - "D:\Classes-2024\Digital System Fundamentals Shared\Practice\b09-a-z\main.vf" line 1443: Output port <Q0> of the instance <XLXI_17> is unconnected or connected to loadless signal.
INFO:Xst:3210 - "D:\Classes-2024\Digital System Fundamentals Shared\Practice\b09-a-z\main.vf" line 1443: Output port <Q1> of the instance <XLXI_17> is unconnected or connected to loadless signal.
INFO:Xst:3210 - "D:\Classes-2024\Digital System Fundamentals Shared\Practice\b09-a-z\main.vf" line 1443: Output port <Q2> of the instance <XLXI_17> is unconnected or connected to loadless signal.
INFO:Xst:3210 - "D:\Classes-2024\Digital System Fundamentals Shared\Practice\b09-a-z\main.vf" line 1443: Output port <Q3> of the instance <XLXI_17> is unconnected or connected to loadless signal.
INFO:Xst:3210 - "D:\Classes-2024\Digital System Fundamentals Shared\Practice\b09-a-z\main.vf" line 1443: Output port <TC> of the instance <XLXI_17> is unconnected or connected to loadless signal.
INFO:Xst:3210 - "D:\Classes-2024\Digital System Fundamentals Shared\Practice\b09-a-z\main.vf" line 1453: Output port <Q0> of the instance <XLXI_22> is unconnected or connected to loadless signal.
INFO:Xst:3210 - "D:\Classes-2024\Digital System Fundamentals Shared\Practice\b09-a-z\main.vf" line 1453: Output port <Q1> of the instance <XLXI_22> is unconnected or connected to loadless signal.
INFO:Xst:3210 - "D:\Classes-2024\Digital System Fundamentals Shared\Practice\b09-a-z\main.vf" line 1453: Output port <Q2> of the instance <XLXI_22> is unconnected or connected to loadless signal.
INFO:Xst:3210 - "D:\Classes-2024\Digital System Fundamentals Shared\Practice\b09-a-z\main.vf" line 1453: Output port <Q3> of the instance <XLXI_22> is unconnected or connected to loadless signal.
INFO:Xst:3210 - "D:\Classes-2024\Digital System Fundamentals Shared\Practice\b09-a-z\main.vf" line 1453: Output port <TC> of the instance <XLXI_22> is unconnected or connected to loadless signal.
INFO:Xst:3210 - "D:\Classes-2024\Digital System Fundamentals Shared\Practice\b09-a-z\main.vf" line 1463: Output port <CEO> of the instance <XLXI_25> is unconnected or connected to loadless signal.
INFO:Xst:3210 - "D:\Classes-2024\Digital System Fundamentals Shared\Practice\b09-a-z\main.vf" line 1463: Output port <Q0> of the instance <XLXI_25> is unconnected or connected to loadless signal.
INFO:Xst:3210 - "D:\Classes-2024\Digital System Fundamentals Shared\Practice\b09-a-z\main.vf" line 1463: Output port <Q1> of the instance <XLXI_25> is unconnected or connected to loadless signal.
INFO:Xst:3210 - "D:\Classes-2024\Digital System Fundamentals Shared\Practice\b09-a-z\main.vf" line 1463: Output port <Q2> of the instance <XLXI_25> is unconnected or connected to loadless signal.
INFO:Xst:3210 - "D:\Classes-2024\Digital System Fundamentals Shared\Practice\b09-a-z\main.vf" line 1463: Output port <Q3> of the instance <XLXI_25> is unconnected or connected to loadless signal.
    Summary:
	no macro.
Unit <clkdiv200k_MUSER_main> synthesized.

Synthesizing Unit <CD4CE_HXILINX_main>.
    Related source file is "D:\Classes-2024\Digital System Fundamentals Shared\Practice\b09-a-z\main.vf".
        TERMINAL_COUNT = 4'b1001
    Found 1-bit register for signal <Q1>.
    Found 1-bit register for signal <Q2>.
    Found 1-bit register for signal <Q3>.
    Found 1-bit register for signal <Q0>.
    Found 4-bit adder for signal <Q3_GND_13_o_add_4_OUT> created at line 135.
    Summary:
	inferred   1 Adder/Subtractor(s).
	inferred   4 D-type flip-flop(s).
	inferred   7 Multiplexer(s).
Unit <CD4CE_HXILINX_main> synthesized.

Synthesizing Unit <counterm0_MUSER_main>.
    Related source file is "D:\Classes-2024\Digital System Fundamentals Shared\Practice\b09-a-z\main.vf".
    Set property "HU_SET = FLIPFLOP_A_42" for instance <FlipFlop_A>.
    Set property "HU_SET = FLIPFLOP_B_43" for instance <FlipFlop_B>.
    Set property "HU_SET = FLIPFLOP_C_44" for instance <FlipFlop_C>.
    Set property "HU_SET = FLIPFLOP_D_45" for instance <FlipFlop_D>.
    Set property "HU_SET = FLIPFLOP_E_46" for instance <FlipFlop_E>.
    Summary:
	no macro.
Unit <counterm0_MUSER_main> synthesized.

Synthesizing Unit <FJKPE_HXILINX_main>.
    Related source file is "D:\Classes-2024\Digital System Fundamentals Shared\Practice\b09-a-z\main.vf".
        INIT = 1'b1
    Found 1-bit register for signal <Q>.
    Summary:
	inferred   1 D-type flip-flop(s).
	inferred   2 Multiplexer(s).
Unit <FJKPE_HXILINX_main> synthesized.

Synthesizing Unit <FJKCE_HXILINX_main>.
    Related source file is "D:\Classes-2024\Digital System Fundamentals Shared\Practice\b09-a-z\main.vf".
        INIT = 1'b0
    Found 1-bit register for signal <Q>.
    Summary:
	inferred   1 D-type flip-flop(s).
	inferred   2 Multiplexer(s).
Unit <FJKCE_HXILINX_main> synthesized.

Synthesizing Unit <counterm1_MUSER_main>.
    Related source file is "D:\Classes-2024\Digital System Fundamentals Shared\Practice\b09-a-z\main.vf".
    Set property "HU_SET = FLIPFLOP_A_37" for instance <FlipFlop_A>.
    Set property "HU_SET = FLIPFLOP_B_38" for instance <FlipFlop_B>.
    Set property "HU_SET = FLIPFLOP_C_39" for instance <FlipFlop_C>.
    Set property "HU_SET = FLIPFLOP_D_40" for instance <FlipFlop_D>.
    Set property "HU_SET = FLIPFLOP_E_41" for instance <FlipFlop_E>.
    Summary:
	no macro.
Unit <counterm1_MUSER_main> synthesized.

Synthesizing Unit <counterm2_MUSER_main>.
    Related source file is "D:\Classes-2024\Digital System Fundamentals Shared\Practice\b09-a-z\main.vf".
    Set property "HU_SET = FLIPFLOP_A_32" for instance <FlipFlop_A>.
    Set property "HU_SET = FLIPFLOP_B_33" for instance <FlipFlop_B>.
    Set property "HU_SET = FLIPFLOP_C_34" for instance <FlipFlop_C>.
    Set property "HU_SET = FLIPFLOP_D_35" for instance <FlipFlop_D>.
    Set property "HU_SET = FLIPFLOP_E_36" for instance <FlipFlop_E>.
    Summary:
	no macro.
Unit <counterm2_MUSER_main> synthesized.

Synthesizing Unit <counterm3_MUSER_main>.
    Related source file is "D:\Classes-2024\Digital System Fundamentals Shared\Practice\b09-a-z\main.vf".
    Set property "HU_SET = FLIPFLOP_A_27" for instance <FlipFlop_A>.
    Set property "HU_SET = FLIPFLOP_B_28" for instance <FlipFlop_B>.
    Set property "HU_SET = FLIPFLOP_C_29" for instance <FlipFlop_C>.
    Set property "HU_SET = FLIPFLOP_D_30" for instance <FlipFlop_D>.
    Set property "HU_SET = FLIPFLOP_E_31" for instance <FlipFlop_E>.
    Summary:
	no macro.
Unit <counterm3_MUSER_main> synthesized.

Synthesizing Unit <ssd4drpb_MUSER_main>.
    Related source file is "D:\Classes-2024\Digital System Fundamentals Shared\Practice\b09-a-z\main.vf".
    Set property "HU_SET = XLXI_1_4" for instance <XLXI_1>.
    Set property "HU_SET = XLXI_3_5" for instance <XLXI_3>.
    Set property "HU_SET = XLXI_4_6" for instance <XLXI_4>.
    Set property "HU_SET = XLXI_5_7" for instance <XLXI_5>.
    Set property "HU_SET = XLXI_6_8" for instance <XLXI_6>.
    Set property "HU_SET = XLXI_7_9" for instance <XLXI_7>.
    Set property "HU_SET = XLXI_8_10" for instance <XLXI_8>.
    Set property "HU_SET = XLXI_9_11" for instance <XLXI_9>.
    Set property "HU_SET = XLXI_162_12" for instance <XLXI_162>.
    Set property "HU_SET = XLXI_210_13" for instance <XLXI_210>.
INFO:Xst:3210 - "D:\Classes-2024\Digital System Fundamentals Shared\Practice\b09-a-z\main.vf" line 498: Output port <CEO> of the instance <XLXI_162> is unconnected or connected to loadless signal.
INFO:Xst:3210 - "D:\Classes-2024\Digital System Fundamentals Shared\Practice\b09-a-z\main.vf" line 498: Output port <TC> of the instance <XLXI_162> is unconnected or connected to loadless signal.
    Summary:
	no macro.
Unit <ssd4drpb_MUSER_main> synthesized.

Synthesizing Unit <M4_1E_HXILINX_main>.
    Related source file is "D:\Classes-2024\Digital System Fundamentals Shared\Practice\b09-a-z\main.vf".
    Found 1-bit 4-to-1 multiplexer for signal <S1_D3_Mux_0_o> created at line 166.
    Summary:
	inferred   2 Multiplexer(s).
Unit <M4_1E_HXILINX_main> synthesized.

Synthesizing Unit <CB2CE_HXILINX_main>.
    Related source file is "D:\Classes-2024\Digital System Fundamentals Shared\Practice\b09-a-z\main.vf".
    Found 1-bit register for signal <Q1>.
    Found 1-bit register for signal <Q0>.
    Found 2-bit adder for signal <Q1_GND_28_o_add_0_OUT> created at line 293.
    Summary:
	inferred   1 Adder/Subtractor(s).
	inferred   2 D-type flip-flop(s).
Unit <CB2CE_HXILINX_main> synthesized.

Synthesizing Unit <D2_4E_HXILINX_main>.
    Related source file is "D:\Classes-2024\Digital System Fundamentals Shared\Practice\b09-a-z\main.vf".
    Summary:
	inferred   4 Multiplexer(s).
Unit <D2_4E_HXILINX_main> synthesized.

Synthesizing Unit <clkdiv20k_MUSER_main>.
    Related source file is "D:\Classes-2024\Digital System Fundamentals Shared\Practice\b09-a-z\main.vf".
    Set property "HU_SET = XLXI_1_0" for instance <XLXI_1>.
    Set property "HU_SET = XLXI_14_1" for instance <XLXI_14>.
    Set property "HU_SET = XLXI_17_2" for instance <XLXI_17>.
    Set property "HU_SET = XLXI_22_3" for instance <XLXI_22>.
INFO:Xst:3210 - "D:\Classes-2024\Digital System Fundamentals Shared\Practice\b09-a-z\main.vf" line 345: Output port <Q0> of the instance <XLXI_1> is unconnected or connected to loadless signal.
INFO:Xst:3210 - "D:\Classes-2024\Digital System Fundamentals Shared\Practice\b09-a-z\main.vf" line 345: Output port <Q1> of the instance <XLXI_1> is unconnected or connected to loadless signal.
INFO:Xst:3210 - "D:\Classes-2024\Digital System Fundamentals Shared\Practice\b09-a-z\main.vf" line 345: Output port <Q2> of the instance <XLXI_1> is unconnected or connected to loadless signal.
INFO:Xst:3210 - "D:\Classes-2024\Digital System Fundamentals Shared\Practice\b09-a-z\main.vf" line 345: Output port <Q3> of the instance <XLXI_1> is unconnected or connected to loadless signal.
INFO:Xst:3210 - "D:\Classes-2024\Digital System Fundamentals Shared\Practice\b09-a-z\main.vf" line 345: Output port <TC> of the instance <XLXI_1> is unconnected or connected to loadless signal.
INFO:Xst:3210 - "D:\Classes-2024\Digital System Fundamentals Shared\Practice\b09-a-z\main.vf" line 362: Output port <Q0> of the instance <XLXI_14> is unconnected or connected to loadless signal.
INFO:Xst:3210 - "D:\Classes-2024\Digital System Fundamentals Shared\Practice\b09-a-z\main.vf" line 362: Output port <Q1> of the instance <XLXI_14> is unconnected or connected to loadless signal.
INFO:Xst:3210 - "D:\Classes-2024\Digital System Fundamentals Shared\Practice\b09-a-z\main.vf" line 362: Output port <Q2> of the instance <XLXI_14> is unconnected or connected to loadless signal.
INFO:Xst:3210 - "D:\Classes-2024\Digital System Fundamentals Shared\Practice\b09-a-z\main.vf" line 362: Output port <Q3> of the instance <XLXI_14> is unconnected or connected to loadless signal.
INFO:Xst:3210 - "D:\Classes-2024\Digital System Fundamentals Shared\Practice\b09-a-z\main.vf" line 362: Output port <TC> of the instance <XLXI_14> is unconnected or connected to loadless signal.
INFO:Xst:3210 - "D:\Classes-2024\Digital System Fundamentals Shared\Practice\b09-a-z\main.vf" line 372: Output port <Q0> of the instance <XLXI_17> is unconnected or connected to loadless signal.
INFO:Xst:3210 - "D:\Classes-2024\Digital System Fundamentals Shared\Practice\b09-a-z\main.vf" line 372: Output port <Q1> of the instance <XLXI_17> is unconnected or connected to loadless signal.
INFO:Xst:3210 - "D:\Classes-2024\Digital System Fundamentals Shared\Practice\b09-a-z\main.vf" line 372: Output port <Q2> of the instance <XLXI_17> is unconnected or connected to loadless signal.
INFO:Xst:3210 - "D:\Classes-2024\Digital System Fundamentals Shared\Practice\b09-a-z\main.vf" line 372: Output port <Q3> of the instance <XLXI_17> is unconnected or connected to loadless signal.
INFO:Xst:3210 - "D:\Classes-2024\Digital System Fundamentals Shared\Practice\b09-a-z\main.vf" line 372: Output port <TC> of the instance <XLXI_17> is unconnected or connected to loadless signal.
INFO:Xst:3210 - "D:\Classes-2024\Digital System Fundamentals Shared\Practice\b09-a-z\main.vf" line 382: Output port <CEO> of the instance <XLXI_22> is unconnected or connected to loadless signal.
INFO:Xst:3210 - "D:\Classes-2024\Digital System Fundamentals Shared\Practice\b09-a-z\main.vf" line 382: Output port <Q0> of the instance <XLXI_22> is unconnected or connected to loadless signal.
INFO:Xst:3210 - "D:\Classes-2024\Digital System Fundamentals Shared\Practice\b09-a-z\main.vf" line 382: Output port <Q1> of the instance <XLXI_22> is unconnected or connected to loadless signal.
INFO:Xst:3210 - "D:\Classes-2024\Digital System Fundamentals Shared\Practice\b09-a-z\main.vf" line 382: Output port <Q2> of the instance <XLXI_22> is unconnected or connected to loadless signal.
INFO:Xst:3210 - "D:\Classes-2024\Digital System Fundamentals Shared\Practice\b09-a-z\main.vf" line 382: Output port <Q3> of the instance <XLXI_22> is unconnected or connected to loadless signal.
    Summary:
	no macro.
Unit <clkdiv20k_MUSER_main> synthesized.

Synthesizing Unit <counters0_MUSER_main>.
    Related source file is "D:\Classes-2024\Digital System Fundamentals Shared\Practice\b09-a-z\main.vf".
    Set property "HU_SET = FLIPFLOP_A_25" for instance <FlipFlop_A>.
    Set property "HU_SET = FLIPFLOP_B_26" for instance <FlipFlop_B>.
    Summary:
	no macro.
Unit <counters0_MUSER_main> synthesized.

Synthesizing Unit <counters1_MUSER_main>.
    Related source file is "D:\Classes-2024\Digital System Fundamentals Shared\Practice\b09-a-z\main.vf".
    Set property "HU_SET = FLIPFLOP_A_22" for instance <FlipFlop_A>.
    Set property "HU_SET = FLIPFLOP_B_23" for instance <FlipFlop_B>.
    Set property "HU_SET = FLIPFLOP_C_24" for instance <FlipFlop_C>.
    Summary:
	no macro.
Unit <counters1_MUSER_main> synthesized.

Synthesizing Unit <ssd1d_ztb_MUSER_main>.
    Related source file is "D:\Classes-2024\Digital System Fundamentals Shared\Practice\b09-a-z\main.vf".
    Summary:
	no macro.
Unit <ssd1d_ztb_MUSER_main> synthesized.

Synthesizing Unit <resize7x8x0l_MUSER_main>.
    Related source file is "D:\Classes-2024\Digital System Fundamentals Shared\Practice\b09-a-z\main.vf".
    Summary:
	no macro.
Unit <resize7x8x0l_MUSER_main> synthesized.

Synthesizing Unit <mux2x1x8_MUSER_main>.
    Related source file is "D:\Classes-2024\Digital System Fundamentals Shared\Practice\b09-a-z\main.vf".
    Set property "HU_SET = XLXI_1_14" for instance <XLXI_1>.
    Set property "HU_SET = XLXI_2_15" for instance <XLXI_2>.
    Set property "HU_SET = XLXI_7_16" for instance <XLXI_7>.
    Set property "HU_SET = XLXI_8_17" for instance <XLXI_8>.
    Set property "HU_SET = XLXI_9_18" for instance <XLXI_9>.
    Set property "HU_SET = XLXI_10_19" for instance <XLXI_10>.
    Set property "HU_SET = XLXI_11_20" for instance <XLXI_11>.
    Set property "HU_SET = XLXI_12_21" for instance <XLXI_12>.
    Summary:
	no macro.
Unit <mux2x1x8_MUSER_main> synthesized.

Synthesizing Unit <M2_1_HXILINX_main>.
    Related source file is "D:\Classes-2024\Digital System Fundamentals Shared\Practice\b09-a-z\main.vf".
    Summary:
	inferred   1 Multiplexer(s).
Unit <M2_1_HXILINX_main> synthesized.

Synthesizing Unit <FTPE_HXILINX_main>.
    Related source file is "D:\Classes-2024\Digital System Fundamentals Shared\Practice\b09-a-z\main.vf".
        INIT = 1'b1
    Found 1-bit register for signal <Q>.
    Summary:
	inferred   1 D-type flip-flop(s).
Unit <FTPE_HXILINX_main> synthesized.

=========================================================================
HDL Synthesis Report

Macro Statistics
# Adders/Subtractors                                   : 10
 2-bit adder                                           : 1
 4-bit adder                                           : 9
# Registers                                            : 70
 1-bit register                                        : 70
# Multiplexers                                         : 177
 1-bit 2-to-1 multiplexer                              : 169
 1-bit 4-to-1 multiplexer                              : 8

=========================================================================

=========================================================================
*                       Advanced HDL Synthesis                          *
=========================================================================


=========================================================================
Advanced HDL Synthesis Report

Macro Statistics
# Adders/Subtractors                                   : 10
 2-bit adder                                           : 1
 4-bit adder                                           : 9
# Registers                                            : 76
 Flip-Flops                                            : 76
# Multiplexers                                         : 145
 1-bit 2-to-1 multiplexer                              : 137
 1-bit 4-to-1 multiplexer                              : 8

=========================================================================

=========================================================================
*                         Low Level Synthesis                           *
=========================================================================

Optimizing unit <main> ...

Optimizing unit <ssd4drpb_MUSER_main> ...

Optimizing unit <clkdiv200k_MUSER_main> ...

Optimizing unit <FJKC_HXILINX_main> ...

Optimizing unit <CD4CE_HXILINX_main> ...

Optimizing unit <FTPE_HXILINX_main> ...

Optimizing unit <CB2CE_HXILINX_main> ...

Optimizing unit <M4_1E_HXILINX_main> ...

Optimizing unit <D2_4E_HXILINX_main> ...

Optimizing unit <FJKCE_HXILINX_main> ...

Optimizing unit <FJKPE_HXILINX_main> ...

Optimizing unit <XLXI_12> ...

Optimizing unit <XLXI_11> ...

Optimizing unit <XLXI_10> ...

Optimizing unit <XLXI_9> ...

Optimizing unit <XLXI_8> ...

Optimizing unit <XLXI_7> ...

Optimizing unit <XLXI_2> ...

Optimizing unit <XLXI_1> ...

Optimizing unit <mux2x1x8_MUSER_main> ...
WARNING:Xst:1290 - Hierarchical block <XLXI_112/XLXI_12> is unconnected in block <main>.
   It will be removed from the design.
WARNING:Xst:1290 - Hierarchical block <XLXI_111/XLXI_12> is unconnected in block <main>.
   It will be removed from the design.
WARNING:Xst:1290 - Hierarchical block <XLXI_110/XLXI_12> is unconnected in block <main>.
   It will be removed from the design.
WARNING:Xst:1290 - Hierarchical block <XLXI_109/XLXI_12> is unconnected in block <main>.
   It will be removed from the design.

Mapping all equations...
Building and optimizing final netlist ...
Found area constraint ratio of 100 (+ 5) on block main, actual ratio is 2.

Final Macro Processing ...

=========================================================================
Final Register Report

Macro Statistics
# Registers                                            : 76
 Flip-Flops                                            : 76

=========================================================================

=========================================================================
*                           Partition Report                            *
=========================================================================

Partition Implementation Status
-------------------------------

  No Partitions were found in this design.

-------------------------------

=========================================================================
*                            Design Summary                             *
=========================================================================

Top Level Output File Name         : main.ngc

Primitive and Black Box Usage:
------------------------------
# BELS                             : 340
#      AND2                        : 29
#      AND2B1                      : 4
#      AND3                        : 9
#      AND4                        : 4
#      AND5                        : 4
#      BUF                         : 56
#      GND                         : 2
#      INV                         : 53
#      LUT2                        : 14
#      LUT3                        : 53
#      LUT4                        : 29
#      LUT5                        : 61
#      LUT6                        : 7
#      OR2                         : 10
#      OR3                         : 4
#      VCC                         : 1
# FlipFlops/Latches                : 76
#      FD                          : 2
#      FD_1                        : 4
#      FDC                         : 20
#      FDCE                        : 45
#      FDP                         : 4
#      FDPE                        : 1
# Clock Buffers                    : 3
#      BUFG                        : 2
#      BUFGP                       : 1
# IO Buffers                       : 13
#      IBUF                        : 1
#      OBUF                        : 12

Device utilization summary:
---------------------------

Selected Device : 6slx9tqg144-3 


Slice Logic Utilization: 
 Number of Slice Registers:              76  out of  11440     0%  
 Number of Slice LUTs:                  217  out of   5720     3%  
    Number used as Logic:               217  out of   5720     3%  

Slice Logic Distribution: 
 Number of LUT Flip Flop pairs used:    293
   Number with an unused Flip Flop:     217  out of    293    74%  
   Number with an unused LUT:            76  out of    293    25%  
   Number of fully used LUT-FF pairs:     0  out of    293     0%  
   Number of unique control sets:        46

IO Utilization: 
 Number of IOs:                          14
 Number of bonded IOBs:                  14  out of    102    13%  

Specific Feature Utilization:
 Number of BUFG/BUFGCTRLs:                3  out of     16    18%  

---------------------------
Partition Resource Summary:
---------------------------

  No Partitions were found in this design.

---------------------------


=========================================================================
Timing Report

NOTE: THESE TIMING NUMBERS ARE ONLY A SYNTHESIS ESTIMATE.
      FOR ACCURATE TIMING INFORMATION PLEASE REFER TO THE TRACE REPORT
      GENERATED AFTER PLACE-and-ROUTE.

Clock Information:
------------------
-----------------------------------------------+---------------------------+-------+
Clock Signal                                   | Clock buffer(FF name)     | Load  |
-----------------------------------------------+---------------------------+-------+
OSC                                            | BUFGP                     | 23    |
XLXN_38(XLXI_47/XLXI_25:O)                     | NONE(*)(XLXI_48/XLXI_24)  | 4     |
XLXI_79/XLXI_22/TC(XLXI_79/XLXI_22/Mmux_TC11:O)| NONE(*)(XLXI_79/XLXI_10)  | 1     |
XLXN_113                                       | NONE(XLXI_78/XLXI_162/Q0) | 2     |
XLXN_39(XLXI_48/XLXI_25:O)                     | BUFG(*)(XLXI_49/XLXI_1/Q3)| 20    |
XLXI_49/XLXI_25/TC(XLXI_49/XLXI_25/Mmux_TC11:O)| NONE(*)(XLXI_49/XLXI_10)  | 1     |
XLXN_48                                        | BUFG                      | 25    |
-----------------------------------------------+---------------------------+-------+
(*) These 4 clock signal(s) are generated by combinatorial logic,
and XST is not able to identify which are the primary clock signals.
Please use the CLOCK_SIGNAL constraint to specify the clock signal(s) generated by combinatorial logic.
INFO:Xst:2169 - HDL ADVISOR - Some clock signals were not automatically buffered by XST with BUFG/BUFR resources. Please use the buffer_type constraint in order to insert these buffers to the clock signals to help prevent skew problems.

Asynchronous Control Signals Information:
----------------------------------------
No asynchronous control signals found in this design

Timing Summary:
---------------
Speed Grade: -3

   Minimum period: 6.369ns (Maximum Frequency: 157.004MHz)
   Minimum input arrival time before clock: 1.903ns
   Maximum output required time after clock: 9.032ns
   Maximum combinational path delay: No path found

Timing Details:
---------------
All values displayed in nanoseconds (ns)

=========================================================================
Timing constraint: Default period analysis for Clock 'OSC'
  Clock period: 4.393ns (frequency: 227.645MHz)
  Total number of paths / destination ports: 155 / 36
-------------------------------------------------------------------------
Delay:               4.393ns (Levels of Logic = 6)
  Source:            XLXI_79/XLXI_1/Q3 (FF)
  Destination:       XLXI_79/XLXI_22/Q3 (FF)
  Source Clock:      OSC falling
  Destination Clock: OSC falling

  Data Path: XLXI_79/XLXI_1/Q3 to XLXI_79/XLXI_22/Q3
                                Gate     Net
    Cell:in->out      fanout   Delay   Delay  Logical Name (Net Name)
    ----------------------------------------  ------------
     FDCE:C->Q             3   0.447   0.898  Q3 (Q3)
     LUT4:I0->O            5   0.203   0.715  Mmux_TC11 (TC)
     end scope: 'XLXI_79/XLXI_1:CEO'
     begin scope: 'XLXI_79/XLXI_14:CE'
     LUT5:I4->O            5   0.205   0.715  CEO1 (CEO)
     end scope: 'XLXI_79/XLXI_14:CEO'
     begin scope: 'XLXI_79/XLXI_17:CE'
     LUT5:I4->O            4   0.205   0.683  CEO1 (CEO)
     end scope: 'XLXI_79/XLXI_17:CEO'
     begin scope: 'XLXI_79/XLXI_22:CE'
     FDCE:CE                   0.322          Q3
    ----------------------------------------
    Total                      4.393ns (1.382ns logic, 3.011ns route)
                                       (31.5% logic, 68.5% route)

=========================================================================
Timing constraint: Default period analysis for Clock 'XLXN_38'
  Clock period: 2.686ns (frequency: 372.245MHz)
  Total number of paths / destination ports: 11 / 5
-------------------------------------------------------------------------
Delay:               2.686ns (Levels of Logic = 3)
  Source:            XLXI_48/XLXI_8/Q (FF)
  Destination:       XLXI_48/XLXI_7/Q (FF)
  Source Clock:      XLXN_38 rising
  Destination Clock: XLXN_38 rising

  Data Path: XLXI_48/XLXI_8/Q to XLXI_48/XLXI_7/Q
                                Gate     Net
    Cell:in->out      fanout   Delay   Delay  Logical Name (Net Name)
    ----------------------------------------  ------------
     FDCE:C->Q             4   0.447   1.048  Q (Q)
     end scope: 'XLXI_48/XLXI_8:Q'
     AND2B1:I0->O          1   0.203   0.684  XLXI_48/XLXI_22 (XLXI_48/XLXN_35)
     begin scope: 'XLXI_48/XLXI_7:J'
     LUT2:I0->O            1   0.203   0.000  Mmux_Q_Q_MUX_3_o11 (Q_Q_MUX_3_o)
     FDC:D                     0.102          Q
    ----------------------------------------
    Total                      2.686ns (0.955ns logic, 1.731ns route)
                                       (35.5% logic, 64.5% route)

=========================================================================
Timing constraint: Default period analysis for Clock 'XLXI_79/XLXI_22/TC'
  Clock period: 2.346ns (frequency: 426.239MHz)
  Total number of paths / destination ports: 1 / 1
-------------------------------------------------------------------------
Delay:               2.346ns (Levels of Logic = 1)
  Source:            XLXI_79/XLXI_10 (FF)
  Destination:       XLXI_79/XLXI_10 (FF)
  Source Clock:      XLXI_79/XLXI_22/TC falling
  Destination Clock: XLXI_79/XLXI_22/TC falling

  Data Path: XLXI_79/XLXI_10 to XLXI_79/XLXI_10
                                Gate     Net
    Cell:in->out      fanout   Delay   Delay  Logical Name (Net Name)
    ----------------------------------------  ------------
     FD_1:C->Q             3   0.447   0.650  XLXI_79/XLXI_10 (XLXN_113)
     INV:I->O              1   0.568   0.579  XLXI_79/XLXI_11 (XLXI_79/XLXN_11)
     FD_1:D                    0.102          XLXI_79/XLXI_10
    ----------------------------------------
    Total                      2.346ns (1.117ns logic, 1.229ns route)
                                       (47.6% logic, 52.4% route)

=========================================================================
Timing constraint: Default period analysis for Clock 'XLXN_113'
  Clock period: 2.266ns (frequency: 441.248MHz)
  Total number of paths / destination ports: 3 / 2
-------------------------------------------------------------------------
Delay:               2.266ns (Levels of Logic = 1)
  Source:            XLXI_78/XLXI_162/Q0 (FF)
  Destination:       XLXI_78/XLXI_162/Q0 (FF)
  Source Clock:      XLXN_113 rising
  Destination Clock: XLXN_113 rising

  Data Path: XLXI_78/XLXI_162/Q0 to XLXI_78/XLXI_162/Q0
                                Gate     Net
    Cell:in->out      fanout   Delay   Delay  Logical Name (Net Name)
    ----------------------------------------  ------------
     FDCE:C->Q            13   0.447   0.932  Q0 (Q0)
     INV:I->O              1   0.206   0.579  Madd_Q1_GND_28_o_add_0_OUT_xor<0>11_INV_0 (Q1_GND_28_o_add_0_OUT<0>)
     FDCE:D                    0.102          Q0
    ----------------------------------------
    Total                      2.266ns (0.755ns logic, 1.511ns route)
                                       (33.3% logic, 66.7% route)

=========================================================================
Timing constraint: Default period analysis for Clock 'XLXN_39'
  Clock period: 5.313ns (frequency: 188.225MHz)
  Total number of paths / destination ports: 215 / 36
-------------------------------------------------------------------------
Delay:               5.313ns (Levels of Logic = 8)
  Source:            XLXI_49/XLXI_1/Q3 (FF)
  Destination:       XLXI_49/XLXI_25/Q3 (FF)
  Source Clock:      XLXN_39 falling
  Destination Clock: XLXN_39 falling

  Data Path: XLXI_49/XLXI_1/Q3 to XLXI_49/XLXI_25/Q3
                                Gate     Net
    Cell:in->out      fanout   Delay   Delay  Logical Name (Net Name)
    ----------------------------------------  ------------
     FDCE:C->Q             3   0.447   0.898  Q3 (Q3)
     LUT4:I0->O            5   0.203   0.715  Mmux_TC11 (TC)
     end scope: 'XLXI_49/XLXI_1:CEO'
     begin scope: 'XLXI_49/XLXI_14:CE'
     LUT5:I4->O            5   0.205   0.715  CEO1 (CEO)
     end scope: 'XLXI_49/XLXI_14:CEO'
     begin scope: 'XLXI_49/XLXI_17:CE'
     LUT5:I4->O            5   0.205   0.715  CEO1 (CEO)
     end scope: 'XLXI_49/XLXI_17:CEO'
     begin scope: 'XLXI_49/XLXI_22:CE'
     LUT5:I4->O            4   0.205   0.683  CEO1 (CEO)
     end scope: 'XLXI_49/XLXI_22:CEO'
     begin scope: 'XLXI_49/XLXI_25:CE'
     FDCE:CE                   0.322          Q3
    ----------------------------------------
    Total                      5.313ns (1.587ns logic, 3.726ns route)
                                       (29.9% logic, 70.1% route)

=========================================================================
Timing constraint: Default period analysis for Clock 'XLXI_49/XLXI_25/TC'
  Clock period: 2.275ns (frequency: 439.618MHz)
  Total number of paths / destination ports: 1 / 1
-------------------------------------------------------------------------
Delay:               2.275ns (Levels of Logic = 1)
  Source:            XLXI_49/XLXI_10 (FF)
  Destination:       XLXI_49/XLXI_10 (FF)
  Source Clock:      XLXI_49/XLXI_25/TC falling
  Destination Clock: XLXI_49/XLXI_25/TC falling

  Data Path: XLXI_49/XLXI_10 to XLXI_49/XLXI_10
                                Gate     Net
    Cell:in->out      fanout   Delay   Delay  Logical Name (Net Name)
    ----------------------------------------  ------------
     FD_1:C->Q             1   0.447   0.579  XLXI_49/XLXI_10 (XLXN_48)
     INV:I->O              1   0.568   0.579  XLXI_49/XLXI_11 (XLXI_49/XLXN_9)
     FD_1:D                    0.102          XLXI_49/XLXI_10
    ----------------------------------------
    Total                      2.275ns (1.117ns logic, 1.158ns route)
                                       (49.1% logic, 50.9% route)

=========================================================================
Timing constraint: Default period analysis for Clock 'XLXN_48'
  Clock period: 6.369ns (frequency: 157.004MHz)
  Total number of paths / destination ports: 206 / 30
-------------------------------------------------------------------------
Delay:               6.369ns (Levels of Logic = 5)
  Source:            XLXI_81/FlipFlop_A/Q (FF)
  Destination:       XLXI_59/FlipFlop_E/Q (FF)
  Source Clock:      XLXN_48 rising
  Destination Clock: XLXN_48 rising

  Data Path: XLXI_81/FlipFlop_A/Q to XLXI_59/FlipFlop_E/Q
                                Gate     Net
    Cell:in->out      fanout   Delay   Delay  Logical Name (Net Name)
    ----------------------------------------  ------------
     FDCE:C->Q            11   0.447   0.882  Q (Q)
     end scope: 'XLXI_81/FlipFlop_A:Q'
     INV:I->O              1   0.568   0.944  XLXI_81/XLXI_8 (XLXI_81/XLXN_7)
     AND3:I0->O           31   0.203   1.642  XLXI_81/XLXI_7 (XLXN_222)
     AND2:I0->O           24   0.203   1.173  XLXI_82 (XLXN_121)
     begin scope: 'XLXI_59/FlipFlop_E:CE'
     LUT4:I3->O            1   0.205   0.000  Q_rstpot (Q_rstpot)
     FDC:D                     0.102          Q
    ----------------------------------------
    Total                      6.369ns (1.728ns logic, 4.641ns route)
                                       (27.1% logic, 72.9% route)

=========================================================================
Timing constraint: Default OFFSET IN BEFORE for Clock 'OSC'
  Total number of paths / destination ports: 1 / 1
-------------------------------------------------------------------------
Offset:              1.903ns (Levels of Logic = 1)
  Source:            BTN1 (PAD)
  Destination:       XLXI_3/XLXI_1 (FF)
  Destination Clock: OSC rising

  Data Path: BTN1 to XLXI_3/XLXI_1
                                Gate     Net
    Cell:in->out      fanout   Delay   Delay  Logical Name (Net Name)
    ----------------------------------------  ------------
     IBUF:I->O             1   1.222   0.579  BTN1_IBUF (BTN1_IBUF)
     FD:D                      0.102          XLXI_3/XLXI_1
    ----------------------------------------
    Total                      1.903ns (1.324ns logic, 0.579ns route)
                                       (69.6% logic, 30.4% route)

=========================================================================
Timing constraint: Default OFFSET OUT AFTER for Clock 'XLXN_113'
  Total number of paths / destination ports: 22 / 11
-------------------------------------------------------------------------
Offset:              5.984ns (Levels of Logic = 5)
  Source:            XLXI_78/XLXI_162/Q0 (FF)
  Destination:       SSD_COM<1> (PAD)
  Source Clock:      XLXN_113 rising

  Data Path: XLXI_78/XLXI_162/Q0 to SSD_COM<1>
                                Gate     Net
    Cell:in->out      fanout   Delay   Delay  Logical Name (Net Name)
    ----------------------------------------  ------------
     FDCE:C->Q            13   0.447   1.037  Q0 (Q0)
     end scope: 'XLXI_78/XLXI_162:Q0'
     begin scope: 'XLXI_78/XLXI_210:A0'
     LUT2:I0->O            1   0.203   0.579  Mmux_D111 (D1)
     end scope: 'XLXI_78/XLXI_210:D1'
     INV:I->O              1   0.568   0.579  XLXI_78/XLXI_212 (SSD_COM_1_OBUF)
     OBUF:I->O                 2.571          SSD_COM_1_OBUF (SSD_COM<1>)
    ----------------------------------------
    Total                      5.984ns (3.789ns logic, 2.195ns route)
                                       (63.3% logic, 36.7% route)

=========================================================================
Timing constraint: Default OFFSET OUT AFTER for Clock 'XLXN_48'
  Total number of paths / destination ports: 252 / 7
-------------------------------------------------------------------------
Offset:              9.032ns (Levels of Logic = 8)
  Source:            XLXI_81/FlipFlop_A/Q (FF)
  Destination:       SSD_Segment<6> (PAD)
  Source Clock:      XLXN_48 rising

  Data Path: XLXI_81/FlipFlop_A/Q to SSD_Segment<6>
                                Gate     Net
    Cell:in->out      fanout   Delay   Delay  Logical Name (Net Name)
    ----------------------------------------  ------------
     FDCE:C->Q            11   0.447   0.882  Q (Q)
     end scope: 'XLXI_81/FlipFlop_A:Q'
     INV:I->O              1   0.568   0.944  XLXI_81/XLXI_8 (XLXI_81/XLXN_7)
     AND3:I0->O           31   0.203   1.506  XLXI_81/XLXI_7 (XLXN_222)
     begin scope: 'XLXI_112/XLXI_11:S0'
     LUT3:I0->O            1   0.205   0.924  Mmux_O11 (O)
     end scope: 'XLXI_112/XLXI_11:O'
     begin scope: 'XLXI_78/XLXI_8:D3'
     LUT6:I1->O            1   0.203   0.579  Mmux_O11 (O)
     end scope: 'XLXI_78/XLXI_8:O'
     OBUF:I->O                 2.571          SSD_Segment_6_OBUF (SSD_Segment<6>)
    ----------------------------------------
    Total                      9.032ns (4.197ns logic, 4.835ns route)
                                       (46.5% logic, 53.5% route)

=========================================================================

Cross Clock Domains Report:
--------------------------

Clock to Setup on destination clock OSC
---------------+---------+---------+---------+---------+
               | Src:Rise| Src:Fall| Src:Rise| Src:Fall|
Source Clock   |Dest:Rise|Dest:Rise|Dest:Fall|Dest:Fall|
---------------+---------+---------+---------+---------+
OSC            |    2.686|         |    4.393|         |
---------------+---------+---------+---------+---------+

Clock to Setup on destination clock XLXI_49/XLXI_25/TC
------------------+---------+---------+---------+---------+
                  | Src:Rise| Src:Fall| Src:Rise| Src:Fall|
Source Clock      |Dest:Rise|Dest:Rise|Dest:Fall|Dest:Fall|
------------------+---------+---------+---------+---------+
XLXI_49/XLXI_25/TC|         |         |    2.275|         |
------------------+---------+---------+---------+---------+

Clock to Setup on destination clock XLXI_79/XLXI_22/TC
------------------+---------+---------+---------+---------+
                  | Src:Rise| Src:Fall| Src:Rise| Src:Fall|
Source Clock      |Dest:Rise|Dest:Rise|Dest:Fall|Dest:Fall|
------------------+---------+---------+---------+---------+
XLXI_79/XLXI_22/TC|         |         |    2.346|         |
------------------+---------+---------+---------+---------+

Clock to Setup on destination clock XLXN_113
---------------+---------+---------+---------+---------+
               | Src:Rise| Src:Fall| Src:Rise| Src:Fall|
Source Clock   |Dest:Rise|Dest:Rise|Dest:Fall|Dest:Fall|
---------------+---------+---------+---------+---------+
XLXN_113       |    2.266|         |         |         |
---------------+---------+---------+---------+---------+

Clock to Setup on destination clock XLXN_38
---------------+---------+---------+---------+---------+
               | Src:Rise| Src:Fall| Src:Rise| Src:Fall|
Source Clock   |Dest:Rise|Dest:Rise|Dest:Fall|Dest:Fall|
---------------+---------+---------+---------+---------+
XLXN_38        |    2.686|         |    1.232|         |
---------------+---------+---------+---------+---------+

Clock to Setup on destination clock XLXN_39
---------------+---------+---------+---------+---------+
               | Src:Rise| Src:Fall| Src:Rise| Src:Fall|
Source Clock   |Dest:Rise|Dest:Rise|Dest:Fall|Dest:Fall|
---------------+---------+---------+---------+---------+
XLXN_39        |         |         |    5.313|         |
---------------+---------+---------+---------+---------+

Clock to Setup on destination clock XLXN_48
---------------+---------+---------+---------+---------+
               | Src:Rise| Src:Fall| Src:Rise| Src:Fall|
Source Clock   |Dest:Rise|Dest:Rise|Dest:Fall|Dest:Fall|
---------------+---------+---------+---------+---------+
OSC            |    3.145|         |         |         |
XLXN_48        |    6.369|         |         |         |
---------------+---------+---------+---------+---------+

=========================================================================


Total REAL time to Xst completion: 3.00 secs
Total CPU time to Xst completion: 3.05 secs
 
--> 

Total memory usage is 4501776 kilobytes

Number of errors   :    0 (   0 filtered)
Number of warnings :    6 (   0 filtered)
Number of infos    :   59 (   0 filtered)

