Release 14.7 - xst P.20131013 (nt64)
Copyright (c) 1995-2013 Xilinx, Inc.  All rights reserved.
--> Parameter TMPDIR set to xst/projnav.tmp


Total REAL time to Xst completion: 1.00 secs
Total CPU time to Xst completion: 0.18 secs
 
--> Parameter xsthdpdir set to xst


Total REAL time to Xst completion: 1.00 secs
Total CPU time to Xst completion: 0.18 secs
 
--> Reading design: main.prj

TABLE OF CONTENTS
  1) Synthesis Options Summary
  2) HDL Parsing
  3) HDL Elaboration
  4) HDL Synthesis
       4.1) HDL Synthesis Report
  5) Advanced HDL Synthesis
       5.1) Advanced HDL Synthesis Report
  6) Low Level Synthesis
  7) Partition Report
  8) Design Summary
       8.1) Primitive and Black Box Usage
       8.2) Device utilization summary
       8.3) Partition Resource Summary
       8.4) Timing Report
            8.4.1) Clock Information
            8.4.2) Asynchronous Control Signals Information
            8.4.3) Timing Summary
            8.4.4) Timing Details
            8.4.5) Cross Clock Domains Report


=========================================================================
*                      Synthesis Options Summary                        *
=========================================================================
---- Source Parameters
Input File Name                    : "main.prj"
Ignore Synthesis Constraint File   : NO

---- Target Parameters
Output File Name                   : "main"
Output Format                      : NGC
Target Device                      : xc6slx9-3-tqg144

---- Source Options
Top Module Name                    : main
Automatic FSM Extraction           : YES
FSM Encoding Algorithm             : Auto
Safe Implementation                : No
FSM Style                          : LUT
RAM Extraction                     : Yes
RAM Style                          : Auto
ROM Extraction                     : Yes
Shift Register Extraction          : YES
ROM Style                          : Auto
Resource Sharing                   : YES
Asynchronous To Synchronous        : NO
Shift Register Minimum Size        : 2
Use DSP Block                      : Auto
Automatic Register Balancing       : No

---- Target Options
LUT Combining                      : Auto
Reduce Control Sets                : Auto
Add IO Buffers                     : YES
Global Maximum Fanout              : 100000
Add Generic Clock Buffer(BUFG)     : 16
Register Duplication               : YES
Optimize Instantiated Primitives   : NO
Use Clock Enable                   : Auto
Use Synchronous Set                : Auto
Use Synchronous Reset              : Auto
Pack IO Registers into IOBs        : Auto
Equivalent register Removal        : YES

---- General Options
Optimization Goal                  : Speed
Optimization Effort                : 1
Power Reduction                    : NO
Keep Hierarchy                     : No
Netlist Hierarchy                  : As_Optimized
RTL Output                         : Yes
Global Optimization                : AllClockNets
Read Cores                         : YES
Write Timing Constraints           : NO
Cross Clock Analysis               : NO
Hierarchy Separator                : /
Bus Delimiter                      : <>
Case Specifier                     : Maintain
Slice Utilization Ratio            : 100
BRAM Utilization Ratio             : 100
DSP48 Utilization Ratio            : 100
Auto BRAM Packing                  : NO
Slice Utilization Ratio Delta      : 5

=========================================================================


=========================================================================
*                          HDL Parsing                                  *
=========================================================================
Analyzing Verilog file "D:\Classes-2024\Digital System Fundamentals Shared\Exam\b02-running-led\edetect.vf" into library work
Parsing module <edetect>.
Analyzing Verilog file "D:\Classes-2024\Digital System Fundamentals Shared\Exam\b02-running-led\clkdiv5.vf" into library work
Parsing module <FJKC_HXILINX_clkdiv5>.
Parsing module <clkdiv5>.
Analyzing Verilog file "D:\Classes-2024\Digital System Fundamentals Shared\Exam\b02-running-led\clkdiv2M.vf" into library work
Parsing module <CD4CE_HXILINX_clkdiv2M>.
Parsing module <clkdiv2M>.
Analyzing Verilog file "D:\Classes-2024\Digital System Fundamentals Shared\Exam\b02-running-led\main.vf" into library work
Parsing module <D4_16E_HXILINX_main>.
Parsing module <CD4CE_HXILINX_main>.
Parsing module <FJKC_HXILINX_main>.
Parsing module <FTCE_HXILINX_main>.
Parsing module <clkdiv5_MUSER_main>.
Parsing module <clkdiv2M_MUSER_main>.
Parsing module <edetect_MUSER_main>.
Parsing module <main>.
Parsing VHDL file "D:\Classes-2024\Digital System Fundamentals Shared\Exam\b02-running-led\counter12.vhd" into library work
Parsing entity <counter12>.
Parsing architecture <Behavioral> of entity <counter12>.

=========================================================================
*                            HDL Elaboration                            *
=========================================================================

Elaborating module <main>.
Going to vhdl side to elaborate module counter12

Elaborating entity <counter12> (architecture <Behavioral>) from library <work>.
Back to verilog to continue elaboration

Elaborating module <VCC>.

Elaborating module <GND>.

Elaborating module <FTCE_HXILINX_main>.

Elaborating module <edetect_MUSER_main>.

Elaborating module <FD(INIT=1'b0)>.

Elaborating module <AND2B1>.

Elaborating module <D4_16E_HXILINX_main>.

Elaborating module <INV>.

Elaborating module <clkdiv2M_MUSER_main>.

Elaborating module <CD4CE_HXILINX_main>.
WARNING:HDLCompiler:413 - "D:\Classes-2024\Digital System Fundamentals Shared\Exam\b02-running-led\main.vf" Line 133: Result of 5-bit expression is truncated to fit in 4-bit target.

Elaborating module <FD_1(INIT=1'b0)>.

Elaborating module <clkdiv5_MUSER_main>.

Elaborating module <FJKC_HXILINX_main>.

Elaborating module <OR2>.

=========================================================================
*                           HDL Synthesis                               *
=========================================================================

Synthesizing Unit <main>.
    Related source file is "D:\Classes-2024\Digital System Fundamentals Shared\Exam\b02-running-led\main.vf".
    Set property "HU_SET = XLXI_6_29" for instance <XLXI_6>.
    Set property "HU_SET = XLXI_22_30" for instance <XLXI_22>.
INFO:Xst:3210 - "D:\Classes-2024\Digital System Fundamentals Shared\Exam\b02-running-led\main.vf" line 428: Output port <CEO> of the instance <XLXI_1> is unconnected or connected to loadless signal.
INFO:Xst:3210 - "D:\Classes-2024\Digital System Fundamentals Shared\Exam\b02-running-led\main.vf" line 428: Output port <TC> of the instance <XLXI_1> is unconnected or connected to loadless signal.
INFO:Xst:3210 - "D:\Classes-2024\Digital System Fundamentals Shared\Exam\b02-running-led\main.vf" line 447: Output port <D0> of the instance <XLXI_22> is unconnected or connected to loadless signal.
INFO:Xst:3210 - "D:\Classes-2024\Digital System Fundamentals Shared\Exam\b02-running-led\main.vf" line 447: Output port <D12> of the instance <XLXI_22> is unconnected or connected to loadless signal.
INFO:Xst:3210 - "D:\Classes-2024\Digital System Fundamentals Shared\Exam\b02-running-led\main.vf" line 447: Output port <D13> of the instance <XLXI_22> is unconnected or connected to loadless signal.
INFO:Xst:3210 - "D:\Classes-2024\Digital System Fundamentals Shared\Exam\b02-running-led\main.vf" line 447: Output port <D14> of the instance <XLXI_22> is unconnected or connected to loadless signal.
INFO:Xst:3210 - "D:\Classes-2024\Digital System Fundamentals Shared\Exam\b02-running-led\main.vf" line 447: Output port <D15> of the instance <XLXI_22> is unconnected or connected to loadless signal.
    Summary:
	no macro.
Unit <main> synthesized.

Synthesizing Unit <counter12>.
    Related source file is "D:\Classes-2024\Digital System Fundamentals Shared\Exam\b02-running-led\counter12.vhd".
    Found 4-bit register for signal <count>.
    Found 4-bit adder for signal <count[3]_GND_7_o_add_1_OUT> created at line 30.
    Summary:
	inferred   1 Adder/Subtractor(s).
	inferred   4 D-type flip-flop(s).
	inferred   1 Multiplexer(s).
Unit <counter12> synthesized.

Synthesizing Unit <FTCE_HXILINX_main>.
    Related source file is "D:\Classes-2024\Digital System Fundamentals Shared\Exam\b02-running-led\main.vf".
        INIT = 1'b0
    Found 1-bit register for signal <Q>.
    Summary:
	inferred   1 D-type flip-flop(s).
Unit <FTCE_HXILINX_main> synthesized.

Synthesizing Unit <edetect_MUSER_main>.
    Related source file is "D:\Classes-2024\Digital System Fundamentals Shared\Exam\b02-running-led\main.vf".
    Summary:
	no macro.
Unit <edetect_MUSER_main> synthesized.

Synthesizing Unit <D4_16E_HXILINX_main>.
    Related source file is "D:\Classes-2024\Digital System Fundamentals Shared\Exam\b02-running-led\main.vf".
    Summary:
	inferred  16 Multiplexer(s).
Unit <D4_16E_HXILINX_main> synthesized.

Synthesizing Unit <clkdiv2M_MUSER_main>.
    Related source file is "D:\Classes-2024\Digital System Fundamentals Shared\Exam\b02-running-led\main.vf".
    Set property "HU_SET = XLXI_1_23" for instance <XLXI_1>.
    Set property "HU_SET = XLXI_14_24" for instance <XLXI_14>.
    Set property "HU_SET = XLXI_17_25" for instance <XLXI_17>.
    Set property "HU_SET = XLXI_22_26" for instance <XLXI_22>.
    Set property "HU_SET = XLXI_25_27" for instance <XLXI_25>.
    Set property "HU_SET = XLXI_28_28" for instance <XLXI_28>.
INFO:Xst:3210 - "D:\Classes-2024\Digital System Fundamentals Shared\Exam\b02-running-led\main.vf" line 275: Output port <Q0> of the instance <XLXI_1> is unconnected or connected to loadless signal.
INFO:Xst:3210 - "D:\Classes-2024\Digital System Fundamentals Shared\Exam\b02-running-led\main.vf" line 275: Output port <Q1> of the instance <XLXI_1> is unconnected or connected to loadless signal.
INFO:Xst:3210 - "D:\Classes-2024\Digital System Fundamentals Shared\Exam\b02-running-led\main.vf" line 275: Output port <Q2> of the instance <XLXI_1> is unconnected or connected to loadless signal.
INFO:Xst:3210 - "D:\Classes-2024\Digital System Fundamentals Shared\Exam\b02-running-led\main.vf" line 275: Output port <Q3> of the instance <XLXI_1> is unconnected or connected to loadless signal.
INFO:Xst:3210 - "D:\Classes-2024\Digital System Fundamentals Shared\Exam\b02-running-led\main.vf" line 275: Output port <TC> of the instance <XLXI_1> is unconnected or connected to loadless signal.
INFO:Xst:3210 - "D:\Classes-2024\Digital System Fundamentals Shared\Exam\b02-running-led\main.vf" line 292: Output port <Q0> of the instance <XLXI_14> is unconnected or connected to loadless signal.
INFO:Xst:3210 - "D:\Classes-2024\Digital System Fundamentals Shared\Exam\b02-running-led\main.vf" line 292: Output port <Q1> of the instance <XLXI_14> is unconnected or connected to loadless signal.
INFO:Xst:3210 - "D:\Classes-2024\Digital System Fundamentals Shared\Exam\b02-running-led\main.vf" line 292: Output port <Q2> of the instance <XLXI_14> is unconnected or connected to loadless signal.
INFO:Xst:3210 - "D:\Classes-2024\Digital System Fundamentals Shared\Exam\b02-running-led\main.vf" line 292: Output port <Q3> of the instance <XLXI_14> is unconnected or connected to loadless signal.
INFO:Xst:3210 - "D:\Classes-2024\Digital System Fundamentals Shared\Exam\b02-running-led\main.vf" line 292: Output port <TC> of the instance <XLXI_14> is unconnected or connected to loadless signal.
INFO:Xst:3210 - "D:\Classes-2024\Digital System Fundamentals Shared\Exam\b02-running-led\main.vf" line 302: Output port <Q0> of the instance <XLXI_17> is unconnected or connected to loadless signal.
INFO:Xst:3210 - "D:\Classes-2024\Digital System Fundamentals Shared\Exam\b02-running-led\main.vf" line 302: Output port <Q1> of the instance <XLXI_17> is unconnected or connected to loadless signal.
INFO:Xst:3210 - "D:\Classes-2024\Digital System Fundamentals Shared\Exam\b02-running-led\main.vf" line 302: Output port <Q2> of the instance <XLXI_17> is unconnected or connected to loadless signal.
INFO:Xst:3210 - "D:\Classes-2024\Digital System Fundamentals Shared\Exam\b02-running-led\main.vf" line 302: Output port <Q3> of the instance <XLXI_17> is unconnected or connected to loadless signal.
INFO:Xst:3210 - "D:\Classes-2024\Digital System Fundamentals Shared\Exam\b02-running-led\main.vf" line 302: Output port <TC> of the instance <XLXI_17> is unconnected or connected to loadless signal.
INFO:Xst:3210 - "D:\Classes-2024\Digital System Fundamentals Shared\Exam\b02-running-led\main.vf" line 312: Output port <Q0> of the instance <XLXI_22> is unconnected or connected to loadless signal.
INFO:Xst:3210 - "D:\Classes-2024\Digital System Fundamentals Shared\Exam\b02-running-led\main.vf" line 312: Output port <Q1> of the instance <XLXI_22> is unconnected or connected to loadless signal.
INFO:Xst:3210 - "D:\Classes-2024\Digital System Fundamentals Shared\Exam\b02-running-led\main.vf" line 312: Output port <Q2> of the instance <XLXI_22> is unconnected or connected to loadless signal.
INFO:Xst:3210 - "D:\Classes-2024\Digital System Fundamentals Shared\Exam\b02-running-led\main.vf" line 312: Output port <Q3> of the instance <XLXI_22> is unconnected or connected to loadless signal.
INFO:Xst:3210 - "D:\Classes-2024\Digital System Fundamentals Shared\Exam\b02-running-led\main.vf" line 312: Output port <TC> of the instance <XLXI_22> is unconnected or connected to loadless signal.
INFO:Xst:3210 - "D:\Classes-2024\Digital System Fundamentals Shared\Exam\b02-running-led\main.vf" line 322: Output port <Q0> of the instance <XLXI_25> is unconnected or connected to loadless signal.
INFO:Xst:3210 - "D:\Classes-2024\Digital System Fundamentals Shared\Exam\b02-running-led\main.vf" line 322: Output port <Q1> of the instance <XLXI_25> is unconnected or connected to loadless signal.
INFO:Xst:3210 - "D:\Classes-2024\Digital System Fundamentals Shared\Exam\b02-running-led\main.vf" line 322: Output port <Q2> of the instance <XLXI_25> is unconnected or connected to loadless signal.
INFO:Xst:3210 - "D:\Classes-2024\Digital System Fundamentals Shared\Exam\b02-running-led\main.vf" line 322: Output port <Q3> of the instance <XLXI_25> is unconnected or connected to loadless signal.
INFO:Xst:3210 - "D:\Classes-2024\Digital System Fundamentals Shared\Exam\b02-running-led\main.vf" line 322: Output port <TC> of the instance <XLXI_25> is unconnected or connected to loadless signal.
INFO:Xst:3210 - "D:\Classes-2024\Digital System Fundamentals Shared\Exam\b02-running-led\main.vf" line 332: Output port <CEO> of the instance <XLXI_28> is unconnected or connected to loadless signal.
INFO:Xst:3210 - "D:\Classes-2024\Digital System Fundamentals Shared\Exam\b02-running-led\main.vf" line 332: Output port <Q0> of the instance <XLXI_28> is unconnected or connected to loadless signal.
INFO:Xst:3210 - "D:\Classes-2024\Digital System Fundamentals Shared\Exam\b02-running-led\main.vf" line 332: Output port <Q1> of the instance <XLXI_28> is unconnected or connected to loadless signal.
INFO:Xst:3210 - "D:\Classes-2024\Digital System Fundamentals Shared\Exam\b02-running-led\main.vf" line 332: Output port <Q2> of the instance <XLXI_28> is unconnected or connected to loadless signal.
INFO:Xst:3210 - "D:\Classes-2024\Digital System Fundamentals Shared\Exam\b02-running-led\main.vf" line 332: Output port <Q3> of the instance <XLXI_28> is unconnected or connected to loadless signal.
    Summary:
	no macro.
Unit <clkdiv2M_MUSER_main> synthesized.

Synthesizing Unit <CD4CE_HXILINX_main>.
    Related source file is "D:\Classes-2024\Digital System Fundamentals Shared\Exam\b02-running-led\main.vf".
        TERMINAL_COUNT = 4'b1001
    Found 1-bit register for signal <Q1>.
    Found 1-bit register for signal <Q2>.
    Found 1-bit register for signal <Q3>.
    Found 1-bit register for signal <Q0>.
    Found 4-bit adder for signal <Q3_GND_17_o_add_4_OUT> created at line 133.
    Summary:
	inferred   1 Adder/Subtractor(s).
	inferred   4 D-type flip-flop(s).
	inferred   7 Multiplexer(s).
Unit <CD4CE_HXILINX_main> synthesized.

Synthesizing Unit <clkdiv5_MUSER_main>.
    Related source file is "D:\Classes-2024\Digital System Fundamentals Shared\Exam\b02-running-led\main.vf".
    Set property "HU_SET = XLXI_6_22" for instance <XLXI_6>.
    Set property "HU_SET = XLXI_7_20" for instance <XLXI_7>.
    Set property "HU_SET = XLXI_8_21" for instance <XLXI_8>.
    Summary:
	no macro.
Unit <clkdiv5_MUSER_main> synthesized.

Synthesizing Unit <FJKC_HXILINX_main>.
    Related source file is "D:\Classes-2024\Digital System Fundamentals Shared\Exam\b02-running-led\main.vf".
        INIT = 1'b0
    Found 1-bit register for signal <Q>.
    Summary:
	inferred   1 D-type flip-flop(s).
	inferred   2 Multiplexer(s).
Unit <FJKC_HXILINX_main> synthesized.

=========================================================================
HDL Synthesis Report

Macro Statistics
# Adders/Subtractors                                   : 7
 4-bit adder                                           : 7
# Registers                                            : 29
 1-bit register                                        : 28
 4-bit register                                        : 1
# Multiplexers                                         : 65
 1-bit 2-to-1 multiplexer                              : 64
 4-bit 2-to-1 multiplexer                              : 1

=========================================================================

=========================================================================
*                       Advanced HDL Synthesis                          *
=========================================================================


Synthesizing (advanced) Unit <counter12>.
The following registers are absorbed into counter <count>: 1 register on signal <count>.
Unit <counter12> synthesized (advanced).

=========================================================================
Advanced HDL Synthesis Report

Macro Statistics
# Adders/Subtractors                                   : 6
 4-bit adder                                           : 6
# Counters                                             : 1
 4-bit up counter                                      : 1
# Registers                                            : 32
 Flip-Flops                                            : 32
# Multiplexers                                         : 64
 1-bit 2-to-1 multiplexer                              : 64

=========================================================================

=========================================================================
*                         Low Level Synthesis                           *
=========================================================================

Optimizing unit <clkdiv2M_MUSER_main> ...

Optimizing unit <main> ...

Optimizing unit <FTCE_HXILINX_main> ...

Optimizing unit <CD4CE_HXILINX_main> ...

Optimizing unit <FJKC_HXILINX_main> ...

Optimizing unit <D4_16E_HXILINX_main> ...

Mapping all equations...
Building and optimizing final netlist ...
Found area constraint ratio of 100 (+ 5) on block main, actual ratio is 0.

Final Macro Processing ...

=========================================================================
Final Register Report

Macro Statistics
# Registers                                            : 36
 Flip-Flops                                            : 36

=========================================================================

=========================================================================
*                           Partition Report                            *
=========================================================================

Partition Implementation Status
-------------------------------

  No Partitions were found in this design.

-------------------------------

=========================================================================
*                            Design Summary                             *
=========================================================================

Top Level Output File Name         : main.ngc

Primitive and Black Box Usage:
------------------------------
# BELS                             : 61
#      AND2B1                      : 2
#      GND                         : 1
#      INV                         : 14
#      LUT2                        : 4
#      LUT3                        : 13
#      LUT4                        : 21
#      LUT5                        : 4
#      OR2                         : 1
#      VCC                         : 1
# FlipFlops/Latches                : 36
#      FD                          : 2
#      FD_1                        : 2
#      FDC                         : 2
#      FDCE                        : 26
#      FDE                         : 4
# Clock Buffers                    : 1
#      BUFGP                       : 1
# IO Buffers                       : 21
#      IBUF                        : 1
#      OBUF                        : 20

Device utilization summary:
---------------------------

Selected Device : 6slx9tqg144-3 


Slice Logic Utilization: 
 Number of Slice Registers:              36  out of  11440     0%  
 Number of Slice LUTs:                   56  out of   5720     0%  
    Number used as Logic:                56  out of   5720     0%  

Slice Logic Distribution: 
 Number of LUT Flip Flop pairs used:     92
   Number with an unused Flip Flop:      56  out of     92    60%  
   Number with an unused LUT:            36  out of     92    39%  
   Number of fully used LUT-FF pairs:     0  out of     92     0%  
   Number of unique control sets:        14

IO Utilization: 
 Number of IOs:                          22
 Number of bonded IOBs:                  22  out of    102    21%  

Specific Feature Utilization:
 Number of BUFG/BUFGCTRLs:                1  out of     16     6%  

---------------------------
Partition Resource Summary:
---------------------------

  No Partitions were found in this design.

---------------------------


=========================================================================
Timing Report

NOTE: THESE TIMING NUMBERS ARE ONLY A SYNTHESIS ESTIMATE.
      FOR ACCURATE TIMING INFORMATION PLEASE REFER TO THE TRACE REPORT
      GENERATED AFTER PLACE-and-ROUTE.

Clock Information:
------------------
-----------------------------------------------+-------------------------+-------+
Clock Signal                                   | Clock buffer(FF name)   | Load  |
-----------------------------------------------+-------------------------+-------+
OSC                                            | BUFGP                   | 27    |
XLXN_54                                        | NONE(XLXI_39/XLXI_24)   | 4     |
XLXI_37/XLXI_28/TC(XLXI_37/XLXI_28/Mmux_TC11:O)| NONE(*)(XLXI_37/XLXI_10)| 1     |
XLXN_19(XLXI_39/XLXI_25:O)                     | NONE(*)(XLXI_1/count_0) | 4     |
-----------------------------------------------+-------------------------+-------+
(*) These 2 clock signal(s) are generated by combinatorial logic,
and XST is not able to identify which are the primary clock signals.
Please use the CLOCK_SIGNAL constraint to specify the clock signal(s) generated by combinatorial logic.
INFO:Xst:2169 - HDL ADVISOR - Some clock signals were not automatically buffered by XST with BUFG/BUFR resources. Please use the buffer_type constraint in order to insert these buffers to the clock signals to help prevent skew problems.

Asynchronous Control Signals Information:
----------------------------------------
No asynchronous control signals found in this design

Timing Summary:
---------------
Speed Grade: -3

   Minimum period: 6.233ns (Maximum Frequency: 160.442MHz)
   Minimum input arrival time before clock: 1.903ns
   Maximum output required time after clock: 6.159ns
   Maximum combinational path delay: No path found

Timing Details:
---------------
All values displayed in nanoseconds (ns)

=========================================================================
Timing constraint: Default period analysis for Clock 'OSC'
  Clock period: 6.233ns (frequency: 160.442MHz)
  Total number of paths / destination ports: 310 / 47
-------------------------------------------------------------------------
Delay:               6.233ns (Levels of Logic = 10)
  Source:            XLXI_37/XLXI_1/Q3 (FF)
  Destination:       XLXI_37/XLXI_28/Q3 (FF)
  Source Clock:      OSC falling
  Destination Clock: OSC falling

  Data Path: XLXI_37/XLXI_1/Q3 to XLXI_37/XLXI_28/Q3
                                Gate     Net
    Cell:in->out      fanout   Delay   Delay  Logical Name (Net Name)
    ----------------------------------------  ------------
     FDCE:C->Q             3   0.447   0.898  Q3 (Q3)
     LUT4:I0->O            5   0.203   0.715  Mmux_TC11 (TC)
     end scope: 'XLXI_37/XLXI_1:CEO'
     begin scope: 'XLXI_37/XLXI_14:CE'
     LUT5:I4->O            5   0.205   0.715  CEO1 (CEO)
     end scope: 'XLXI_37/XLXI_14:CEO'
     begin scope: 'XLXI_37/XLXI_17:CE'
     LUT5:I4->O            5   0.205   0.715  CEO1 (CEO)
     end scope: 'XLXI_37/XLXI_17:CEO'
     begin scope: 'XLXI_37/XLXI_22:CE'
     LUT5:I4->O            5   0.205   0.715  CEO1 (CEO)
     end scope: 'XLXI_37/XLXI_22:CEO'
     begin scope: 'XLXI_37/XLXI_25:CE'
     LUT5:I4->O            4   0.205   0.683  CEO1 (CEO)
     end scope: 'XLXI_37/XLXI_25:CEO'
     begin scope: 'XLXI_37/XLXI_28:CE'
     FDCE:CE                   0.322          Q3
    ----------------------------------------
    Total                      6.233ns (1.792ns logic, 4.441ns route)
                                       (28.8% logic, 71.2% route)

=========================================================================
Timing constraint: Default period analysis for Clock 'XLXN_54'
  Clock period: 2.686ns (frequency: 372.245MHz)
  Total number of paths / destination ports: 11 / 5
-------------------------------------------------------------------------
Delay:               2.686ns (Levels of Logic = 3)
  Source:            XLXI_39/XLXI_7/Q (FF)
  Destination:       XLXI_39/XLXI_6/Q (FF)
  Source Clock:      XLXN_54 rising
  Destination Clock: XLXN_54 rising

  Data Path: XLXI_39/XLXI_7/Q to XLXI_39/XLXI_6/Q
                                Gate     Net
    Cell:in->out      fanout   Delay   Delay  Logical Name (Net Name)
    ----------------------------------------  ------------
     FDC:C->Q              4   0.447   0.683  Q (Q)
     end scope: 'XLXI_39/XLXI_7:Q'
     INV:I->O              1   0.568   0.684  XLXI_39/XLXI_21 (XLXI_39/XLXN_29)
     begin scope: 'XLXI_39/XLXI_6:J'
     LUT2:I0->O            1   0.203   0.000  Mmux_Q_Q_MUX_61_o11 (Q_Q_MUX_61_o)
     FDC:D                     0.102          Q
    ----------------------------------------
    Total                      2.686ns (1.320ns logic, 1.366ns route)
                                       (49.1% logic, 50.9% route)

=========================================================================
Timing constraint: Default period analysis for Clock 'XLXI_37/XLXI_28/TC'
  Clock period: 2.410ns (frequency: 414.964MHz)
  Total number of paths / destination ports: 1 / 1
-------------------------------------------------------------------------
Delay:               2.410ns (Levels of Logic = 1)
  Source:            XLXI_37/XLXI_10 (FF)
  Destination:       XLXI_37/XLXI_10 (FF)
  Source Clock:      XLXI_37/XLXI_28/TC falling
  Destination Clock: XLXI_37/XLXI_28/TC falling

  Data Path: XLXI_37/XLXI_10 to XLXI_37/XLXI_10
                                Gate     Net
    Cell:in->out      fanout   Delay   Delay  Logical Name (Net Name)
    ----------------------------------------  ------------
     FD_1:C->Q             5   0.447   0.714  XLXI_37/XLXI_10 (XLXN_54)
     INV:I->O              1   0.568   0.579  XLXI_37/XLXI_11 (XLXI_37/XLXN_9)
     FD_1:D                    0.102          XLXI_37/XLXI_10
    ----------------------------------------
    Total                      2.410ns (1.117ns logic, 1.293ns route)
                                       (46.4% logic, 53.6% route)

=========================================================================
Timing constraint: Default period analysis for Clock 'XLXN_19'
  Clock period: 2.315ns (frequency: 432.012MHz)
  Total number of paths / destination ports: 11 / 4
-------------------------------------------------------------------------
Delay:               2.315ns (Levels of Logic = 1)
  Source:            XLXI_1/count_0 (FF)
  Destination:       XLXI_1/count_0 (FF)
  Source Clock:      XLXN_19 rising
  Destination Clock: XLXN_19 rising

  Data Path: XLXI_1/count_0 to XLXI_1/count_0
                                Gate     Net
    Cell:in->out      fanout   Delay   Delay  Logical Name (Net Name)
    ----------------------------------------  ------------
     FDE:C->Q             15   0.447   0.981  XLXI_1/count_0 (XLXI_1/count_0)
     INV:I->O              1   0.206   0.579  XLXI_1/Mcount_count_xor<0>11_INV_0 (XLXI_1/Mcount_count)
     FDE:D                     0.102          XLXI_1/count_0
    ----------------------------------------
    Total                      2.315ns (0.755ns logic, 1.560ns route)
                                       (32.6% logic, 67.4% route)

=========================================================================
Timing constraint: Default OFFSET IN BEFORE for Clock 'OSC'
  Total number of paths / destination ports: 1 / 1
-------------------------------------------------------------------------
Offset:              1.903ns (Levels of Logic = 1)
  Source:            BTN1 (PAD)
  Destination:       XLXI_11/XLXI_1 (FF)
  Destination Clock: OSC rising

  Data Path: BTN1 to XLXI_11/XLXI_1
                                Gate     Net
    Cell:in->out      fanout   Delay   Delay  Logical Name (Net Name)
    ----------------------------------------  ------------
     IBUF:I->O             1   1.222   0.579  BTN1_IBUF (BTN1_IBUF)
     FD:D                      0.102          XLXI_11/XLXI_1
    ----------------------------------------
    Total                      1.903ns (1.324ns logic, 0.579ns route)
                                       (69.6% logic, 30.4% route)

=========================================================================
Timing constraint: Default OFFSET OUT AFTER for Clock 'XLXN_19'
  Total number of paths / destination ports: 44 / 11
-------------------------------------------------------------------------
Offset:              6.159ns (Levels of Logic = 4)
  Source:            XLXI_1/count_0 (FF)
  Destination:       SSD_COM0 (PAD)
  Source Clock:      XLXN_19 rising

  Data Path: XLXI_1/count_0 to SSD_COM0
                                Gate     Net
    Cell:in->out      fanout   Delay   Delay  Logical Name (Net Name)
    ----------------------------------------  ------------
     FDE:C->Q             15   0.447   1.210  XLXI_1/count_0 (XLXI_1/count_0)
     begin scope: 'XLXI_22:A0'
     LUT4:I1->O            1   0.205   0.579  Mmux_D511 (D5)
     end scope: 'XLXI_22:D5'
     INV:I->O              1   0.568   0.579  XLXI_23 (SSD_COM0_OBUF)
     OBUF:I->O                 2.571          SSD_COM0_OBUF (SSD_COM0)
    ----------------------------------------
    Total                      6.159ns (3.791ns logic, 2.368ns route)
                                       (61.6% logic, 38.4% route)

=========================================================================

Cross Clock Domains Report:
--------------------------

Clock to Setup on destination clock OSC
---------------+---------+---------+---------+---------+
               | Src:Rise| Src:Fall| Src:Rise| Src:Fall|
Source Clock   |Dest:Rise|Dest:Rise|Dest:Fall|Dest:Fall|
---------------+---------+---------+---------+---------+
OSC            |    2.532|         |    6.233|         |
---------------+---------+---------+---------+---------+

Clock to Setup on destination clock XLXI_37/XLXI_28/TC
------------------+---------+---------+---------+---------+
                  | Src:Rise| Src:Fall| Src:Rise| Src:Fall|
Source Clock      |Dest:Rise|Dest:Rise|Dest:Fall|Dest:Fall|
------------------+---------+---------+---------+---------+
XLXI_37/XLXI_28/TC|         |         |    2.410|         |
------------------+---------+---------+---------+---------+

Clock to Setup on destination clock XLXN_19
---------------+---------+---------+---------+---------+
               | Src:Rise| Src:Fall| Src:Rise| Src:Fall|
Source Clock   |Dest:Rise|Dest:Rise|Dest:Fall|Dest:Fall|
---------------+---------+---------+---------+---------+
OSC            |    1.483|         |         |         |
XLXN_19        |    2.315|         |         |         |
---------------+---------+---------+---------+---------+

Clock to Setup on destination clock XLXN_54
---------------+---------+---------+---------+---------+
               | Src:Rise| Src:Fall| Src:Rise| Src:Fall|
Source Clock   |Dest:Rise|Dest:Rise|Dest:Fall|Dest:Fall|
---------------+---------+---------+---------+---------+
XLXN_54        |    2.686|         |    1.232|         |
---------------+---------+---------+---------+---------+

=========================================================================


Total REAL time to Xst completion: 3.00 secs
Total CPU time to Xst completion: 3.08 secs
 
--> 

Total memory usage is 4517968 kilobytes

Number of errors   :    0 (   0 filtered)
Number of warnings :    1 (   0 filtered)
Number of infos    :   38 (   0 filtered)

