--------------------------------------------------------------------------------
Release 14.7 Trace  (nt64)
Copyright (c) 1995-2013 Xilinx, Inc.  All rights reserved.

D:\Programs\Xilinx\14.7\ISE_DS\ISE\bin\nt64\unwrapped\trce.exe -intstyle ise -v
3 -s 3 -n 3 -fastpaths -xml main.twx main.ncd -o main.twr main.pcf -ucf
main.ucf

Design file:              main.ncd
Physical constraint file: main.pcf
Device,package,speed:     xc6slx9,tqg144,C,-3 (PRODUCTION 1.23 2013-10-13)
Report level:             verbose report

Environment Variable      Effect 
--------------------      ------ 
NONE                      No environment variables were set
--------------------------------------------------------------------------------

INFO:Timing:2698 - No timing constraints found, doing default enumeration.
INFO:Timing:3412 - To improve timing, see the Timing Closure User Guide (UG612).
INFO:Timing:2752 - To get complete path coverage, use the unconstrained paths 
   option. All paths that are not constrained will be reported in the 
   unconstrained paths section(s) of the report.
INFO:Timing:3339 - The clock-to-out numbers in this timing report are based on 
   a 50 Ohm transmission line loading model.  For the details of this model, 
   and for more information on accounting for different loading conditions, 
   please see the device datasheet.



Data Sheet report:
-----------------
All values displayed in nanoseconds (ns)

Pad to Pad
---------------+---------------+---------+
Source Pad     |Destination Pad|  Delay  |
---------------+---------------+---------+
SW0            |SSD_a          |    9.235|
SW0            |SSD_b          |    9.829|
SW0            |SSD_c          |   10.744|
SW0            |SSD_d          |    9.511|
SW0            |SSD_e          |    9.744|
SW0            |SSD_f          |   10.783|
SW0            |SSD_g          |   11.139|
SW1            |SSD_a          |    9.506|
SW1            |SSD_b          |    9.693|
SW1            |SSD_c          |   10.608|
SW1            |SSD_d          |    9.782|
SW1            |SSD_e          |   10.015|
SW1            |SSD_f          |   10.647|
SW1            |SSD_g          |   11.003|
SW2            |SSD_a          |    9.422|
SW2            |SSD_b          |    9.026|
SW2            |SSD_c          |   10.471|
SW2            |SSD_d          |    9.698|
SW2            |SSD_e          |    9.931|
SW2            |SSD_f          |    9.980|
SW2            |SSD_g          |   10.336|
SW3            |SSD_a          |    8.224|
SW3            |SSD_b          |    8.828|
SW3            |SSD_c          |    9.743|
SW3            |SSD_d          |    8.500|
SW3            |SSD_e          |    8.733|
SW3            |SSD_f          |    9.782|
SW3            |SSD_g          |   10.138|
---------------+---------------+---------+


Analysis completed Wed Aug 21 22:08:05 2024 
--------------------------------------------------------------------------------

Trace Settings:
-------------------------
Trace Settings 

Peak Memory Usage: 4587 MB



